<?xml version="1.0" encoding="UTF-8"?>
<!-- Generated by org.testng.reporters.JUnitReportReporter -->
<testsuite hostname="Deepthi-Windows-PC" failures="0" tests="4" name="runner.TestRunner" time="5.072" errors="0" timestamp="2024-04-26T00:51:18 EDT" skipped="0">
  <testcase classname="runner.TestRunner" name="runScenario" time="2.544"/>
  <system-out/>
  <testcase classname="runner.TestRunner" name="runScenario" time="0.950"/>
  <system-out/>
  <testcase classname="runner.TestRunner" name="runScenario" time="0.940"/>
  <system-out/>
  <testcase classname="runner.TestRunner" name="runScenario" time="0.638"/>
  <system-out/>
</testsuite> <!-- runner.TestRunner -->
