<?xml version="1.0" encoding="UTF-8"?>
<!-- Generated by org.testng.reporters.JUnitReportReporter -->
<testsuite hostname="LAPTOP-5HIQON8N" failures="0" tests="17" name="runner.TestRunner" time="149.500" errors="2" timestamp="2024-05-02T00:53:24 EDT" skipped="0">
  <testcase classname="runner.TestRunner" name="runScenario" time="9.032"/>
  <testcase classname="runner.TestRunner" name="runScenario" time="2.786"/>
  <testcase classname="runner.TestRunner" name="runScenario" time="11.995"/>
  <testcase classname="runner.TestRunner" name="runScenario" time="2.480"/>
  <testcase classname="runner.TestRunner" name="runScenario" time="2.844"/>
  <testcase classname="runner.TestRunner" name="runScenario" time="62.583">
    <error message="no such element: Unable to locate element: {&quot;method&quot;:&quot;xpath&quot;,&quot;selector&quot;:&quot;//button[@id = &#039;deleteProgram&#039;]&quot;}
  (Session info: chrome=124.0.6367.92)
For documentation on this error, please visit: https://www.selenium.dev/documentation/webdriver/troubleshooting/errors#no-such-element-exception
Build info: version: &#039;4.17.0&#039;, revision: &#039;e52b1be057*&#039;
System info: os.name: &#039;Windows 11&#039;, os.arch: &#039;amd64&#039;, os.version: &#039;10.0&#039;, java.version: &#039;17.0.10&#039;
Driver info: org.openqa.selenium.chrome.ChromeDriver
Command: [a69d1dba9874c1968efaa5229bad370a, findElement {value=//button[@id = &#039;deleteProgram&#039;], using=xpath}]
Capabilities {acceptInsecureCerts: false, browserName: chrome, browserVersion: 124.0.6367.92, chrome: {chromedriverVersion: 124.0.6367.91 (51df0e5e17a8..., userDataDir: C:\Users\Tejo\AppData\Local...}, fedcm:accounts: true, goog:chromeOptions: {debuggerAddress: localhost:61109}, networkConnectionEnabled: false, pageLoadStrategy: normal, platformName: windows, proxy: Proxy(), se:cdp: ws://localhost:61109/devtoo..., se:cdpVersion: 124.0.6367.92, setWindowRect: true, strictFileInteractability: false, timeouts: {implicit: 0, pageLoad: 300000, script: 30000}, unhandledPromptBehavior: dismiss and notify, webauthn:extension:credBlob: true, webauthn:extension:largeBlob: true, webauthn:extension:minPinLength: true, webauthn:extension:prf: true, webauthn:virtualAuthenticators: true}
Session ID: a69d1dba9874c1968efaa5229bad370a" type="org.openqa.selenium.NoSuchElementException">
      <![CDATA[org.openqa.selenium.NoSuchElementException: no such element: Unable to locate element: {"method":"xpath","selector":"//button[@id = 'deleteProgram']"}
  (Session info: chrome=124.0.6367.92)
For documentation on this error, please visit: https://www.selenium.dev/documentation/webdriver/troubleshooting/errors#no-such-element-exception
Build info: version: '4.17.0', revision: 'e52b1be057*'
System info: os.name: 'Windows 11', os.arch: 'amd64', os.version: '10.0', java.version: '17.0.10'
Driver info: org.openqa.selenium.chrome.ChromeDriver
Command: [a69d1dba9874c1968efaa5229bad370a, findElement {value=//button[@id = 'deleteProgram'], using=xpath}]
Capabilities {acceptInsecureCerts: false, browserName: chrome, browserVersion: 124.0.6367.92, chrome: {chromedriverVersion: 124.0.6367.91 (51df0e5e17a8..., userDataDir: C:\Users\Tejo\AppData\Local...}, fedcm:accounts: true, goog:chromeOptions: {debuggerAddress: localhost:61109}, networkConnectionEnabled: false, pageLoadStrategy: normal, platformName: windows, proxy: Proxy(), se:cdp: ws://localhost:61109/devtoo..., se:cdpVersion: 124.0.6367.92, setWindowRect: true, strictFileInteractability: false, timeouts: {implicit: 0, pageLoad: 300000, script: 30000}, unhandledPromptBehavior: dismiss and notify, webauthn:extension:credBlob: true, webauthn:extension:largeBlob: true, webauthn:extension:minPinLength: true, webauthn:extension:prf: true, webauthn:virtualAuthenticators: true}
Session ID: a69d1dba9874c1968efaa5229bad370a
at java.base/jdk.internal.reflect.NativeConstructorAccessorImpl.newInstance0(Native Method)
at java.base/jdk.internal.reflect.NativeConstructorAccessorImpl.newInstance(NativeConstructorAccessorImpl.java:77)
at java.base/jdk.internal.reflect.DelegatingConstructorAccessorImpl.newInstance(DelegatingConstructorAccessorImpl.java:45)
at java.base/java.lang.reflect.Constructor.newInstanceWithCaller(Constructor.java:499)
at java.base/java.lang.reflect.Constructor.newInstance(Constructor.java:480)
at org.openqa.selenium.remote.codec.w3c.W3CHttpResponseCodec.createException(W3CHttpResponseCodec.java:185)
at org.openqa.selenium.remote.codec.w3c.W3CHttpResponseCodec.decode(W3CHttpResponseCodec.java:134)
at org.openqa.selenium.remote.codec.w3c.W3CHttpResponseCodec.decode(W3CHttpResponseCodec.java:51)
at org.openqa.selenium.remote.HttpCommandExecutor.execute(HttpCommandExecutor.java:190)
at org.openqa.selenium.remote.service.DriverCommandExecutor.invokeExecute(DriverCommandExecutor.java:216)
at org.openqa.selenium.remote.service.DriverCommandExecutor.execute(DriverCommandExecutor.java:174)
at org.openqa.selenium.remote.RemoteWebDriver.execute(RemoteWebDriver.java:519)
at org.openqa.selenium.remote.ElementLocation$ElementFinder$2.findElement(ElementLocation.java:165)
at org.openqa.selenium.remote.ElementLocation.findElement(ElementLocation.java:59)
at org.openqa.selenium.remote.RemoteWebDriver.findElement(RemoteWebDriver.java:356)
at org.openqa.selenium.remote.RemoteWebDriver.findElement(RemoteWebDriver.java:350)
at pageObjects.BatchPage.DeleteIconEnableDisplay(BatchPage.java:183)
at stepdefinitions.Batch.admin_should_be_able_to_see_the_icon_button_that_is_disabled(Batch.java:81)
at ✽.Admin should be able to see the "Delete" icon button that is disabled(file:///C:/Users/Tejo/git/Team3_Ninja_Hackers_Hackathon_April_2024/src/test/resources/features/Batch.feature:30)
]]>
    </error>
  </testcase> <!-- runScenario -->
  <testcase classname="runner.TestRunner" name="runScenario" time="2.686"/>
  <testcase classname="runner.TestRunner" name="runScenario" time="7.902"/>
  <testcase classname="runner.TestRunner" name="runScenario" time="5.871">
    <error message="Keys to send should be a not null CharSequence" type="java.lang.IllegalArgumentException">
      <![CDATA[java.lang.IllegalArgumentException: Keys to send should be a not null CharSequence
at org.openqa.selenium.remote.RemoteWebElement.sendKeys(RemoteWebElement.java:96)
at pageObjects.BatchPage.BDescription(BatchPage.java:407)
at stepdefinitions.AddBatch.admin_fill_in_all_the_fields_except_description_with_valid_values_and_click_on_save_button(AddBatch.java:77)
at ✽.Admin Fill in all the fields except description with valid values   and click on save button(file:///C:/Users/Tejo/git/Team3_Ninja_Hackers_Hackathon_April_2024/src/test/resources/features/AddBatch.feature:21)
]]>
    </error>
  </testcase> <!-- runScenario -->
  <testcase classname="runner.TestRunner" name="runScenario" time="6.716"/>
  <testcase classname="runner.TestRunner" name="runScenario" time="7.115"/>
  <testcase classname="runner.TestRunner" name="runScenario" time="6.795"/>
  <testcase classname="runner.TestRunner" name="runScenario" time="2.603"/>
  <testcase classname="runner.TestRunner" name="runScenario" time="5.949"/>
  <testcase classname="runner.TestRunner" name="runScenario" time="7.058"/>
  <testcase classname="runner.TestRunner" name="runScenario" time="2.546"/>
  <testcase classname="runner.TestRunner" name="runScenario" time="2.539"/>
</testsuite> <!-- runner.TestRunner -->
