<?xml version="1.0" encoding="UTF-8"?>
<!-- Generated by org.testng.reporters.JUnitReportReporter -->
<testsuite hostname="Deepthi-Windows-PC" failures="0" tests="2" name="runner.TestRunner" time="2.835" errors="0" timestamp="2024-04-25T23:24:49 EDT" skipped="0">
  <testcase classname="runner.TestRunner" name="runScenario" time="1.593"/>
  <system-out/>
  <testcase classname="runner.TestRunner" name="runScenario" time="1.242"/>
  <system-out/>
</testsuite> <!-- runner.TestRunner -->
