<?xml version="1.0" encoding="UTF-8"?>
<!-- Generated by org.testng.reporters.JUnitReportReporter -->
<testsuite hostname="Deepthi-Windows-PC" failures="15" tests="168" name="runner.TestRunner" time="212.850" errors="78" timestamp="2024-05-01T23:34:03 EDT" skipped="0">
  <testcase classname="runner.TestRunner" name="runScenario" time="0.932"/>
  <system-out/>
  <testcase classname="runner.TestRunner" name="runScenario" time="0.584">
    <error message="&#039;void org.testng.Assert.assertEquals(java.lang.Boolean, boolean)&#039;" type="java.lang.NoSuchMethodError">
      <![CDATA[java.lang.NoSuchMethodError: 'void org.testng.Assert.assertEquals(java.lang.Boolean, boolean)'
at stepdefinitions.Login.admin_should_see_login_button(Login.java:203)
at ✽.Admin should see login button(file:///C:/Users/Deepthi/OneDrive/Documents/GitHub/Team3_Ninja_Hackers_Hackathon_April_2024/src/test/resources/features/01Login.feature:104)
]]>
    </error>
  </testcase> <!-- runScenario -->
  <system-out/>
  <testcase classname="runner.TestRunner" name="runScenario" time="0.101">
    <error message="Unable to locate element: //button[@id=&#039;user&#039;]
For documentation on this error, please visit: https://www.selenium.dev/documentation/webdriver/troubleshooting/errors#no-such-element-exception
Build info: version: &#039;4.19.1&#039;, revision: &#039;abe0ee07dc&#039;
System info: os.name: &#039;Windows 11&#039;, os.arch: &#039;amd64&#039;, os.version: &#039;10.0&#039;, java.version: &#039;21.0.1&#039;
Driver info: org.openqa.selenium.firefox.FirefoxDriver
Command: [74c5334a-33a0-4808-8f96-73daed9146ae, findElement {using=xpath, value=//button[@id=&#039;user&#039;]}]
Capabilities {acceptInsecureCerts: true, browserName: firefox, browserVersion: 125.0.2, moz:accessibilityChecks: false, moz:buildID: 20240419144423, moz:debuggerAddress: 127.0.0.1:26460, moz:geckodriverVersion: 0.34.0, moz:headless: false, moz:platformVersion: 10.0, moz:processID: 37232, moz:profile: C:\Users\Deepthi\AppData\Lo..., moz:shutdownTimeout: 60000, moz:webdriverClick: true, moz:windowless: false, pageLoadStrategy: normal, platformName: windows, proxy: Proxy(), se:cdp: ws://127.0.0.1:26460/devtoo..., se:cdpVersion: 85.0, setWindowRect: true, strictFileInteractability: false, timeouts: {implicit: 0, pageLoad: 300000, script: 30000}, unhandledPromptBehavior: dismiss and notify, userAgent: Mozilla/5.0 (Windows NT 10....}
Session ID: 74c5334a-33a0-4808-8f96-73daed9146ae" type="org.openqa.selenium.NoSuchElementException">
      <![CDATA[org.openqa.selenium.NoSuchElementException: Unable to locate element: //button[@id='user']
For documentation on this error, please visit: https://www.selenium.dev/documentation/webdriver/troubleshooting/errors#no-such-element-exception
Build info: version: '4.19.1', revision: 'abe0ee07dc'
System info: os.name: 'Windows 11', os.arch: 'amd64', os.version: '10.0', java.version: '21.0.1'
Driver info: org.openqa.selenium.firefox.FirefoxDriver
Command: [74c5334a-33a0-4808-8f96-73daed9146ae, findElement {using=xpath, value=//button[@id='user']}]
Capabilities {acceptInsecureCerts: true, browserName: firefox, browserVersion: 125.0.2, moz:accessibilityChecks: false, moz:buildID: 20240419144423, moz:debuggerAddress: 127.0.0.1:26460, moz:geckodriverVersion: 0.34.0, moz:headless: false, moz:platformVersion: 10.0, moz:processID: 37232, moz:profile: C:\Users\Deepthi\AppData\Lo..., moz:shutdownTimeout: 60000, moz:webdriverClick: true, moz:windowless: false, pageLoadStrategy: normal, platformName: windows, proxy: Proxy(), se:cdp: ws://127.0.0.1:26460/devtoo..., se:cdpVersion: 85.0, setWindowRect: true, strictFileInteractability: false, timeouts: {implicit: 0, pageLoad: 300000, script: 30000}, unhandledPromptBehavior: dismiss and notify, userAgent: Mozilla/5.0 (Windows NT 10....}
Session ID: 74c5334a-33a0-4808-8f96-73daed9146ae
at java.base/jdk.internal.reflect.DirectConstructorHandleAccessor.newInstance(DirectConstructorHandleAccessor.java:62)
at java.base/java.lang.reflect.Constructor.newInstanceWithCaller(Constructor.java:502)
at java.base/java.lang.reflect.Constructor.newInstance(Constructor.java:486)
at org.openqa.selenium.remote.ErrorCodec.decode(ErrorCodec.java:167)
at org.openqa.selenium.remote.codec.w3c.W3CHttpResponseCodec.decode(W3CHttpResponseCodec.java:138)
at org.openqa.selenium.remote.codec.w3c.W3CHttpResponseCodec.decode(W3CHttpResponseCodec.java:50)
at org.openqa.selenium.remote.HttpCommandExecutor.execute(HttpCommandExecutor.java:190)
at org.openqa.selenium.remote.service.DriverCommandExecutor.invokeExecute(DriverCommandExecutor.java:216)
at org.openqa.selenium.remote.service.DriverCommandExecutor.execute(DriverCommandExecutor.java:174)
at org.openqa.selenium.remote.RemoteWebDriver.execute(RemoteWebDriver.java:518)
at org.openqa.selenium.remote.ElementLocation$ElementFinder$2.findElement(ElementLocation.java:165)
at org.openqa.selenium.remote.ElementLocation.findElement(ElementLocation.java:59)
at org.openqa.selenium.remote.RemoteWebDriver.findElement(RemoteWebDriver.java:355)
at org.openqa.selenium.remote.RemoteWebDriver.findElement(RemoteWebDriver.java:349)
at pageObjects.AssignStudentPage.isUserClicked(AssignStudentPage.java:60)
at stepdefinitions.AssignStudent.admin_clicks_from_navigation_bar(AssignStudent.java:27)
at ✽.Admin clicks "User" from navigation bar(file:///C:/Users/Deepthi/OneDrive/Documents/GitHub/Team3_Ninja_Hackers_Hackathon_April_2024/src/test/resources/features/12User3.feature:5)
]]>
    </error>
  </testcase> <!-- runScenario -->
  <system-out/>
  <testcase classname="runner.TestRunner" name="runScenario" time="1.000">
    <error message="Unable to locate element: //button[@class=&#039;p-paginator-last p-paginator-element p-link p-ripple ng-star-inserted&#039;]
For documentation on this error, please visit: https://www.selenium.dev/documentation/webdriver/troubleshooting/errors#no-such-element-exception
Build info: version: &#039;4.19.1&#039;, revision: &#039;abe0ee07dc&#039;
System info: os.name: &#039;Windows 11&#039;, os.arch: &#039;amd64&#039;, os.version: &#039;10.0&#039;, java.version: &#039;21.0.1&#039;
Driver info: org.openqa.selenium.firefox.FirefoxDriver
Command: [74c5334a-33a0-4808-8f96-73daed9146ae, findElement {using=xpath, value=//button[@class=&#039;p-paginator-last p-paginator-element p-link p-ripple ng-star-inserted&#039;]}]
Capabilities {acceptInsecureCerts: true, browserName: firefox, browserVersion: 125.0.2, moz:accessibilityChecks: false, moz:buildID: 20240419144423, moz:debuggerAddress: 127.0.0.1:26460, moz:geckodriverVersion: 0.34.0, moz:headless: false, moz:platformVersion: 10.0, moz:processID: 37232, moz:profile: C:\Users\Deepthi\AppData\Lo..., moz:shutdownTimeout: 60000, moz:webdriverClick: true, moz:windowless: false, pageLoadStrategy: normal, platformName: windows, proxy: Proxy(), se:cdp: ws://127.0.0.1:26460/devtoo..., se:cdpVersion: 85.0, setWindowRect: true, strictFileInteractability: false, timeouts: {implicit: 0, pageLoad: 300000, script: 30000}, unhandledPromptBehavior: dismiss and notify, userAgent: Mozilla/5.0 (Windows NT 10....}
Session ID: 74c5334a-33a0-4808-8f96-73daed9146ae" type="org.openqa.selenium.NoSuchElementException">
      <![CDATA[org.openqa.selenium.NoSuchElementException: Unable to locate element: //button[@class='p-paginator-last p-paginator-element p-link p-ripple ng-star-inserted']
For documentation on this error, please visit: https://www.selenium.dev/documentation/webdriver/troubleshooting/errors#no-such-element-exception
Build info: version: '4.19.1', revision: 'abe0ee07dc'
System info: os.name: 'Windows 11', os.arch: 'amd64', os.version: '10.0', java.version: '21.0.1'
Driver info: org.openqa.selenium.firefox.FirefoxDriver
Command: [74c5334a-33a0-4808-8f96-73daed9146ae, findElement {using=xpath, value=//button[@class='p-paginator-last p-paginator-element p-link p-ripple ng-star-inserted']}]
Capabilities {acceptInsecureCerts: true, browserName: firefox, browserVersion: 125.0.2, moz:accessibilityChecks: false, moz:buildID: 20240419144423, moz:debuggerAddress: 127.0.0.1:26460, moz:geckodriverVersion: 0.34.0, moz:headless: false, moz:platformVersion: 10.0, moz:processID: 37232, moz:profile: C:\Users\Deepthi\AppData\Lo..., moz:shutdownTimeout: 60000, moz:webdriverClick: true, moz:windowless: false, pageLoadStrategy: normal, platformName: windows, proxy: Proxy(), se:cdp: ws://127.0.0.1:26460/devtoo..., se:cdpVersion: 85.0, setWindowRect: true, strictFileInteractability: false, timeouts: {implicit: 0, pageLoad: 300000, script: 30000}, unhandledPromptBehavior: dismiss and notify, userAgent: Mozilla/5.0 (Windows NT 10....}
Session ID: 74c5334a-33a0-4808-8f96-73daed9146ae
at java.base/jdk.internal.reflect.DirectConstructorHandleAccessor.newInstance(DirectConstructorHandleAccessor.java:62)
at java.base/java.lang.reflect.Constructor.newInstanceWithCaller(Constructor.java:502)
at java.base/java.lang.reflect.Constructor.newInstance(Constructor.java:486)
at org.openqa.selenium.remote.ErrorCodec.decode(ErrorCodec.java:167)
at org.openqa.selenium.remote.codec.w3c.W3CHttpResponseCodec.decode(W3CHttpResponseCodec.java:138)
at org.openqa.selenium.remote.codec.w3c.W3CHttpResponseCodec.decode(W3CHttpResponseCodec.java:50)
at org.openqa.selenium.remote.HttpCommandExecutor.execute(HttpCommandExecutor.java:190)
at org.openqa.selenium.remote.service.DriverCommandExecutor.invokeExecute(DriverCommandExecutor.java:216)
at org.openqa.selenium.remote.service.DriverCommandExecutor.execute(DriverCommandExecutor.java:174)
at org.openqa.selenium.remote.RemoteWebDriver.execute(RemoteWebDriver.java:518)
at org.openqa.selenium.remote.ElementLocation$ElementFinder$2.findElement(ElementLocation.java:165)
at org.openqa.selenium.remote.ElementLocation.findElement(ElementLocation.java:59)
at org.openqa.selenium.remote.RemoteWebDriver.findElement(RemoteWebDriver.java:355)
at org.openqa.selenium.remote.RemoteWebDriver.findElement(RemoteWebDriver.java:349)
at pageObjects.ManageProgramPageValidation.isOnLastPage(ManageProgramPageValidation.java:115)
at stepdefinitions.ManageProgramValidationDefinition.admin_is_on_last_page_of_program_table(ManageProgramValidationDefinition.java:83)
at ✽.Admin is on last page of Program table(file:///C:/Users/Deepthi/OneDrive/Documents/GitHub/Team3_Ninja_Hackers_Hackathon_April_2024/src/test/resources/features/06ManageProgramPageValidation.feature:41)
]]>
    </error>
  </testcase> <!-- runScenario -->
  <system-out/>
  <testcase classname="runner.TestRunner" name="runScenario" time="2.099"/>
  <system-out/>
  <testcase classname="runner.TestRunner" name="runScenario" time="0.771">
    <error message="Unable to locate element: //button[@class=&#039;p-paginator-next p-paginator-element p-link p-ripple&#039;]
For documentation on this error, please visit: https://www.selenium.dev/documentation/webdriver/troubleshooting/errors#no-such-element-exception
Build info: version: &#039;4.19.1&#039;, revision: &#039;abe0ee07dc&#039;
System info: os.name: &#039;Windows 11&#039;, os.arch: &#039;amd64&#039;, os.version: &#039;10.0&#039;, java.version: &#039;21.0.1&#039;
Driver info: org.openqa.selenium.firefox.FirefoxDriver
Command: [74c5334a-33a0-4808-8f96-73daed9146ae, findElement {using=xpath, value=//button[@class=&#039;p-paginator-next p-paginator-element p-link p-ripple&#039;]}]
Capabilities {acceptInsecureCerts: true, browserName: firefox, browserVersion: 125.0.2, moz:accessibilityChecks: false, moz:buildID: 20240419144423, moz:debuggerAddress: 127.0.0.1:26460, moz:geckodriverVersion: 0.34.0, moz:headless: false, moz:platformVersion: 10.0, moz:processID: 37232, moz:profile: C:\Users\Deepthi\AppData\Lo..., moz:shutdownTimeout: 60000, moz:webdriverClick: true, moz:windowless: false, pageLoadStrategy: normal, platformName: windows, proxy: Proxy(), se:cdp: ws://127.0.0.1:26460/devtoo..., se:cdpVersion: 85.0, setWindowRect: true, strictFileInteractability: false, timeouts: {implicit: 0, pageLoad: 300000, script: 30000}, unhandledPromptBehavior: dismiss and notify, userAgent: Mozilla/5.0 (Windows NT 10....}
Session ID: 74c5334a-33a0-4808-8f96-73daed9146ae" type="org.openqa.selenium.NoSuchElementException">
      <![CDATA[org.openqa.selenium.NoSuchElementException: Unable to locate element: //button[@class='p-paginator-next p-paginator-element p-link p-ripple']
For documentation on this error, please visit: https://www.selenium.dev/documentation/webdriver/troubleshooting/errors#no-such-element-exception
Build info: version: '4.19.1', revision: 'abe0ee07dc'
System info: os.name: 'Windows 11', os.arch: 'amd64', os.version: '10.0', java.version: '21.0.1'
Driver info: org.openqa.selenium.firefox.FirefoxDriver
Command: [74c5334a-33a0-4808-8f96-73daed9146ae, findElement {using=xpath, value=//button[@class='p-paginator-next p-paginator-element p-link p-ripple']}]
Capabilities {acceptInsecureCerts: true, browserName: firefox, browserVersion: 125.0.2, moz:accessibilityChecks: false, moz:buildID: 20240419144423, moz:debuggerAddress: 127.0.0.1:26460, moz:geckodriverVersion: 0.34.0, moz:headless: false, moz:platformVersion: 10.0, moz:processID: 37232, moz:profile: C:\Users\Deepthi\AppData\Lo..., moz:shutdownTimeout: 60000, moz:webdriverClick: true, moz:windowless: false, pageLoadStrategy: normal, platformName: windows, proxy: Proxy(), se:cdp: ws://127.0.0.1:26460/devtoo..., se:cdpVersion: 85.0, setWindowRect: true, strictFileInteractability: false, timeouts: {implicit: 0, pageLoad: 300000, script: 30000}, unhandledPromptBehavior: dismiss and notify, userAgent: Mozilla/5.0 (Windows NT 10....}
Session ID: 74c5334a-33a0-4808-8f96-73daed9146ae
at java.base/jdk.internal.reflect.DirectConstructorHandleAccessor.newInstance(DirectConstructorHandleAccessor.java:62)
at java.base/java.lang.reflect.Constructor.newInstanceWithCaller(Constructor.java:502)
at java.base/java.lang.reflect.Constructor.newInstance(Constructor.java:486)
at org.openqa.selenium.remote.ErrorCodec.decode(ErrorCodec.java:167)
at org.openqa.selenium.remote.codec.w3c.W3CHttpResponseCodec.decode(W3CHttpResponseCodec.java:138)
at org.openqa.selenium.remote.codec.w3c.W3CHttpResponseCodec.decode(W3CHttpResponseCodec.java:50)
at org.openqa.selenium.remote.HttpCommandExecutor.execute(HttpCommandExecutor.java:190)
at org.openqa.selenium.remote.service.DriverCommandExecutor.invokeExecute(DriverCommandExecutor.java:216)
at org.openqa.selenium.remote.service.DriverCommandExecutor.execute(DriverCommandExecutor.java:174)
at org.openqa.selenium.remote.RemoteWebDriver.execute(RemoteWebDriver.java:518)
at org.openqa.selenium.remote.ElementLocation$ElementFinder$2.findElement(ElementLocation.java:165)
at org.openqa.selenium.remote.ElementLocation.findElement(ElementLocation.java:59)
at org.openqa.selenium.remote.RemoteWebDriver.findElement(RemoteWebDriver.java:355)
at org.openqa.selenium.remote.RemoteWebDriver.findElement(RemoteWebDriver.java:349)
at pageObjects.ManageProgramPageValidation.clickNextButton(ManageProgramPageValidation.java:68)
at stepdefinitions.ManageProgramValidationDefinition.admin_clicks_next_page_link_on_the_program_table(ManageProgramValidationDefinition.java:57)
at ✽.Admin clicks Next page link on the program table(file:///C:/Users/Deepthi/OneDrive/Documents/GitHub/Team3_Ninja_Hackers_Hackathon_April_2024/src/test/resources/features/06ManageProgramPageValidation.feature:31)
]]>
    </error>
  </testcase> <!-- runScenario -->
  <system-out/>
  <testcase classname="runner.TestRunner" name="runScenario" time="0.936"/>
  <system-out/>
  <testcase classname="runner.TestRunner" name="runScenario" time="1.712"/>
  <system-out/>
  <testcase classname="runner.TestRunner" name="runScenario" time="0.094">
    <error message="Unable to locate element: //button[@id=&#039;user&#039;]
For documentation on this error, please visit: https://www.selenium.dev/documentation/webdriver/troubleshooting/errors#no-such-element-exception
Build info: version: &#039;4.19.1&#039;, revision: &#039;abe0ee07dc&#039;
System info: os.name: &#039;Windows 11&#039;, os.arch: &#039;amd64&#039;, os.version: &#039;10.0&#039;, java.version: &#039;21.0.1&#039;
Driver info: org.openqa.selenium.firefox.FirefoxDriver
Command: [74c5334a-33a0-4808-8f96-73daed9146ae, findElement {using=xpath, value=//button[@id=&#039;user&#039;]}]
Capabilities {acceptInsecureCerts: true, browserName: firefox, browserVersion: 125.0.2, moz:accessibilityChecks: false, moz:buildID: 20240419144423, moz:debuggerAddress: 127.0.0.1:26460, moz:geckodriverVersion: 0.34.0, moz:headless: false, moz:platformVersion: 10.0, moz:processID: 37232, moz:profile: C:\Users\Deepthi\AppData\Lo..., moz:shutdownTimeout: 60000, moz:webdriverClick: true, moz:windowless: false, pageLoadStrategy: normal, platformName: windows, proxy: Proxy(), se:cdp: ws://127.0.0.1:26460/devtoo..., se:cdpVersion: 85.0, setWindowRect: true, strictFileInteractability: false, timeouts: {implicit: 0, pageLoad: 300000, script: 30000}, unhandledPromptBehavior: dismiss and notify, userAgent: Mozilla/5.0 (Windows NT 10....}
Session ID: 74c5334a-33a0-4808-8f96-73daed9146ae" type="org.openqa.selenium.NoSuchElementException">
      <![CDATA[org.openqa.selenium.NoSuchElementException: Unable to locate element: //button[@id='user']
For documentation on this error, please visit: https://www.selenium.dev/documentation/webdriver/troubleshooting/errors#no-such-element-exception
Build info: version: '4.19.1', revision: 'abe0ee07dc'
System info: os.name: 'Windows 11', os.arch: 'amd64', os.version: '10.0', java.version: '21.0.1'
Driver info: org.openqa.selenium.firefox.FirefoxDriver
Command: [74c5334a-33a0-4808-8f96-73daed9146ae, findElement {using=xpath, value=//button[@id='user']}]
Capabilities {acceptInsecureCerts: true, browserName: firefox, browserVersion: 125.0.2, moz:accessibilityChecks: false, moz:buildID: 20240419144423, moz:debuggerAddress: 127.0.0.1:26460, moz:geckodriverVersion: 0.34.0, moz:headless: false, moz:platformVersion: 10.0, moz:processID: 37232, moz:profile: C:\Users\Deepthi\AppData\Lo..., moz:shutdownTimeout: 60000, moz:webdriverClick: true, moz:windowless: false, pageLoadStrategy: normal, platformName: windows, proxy: Proxy(), se:cdp: ws://127.0.0.1:26460/devtoo..., se:cdpVersion: 85.0, setWindowRect: true, strictFileInteractability: false, timeouts: {implicit: 0, pageLoad: 300000, script: 30000}, unhandledPromptBehavior: dismiss and notify, userAgent: Mozilla/5.0 (Windows NT 10....}
Session ID: 74c5334a-33a0-4808-8f96-73daed9146ae
at java.base/jdk.internal.reflect.DirectConstructorHandleAccessor.newInstance(DirectConstructorHandleAccessor.java:62)
at java.base/java.lang.reflect.Constructor.newInstanceWithCaller(Constructor.java:502)
at java.base/java.lang.reflect.Constructor.newInstance(Constructor.java:486)
at org.openqa.selenium.remote.ErrorCodec.decode(ErrorCodec.java:167)
at org.openqa.selenium.remote.codec.w3c.W3CHttpResponseCodec.decode(W3CHttpResponseCodec.java:138)
at org.openqa.selenium.remote.codec.w3c.W3CHttpResponseCodec.decode(W3CHttpResponseCodec.java:50)
at org.openqa.selenium.remote.HttpCommandExecutor.execute(HttpCommandExecutor.java:190)
at org.openqa.selenium.remote.service.DriverCommandExecutor.invokeExecute(DriverCommandExecutor.java:216)
at org.openqa.selenium.remote.service.DriverCommandExecutor.execute(DriverCommandExecutor.java:174)
at org.openqa.selenium.remote.RemoteWebDriver.execute(RemoteWebDriver.java:518)
at org.openqa.selenium.remote.ElementLocation$ElementFinder$2.findElement(ElementLocation.java:165)
at org.openqa.selenium.remote.ElementLocation.findElement(ElementLocation.java:59)
at org.openqa.selenium.remote.RemoteWebDriver.findElement(RemoteWebDriver.java:355)
at org.openqa.selenium.remote.RemoteWebDriver.findElement(RemoteWebDriver.java:349)
at pageObjects.AssignStudentPage.isUserClicked(AssignStudentPage.java:60)
at stepdefinitions.AssignStudent.admin_clicks_from_navigation_bar(AssignStudent.java:27)
at ✽.Admin clicks "User" from navigation bar(file:///C:/Users/Deepthi/OneDrive/Documents/GitHub/Team3_Ninja_Hackers_Hackathon_April_2024/src/test/resources/features/09User.feature:72)
]]>
    </error>
  </testcase> <!-- runScenario -->
  <system-out/>
  <testcase classname="runner.TestRunner" name="runScenario" time="1.533"/>
  <system-out/>
  <testcase classname="runner.TestRunner" name="runScenario" time="0.140">
    <error message="Unable to locate element: //button[@id=&#039;user&#039;]
For documentation on this error, please visit: https://www.selenium.dev/documentation/webdriver/troubleshooting/errors#no-such-element-exception
Build info: version: &#039;4.19.1&#039;, revision: &#039;abe0ee07dc&#039;
System info: os.name: &#039;Windows 11&#039;, os.arch: &#039;amd64&#039;, os.version: &#039;10.0&#039;, java.version: &#039;21.0.1&#039;
Driver info: org.openqa.selenium.firefox.FirefoxDriver
Command: [74c5334a-33a0-4808-8f96-73daed9146ae, findElement {using=xpath, value=//button[@id=&#039;user&#039;]}]
Capabilities {acceptInsecureCerts: true, browserName: firefox, browserVersion: 125.0.2, moz:accessibilityChecks: false, moz:buildID: 20240419144423, moz:debuggerAddress: 127.0.0.1:26460, moz:geckodriverVersion: 0.34.0, moz:headless: false, moz:platformVersion: 10.0, moz:processID: 37232, moz:profile: C:\Users\Deepthi\AppData\Lo..., moz:shutdownTimeout: 60000, moz:webdriverClick: true, moz:windowless: false, pageLoadStrategy: normal, platformName: windows, proxy: Proxy(), se:cdp: ws://127.0.0.1:26460/devtoo..., se:cdpVersion: 85.0, setWindowRect: true, strictFileInteractability: false, timeouts: {implicit: 0, pageLoad: 300000, script: 30000}, unhandledPromptBehavior: dismiss and notify, userAgent: Mozilla/5.0 (Windows NT 10....}
Session ID: 74c5334a-33a0-4808-8f96-73daed9146ae" type="org.openqa.selenium.NoSuchElementException">
      <![CDATA[org.openqa.selenium.NoSuchElementException: Unable to locate element: //button[@id='user']
For documentation on this error, please visit: https://www.selenium.dev/documentation/webdriver/troubleshooting/errors#no-such-element-exception
Build info: version: '4.19.1', revision: 'abe0ee07dc'
System info: os.name: 'Windows 11', os.arch: 'amd64', os.version: '10.0', java.version: '21.0.1'
Driver info: org.openqa.selenium.firefox.FirefoxDriver
Command: [74c5334a-33a0-4808-8f96-73daed9146ae, findElement {using=xpath, value=//button[@id='user']}]
Capabilities {acceptInsecureCerts: true, browserName: firefox, browserVersion: 125.0.2, moz:accessibilityChecks: false, moz:buildID: 20240419144423, moz:debuggerAddress: 127.0.0.1:26460, moz:geckodriverVersion: 0.34.0, moz:headless: false, moz:platformVersion: 10.0, moz:processID: 37232, moz:profile: C:\Users\Deepthi\AppData\Lo..., moz:shutdownTimeout: 60000, moz:webdriverClick: true, moz:windowless: false, pageLoadStrategy: normal, platformName: windows, proxy: Proxy(), se:cdp: ws://127.0.0.1:26460/devtoo..., se:cdpVersion: 85.0, setWindowRect: true, strictFileInteractability: false, timeouts: {implicit: 0, pageLoad: 300000, script: 30000}, unhandledPromptBehavior: dismiss and notify, userAgent: Mozilla/5.0 (Windows NT 10....}
Session ID: 74c5334a-33a0-4808-8f96-73daed9146ae
at java.base/jdk.internal.reflect.DirectConstructorHandleAccessor.newInstance(DirectConstructorHandleAccessor.java:62)
at java.base/java.lang.reflect.Constructor.newInstanceWithCaller(Constructor.java:502)
at java.base/java.lang.reflect.Constructor.newInstance(Constructor.java:486)
at org.openqa.selenium.remote.ErrorCodec.decode(ErrorCodec.java:167)
at org.openqa.selenium.remote.codec.w3c.W3CHttpResponseCodec.decode(W3CHttpResponseCodec.java:138)
at org.openqa.selenium.remote.codec.w3c.W3CHttpResponseCodec.decode(W3CHttpResponseCodec.java:50)
at org.openqa.selenium.remote.HttpCommandExecutor.execute(HttpCommandExecutor.java:190)
at org.openqa.selenium.remote.service.DriverCommandExecutor.invokeExecute(DriverCommandExecutor.java:216)
at org.openqa.selenium.remote.service.DriverCommandExecutor.execute(DriverCommandExecutor.java:174)
at org.openqa.selenium.remote.RemoteWebDriver.execute(RemoteWebDriver.java:518)
at org.openqa.selenium.remote.ElementLocation$ElementFinder$2.findElement(ElementLocation.java:165)
at org.openqa.selenium.remote.ElementLocation.findElement(ElementLocation.java:59)
at org.openqa.selenium.remote.RemoteWebDriver.findElement(RemoteWebDriver.java:355)
at org.openqa.selenium.remote.RemoteWebDriver.findElement(RemoteWebDriver.java:349)
at pageObjects.AssignStudentPage.isUserClicked(AssignStudentPage.java:60)
at stepdefinitions.AssignStudent.admin_clicks_from_navigation_bar(AssignStudent.java:27)
at ✽.Admin clicks "User" from navigation bar(file:///C:/Users/Deepthi/OneDrive/Documents/GitHub/Team3_Ninja_Hackers_Hackathon_April_2024/src/test/resources/features/09User.feature:23)
]]>
    </error>
  </testcase> <!-- runScenario -->
  <system-out/>
  <testcase classname="runner.TestRunner" name="runScenario" time="9.277"/>
  <system-out/>
  <testcase classname="runner.TestRunner" name="runScenario" time="1.471"/>
  <system-out/>
  <testcase classname="runner.TestRunner" name="runScenario" time="2.357"/>
  <system-out/>
  <testcase classname="runner.TestRunner" name="runScenario" time="0.110">
    <error message="Unable to locate element: //button[@id=&#039;user&#039;]
For documentation on this error, please visit: https://www.selenium.dev/documentation/webdriver/troubleshooting/errors#no-such-element-exception
Build info: version: &#039;4.19.1&#039;, revision: &#039;abe0ee07dc&#039;
System info: os.name: &#039;Windows 11&#039;, os.arch: &#039;amd64&#039;, os.version: &#039;10.0&#039;, java.version: &#039;21.0.1&#039;
Driver info: org.openqa.selenium.firefox.FirefoxDriver
Command: [74c5334a-33a0-4808-8f96-73daed9146ae, findElement {using=xpath, value=//button[@id=&#039;user&#039;]}]
Capabilities {acceptInsecureCerts: true, browserName: firefox, browserVersion: 125.0.2, moz:accessibilityChecks: false, moz:buildID: 20240419144423, moz:debuggerAddress: 127.0.0.1:26460, moz:geckodriverVersion: 0.34.0, moz:headless: false, moz:platformVersion: 10.0, moz:processID: 37232, moz:profile: C:\Users\Deepthi\AppData\Lo..., moz:shutdownTimeout: 60000, moz:webdriverClick: true, moz:windowless: false, pageLoadStrategy: normal, platformName: windows, proxy: Proxy(), se:cdp: ws://127.0.0.1:26460/devtoo..., se:cdpVersion: 85.0, setWindowRect: true, strictFileInteractability: false, timeouts: {implicit: 0, pageLoad: 300000, script: 30000}, unhandledPromptBehavior: dismiss and notify, userAgent: Mozilla/5.0 (Windows NT 10....}
Session ID: 74c5334a-33a0-4808-8f96-73daed9146ae" type="org.openqa.selenium.NoSuchElementException">
      <![CDATA[org.openqa.selenium.NoSuchElementException: Unable to locate element: //button[@id='user']
For documentation on this error, please visit: https://www.selenium.dev/documentation/webdriver/troubleshooting/errors#no-such-element-exception
Build info: version: '4.19.1', revision: 'abe0ee07dc'
System info: os.name: 'Windows 11', os.arch: 'amd64', os.version: '10.0', java.version: '21.0.1'
Driver info: org.openqa.selenium.firefox.FirefoxDriver
Command: [74c5334a-33a0-4808-8f96-73daed9146ae, findElement {using=xpath, value=//button[@id='user']}]
Capabilities {acceptInsecureCerts: true, browserName: firefox, browserVersion: 125.0.2, moz:accessibilityChecks: false, moz:buildID: 20240419144423, moz:debuggerAddress: 127.0.0.1:26460, moz:geckodriverVersion: 0.34.0, moz:headless: false, moz:platformVersion: 10.0, moz:processID: 37232, moz:profile: C:\Users\Deepthi\AppData\Lo..., moz:shutdownTimeout: 60000, moz:webdriverClick: true, moz:windowless: false, pageLoadStrategy: normal, platformName: windows, proxy: Proxy(), se:cdp: ws://127.0.0.1:26460/devtoo..., se:cdpVersion: 85.0, setWindowRect: true, strictFileInteractability: false, timeouts: {implicit: 0, pageLoad: 300000, script: 30000}, unhandledPromptBehavior: dismiss and notify, userAgent: Mozilla/5.0 (Windows NT 10....}
Session ID: 74c5334a-33a0-4808-8f96-73daed9146ae
at java.base/jdk.internal.reflect.DirectConstructorHandleAccessor.newInstance(DirectConstructorHandleAccessor.java:62)
at java.base/java.lang.reflect.Constructor.newInstanceWithCaller(Constructor.java:502)
at java.base/java.lang.reflect.Constructor.newInstance(Constructor.java:486)
at org.openqa.selenium.remote.ErrorCodec.decode(ErrorCodec.java:167)
at org.openqa.selenium.remote.codec.w3c.W3CHttpResponseCodec.decode(W3CHttpResponseCodec.java:138)
at org.openqa.selenium.remote.codec.w3c.W3CHttpResponseCodec.decode(W3CHttpResponseCodec.java:50)
at org.openqa.selenium.remote.HttpCommandExecutor.execute(HttpCommandExecutor.java:190)
at org.openqa.selenium.remote.service.DriverCommandExecutor.invokeExecute(DriverCommandExecutor.java:216)
at org.openqa.selenium.remote.service.DriverCommandExecutor.execute(DriverCommandExecutor.java:174)
at org.openqa.selenium.remote.RemoteWebDriver.execute(RemoteWebDriver.java:518)
at org.openqa.selenium.remote.ElementLocation$ElementFinder$2.findElement(ElementLocation.java:165)
at org.openqa.selenium.remote.ElementLocation.findElement(ElementLocation.java:59)
at org.openqa.selenium.remote.RemoteWebDriver.findElement(RemoteWebDriver.java:355)
at org.openqa.selenium.remote.RemoteWebDriver.findElement(RemoteWebDriver.java:349)
at pageObjects.AssignStudentPage.isUserClicked(AssignStudentPage.java:60)
at stepdefinitions.AssignStudent.admin_clicks_from_navigation_bar(AssignStudent.java:27)
at ✽.Admin clicks "User" from navigation bar(file:///C:/Users/Deepthi/OneDrive/Documents/GitHub/Team3_Ninja_Hackers_Hackathon_April_2024/src/test/resources/features/09User.feature:96)
]]>
    </error>
  </testcase> <!-- runScenario -->
  <system-out/>
  <testcase classname="runner.TestRunner" name="runScenario" time="0.168">
    <error message="Unable to locate element: //button[@class=&#039;p-paginator-next p-paginator-element p-link p-ripple&#039;]
For documentation on this error, please visit: https://www.selenium.dev/documentation/webdriver/troubleshooting/errors#no-such-element-exception
Build info: version: &#039;4.19.1&#039;, revision: &#039;abe0ee07dc&#039;
System info: os.name: &#039;Windows 11&#039;, os.arch: &#039;amd64&#039;, os.version: &#039;10.0&#039;, java.version: &#039;21.0.1&#039;
Driver info: org.openqa.selenium.firefox.FirefoxDriver
Command: [74c5334a-33a0-4808-8f96-73daed9146ae, findElement {using=xpath, value=//button[@class=&#039;p-paginator-next p-paginator-element p-link p-ripple&#039;]}]
Capabilities {acceptInsecureCerts: true, browserName: firefox, browserVersion: 125.0.2, moz:accessibilityChecks: false, moz:buildID: 20240419144423, moz:debuggerAddress: 127.0.0.1:26460, moz:geckodriverVersion: 0.34.0, moz:headless: false, moz:platformVersion: 10.0, moz:processID: 37232, moz:profile: C:\Users\Deepthi\AppData\Lo..., moz:shutdownTimeout: 60000, moz:webdriverClick: true, moz:windowless: false, pageLoadStrategy: normal, platformName: windows, proxy: Proxy(), se:cdp: ws://127.0.0.1:26460/devtoo..., se:cdpVersion: 85.0, setWindowRect: true, strictFileInteractability: false, timeouts: {implicit: 0, pageLoad: 300000, script: 30000}, unhandledPromptBehavior: dismiss and notify, userAgent: Mozilla/5.0 (Windows NT 10....}
Session ID: 74c5334a-33a0-4808-8f96-73daed9146ae" type="org.openqa.selenium.NoSuchElementException">
      <![CDATA[org.openqa.selenium.NoSuchElementException: Unable to locate element: //button[@class='p-paginator-next p-paginator-element p-link p-ripple']
For documentation on this error, please visit: https://www.selenium.dev/documentation/webdriver/troubleshooting/errors#no-such-element-exception
Build info: version: '4.19.1', revision: 'abe0ee07dc'
System info: os.name: 'Windows 11', os.arch: 'amd64', os.version: '10.0', java.version: '21.0.1'
Driver info: org.openqa.selenium.firefox.FirefoxDriver
Command: [74c5334a-33a0-4808-8f96-73daed9146ae, findElement {using=xpath, value=//button[@class='p-paginator-next p-paginator-element p-link p-ripple']}]
Capabilities {acceptInsecureCerts: true, browserName: firefox, browserVersion: 125.0.2, moz:accessibilityChecks: false, moz:buildID: 20240419144423, moz:debuggerAddress: 127.0.0.1:26460, moz:geckodriverVersion: 0.34.0, moz:headless: false, moz:platformVersion: 10.0, moz:processID: 37232, moz:profile: C:\Users\Deepthi\AppData\Lo..., moz:shutdownTimeout: 60000, moz:webdriverClick: true, moz:windowless: false, pageLoadStrategy: normal, platformName: windows, proxy: Proxy(), se:cdp: ws://127.0.0.1:26460/devtoo..., se:cdpVersion: 85.0, setWindowRect: true, strictFileInteractability: false, timeouts: {implicit: 0, pageLoad: 300000, script: 30000}, unhandledPromptBehavior: dismiss and notify, userAgent: Mozilla/5.0 (Windows NT 10....}
Session ID: 74c5334a-33a0-4808-8f96-73daed9146ae
at java.base/jdk.internal.reflect.DirectConstructorHandleAccessor.newInstance(DirectConstructorHandleAccessor.java:62)
at java.base/java.lang.reflect.Constructor.newInstanceWithCaller(Constructor.java:502)
at java.base/java.lang.reflect.Constructor.newInstance(Constructor.java:486)
at org.openqa.selenium.remote.ErrorCodec.decode(ErrorCodec.java:167)
at org.openqa.selenium.remote.codec.w3c.W3CHttpResponseCodec.decode(W3CHttpResponseCodec.java:138)
at org.openqa.selenium.remote.codec.w3c.W3CHttpResponseCodec.decode(W3CHttpResponseCodec.java:50)
at org.openqa.selenium.remote.HttpCommandExecutor.execute(HttpCommandExecutor.java:190)
at org.openqa.selenium.remote.service.DriverCommandExecutor.invokeExecute(DriverCommandExecutor.java:216)
at org.openqa.selenium.remote.service.DriverCommandExecutor.execute(DriverCommandExecutor.java:174)
at org.openqa.selenium.remote.RemoteWebDriver.execute(RemoteWebDriver.java:518)
at org.openqa.selenium.remote.ElementLocation$ElementFinder$2.findElement(ElementLocation.java:165)
at org.openqa.selenium.remote.ElementLocation.findElement(ElementLocation.java:59)
at org.openqa.selenium.remote.RemoteWebDriver.findElement(RemoteWebDriver.java:355)
at org.openqa.selenium.remote.RemoteWebDriver.findElement(RemoteWebDriver.java:349)
at pageObjects.UserPage.pagination(UserPage.java:122)
at stepdefinitions.User.admin_should_see_the_text_as_along_with_pagination_icon_below_the_table1(User.java:53)
at ✽.Admin should see the text as "Showing x to y of z entries"(file:///C:/Users/Deepthi/OneDrive/Documents/GitHub/Team3_Ninja_Hackers_Hackathon_April_2024/src/test/resources/features/09User.feature:49)
]]>
    </error>
  </testcase> <!-- runScenario -->
  <system-out/>
  <testcase classname="runner.TestRunner" name="runScenario" time="1.262">
    <failure message="expected [true] but found [false]" type="java.lang.AssertionError">
      <![CDATA[java.lang.AssertionError: expected [true] but found [false]
at org.testng.Assert.fail(Assert.java:99)
at org.testng.Assert.failNotEquals(Assert.java:1037)
at org.testng.Assert.assertEqualsImpl(Assert.java:140)
at org.testng.Assert.assertEquals(Assert.java:122)
at org.testng.Assert.assertEquals(Assert.java:819)
at org.testng.Assert.assertEquals(Assert.java:829)
at stepdefinitions.AssignStudent.admin_clicks_from_navigation_bar(AssignStudent.java:27)
at ✽.Admin clicks "Batch" from navigation bar(file:///C:/Users/Deepthi/OneDrive/Documents/GitHub/Team3_Ninja_Hackers_Hackathon_April_2024/src/test/resources/features/07Batch.feature:44)
]]>
    </failure>
  </testcase> <!-- runScenario -->
  <system-out/>
  <testcase classname="runner.TestRunner" name="runScenario" time="0.836">
    <error message="Unable to locate element: //button[@class=&#039;p-paginator-last p-paginator-element p-link p-ripple ng-star-inserted&#039;]
For documentation on this error, please visit: https://www.selenium.dev/documentation/webdriver/troubleshooting/errors#no-such-element-exception
Build info: version: &#039;4.19.1&#039;, revision: &#039;abe0ee07dc&#039;
System info: os.name: &#039;Windows 11&#039;, os.arch: &#039;amd64&#039;, os.version: &#039;10.0&#039;, java.version: &#039;21.0.1&#039;
Driver info: org.openqa.selenium.firefox.FirefoxDriver
Command: [74c5334a-33a0-4808-8f96-73daed9146ae, findElement {using=xpath, value=//button[@class=&#039;p-paginator-last p-paginator-element p-link p-ripple ng-star-inserted&#039;]}]
Capabilities {acceptInsecureCerts: true, browserName: firefox, browserVersion: 125.0.2, moz:accessibilityChecks: false, moz:buildID: 20240419144423, moz:debuggerAddress: 127.0.0.1:26460, moz:geckodriverVersion: 0.34.0, moz:headless: false, moz:platformVersion: 10.0, moz:processID: 37232, moz:profile: C:\Users\Deepthi\AppData\Lo..., moz:shutdownTimeout: 60000, moz:webdriverClick: true, moz:windowless: false, pageLoadStrategy: normal, platformName: windows, proxy: Proxy(), se:cdp: ws://127.0.0.1:26460/devtoo..., se:cdpVersion: 85.0, setWindowRect: true, strictFileInteractability: false, timeouts: {implicit: 0, pageLoad: 300000, script: 30000}, unhandledPromptBehavior: dismiss and notify, userAgent: Mozilla/5.0 (Windows NT 10....}
Session ID: 74c5334a-33a0-4808-8f96-73daed9146ae" type="org.openqa.selenium.NoSuchElementException">
      <![CDATA[org.openqa.selenium.NoSuchElementException: Unable to locate element: //button[@class='p-paginator-last p-paginator-element p-link p-ripple ng-star-inserted']
For documentation on this error, please visit: https://www.selenium.dev/documentation/webdriver/troubleshooting/errors#no-such-element-exception
Build info: version: '4.19.1', revision: 'abe0ee07dc'
System info: os.name: 'Windows 11', os.arch: 'amd64', os.version: '10.0', java.version: '21.0.1'
Driver info: org.openqa.selenium.firefox.FirefoxDriver
Command: [74c5334a-33a0-4808-8f96-73daed9146ae, findElement {using=xpath, value=//button[@class='p-paginator-last p-paginator-element p-link p-ripple ng-star-inserted']}]
Capabilities {acceptInsecureCerts: true, browserName: firefox, browserVersion: 125.0.2, moz:accessibilityChecks: false, moz:buildID: 20240419144423, moz:debuggerAddress: 127.0.0.1:26460, moz:geckodriverVersion: 0.34.0, moz:headless: false, moz:platformVersion: 10.0, moz:processID: 37232, moz:profile: C:\Users\Deepthi\AppData\Lo..., moz:shutdownTimeout: 60000, moz:webdriverClick: true, moz:windowless: false, pageLoadStrategy: normal, platformName: windows, proxy: Proxy(), se:cdp: ws://127.0.0.1:26460/devtoo..., se:cdpVersion: 85.0, setWindowRect: true, strictFileInteractability: false, timeouts: {implicit: 0, pageLoad: 300000, script: 30000}, unhandledPromptBehavior: dismiss and notify, userAgent: Mozilla/5.0 (Windows NT 10....}
Session ID: 74c5334a-33a0-4808-8f96-73daed9146ae
at java.base/jdk.internal.reflect.DirectConstructorHandleAccessor.newInstance(DirectConstructorHandleAccessor.java:62)
at java.base/java.lang.reflect.Constructor.newInstanceWithCaller(Constructor.java:502)
at java.base/java.lang.reflect.Constructor.newInstance(Constructor.java:486)
at org.openqa.selenium.remote.ErrorCodec.decode(ErrorCodec.java:167)
at org.openqa.selenium.remote.codec.w3c.W3CHttpResponseCodec.decode(W3CHttpResponseCodec.java:138)
at org.openqa.selenium.remote.codec.w3c.W3CHttpResponseCodec.decode(W3CHttpResponseCodec.java:50)
at org.openqa.selenium.remote.HttpCommandExecutor.execute(HttpCommandExecutor.java:190)
at org.openqa.selenium.remote.service.DriverCommandExecutor.invokeExecute(DriverCommandExecutor.java:216)
at org.openqa.selenium.remote.service.DriverCommandExecutor.execute(DriverCommandExecutor.java:174)
at org.openqa.selenium.remote.RemoteWebDriver.execute(RemoteWebDriver.java:518)
at org.openqa.selenium.remote.ElementLocation$ElementFinder$2.findElement(ElementLocation.java:165)
at org.openqa.selenium.remote.ElementLocation.findElement(ElementLocation.java:59)
at org.openqa.selenium.remote.RemoteWebDriver.findElement(RemoteWebDriver.java:355)
at org.openqa.selenium.remote.RemoteWebDriver.findElement(RemoteWebDriver.java:349)
at pageObjects.ManageProgramPageValidation.clickLastPageButton(ManageProgramPageValidation.java:86)
at stepdefinitions.ManageProgramValidationDefinition.admin_clicks_last_page_link(ManageProgramValidationDefinition.java:69)
at ✽.Admin clicks Last page link(file:///C:/Users/Deepthi/OneDrive/Documents/GitHub/Team3_Ninja_Hackers_Hackathon_April_2024/src/test/resources/features/06ManageProgramPageValidation.feature:37)
]]>
    </error>
  </testcase> <!-- runScenario -->
  <system-out/>
  <testcase classname="runner.TestRunner" name="runScenario" time="0.096">
    <error message="Unable to locate element: //button[@id=&#039;user&#039;]
For documentation on this error, please visit: https://www.selenium.dev/documentation/webdriver/troubleshooting/errors#no-such-element-exception
Build info: version: &#039;4.19.1&#039;, revision: &#039;abe0ee07dc&#039;
System info: os.name: &#039;Windows 11&#039;, os.arch: &#039;amd64&#039;, os.version: &#039;10.0&#039;, java.version: &#039;21.0.1&#039;
Driver info: org.openqa.selenium.firefox.FirefoxDriver
Command: [74c5334a-33a0-4808-8f96-73daed9146ae, findElement {using=xpath, value=//button[@id=&#039;user&#039;]}]
Capabilities {acceptInsecureCerts: true, browserName: firefox, browserVersion: 125.0.2, moz:accessibilityChecks: false, moz:buildID: 20240419144423, moz:debuggerAddress: 127.0.0.1:26460, moz:geckodriverVersion: 0.34.0, moz:headless: false, moz:platformVersion: 10.0, moz:processID: 37232, moz:profile: C:\Users\Deepthi\AppData\Lo..., moz:shutdownTimeout: 60000, moz:webdriverClick: true, moz:windowless: false, pageLoadStrategy: normal, platformName: windows, proxy: Proxy(), se:cdp: ws://127.0.0.1:26460/devtoo..., se:cdpVersion: 85.0, setWindowRect: true, strictFileInteractability: false, timeouts: {implicit: 0, pageLoad: 300000, script: 30000}, unhandledPromptBehavior: dismiss and notify, userAgent: Mozilla/5.0 (Windows NT 10....}
Session ID: 74c5334a-33a0-4808-8f96-73daed9146ae" type="org.openqa.selenium.NoSuchElementException">
      <![CDATA[org.openqa.selenium.NoSuchElementException: Unable to locate element: //button[@id='user']
For documentation on this error, please visit: https://www.selenium.dev/documentation/webdriver/troubleshooting/errors#no-such-element-exception
Build info: version: '4.19.1', revision: 'abe0ee07dc'
System info: os.name: 'Windows 11', os.arch: 'amd64', os.version: '10.0', java.version: '21.0.1'
Driver info: org.openqa.selenium.firefox.FirefoxDriver
Command: [74c5334a-33a0-4808-8f96-73daed9146ae, findElement {using=xpath, value=//button[@id='user']}]
Capabilities {acceptInsecureCerts: true, browserName: firefox, browserVersion: 125.0.2, moz:accessibilityChecks: false, moz:buildID: 20240419144423, moz:debuggerAddress: 127.0.0.1:26460, moz:geckodriverVersion: 0.34.0, moz:headless: false, moz:platformVersion: 10.0, moz:processID: 37232, moz:profile: C:\Users\Deepthi\AppData\Lo..., moz:shutdownTimeout: 60000, moz:webdriverClick: true, moz:windowless: false, pageLoadStrategy: normal, platformName: windows, proxy: Proxy(), se:cdp: ws://127.0.0.1:26460/devtoo..., se:cdpVersion: 85.0, setWindowRect: true, strictFileInteractability: false, timeouts: {implicit: 0, pageLoad: 300000, script: 30000}, unhandledPromptBehavior: dismiss and notify, userAgent: Mozilla/5.0 (Windows NT 10....}
Session ID: 74c5334a-33a0-4808-8f96-73daed9146ae
at java.base/jdk.internal.reflect.DirectConstructorHandleAccessor.newInstance(DirectConstructorHandleAccessor.java:62)
at java.base/java.lang.reflect.Constructor.newInstanceWithCaller(Constructor.java:502)
at java.base/java.lang.reflect.Constructor.newInstance(Constructor.java:486)
at org.openqa.selenium.remote.ErrorCodec.decode(ErrorCodec.java:167)
at org.openqa.selenium.remote.codec.w3c.W3CHttpResponseCodec.decode(W3CHttpResponseCodec.java:138)
at org.openqa.selenium.remote.codec.w3c.W3CHttpResponseCodec.decode(W3CHttpResponseCodec.java:50)
at org.openqa.selenium.remote.HttpCommandExecutor.execute(HttpCommandExecutor.java:190)
at org.openqa.selenium.remote.service.DriverCommandExecutor.invokeExecute(DriverCommandExecutor.java:216)
at org.openqa.selenium.remote.service.DriverCommandExecutor.execute(DriverCommandExecutor.java:174)
at org.openqa.selenium.remote.RemoteWebDriver.execute(RemoteWebDriver.java:518)
at org.openqa.selenium.remote.ElementLocation$ElementFinder$2.findElement(ElementLocation.java:165)
at org.openqa.selenium.remote.ElementLocation.findElement(ElementLocation.java:59)
at org.openqa.selenium.remote.RemoteWebDriver.findElement(RemoteWebDriver.java:355)
at org.openqa.selenium.remote.RemoteWebDriver.findElement(RemoteWebDriver.java:349)
at pageObjects.AssignStudentPage.isUserClicked(AssignStudentPage.java:60)
at stepdefinitions.AssignStudent.admin_clicks_from_navigation_bar(AssignStudent.java:27)
at ✽.Admin clicks "User" from navigation bar(file:///C:/Users/Deepthi/OneDrive/Documents/GitHub/Team3_Ninja_Hackers_Hackathon_April_2024/src/test/resources/features/12User3.feature:5)
]]>
    </error>
  </testcase> <!-- runScenario -->
  <system-out/>
  <testcase classname="runner.TestRunner" name="runScenario" time="1.093"/>
  <system-out/>
  <testcase classname="runner.TestRunner" name="runScenario" time="2.280"/>
  <system-out/>
  <testcase classname="runner.TestRunner" name="runScenario" time="0.095">
    <error message="Unable to locate element: //button[@id=&#039;user&#039;]
For documentation on this error, please visit: https://www.selenium.dev/documentation/webdriver/troubleshooting/errors#no-such-element-exception
Build info: version: &#039;4.19.1&#039;, revision: &#039;abe0ee07dc&#039;
System info: os.name: &#039;Windows 11&#039;, os.arch: &#039;amd64&#039;, os.version: &#039;10.0&#039;, java.version: &#039;21.0.1&#039;
Driver info: org.openqa.selenium.firefox.FirefoxDriver
Command: [74c5334a-33a0-4808-8f96-73daed9146ae, findElement {using=xpath, value=//button[@id=&#039;user&#039;]}]
Capabilities {acceptInsecureCerts: true, browserName: firefox, browserVersion: 125.0.2, moz:accessibilityChecks: false, moz:buildID: 20240419144423, moz:debuggerAddress: 127.0.0.1:26460, moz:geckodriverVersion: 0.34.0, moz:headless: false, moz:platformVersion: 10.0, moz:processID: 37232, moz:profile: C:\Users\Deepthi\AppData\Lo..., moz:shutdownTimeout: 60000, moz:webdriverClick: true, moz:windowless: false, pageLoadStrategy: normal, platformName: windows, proxy: Proxy(), se:cdp: ws://127.0.0.1:26460/devtoo..., se:cdpVersion: 85.0, setWindowRect: true, strictFileInteractability: false, timeouts: {implicit: 0, pageLoad: 300000, script: 30000}, unhandledPromptBehavior: dismiss and notify, userAgent: Mozilla/5.0 (Windows NT 10....}
Session ID: 74c5334a-33a0-4808-8f96-73daed9146ae" type="org.openqa.selenium.NoSuchElementException">
      <![CDATA[org.openqa.selenium.NoSuchElementException: Unable to locate element: //button[@id='user']
For documentation on this error, please visit: https://www.selenium.dev/documentation/webdriver/troubleshooting/errors#no-such-element-exception
Build info: version: '4.19.1', revision: 'abe0ee07dc'
System info: os.name: 'Windows 11', os.arch: 'amd64', os.version: '10.0', java.version: '21.0.1'
Driver info: org.openqa.selenium.firefox.FirefoxDriver
Command: [74c5334a-33a0-4808-8f96-73daed9146ae, findElement {using=xpath, value=//button[@id='user']}]
Capabilities {acceptInsecureCerts: true, browserName: firefox, browserVersion: 125.0.2, moz:accessibilityChecks: false, moz:buildID: 20240419144423, moz:debuggerAddress: 127.0.0.1:26460, moz:geckodriverVersion: 0.34.0, moz:headless: false, moz:platformVersion: 10.0, moz:processID: 37232, moz:profile: C:\Users\Deepthi\AppData\Lo..., moz:shutdownTimeout: 60000, moz:webdriverClick: true, moz:windowless: false, pageLoadStrategy: normal, platformName: windows, proxy: Proxy(), se:cdp: ws://127.0.0.1:26460/devtoo..., se:cdpVersion: 85.0, setWindowRect: true, strictFileInteractability: false, timeouts: {implicit: 0, pageLoad: 300000, script: 30000}, unhandledPromptBehavior: dismiss and notify, userAgent: Mozilla/5.0 (Windows NT 10....}
Session ID: 74c5334a-33a0-4808-8f96-73daed9146ae
at java.base/jdk.internal.reflect.DirectConstructorHandleAccessor.newInstance(DirectConstructorHandleAccessor.java:62)
at java.base/java.lang.reflect.Constructor.newInstanceWithCaller(Constructor.java:502)
at java.base/java.lang.reflect.Constructor.newInstance(Constructor.java:486)
at org.openqa.selenium.remote.ErrorCodec.decode(ErrorCodec.java:167)
at org.openqa.selenium.remote.codec.w3c.W3CHttpResponseCodec.decode(W3CHttpResponseCodec.java:138)
at org.openqa.selenium.remote.codec.w3c.W3CHttpResponseCodec.decode(W3CHttpResponseCodec.java:50)
at org.openqa.selenium.remote.HttpCommandExecutor.execute(HttpCommandExecutor.java:190)
at org.openqa.selenium.remote.service.DriverCommandExecutor.invokeExecute(DriverCommandExecutor.java:216)
at org.openqa.selenium.remote.service.DriverCommandExecutor.execute(DriverCommandExecutor.java:174)
at org.openqa.selenium.remote.RemoteWebDriver.execute(RemoteWebDriver.java:518)
at org.openqa.selenium.remote.ElementLocation$ElementFinder$2.findElement(ElementLocation.java:165)
at org.openqa.selenium.remote.ElementLocation.findElement(ElementLocation.java:59)
at org.openqa.selenium.remote.RemoteWebDriver.findElement(RemoteWebDriver.java:355)
at org.openqa.selenium.remote.RemoteWebDriver.findElement(RemoteWebDriver.java:349)
at pageObjects.AssignStudentPage.isUserClicked(AssignStudentPage.java:60)
at stepdefinitions.AssignStudent.admin_clicks_from_navigation_bar(AssignStudent.java:27)
at ✽.Admin clicks "User" from navigation bar(file:///C:/Users/Deepthi/OneDrive/Documents/GitHub/Team3_Ninja_Hackers_Hackathon_April_2024/src/test/resources/features/10User1.feature:5)
]]>
    </error>
  </testcase> <!-- runScenario -->
  <system-out/>
  <testcase classname="runner.TestRunner" name="runScenario" time="2.203">
    <error message="Element &lt;button id=&quot;new&quot; class=&quot;p-button-rounded p-button-success p-button p-component&quot;&gt; is not clickable at point (1100,166) because another element &lt;div class=&quot;ng-tns-c132-3 p-dialog-mask p-component-overlay p-dialog-mask-scrollblocker ng-star-inserted&quot;&gt; obscures it
Build info: version: &#039;4.19.1&#039;, revision: &#039;abe0ee07dc&#039;
System info: os.name: &#039;Windows 11&#039;, os.arch: &#039;amd64&#039;, os.version: &#039;10.0&#039;, java.version: &#039;21.0.1&#039;
Driver info: org.openqa.selenium.firefox.FirefoxDriver
Command: [74c5334a-33a0-4808-8f96-73daed9146ae, clickElement {id=748d2da6-fd88-496a-88bf-8c7af43bbbd2}]
Capabilities {acceptInsecureCerts: true, browserName: firefox, browserVersion: 125.0.2, moz:accessibilityChecks: false, moz:buildID: 20240419144423, moz:debuggerAddress: 127.0.0.1:26460, moz:geckodriverVersion: 0.34.0, moz:headless: false, moz:platformVersion: 10.0, moz:processID: 37232, moz:profile: C:\Users\Deepthi\AppData\Lo..., moz:shutdownTimeout: 60000, moz:webdriverClick: true, moz:windowless: false, pageLoadStrategy: normal, platformName: windows, proxy: Proxy(), se:cdp: ws://127.0.0.1:26460/devtoo..., se:cdpVersion: 85.0, setWindowRect: true, strictFileInteractability: false, timeouts: {implicit: 0, pageLoad: 300000, script: 30000}, unhandledPromptBehavior: dismiss and notify, userAgent: Mozilla/5.0 (Windows NT 10....}
Element: [[FirefoxDriver: firefox on windows (74c5334a-33a0-4808-8f96-73daed9146ae)] -&gt; xpath: .//button[@label=&#039;A New Program&#039;]]
Session ID: 74c5334a-33a0-4808-8f96-73daed9146ae" type="org.openqa.selenium.ElementClickInterceptedException">
      <![CDATA[org.openqa.selenium.ElementClickInterceptedException: Element <button id="new" class="p-button-rounded p-button-success p-button p-component"> is not clickable at point (1100,166) because another element <div class="ng-tns-c132-3 p-dialog-mask p-component-overlay p-dialog-mask-scrollblocker ng-star-inserted"> obscures it
Build info: version: '4.19.1', revision: 'abe0ee07dc'
System info: os.name: 'Windows 11', os.arch: 'amd64', os.version: '10.0', java.version: '21.0.1'
Driver info: org.openqa.selenium.firefox.FirefoxDriver
Command: [74c5334a-33a0-4808-8f96-73daed9146ae, clickElement {id=748d2da6-fd88-496a-88bf-8c7af43bbbd2}]
Capabilities {acceptInsecureCerts: true, browserName: firefox, browserVersion: 125.0.2, moz:accessibilityChecks: false, moz:buildID: 20240419144423, moz:debuggerAddress: 127.0.0.1:26460, moz:geckodriverVersion: 0.34.0, moz:headless: false, moz:platformVersion: 10.0, moz:processID: 37232, moz:profile: C:\Users\Deepthi\AppData\Lo..., moz:shutdownTimeout: 60000, moz:webdriverClick: true, moz:windowless: false, pageLoadStrategy: normal, platformName: windows, proxy: Proxy(), se:cdp: ws://127.0.0.1:26460/devtoo..., se:cdpVersion: 85.0, setWindowRect: true, strictFileInteractability: false, timeouts: {implicit: 0, pageLoad: 300000, script: 30000}, unhandledPromptBehavior: dismiss and notify, userAgent: Mozilla/5.0 (Windows NT 10....}
Element: [[FirefoxDriver: firefox on windows (74c5334a-33a0-4808-8f96-73daed9146ae)] -> xpath: .//button[@label='A New Program']]
Session ID: 74c5334a-33a0-4808-8f96-73daed9146ae
at java.base/jdk.internal.reflect.DirectConstructorHandleAccessor.newInstance(DirectConstructorHandleAccessor.java:62)
at java.base/java.lang.reflect.Constructor.newInstanceWithCaller(Constructor.java:502)
at java.base/java.lang.reflect.Constructor.newInstance(Constructor.java:486)
at org.openqa.selenium.remote.ErrorCodec.decode(ErrorCodec.java:167)
at org.openqa.selenium.remote.codec.w3c.W3CHttpResponseCodec.decode(W3CHttpResponseCodec.java:138)
at org.openqa.selenium.remote.codec.w3c.W3CHttpResponseCodec.decode(W3CHttpResponseCodec.java:50)
at org.openqa.selenium.remote.HttpCommandExecutor.execute(HttpCommandExecutor.java:190)
at org.openqa.selenium.remote.service.DriverCommandExecutor.invokeExecute(DriverCommandExecutor.java:216)
at org.openqa.selenium.remote.service.DriverCommandExecutor.execute(DriverCommandExecutor.java:174)
at org.openqa.selenium.remote.RemoteWebDriver.execute(RemoteWebDriver.java:518)
at org.openqa.selenium.remote.RemoteWebElement.execute(RemoteWebElement.java:223)
at org.openqa.selenium.remote.RemoteWebElement.click(RemoteWebElement.java:76)
at pageObjects.AssignStudentPage.clickButton(AssignStudentPage.java:143)
at stepdefinitions.AssignStudent.admin_clicks_button(AssignStudent.java:40)
at ✽.Admin clicks "A New Program" button(file:///C:/Users/Deepthi/OneDrive/Documents/GitHub/Team3_Ninja_Hackers_Hackathon_April_2024/src/test/resources/features/04AddProgram.feature:5)
]]>
    </error>
  </testcase> <!-- runScenario -->
  <system-out/>
  <testcase classname="runner.TestRunner" name="runScenario" time="2.198">
    <error message="Element &lt;button id=&quot;new&quot; class=&quot;p-button-rounded p-button-success p-button p-component&quot;&gt; is not clickable at point (1100,166) because another element &lt;div class=&quot;ng-tns-c132-3 p-dialog-mask p-component-overlay p-dialog-mask-scrollblocker ng-star-inserted&quot;&gt; obscures it
Build info: version: &#039;4.19.1&#039;, revision: &#039;abe0ee07dc&#039;
System info: os.name: &#039;Windows 11&#039;, os.arch: &#039;amd64&#039;, os.version: &#039;10.0&#039;, java.version: &#039;21.0.1&#039;
Driver info: org.openqa.selenium.firefox.FirefoxDriver
Command: [74c5334a-33a0-4808-8f96-73daed9146ae, clickElement {id=748d2da6-fd88-496a-88bf-8c7af43bbbd2}]
Capabilities {acceptInsecureCerts: true, browserName: firefox, browserVersion: 125.0.2, moz:accessibilityChecks: false, moz:buildID: 20240419144423, moz:debuggerAddress: 127.0.0.1:26460, moz:geckodriverVersion: 0.34.0, moz:headless: false, moz:platformVersion: 10.0, moz:processID: 37232, moz:profile: C:\Users\Deepthi\AppData\Lo..., moz:shutdownTimeout: 60000, moz:webdriverClick: true, moz:windowless: false, pageLoadStrategy: normal, platformName: windows, proxy: Proxy(), se:cdp: ws://127.0.0.1:26460/devtoo..., se:cdpVersion: 85.0, setWindowRect: true, strictFileInteractability: false, timeouts: {implicit: 0, pageLoad: 300000, script: 30000}, unhandledPromptBehavior: dismiss and notify, userAgent: Mozilla/5.0 (Windows NT 10....}
Element: [[FirefoxDriver: firefox on windows (74c5334a-33a0-4808-8f96-73daed9146ae)] -&gt; xpath: .//button[@label=&#039;A New Program&#039;]]
Session ID: 74c5334a-33a0-4808-8f96-73daed9146ae" type="org.openqa.selenium.ElementClickInterceptedException">
      <![CDATA[org.openqa.selenium.ElementClickInterceptedException: Element <button id="new" class="p-button-rounded p-button-success p-button p-component"> is not clickable at point (1100,166) because another element <div class="ng-tns-c132-3 p-dialog-mask p-component-overlay p-dialog-mask-scrollblocker ng-star-inserted"> obscures it
Build info: version: '4.19.1', revision: 'abe0ee07dc'
System info: os.name: 'Windows 11', os.arch: 'amd64', os.version: '10.0', java.version: '21.0.1'
Driver info: org.openqa.selenium.firefox.FirefoxDriver
Command: [74c5334a-33a0-4808-8f96-73daed9146ae, clickElement {id=748d2da6-fd88-496a-88bf-8c7af43bbbd2}]
Capabilities {acceptInsecureCerts: true, browserName: firefox, browserVersion: 125.0.2, moz:accessibilityChecks: false, moz:buildID: 20240419144423, moz:debuggerAddress: 127.0.0.1:26460, moz:geckodriverVersion: 0.34.0, moz:headless: false, moz:platformVersion: 10.0, moz:processID: 37232, moz:profile: C:\Users\Deepthi\AppData\Lo..., moz:shutdownTimeout: 60000, moz:webdriverClick: true, moz:windowless: false, pageLoadStrategy: normal, platformName: windows, proxy: Proxy(), se:cdp: ws://127.0.0.1:26460/devtoo..., se:cdpVersion: 85.0, setWindowRect: true, strictFileInteractability: false, timeouts: {implicit: 0, pageLoad: 300000, script: 30000}, unhandledPromptBehavior: dismiss and notify, userAgent: Mozilla/5.0 (Windows NT 10....}
Element: [[FirefoxDriver: firefox on windows (74c5334a-33a0-4808-8f96-73daed9146ae)] -> xpath: .//button[@label='A New Program']]
Session ID: 74c5334a-33a0-4808-8f96-73daed9146ae
at java.base/jdk.internal.reflect.DirectConstructorHandleAccessor.newInstance(DirectConstructorHandleAccessor.java:62)
at java.base/java.lang.reflect.Constructor.newInstanceWithCaller(Constructor.java:502)
at java.base/java.lang.reflect.Constructor.newInstance(Constructor.java:486)
at org.openqa.selenium.remote.ErrorCodec.decode(ErrorCodec.java:167)
at org.openqa.selenium.remote.codec.w3c.W3CHttpResponseCodec.decode(W3CHttpResponseCodec.java:138)
at org.openqa.selenium.remote.codec.w3c.W3CHttpResponseCodec.decode(W3CHttpResponseCodec.java:50)
at org.openqa.selenium.remote.HttpCommandExecutor.execute(HttpCommandExecutor.java:190)
at org.openqa.selenium.remote.service.DriverCommandExecutor.invokeExecute(DriverCommandExecutor.java:216)
at org.openqa.selenium.remote.service.DriverCommandExecutor.execute(DriverCommandExecutor.java:174)
at org.openqa.selenium.remote.RemoteWebDriver.execute(RemoteWebDriver.java:518)
at org.openqa.selenium.remote.RemoteWebElement.execute(RemoteWebElement.java:223)
at org.openqa.selenium.remote.RemoteWebElement.click(RemoteWebElement.java:76)
at pageObjects.AssignStudentPage.clickButton(AssignStudentPage.java:143)
at stepdefinitions.AssignStudent.admin_clicks_button(AssignStudent.java:40)
at ✽.Admin clicks "A New Program" button(file:///C:/Users/Deepthi/OneDrive/Documents/GitHub/Team3_Ninja_Hackers_Hackathon_April_2024/src/test/resources/features/04AddProgram.feature:5)
]]>
    </error>
  </testcase> <!-- runScenario -->
  <system-out/>
  <testcase classname="runner.TestRunner" name="runScenario" time="2.195">
    <error message="Element &lt;button id=&quot;new&quot; class=&quot;p-button-rounded p-button-success p-button p-component&quot;&gt; is not clickable at point (1100,166) because another element &lt;div class=&quot;ng-tns-c132-3 p-dialog-mask p-component-overlay p-dialog-mask-scrollblocker ng-star-inserted&quot;&gt; obscures it
Build info: version: &#039;4.19.1&#039;, revision: &#039;abe0ee07dc&#039;
System info: os.name: &#039;Windows 11&#039;, os.arch: &#039;amd64&#039;, os.version: &#039;10.0&#039;, java.version: &#039;21.0.1&#039;
Driver info: org.openqa.selenium.firefox.FirefoxDriver
Command: [74c5334a-33a0-4808-8f96-73daed9146ae, clickElement {id=748d2da6-fd88-496a-88bf-8c7af43bbbd2}]
Capabilities {acceptInsecureCerts: true, browserName: firefox, browserVersion: 125.0.2, moz:accessibilityChecks: false, moz:buildID: 20240419144423, moz:debuggerAddress: 127.0.0.1:26460, moz:geckodriverVersion: 0.34.0, moz:headless: false, moz:platformVersion: 10.0, moz:processID: 37232, moz:profile: C:\Users\Deepthi\AppData\Lo..., moz:shutdownTimeout: 60000, moz:webdriverClick: true, moz:windowless: false, pageLoadStrategy: normal, platformName: windows, proxy: Proxy(), se:cdp: ws://127.0.0.1:26460/devtoo..., se:cdpVersion: 85.0, setWindowRect: true, strictFileInteractability: false, timeouts: {implicit: 0, pageLoad: 300000, script: 30000}, unhandledPromptBehavior: dismiss and notify, userAgent: Mozilla/5.0 (Windows NT 10....}
Element: [[FirefoxDriver: firefox on windows (74c5334a-33a0-4808-8f96-73daed9146ae)] -&gt; xpath: .//button[@label=&#039;A New Program&#039;]]
Session ID: 74c5334a-33a0-4808-8f96-73daed9146ae" type="org.openqa.selenium.ElementClickInterceptedException">
      <![CDATA[org.openqa.selenium.ElementClickInterceptedException: Element <button id="new" class="p-button-rounded p-button-success p-button p-component"> is not clickable at point (1100,166) because another element <div class="ng-tns-c132-3 p-dialog-mask p-component-overlay p-dialog-mask-scrollblocker ng-star-inserted"> obscures it
Build info: version: '4.19.1', revision: 'abe0ee07dc'
System info: os.name: 'Windows 11', os.arch: 'amd64', os.version: '10.0', java.version: '21.0.1'
Driver info: org.openqa.selenium.firefox.FirefoxDriver
Command: [74c5334a-33a0-4808-8f96-73daed9146ae, clickElement {id=748d2da6-fd88-496a-88bf-8c7af43bbbd2}]
Capabilities {acceptInsecureCerts: true, browserName: firefox, browserVersion: 125.0.2, moz:accessibilityChecks: false, moz:buildID: 20240419144423, moz:debuggerAddress: 127.0.0.1:26460, moz:geckodriverVersion: 0.34.0, moz:headless: false, moz:platformVersion: 10.0, moz:processID: 37232, moz:profile: C:\Users\Deepthi\AppData\Lo..., moz:shutdownTimeout: 60000, moz:webdriverClick: true, moz:windowless: false, pageLoadStrategy: normal, platformName: windows, proxy: Proxy(), se:cdp: ws://127.0.0.1:26460/devtoo..., se:cdpVersion: 85.0, setWindowRect: true, strictFileInteractability: false, timeouts: {implicit: 0, pageLoad: 300000, script: 30000}, unhandledPromptBehavior: dismiss and notify, userAgent: Mozilla/5.0 (Windows NT 10....}
Element: [[FirefoxDriver: firefox on windows (74c5334a-33a0-4808-8f96-73daed9146ae)] -> xpath: .//button[@label='A New Program']]
Session ID: 74c5334a-33a0-4808-8f96-73daed9146ae
at java.base/jdk.internal.reflect.DirectConstructorHandleAccessor.newInstance(DirectConstructorHandleAccessor.java:62)
at java.base/java.lang.reflect.Constructor.newInstanceWithCaller(Constructor.java:502)
at java.base/java.lang.reflect.Constructor.newInstance(Constructor.java:486)
at org.openqa.selenium.remote.ErrorCodec.decode(ErrorCodec.java:167)
at org.openqa.selenium.remote.codec.w3c.W3CHttpResponseCodec.decode(W3CHttpResponseCodec.java:138)
at org.openqa.selenium.remote.codec.w3c.W3CHttpResponseCodec.decode(W3CHttpResponseCodec.java:50)
at org.openqa.selenium.remote.HttpCommandExecutor.execute(HttpCommandExecutor.java:190)
at org.openqa.selenium.remote.service.DriverCommandExecutor.invokeExecute(DriverCommandExecutor.java:216)
at org.openqa.selenium.remote.service.DriverCommandExecutor.execute(DriverCommandExecutor.java:174)
at org.openqa.selenium.remote.RemoteWebDriver.execute(RemoteWebDriver.java:518)
at org.openqa.selenium.remote.RemoteWebElement.execute(RemoteWebElement.java:223)
at org.openqa.selenium.remote.RemoteWebElement.click(RemoteWebElement.java:76)
at pageObjects.AssignStudentPage.clickButton(AssignStudentPage.java:143)
at stepdefinitions.AssignStudent.admin_clicks_button(AssignStudent.java:40)
at ✽.Admin clicks "A New Program" button(file:///C:/Users/Deepthi/OneDrive/Documents/GitHub/Team3_Ninja_Hackers_Hackathon_April_2024/src/test/resources/features/04AddProgram.feature:5)
]]>
    </error>
  </testcase> <!-- runScenario -->
  <system-out/>
  <testcase classname="runner.TestRunner" name="runScenario" time="6.704">
    <error message="Keys to send should be a not null CharSequence" type="java.lang.IllegalArgumentException">
      <![CDATA[java.lang.IllegalArgumentException: Keys to send should be a not null CharSequence
at org.openqa.selenium.remote.RemoteWebElement.sendKeys(RemoteWebElement.java:96)
at pageObjects.BatchPage.BDescription(BatchPage.java:360)
at stepdefinitions.AddBatch.admin_fill_in_all_the_fields_except_description_with_valid_values_and_click_on_save_button(AddBatch.java:77)
at ✽.Admin Fill in all the fields except description with valid values   and click on save button(file:///C:/Users/Deepthi/OneDrive/Documents/GitHub/Team3_Ninja_Hackers_Hackathon_April_2024/src/test/resources/features/08AddBatch.feature:19)
]]>
    </error>
  </testcase> <!-- runScenario -->
  <system-out/>
  <testcase classname="runner.TestRunner" name="runScenario" time="0.111">
    <error message="Unable to locate element: //button[@id=&#039;user&#039;]
For documentation on this error, please visit: https://www.selenium.dev/documentation/webdriver/troubleshooting/errors#no-such-element-exception
Build info: version: &#039;4.19.1&#039;, revision: &#039;abe0ee07dc&#039;
System info: os.name: &#039;Windows 11&#039;, os.arch: &#039;amd64&#039;, os.version: &#039;10.0&#039;, java.version: &#039;21.0.1&#039;
Driver info: org.openqa.selenium.firefox.FirefoxDriver
Command: [74c5334a-33a0-4808-8f96-73daed9146ae, findElement {using=xpath, value=//button[@id=&#039;user&#039;]}]
Capabilities {acceptInsecureCerts: true, browserName: firefox, browserVersion: 125.0.2, moz:accessibilityChecks: false, moz:buildID: 20240419144423, moz:debuggerAddress: 127.0.0.1:26460, moz:geckodriverVersion: 0.34.0, moz:headless: false, moz:platformVersion: 10.0, moz:processID: 37232, moz:profile: C:\Users\Deepthi\AppData\Lo..., moz:shutdownTimeout: 60000, moz:webdriverClick: true, moz:windowless: false, pageLoadStrategy: normal, platformName: windows, proxy: Proxy(), se:cdp: ws://127.0.0.1:26460/devtoo..., se:cdpVersion: 85.0, setWindowRect: true, strictFileInteractability: false, timeouts: {implicit: 0, pageLoad: 300000, script: 30000}, unhandledPromptBehavior: dismiss and notify, userAgent: Mozilla/5.0 (Windows NT 10....}
Session ID: 74c5334a-33a0-4808-8f96-73daed9146ae" type="org.openqa.selenium.NoSuchElementException">
      <![CDATA[org.openqa.selenium.NoSuchElementException: Unable to locate element: //button[@id='user']
For documentation on this error, please visit: https://www.selenium.dev/documentation/webdriver/troubleshooting/errors#no-such-element-exception
Build info: version: '4.19.1', revision: 'abe0ee07dc'
System info: os.name: 'Windows 11', os.arch: 'amd64', os.version: '10.0', java.version: '21.0.1'
Driver info: org.openqa.selenium.firefox.FirefoxDriver
Command: [74c5334a-33a0-4808-8f96-73daed9146ae, findElement {using=xpath, value=//button[@id='user']}]
Capabilities {acceptInsecureCerts: true, browserName: firefox, browserVersion: 125.0.2, moz:accessibilityChecks: false, moz:buildID: 20240419144423, moz:debuggerAddress: 127.0.0.1:26460, moz:geckodriverVersion: 0.34.0, moz:headless: false, moz:platformVersion: 10.0, moz:processID: 37232, moz:profile: C:\Users\Deepthi\AppData\Lo..., moz:shutdownTimeout: 60000, moz:webdriverClick: true, moz:windowless: false, pageLoadStrategy: normal, platformName: windows, proxy: Proxy(), se:cdp: ws://127.0.0.1:26460/devtoo..., se:cdpVersion: 85.0, setWindowRect: true, strictFileInteractability: false, timeouts: {implicit: 0, pageLoad: 300000, script: 30000}, unhandledPromptBehavior: dismiss and notify, userAgent: Mozilla/5.0 (Windows NT 10....}
Session ID: 74c5334a-33a0-4808-8f96-73daed9146ae
at java.base/jdk.internal.reflect.DirectConstructorHandleAccessor.newInstance(DirectConstructorHandleAccessor.java:62)
at java.base/java.lang.reflect.Constructor.newInstanceWithCaller(Constructor.java:502)
at java.base/java.lang.reflect.Constructor.newInstance(Constructor.java:486)
at org.openqa.selenium.remote.ErrorCodec.decode(ErrorCodec.java:167)
at org.openqa.selenium.remote.codec.w3c.W3CHttpResponseCodec.decode(W3CHttpResponseCodec.java:138)
at org.openqa.selenium.remote.codec.w3c.W3CHttpResponseCodec.decode(W3CHttpResponseCodec.java:50)
at org.openqa.selenium.remote.HttpCommandExecutor.execute(HttpCommandExecutor.java:190)
at org.openqa.selenium.remote.service.DriverCommandExecutor.invokeExecute(DriverCommandExecutor.java:216)
at org.openqa.selenium.remote.service.DriverCommandExecutor.execute(DriverCommandExecutor.java:174)
at org.openqa.selenium.remote.RemoteWebDriver.execute(RemoteWebDriver.java:518)
at org.openqa.selenium.remote.ElementLocation$ElementFinder$2.findElement(ElementLocation.java:165)
at org.openqa.selenium.remote.ElementLocation.findElement(ElementLocation.java:59)
at org.openqa.selenium.remote.RemoteWebDriver.findElement(RemoteWebDriver.java:355)
at org.openqa.selenium.remote.RemoteWebDriver.findElement(RemoteWebDriver.java:349)
at pageObjects.AssignStudentPage.isUserClicked(AssignStudentPage.java:60)
at stepdefinitions.AssignStudent.admin_clicks_from_navigation_bar(AssignStudent.java:27)
at ✽.Admin clicks "User" from navigation bar(file:///C:/Users/Deepthi/OneDrive/Documents/GitHub/Team3_Ninja_Hackers_Hackathon_April_2024/src/test/resources/features/09User.feature:66)
]]>
    </error>
  </testcase> <!-- runScenario -->
  <system-out/>
  <testcase classname="runner.TestRunner" name="runScenario" time="7.681"/>
  <system-out/>
  <testcase classname="runner.TestRunner" name="runScenario" time="0.111">
    <error message="Unable to locate element: //button[@id=&#039;new&#039;]
For documentation on this error, please visit: https://www.selenium.dev/documentation/webdriver/troubleshooting/errors#no-such-element-exception
Build info: version: &#039;4.19.1&#039;, revision: &#039;abe0ee07dc&#039;
System info: os.name: &#039;Windows 11&#039;, os.arch: &#039;amd64&#039;, os.version: &#039;10.0&#039;, java.version: &#039;21.0.1&#039;
Driver info: org.openqa.selenium.firefox.FirefoxDriver
Command: [74c5334a-33a0-4808-8f96-73daed9146ae, findElement {using=xpath, value=//button[@id=&#039;new&#039;]}]
Capabilities {acceptInsecureCerts: true, browserName: firefox, browserVersion: 125.0.2, moz:accessibilityChecks: false, moz:buildID: 20240419144423, moz:debuggerAddress: 127.0.0.1:26460, moz:geckodriverVersion: 0.34.0, moz:headless: false, moz:platformVersion: 10.0, moz:processID: 37232, moz:profile: C:\Users\Deepthi\AppData\Lo..., moz:shutdownTimeout: 60000, moz:webdriverClick: true, moz:windowless: false, pageLoadStrategy: normal, platformName: windows, proxy: Proxy(), se:cdp: ws://127.0.0.1:26460/devtoo..., se:cdpVersion: 85.0, setWindowRect: true, strictFileInteractability: false, timeouts: {implicit: 0, pageLoad: 300000, script: 30000}, unhandledPromptBehavior: dismiss and notify, userAgent: Mozilla/5.0 (Windows NT 10....}
Session ID: 74c5334a-33a0-4808-8f96-73daed9146ae" type="org.openqa.selenium.NoSuchElementException">
      <![CDATA[org.openqa.selenium.NoSuchElementException: Unable to locate element: //button[@id='new']
For documentation on this error, please visit: https://www.selenium.dev/documentation/webdriver/troubleshooting/errors#no-such-element-exception
Build info: version: '4.19.1', revision: 'abe0ee07dc'
System info: os.name: 'Windows 11', os.arch: 'amd64', os.version: '10.0', java.version: '21.0.1'
Driver info: org.openqa.selenium.firefox.FirefoxDriver
Command: [74c5334a-33a0-4808-8f96-73daed9146ae, findElement {using=xpath, value=//button[@id='new']}]
Capabilities {acceptInsecureCerts: true, browserName: firefox, browserVersion: 125.0.2, moz:accessibilityChecks: false, moz:buildID: 20240419144423, moz:debuggerAddress: 127.0.0.1:26460, moz:geckodriverVersion: 0.34.0, moz:headless: false, moz:platformVersion: 10.0, moz:processID: 37232, moz:profile: C:\Users\Deepthi\AppData\Lo..., moz:shutdownTimeout: 60000, moz:webdriverClick: true, moz:windowless: false, pageLoadStrategy: normal, platformName: windows, proxy: Proxy(), se:cdp: ws://127.0.0.1:26460/devtoo..., se:cdpVersion: 85.0, setWindowRect: true, strictFileInteractability: false, timeouts: {implicit: 0, pageLoad: 300000, script: 30000}, unhandledPromptBehavior: dismiss and notify, userAgent: Mozilla/5.0 (Windows NT 10....}
Session ID: 74c5334a-33a0-4808-8f96-73daed9146ae
at java.base/jdk.internal.reflect.DirectConstructorHandleAccessor.newInstance(DirectConstructorHandleAccessor.java:62)
at java.base/java.lang.reflect.Constructor.newInstanceWithCaller(Constructor.java:502)
at java.base/java.lang.reflect.Constructor.newInstance(Constructor.java:486)
at org.openqa.selenium.remote.ErrorCodec.decode(ErrorCodec.java:167)
at org.openqa.selenium.remote.codec.w3c.W3CHttpResponseCodec.decode(W3CHttpResponseCodec.java:138)
at org.openqa.selenium.remote.codec.w3c.W3CHttpResponseCodec.decode(W3CHttpResponseCodec.java:50)
at org.openqa.selenium.remote.HttpCommandExecutor.execute(HttpCommandExecutor.java:190)
at org.openqa.selenium.remote.service.DriverCommandExecutor.invokeExecute(DriverCommandExecutor.java:216)
at org.openqa.selenium.remote.service.DriverCommandExecutor.execute(DriverCommandExecutor.java:174)
at org.openqa.selenium.remote.RemoteWebDriver.execute(RemoteWebDriver.java:518)
at org.openqa.selenium.remote.ElementLocation$ElementFinder$2.findElement(ElementLocation.java:165)
at org.openqa.selenium.remote.ElementLocation.findElement(ElementLocation.java:59)
at org.openqa.selenium.remote.RemoteWebDriver.findElement(RemoteWebDriver.java:355)
at org.openqa.selenium.remote.RemoteWebDriver.findElement(RemoteWebDriver.java:349)
at pageObjects.UserPage.openNewUserIcon(UserPage.java:208)
at stepdefinitions.User.admin_is_on_user_details_pop_up(User.java:156)
at ✽.Admin is on  User details pop up(file:///C:/Users/Deepthi/OneDrive/Documents/GitHub/Team3_Ninja_Hackers_Hackathon_April_2024/src/test/resources/features/11User2.feature:55)
]]>
    </error>
  </testcase> <!-- runScenario -->
  <system-out/>
  <testcase classname="runner.TestRunner" name="runScenario" time="0.110">
    <error message="Unable to locate element: //button[@id=&#039;user&#039;]
For documentation on this error, please visit: https://www.selenium.dev/documentation/webdriver/troubleshooting/errors#no-such-element-exception
Build info: version: &#039;4.19.1&#039;, revision: &#039;abe0ee07dc&#039;
System info: os.name: &#039;Windows 11&#039;, os.arch: &#039;amd64&#039;, os.version: &#039;10.0&#039;, java.version: &#039;21.0.1&#039;
Driver info: org.openqa.selenium.firefox.FirefoxDriver
Command: [74c5334a-33a0-4808-8f96-73daed9146ae, findElement {using=xpath, value=//button[@id=&#039;user&#039;]}]
Capabilities {acceptInsecureCerts: true, browserName: firefox, browserVersion: 125.0.2, moz:accessibilityChecks: false, moz:buildID: 20240419144423, moz:debuggerAddress: 127.0.0.1:26460, moz:geckodriverVersion: 0.34.0, moz:headless: false, moz:platformVersion: 10.0, moz:processID: 37232, moz:profile: C:\Users\Deepthi\AppData\Lo..., moz:shutdownTimeout: 60000, moz:webdriverClick: true, moz:windowless: false, pageLoadStrategy: normal, platformName: windows, proxy: Proxy(), se:cdp: ws://127.0.0.1:26460/devtoo..., se:cdpVersion: 85.0, setWindowRect: true, strictFileInteractability: false, timeouts: {implicit: 0, pageLoad: 300000, script: 30000}, unhandledPromptBehavior: dismiss and notify, userAgent: Mozilla/5.0 (Windows NT 10....}
Session ID: 74c5334a-33a0-4808-8f96-73daed9146ae" type="org.openqa.selenium.NoSuchElementException">
      <![CDATA[org.openqa.selenium.NoSuchElementException: Unable to locate element: //button[@id='user']
For documentation on this error, please visit: https://www.selenium.dev/documentation/webdriver/troubleshooting/errors#no-such-element-exception
Build info: version: '4.19.1', revision: 'abe0ee07dc'
System info: os.name: 'Windows 11', os.arch: 'amd64', os.version: '10.0', java.version: '21.0.1'
Driver info: org.openqa.selenium.firefox.FirefoxDriver
Command: [74c5334a-33a0-4808-8f96-73daed9146ae, findElement {using=xpath, value=//button[@id='user']}]
Capabilities {acceptInsecureCerts: true, browserName: firefox, browserVersion: 125.0.2, moz:accessibilityChecks: false, moz:buildID: 20240419144423, moz:debuggerAddress: 127.0.0.1:26460, moz:geckodriverVersion: 0.34.0, moz:headless: false, moz:platformVersion: 10.0, moz:processID: 37232, moz:profile: C:\Users\Deepthi\AppData\Lo..., moz:shutdownTimeout: 60000, moz:webdriverClick: true, moz:windowless: false, pageLoadStrategy: normal, platformName: windows, proxy: Proxy(), se:cdp: ws://127.0.0.1:26460/devtoo..., se:cdpVersion: 85.0, setWindowRect: true, strictFileInteractability: false, timeouts: {implicit: 0, pageLoad: 300000, script: 30000}, unhandledPromptBehavior: dismiss and notify, userAgent: Mozilla/5.0 (Windows NT 10....}
Session ID: 74c5334a-33a0-4808-8f96-73daed9146ae
at java.base/jdk.internal.reflect.DirectConstructorHandleAccessor.newInstance(DirectConstructorHandleAccessor.java:62)
at java.base/java.lang.reflect.Constructor.newInstanceWithCaller(Constructor.java:502)
at java.base/java.lang.reflect.Constructor.newInstance(Constructor.java:486)
at org.openqa.selenium.remote.ErrorCodec.decode(ErrorCodec.java:167)
at org.openqa.selenium.remote.codec.w3c.W3CHttpResponseCodec.decode(W3CHttpResponseCodec.java:138)
at org.openqa.selenium.remote.codec.w3c.W3CHttpResponseCodec.decode(W3CHttpResponseCodec.java:50)
at org.openqa.selenium.remote.HttpCommandExecutor.execute(HttpCommandExecutor.java:190)
at org.openqa.selenium.remote.service.DriverCommandExecutor.invokeExecute(DriverCommandExecutor.java:216)
at org.openqa.selenium.remote.service.DriverCommandExecutor.execute(DriverCommandExecutor.java:174)
at org.openqa.selenium.remote.RemoteWebDriver.execute(RemoteWebDriver.java:518)
at org.openqa.selenium.remote.ElementLocation$ElementFinder$2.findElement(ElementLocation.java:165)
at org.openqa.selenium.remote.ElementLocation.findElement(ElementLocation.java:59)
at org.openqa.selenium.remote.RemoteWebDriver.findElement(RemoteWebDriver.java:355)
at org.openqa.selenium.remote.RemoteWebDriver.findElement(RemoteWebDriver.java:349)
at pageObjects.AssignStudentPage.isUserClicked(AssignStudentPage.java:60)
at stepdefinitions.AssignStudent.admin_clicks_from_navigation_bar(AssignStudent.java:27)
at ✽.Admin clicks "User" from navigation bar(file:///C:/Users/Deepthi/OneDrive/Documents/GitHub/Team3_Ninja_Hackers_Hackathon_April_2024/src/test/resources/features/12User3.feature:5)
]]>
    </error>
  </testcase> <!-- runScenario -->
  <system-out/>
  <testcase classname="runner.TestRunner" name="runScenario" time="0.111">
    <error message="Unable to locate element: //button[@id=&#039;new&#039;]
For documentation on this error, please visit: https://www.selenium.dev/documentation/webdriver/troubleshooting/errors#no-such-element-exception
Build info: version: &#039;4.19.1&#039;, revision: &#039;abe0ee07dc&#039;
System info: os.name: &#039;Windows 11&#039;, os.arch: &#039;amd64&#039;, os.version: &#039;10.0&#039;, java.version: &#039;21.0.1&#039;
Driver info: org.openqa.selenium.firefox.FirefoxDriver
Command: [74c5334a-33a0-4808-8f96-73daed9146ae, findElement {using=xpath, value=//button[@id=&#039;new&#039;]}]
Capabilities {acceptInsecureCerts: true, browserName: firefox, browserVersion: 125.0.2, moz:accessibilityChecks: false, moz:buildID: 20240419144423, moz:debuggerAddress: 127.0.0.1:26460, moz:geckodriverVersion: 0.34.0, moz:headless: false, moz:platformVersion: 10.0, moz:processID: 37232, moz:profile: C:\Users\Deepthi\AppData\Lo..., moz:shutdownTimeout: 60000, moz:webdriverClick: true, moz:windowless: false, pageLoadStrategy: normal, platformName: windows, proxy: Proxy(), se:cdp: ws://127.0.0.1:26460/devtoo..., se:cdpVersion: 85.0, setWindowRect: true, strictFileInteractability: false, timeouts: {implicit: 0, pageLoad: 300000, script: 30000}, unhandledPromptBehavior: dismiss and notify, userAgent: Mozilla/5.0 (Windows NT 10....}
Session ID: 74c5334a-33a0-4808-8f96-73daed9146ae" type="org.openqa.selenium.NoSuchElementException">
      <![CDATA[org.openqa.selenium.NoSuchElementException: Unable to locate element: //button[@id='new']
For documentation on this error, please visit: https://www.selenium.dev/documentation/webdriver/troubleshooting/errors#no-such-element-exception
Build info: version: '4.19.1', revision: 'abe0ee07dc'
System info: os.name: 'Windows 11', os.arch: 'amd64', os.version: '10.0', java.version: '21.0.1'
Driver info: org.openqa.selenium.firefox.FirefoxDriver
Command: [74c5334a-33a0-4808-8f96-73daed9146ae, findElement {using=xpath, value=//button[@id='new']}]
Capabilities {acceptInsecureCerts: true, browserName: firefox, browserVersion: 125.0.2, moz:accessibilityChecks: false, moz:buildID: 20240419144423, moz:debuggerAddress: 127.0.0.1:26460, moz:geckodriverVersion: 0.34.0, moz:headless: false, moz:platformVersion: 10.0, moz:processID: 37232, moz:profile: C:\Users\Deepthi\AppData\Lo..., moz:shutdownTimeout: 60000, moz:webdriverClick: true, moz:windowless: false, pageLoadStrategy: normal, platformName: windows, proxy: Proxy(), se:cdp: ws://127.0.0.1:26460/devtoo..., se:cdpVersion: 85.0, setWindowRect: true, strictFileInteractability: false, timeouts: {implicit: 0, pageLoad: 300000, script: 30000}, unhandledPromptBehavior: dismiss and notify, userAgent: Mozilla/5.0 (Windows NT 10....}
Session ID: 74c5334a-33a0-4808-8f96-73daed9146ae
at java.base/jdk.internal.reflect.DirectConstructorHandleAccessor.newInstance(DirectConstructorHandleAccessor.java:62)
at java.base/java.lang.reflect.Constructor.newInstanceWithCaller(Constructor.java:502)
at java.base/java.lang.reflect.Constructor.newInstance(Constructor.java:486)
at org.openqa.selenium.remote.ErrorCodec.decode(ErrorCodec.java:167)
at org.openqa.selenium.remote.codec.w3c.W3CHttpResponseCodec.decode(W3CHttpResponseCodec.java:138)
at org.openqa.selenium.remote.codec.w3c.W3CHttpResponseCodec.decode(W3CHttpResponseCodec.java:50)
at org.openqa.selenium.remote.HttpCommandExecutor.execute(HttpCommandExecutor.java:190)
at org.openqa.selenium.remote.service.DriverCommandExecutor.invokeExecute(DriverCommandExecutor.java:216)
at org.openqa.selenium.remote.service.DriverCommandExecutor.execute(DriverCommandExecutor.java:174)
at org.openqa.selenium.remote.RemoteWebDriver.execute(RemoteWebDriver.java:518)
at org.openqa.selenium.remote.ElementLocation$ElementFinder$2.findElement(ElementLocation.java:165)
at org.openqa.selenium.remote.ElementLocation.findElement(ElementLocation.java:59)
at org.openqa.selenium.remote.RemoteWebDriver.findElement(RemoteWebDriver.java:355)
at org.openqa.selenium.remote.RemoteWebDriver.findElement(RemoteWebDriver.java:349)
at pageObjects.UserPage.openNewUserIcon(UserPage.java:208)
at stepdefinitions.User.admin_is_on_user_details_pop_up(User.java:156)
at ✽.Admin is on  User details pop up(file:///C:/Users/Deepthi/OneDrive/Documents/GitHub/Team3_Ninja_Hackers_Hackathon_April_2024/src/test/resources/features/11User2.feature:49)
]]>
    </error>
  </testcase> <!-- runScenario -->
  <system-out/>
  <testcase classname="runner.TestRunner" name="runScenario" time="0.112">
    <error message="Unable to locate element: //button[@id=&#039;user&#039;]
For documentation on this error, please visit: https://www.selenium.dev/documentation/webdriver/troubleshooting/errors#no-such-element-exception
Build info: version: &#039;4.19.1&#039;, revision: &#039;abe0ee07dc&#039;
System info: os.name: &#039;Windows 11&#039;, os.arch: &#039;amd64&#039;, os.version: &#039;10.0&#039;, java.version: &#039;21.0.1&#039;
Driver info: org.openqa.selenium.firefox.FirefoxDriver
Command: [74c5334a-33a0-4808-8f96-73daed9146ae, findElement {using=xpath, value=//button[@id=&#039;user&#039;]}]
Capabilities {acceptInsecureCerts: true, browserName: firefox, browserVersion: 125.0.2, moz:accessibilityChecks: false, moz:buildID: 20240419144423, moz:debuggerAddress: 127.0.0.1:26460, moz:geckodriverVersion: 0.34.0, moz:headless: false, moz:platformVersion: 10.0, moz:processID: 37232, moz:profile: C:\Users\Deepthi\AppData\Lo..., moz:shutdownTimeout: 60000, moz:webdriverClick: true, moz:windowless: false, pageLoadStrategy: normal, platformName: windows, proxy: Proxy(), se:cdp: ws://127.0.0.1:26460/devtoo..., se:cdpVersion: 85.0, setWindowRect: true, strictFileInteractability: false, timeouts: {implicit: 0, pageLoad: 300000, script: 30000}, unhandledPromptBehavior: dismiss and notify, userAgent: Mozilla/5.0 (Windows NT 10....}
Session ID: 74c5334a-33a0-4808-8f96-73daed9146ae" type="org.openqa.selenium.NoSuchElementException">
      <![CDATA[org.openqa.selenium.NoSuchElementException: Unable to locate element: //button[@id='user']
For documentation on this error, please visit: https://www.selenium.dev/documentation/webdriver/troubleshooting/errors#no-such-element-exception
Build info: version: '4.19.1', revision: 'abe0ee07dc'
System info: os.name: 'Windows 11', os.arch: 'amd64', os.version: '10.0', java.version: '21.0.1'
Driver info: org.openqa.selenium.firefox.FirefoxDriver
Command: [74c5334a-33a0-4808-8f96-73daed9146ae, findElement {using=xpath, value=//button[@id='user']}]
Capabilities {acceptInsecureCerts: true, browserName: firefox, browserVersion: 125.0.2, moz:accessibilityChecks: false, moz:buildID: 20240419144423, moz:debuggerAddress: 127.0.0.1:26460, moz:geckodriverVersion: 0.34.0, moz:headless: false, moz:platformVersion: 10.0, moz:processID: 37232, moz:profile: C:\Users\Deepthi\AppData\Lo..., moz:shutdownTimeout: 60000, moz:webdriverClick: true, moz:windowless: false, pageLoadStrategy: normal, platformName: windows, proxy: Proxy(), se:cdp: ws://127.0.0.1:26460/devtoo..., se:cdpVersion: 85.0, setWindowRect: true, strictFileInteractability: false, timeouts: {implicit: 0, pageLoad: 300000, script: 30000}, unhandledPromptBehavior: dismiss and notify, userAgent: Mozilla/5.0 (Windows NT 10....}
Session ID: 74c5334a-33a0-4808-8f96-73daed9146ae
at java.base/jdk.internal.reflect.DirectConstructorHandleAccessor.newInstance(DirectConstructorHandleAccessor.java:62)
at java.base/java.lang.reflect.Constructor.newInstanceWithCaller(Constructor.java:502)
at java.base/java.lang.reflect.Constructor.newInstance(Constructor.java:486)
at org.openqa.selenium.remote.ErrorCodec.decode(ErrorCodec.java:167)
at org.openqa.selenium.remote.codec.w3c.W3CHttpResponseCodec.decode(W3CHttpResponseCodec.java:138)
at org.openqa.selenium.remote.codec.w3c.W3CHttpResponseCodec.decode(W3CHttpResponseCodec.java:50)
at org.openqa.selenium.remote.HttpCommandExecutor.execute(HttpCommandExecutor.java:190)
at org.openqa.selenium.remote.service.DriverCommandExecutor.invokeExecute(DriverCommandExecutor.java:216)
at org.openqa.selenium.remote.service.DriverCommandExecutor.execute(DriverCommandExecutor.java:174)
at org.openqa.selenium.remote.RemoteWebDriver.execute(RemoteWebDriver.java:518)
at org.openqa.selenium.remote.ElementLocation$ElementFinder$2.findElement(ElementLocation.java:165)
at org.openqa.selenium.remote.ElementLocation.findElement(ElementLocation.java:59)
at org.openqa.selenium.remote.RemoteWebDriver.findElement(RemoteWebDriver.java:355)
at org.openqa.selenium.remote.RemoteWebDriver.findElement(RemoteWebDriver.java:349)
at pageObjects.AssignStudentPage.isUserClicked(AssignStudentPage.java:60)
at stepdefinitions.AssignStudent.admin_clicks_from_navigation_bar(AssignStudent.java:27)
at ✽.Admin clicks "User" from navigation bar(file:///C:/Users/Deepthi/OneDrive/Documents/GitHub/Team3_Ninja_Hackers_Hackathon_April_2024/src/test/resources/features/12User3.feature:5)
]]>
    </error>
  </testcase> <!-- runScenario -->
  <system-out/>
  <testcase classname="runner.TestRunner" name="runScenario" time="0.095">
    <error message="Unable to locate element: //button[@id=&#039;user&#039;]
For documentation on this error, please visit: https://www.selenium.dev/documentation/webdriver/troubleshooting/errors#no-such-element-exception
Build info: version: &#039;4.19.1&#039;, revision: &#039;abe0ee07dc&#039;
System info: os.name: &#039;Windows 11&#039;, os.arch: &#039;amd64&#039;, os.version: &#039;10.0&#039;, java.version: &#039;21.0.1&#039;
Driver info: org.openqa.selenium.firefox.FirefoxDriver
Command: [74c5334a-33a0-4808-8f96-73daed9146ae, findElement {using=xpath, value=//button[@id=&#039;user&#039;]}]
Capabilities {acceptInsecureCerts: true, browserName: firefox, browserVersion: 125.0.2, moz:accessibilityChecks: false, moz:buildID: 20240419144423, moz:debuggerAddress: 127.0.0.1:26460, moz:geckodriverVersion: 0.34.0, moz:headless: false, moz:platformVersion: 10.0, moz:processID: 37232, moz:profile: C:\Users\Deepthi\AppData\Lo..., moz:shutdownTimeout: 60000, moz:webdriverClick: true, moz:windowless: false, pageLoadStrategy: normal, platformName: windows, proxy: Proxy(), se:cdp: ws://127.0.0.1:26460/devtoo..., se:cdpVersion: 85.0, setWindowRect: true, strictFileInteractability: false, timeouts: {implicit: 0, pageLoad: 300000, script: 30000}, unhandledPromptBehavior: dismiss and notify, userAgent: Mozilla/5.0 (Windows NT 10....}
Session ID: 74c5334a-33a0-4808-8f96-73daed9146ae" type="org.openqa.selenium.NoSuchElementException">
      <![CDATA[org.openqa.selenium.NoSuchElementException: Unable to locate element: //button[@id='user']
For documentation on this error, please visit: https://www.selenium.dev/documentation/webdriver/troubleshooting/errors#no-such-element-exception
Build info: version: '4.19.1', revision: 'abe0ee07dc'
System info: os.name: 'Windows 11', os.arch: 'amd64', os.version: '10.0', java.version: '21.0.1'
Driver info: org.openqa.selenium.firefox.FirefoxDriver
Command: [74c5334a-33a0-4808-8f96-73daed9146ae, findElement {using=xpath, value=//button[@id='user']}]
Capabilities {acceptInsecureCerts: true, browserName: firefox, browserVersion: 125.0.2, moz:accessibilityChecks: false, moz:buildID: 20240419144423, moz:debuggerAddress: 127.0.0.1:26460, moz:geckodriverVersion: 0.34.0, moz:headless: false, moz:platformVersion: 10.0, moz:processID: 37232, moz:profile: C:\Users\Deepthi\AppData\Lo..., moz:shutdownTimeout: 60000, moz:webdriverClick: true, moz:windowless: false, pageLoadStrategy: normal, platformName: windows, proxy: Proxy(), se:cdp: ws://127.0.0.1:26460/devtoo..., se:cdpVersion: 85.0, setWindowRect: true, strictFileInteractability: false, timeouts: {implicit: 0, pageLoad: 300000, script: 30000}, unhandledPromptBehavior: dismiss and notify, userAgent: Mozilla/5.0 (Windows NT 10....}
Session ID: 74c5334a-33a0-4808-8f96-73daed9146ae
at java.base/jdk.internal.reflect.DirectConstructorHandleAccessor.newInstance(DirectConstructorHandleAccessor.java:62)
at java.base/java.lang.reflect.Constructor.newInstanceWithCaller(Constructor.java:502)
at java.base/java.lang.reflect.Constructor.newInstance(Constructor.java:486)
at org.openqa.selenium.remote.ErrorCodec.decode(ErrorCodec.java:167)
at org.openqa.selenium.remote.codec.w3c.W3CHttpResponseCodec.decode(W3CHttpResponseCodec.java:138)
at org.openqa.selenium.remote.codec.w3c.W3CHttpResponseCodec.decode(W3CHttpResponseCodec.java:50)
at org.openqa.selenium.remote.HttpCommandExecutor.execute(HttpCommandExecutor.java:190)
at org.openqa.selenium.remote.service.DriverCommandExecutor.invokeExecute(DriverCommandExecutor.java:216)
at org.openqa.selenium.remote.service.DriverCommandExecutor.execute(DriverCommandExecutor.java:174)
at org.openqa.selenium.remote.RemoteWebDriver.execute(RemoteWebDriver.java:518)
at org.openqa.selenium.remote.ElementLocation$ElementFinder$2.findElement(ElementLocation.java:165)
at org.openqa.selenium.remote.ElementLocation.findElement(ElementLocation.java:59)
at org.openqa.selenium.remote.RemoteWebDriver.findElement(RemoteWebDriver.java:355)
at org.openqa.selenium.remote.RemoteWebDriver.findElement(RemoteWebDriver.java:349)
at pageObjects.AssignStudentPage.isUserClicked(AssignStudentPage.java:60)
at stepdefinitions.AssignStudent.admin_clicks_from_navigation_bar(AssignStudent.java:27)
at ✽.Admin clicks "User" from navigation bar(file:///C:/Users/Deepthi/OneDrive/Documents/GitHub/Team3_Ninja_Hackers_Hackathon_April_2024/src/test/resources/features/09User.feature:23)
]]>
    </error>
  </testcase> <!-- runScenario -->
  <system-out/>
  <testcase classname="runner.TestRunner" name="runScenario" time="0.094">
    <error message="Unable to locate element: //button[@id=&#039;user&#039;]
For documentation on this error, please visit: https://www.selenium.dev/documentation/webdriver/troubleshooting/errors#no-such-element-exception
Build info: version: &#039;4.19.1&#039;, revision: &#039;abe0ee07dc&#039;
System info: os.name: &#039;Windows 11&#039;, os.arch: &#039;amd64&#039;, os.version: &#039;10.0&#039;, java.version: &#039;21.0.1&#039;
Driver info: org.openqa.selenium.firefox.FirefoxDriver
Command: [74c5334a-33a0-4808-8f96-73daed9146ae, findElement {using=xpath, value=//button[@id=&#039;user&#039;]}]
Capabilities {acceptInsecureCerts: true, browserName: firefox, browserVersion: 125.0.2, moz:accessibilityChecks: false, moz:buildID: 20240419144423, moz:debuggerAddress: 127.0.0.1:26460, moz:geckodriverVersion: 0.34.0, moz:headless: false, moz:platformVersion: 10.0, moz:processID: 37232, moz:profile: C:\Users\Deepthi\AppData\Lo..., moz:shutdownTimeout: 60000, moz:webdriverClick: true, moz:windowless: false, pageLoadStrategy: normal, platformName: windows, proxy: Proxy(), se:cdp: ws://127.0.0.1:26460/devtoo..., se:cdpVersion: 85.0, setWindowRect: true, strictFileInteractability: false, timeouts: {implicit: 0, pageLoad: 300000, script: 30000}, unhandledPromptBehavior: dismiss and notify, userAgent: Mozilla/5.0 (Windows NT 10....}
Session ID: 74c5334a-33a0-4808-8f96-73daed9146ae" type="org.openqa.selenium.NoSuchElementException">
      <![CDATA[org.openqa.selenium.NoSuchElementException: Unable to locate element: //button[@id='user']
For documentation on this error, please visit: https://www.selenium.dev/documentation/webdriver/troubleshooting/errors#no-such-element-exception
Build info: version: '4.19.1', revision: 'abe0ee07dc'
System info: os.name: 'Windows 11', os.arch: 'amd64', os.version: '10.0', java.version: '21.0.1'
Driver info: org.openqa.selenium.firefox.FirefoxDriver
Command: [74c5334a-33a0-4808-8f96-73daed9146ae, findElement {using=xpath, value=//button[@id='user']}]
Capabilities {acceptInsecureCerts: true, browserName: firefox, browserVersion: 125.0.2, moz:accessibilityChecks: false, moz:buildID: 20240419144423, moz:debuggerAddress: 127.0.0.1:26460, moz:geckodriverVersion: 0.34.0, moz:headless: false, moz:platformVersion: 10.0, moz:processID: 37232, moz:profile: C:\Users\Deepthi\AppData\Lo..., moz:shutdownTimeout: 60000, moz:webdriverClick: true, moz:windowless: false, pageLoadStrategy: normal, platformName: windows, proxy: Proxy(), se:cdp: ws://127.0.0.1:26460/devtoo..., se:cdpVersion: 85.0, setWindowRect: true, strictFileInteractability: false, timeouts: {implicit: 0, pageLoad: 300000, script: 30000}, unhandledPromptBehavior: dismiss and notify, userAgent: Mozilla/5.0 (Windows NT 10....}
Session ID: 74c5334a-33a0-4808-8f96-73daed9146ae
at java.base/jdk.internal.reflect.DirectConstructorHandleAccessor.newInstance(DirectConstructorHandleAccessor.java:62)
at java.base/java.lang.reflect.Constructor.newInstanceWithCaller(Constructor.java:502)
at java.base/java.lang.reflect.Constructor.newInstance(Constructor.java:486)
at org.openqa.selenium.remote.ErrorCodec.decode(ErrorCodec.java:167)
at org.openqa.selenium.remote.codec.w3c.W3CHttpResponseCodec.decode(W3CHttpResponseCodec.java:138)
at org.openqa.selenium.remote.codec.w3c.W3CHttpResponseCodec.decode(W3CHttpResponseCodec.java:50)
at org.openqa.selenium.remote.HttpCommandExecutor.execute(HttpCommandExecutor.java:190)
at org.openqa.selenium.remote.service.DriverCommandExecutor.invokeExecute(DriverCommandExecutor.java:216)
at org.openqa.selenium.remote.service.DriverCommandExecutor.execute(DriverCommandExecutor.java:174)
at org.openqa.selenium.remote.RemoteWebDriver.execute(RemoteWebDriver.java:518)
at org.openqa.selenium.remote.ElementLocation$ElementFinder$2.findElement(ElementLocation.java:165)
at org.openqa.selenium.remote.ElementLocation.findElement(ElementLocation.java:59)
at org.openqa.selenium.remote.RemoteWebDriver.findElement(RemoteWebDriver.java:355)
at org.openqa.selenium.remote.RemoteWebDriver.findElement(RemoteWebDriver.java:349)
at pageObjects.AssignStudentPage.isUserClicked(AssignStudentPage.java:60)
at stepdefinitions.AssignStudent.admin_clicks_from_navigation_bar(AssignStudent.java:27)
at ✽.Admin clicks "User" from navigation bar(file:///C:/Users/Deepthi/OneDrive/Documents/GitHub/Team3_Ninja_Hackers_Hackathon_April_2024/src/test/resources/features/10User1.feature:5)
]]>
    </error>
  </testcase> <!-- runScenario -->
  <system-out/>
  <testcase classname="runner.TestRunner" name="runScenario" time="0.324">
    <failure message="expected [LMS] but found [Heroku | Application Error]" type="java.lang.AssertionError">
      <![CDATA[java.lang.AssertionError: expected [LMS] but found [Heroku | Application Error]
at org.testng.Assert.fail(Assert.java:99)
at org.testng.Assert.failNotEquals(Assert.java:1037)
at org.testng.Assert.assertEqualsImpl(Assert.java:140)
at org.testng.Assert.assertEquals(Assert.java:122)
at org.testng.Assert.assertEquals(Assert.java:629)
at org.testng.Assert.assertEquals(Assert.java:639)
at stepdefinitions.Login.admin_should_recieve_page_not_found_error(Login.java:93)
at ✽.Admin should recieve 404 page not found error(file:///C:/Users/Deepthi/OneDrive/Documents/GitHub/Team3_Ninja_Hackers_Hackathon_April_2024/src/test/resources/features/01Login.feature:26)
]]>
    </failure>
  </testcase> <!-- runScenario -->
  <system-out/>
  <testcase classname="runner.TestRunner" name="runScenario" time="0.950">
    <error message="Unable to locate element: //div[@class=&#039;p-checkbox-box&#039;]
For documentation on this error, please visit: https://www.selenium.dev/documentation/webdriver/troubleshooting/errors#no-such-element-exception
Build info: version: &#039;4.19.1&#039;, revision: &#039;abe0ee07dc&#039;
System info: os.name: &#039;Windows 11&#039;, os.arch: &#039;amd64&#039;, os.version: &#039;10.0&#039;, java.version: &#039;21.0.1&#039;
Driver info: org.openqa.selenium.firefox.FirefoxDriver
Command: [74c5334a-33a0-4808-8f96-73daed9146ae, findElement {using=xpath, value=//div[@class=&#039;p-checkbox-box&#039;]}]
Capabilities {acceptInsecureCerts: true, browserName: firefox, browserVersion: 125.0.2, moz:accessibilityChecks: false, moz:buildID: 20240419144423, moz:debuggerAddress: 127.0.0.1:26460, moz:geckodriverVersion: 0.34.0, moz:headless: false, moz:platformVersion: 10.0, moz:processID: 37232, moz:profile: C:\Users\Deepthi\AppData\Lo..., moz:shutdownTimeout: 60000, moz:webdriverClick: true, moz:windowless: false, pageLoadStrategy: normal, platformName: windows, proxy: Proxy(), se:cdp: ws://127.0.0.1:26460/devtoo..., se:cdpVersion: 85.0, setWindowRect: true, strictFileInteractability: false, timeouts: {implicit: 0, pageLoad: 300000, script: 30000}, unhandledPromptBehavior: dismiss and notify, userAgent: Mozilla/5.0 (Windows NT 10....}
Session ID: 74c5334a-33a0-4808-8f96-73daed9146ae" type="org.openqa.selenium.NoSuchElementException">
      <![CDATA[org.openqa.selenium.NoSuchElementException: Unable to locate element: //div[@class='p-checkbox-box']
For documentation on this error, please visit: https://www.selenium.dev/documentation/webdriver/troubleshooting/errors#no-such-element-exception
Build info: version: '4.19.1', revision: 'abe0ee07dc'
System info: os.name: 'Windows 11', os.arch: 'amd64', os.version: '10.0', java.version: '21.0.1'
Driver info: org.openqa.selenium.firefox.FirefoxDriver
Command: [74c5334a-33a0-4808-8f96-73daed9146ae, findElement {using=xpath, value=//div[@class='p-checkbox-box']}]
Capabilities {acceptInsecureCerts: true, browserName: firefox, browserVersion: 125.0.2, moz:accessibilityChecks: false, moz:buildID: 20240419144423, moz:debuggerAddress: 127.0.0.1:26460, moz:geckodriverVersion: 0.34.0, moz:headless: false, moz:platformVersion: 10.0, moz:processID: 37232, moz:profile: C:\Users\Deepthi\AppData\Lo..., moz:shutdownTimeout: 60000, moz:webdriverClick: true, moz:windowless: false, pageLoadStrategy: normal, platformName: windows, proxy: Proxy(), se:cdp: ws://127.0.0.1:26460/devtoo..., se:cdpVersion: 85.0, setWindowRect: true, strictFileInteractability: false, timeouts: {implicit: 0, pageLoad: 300000, script: 30000}, unhandledPromptBehavior: dismiss and notify, userAgent: Mozilla/5.0 (Windows NT 10....}
Session ID: 74c5334a-33a0-4808-8f96-73daed9146ae
at java.base/jdk.internal.reflect.DirectConstructorHandleAccessor.newInstance(DirectConstructorHandleAccessor.java:62)
at java.base/java.lang.reflect.Constructor.newInstanceWithCaller(Constructor.java:502)
at java.base/java.lang.reflect.Constructor.newInstance(Constructor.java:486)
at org.openqa.selenium.remote.ErrorCodec.decode(ErrorCodec.java:167)
at org.openqa.selenium.remote.codec.w3c.W3CHttpResponseCodec.decode(W3CHttpResponseCodec.java:138)
at org.openqa.selenium.remote.codec.w3c.W3CHttpResponseCodec.decode(W3CHttpResponseCodec.java:50)
at org.openqa.selenium.remote.HttpCommandExecutor.execute(HttpCommandExecutor.java:190)
at org.openqa.selenium.remote.service.DriverCommandExecutor.invokeExecute(DriverCommandExecutor.java:216)
at org.openqa.selenium.remote.service.DriverCommandExecutor.execute(DriverCommandExecutor.java:174)
at org.openqa.selenium.remote.RemoteWebDriver.execute(RemoteWebDriver.java:518)
at org.openqa.selenium.remote.ElementLocation$ElementFinder$2.findElement(ElementLocation.java:165)
at org.openqa.selenium.remote.ElementLocation.findElement(ElementLocation.java:59)
at org.openqa.selenium.remote.RemoteWebDriver.findElement(RemoteWebDriver.java:355)
at org.openqa.selenium.remote.RemoteWebDriver.findElement(RemoteWebDriver.java:349)
at pageObjects.ProgramPage.ischeckbox(ProgramPage.java:156)
at stepdefinitions.Programlms_SD.admin_should_see_check_box_on_the_left_side_in_all_rows_of_the_data_table(Programlms_SD.java:91)
at ✽.Admin should see check box on the left side in all rows of the data table(file:///C:/Users/Deepthi/OneDrive/Documents/GitHub/Team3_Ninja_Hackers_Hackathon_April_2024/src/test/resources/features/03Programlms.feature:60)
]]>
    </error>
  </testcase> <!-- runScenario -->
  <system-out/>
  <testcase classname="runner.TestRunner" name="runScenario" time="0.145">
    <error message="Unable to locate element: //button[@id=&#039;user&#039;]
For documentation on this error, please visit: https://www.selenium.dev/documentation/webdriver/troubleshooting/errors#no-such-element-exception
Build info: version: &#039;4.19.1&#039;, revision: &#039;abe0ee07dc&#039;
System info: os.name: &#039;Windows 11&#039;, os.arch: &#039;amd64&#039;, os.version: &#039;10.0&#039;, java.version: &#039;21.0.1&#039;
Driver info: org.openqa.selenium.firefox.FirefoxDriver
Command: [74c5334a-33a0-4808-8f96-73daed9146ae, findElement {using=xpath, value=//button[@id=&#039;user&#039;]}]
Capabilities {acceptInsecureCerts: true, browserName: firefox, browserVersion: 125.0.2, moz:accessibilityChecks: false, moz:buildID: 20240419144423, moz:debuggerAddress: 127.0.0.1:26460, moz:geckodriverVersion: 0.34.0, moz:headless: false, moz:platformVersion: 10.0, moz:processID: 37232, moz:profile: C:\Users\Deepthi\AppData\Lo..., moz:shutdownTimeout: 60000, moz:webdriverClick: true, moz:windowless: false, pageLoadStrategy: normal, platformName: windows, proxy: Proxy(), se:cdp: ws://127.0.0.1:26460/devtoo..., se:cdpVersion: 85.0, setWindowRect: true, strictFileInteractability: false, timeouts: {implicit: 0, pageLoad: 300000, script: 30000}, unhandledPromptBehavior: dismiss and notify, userAgent: Mozilla/5.0 (Windows NT 10....}
Session ID: 74c5334a-33a0-4808-8f96-73daed9146ae" type="org.openqa.selenium.NoSuchElementException">
      <![CDATA[org.openqa.selenium.NoSuchElementException: Unable to locate element: //button[@id='user']
For documentation on this error, please visit: https://www.selenium.dev/documentation/webdriver/troubleshooting/errors#no-such-element-exception
Build info: version: '4.19.1', revision: 'abe0ee07dc'
System info: os.name: 'Windows 11', os.arch: 'amd64', os.version: '10.0', java.version: '21.0.1'
Driver info: org.openqa.selenium.firefox.FirefoxDriver
Command: [74c5334a-33a0-4808-8f96-73daed9146ae, findElement {using=xpath, value=//button[@id='user']}]
Capabilities {acceptInsecureCerts: true, browserName: firefox, browserVersion: 125.0.2, moz:accessibilityChecks: false, moz:buildID: 20240419144423, moz:debuggerAddress: 127.0.0.1:26460, moz:geckodriverVersion: 0.34.0, moz:headless: false, moz:platformVersion: 10.0, moz:processID: 37232, moz:profile: C:\Users\Deepthi\AppData\Lo..., moz:shutdownTimeout: 60000, moz:webdriverClick: true, moz:windowless: false, pageLoadStrategy: normal, platformName: windows, proxy: Proxy(), se:cdp: ws://127.0.0.1:26460/devtoo..., se:cdpVersion: 85.0, setWindowRect: true, strictFileInteractability: false, timeouts: {implicit: 0, pageLoad: 300000, script: 30000}, unhandledPromptBehavior: dismiss and notify, userAgent: Mozilla/5.0 (Windows NT 10....}
Session ID: 74c5334a-33a0-4808-8f96-73daed9146ae
at java.base/jdk.internal.reflect.DirectConstructorHandleAccessor.newInstance(DirectConstructorHandleAccessor.java:62)
at java.base/java.lang.reflect.Constructor.newInstanceWithCaller(Constructor.java:502)
at java.base/java.lang.reflect.Constructor.newInstance(Constructor.java:486)
at org.openqa.selenium.remote.ErrorCodec.decode(ErrorCodec.java:167)
at org.openqa.selenium.remote.codec.w3c.W3CHttpResponseCodec.decode(W3CHttpResponseCodec.java:138)
at org.openqa.selenium.remote.codec.w3c.W3CHttpResponseCodec.decode(W3CHttpResponseCodec.java:50)
at org.openqa.selenium.remote.HttpCommandExecutor.execute(HttpCommandExecutor.java:190)
at org.openqa.selenium.remote.service.DriverCommandExecutor.invokeExecute(DriverCommandExecutor.java:216)
at org.openqa.selenium.remote.service.DriverCommandExecutor.execute(DriverCommandExecutor.java:174)
at org.openqa.selenium.remote.RemoteWebDriver.execute(RemoteWebDriver.java:518)
at org.openqa.selenium.remote.ElementLocation$ElementFinder$2.findElement(ElementLocation.java:165)
at org.openqa.selenium.remote.ElementLocation.findElement(ElementLocation.java:59)
at org.openqa.selenium.remote.RemoteWebDriver.findElement(RemoteWebDriver.java:355)
at org.openqa.selenium.remote.RemoteWebDriver.findElement(RemoteWebDriver.java:349)
at pageObjects.AssignStudentPage.isUserClicked(AssignStudentPage.java:60)
at stepdefinitions.AssignStudent.admin_clicks_from_navigation_bar(AssignStudent.java:27)
at ✽.Admin clicks "User" from navigation bar(file:///C:/Users/Deepthi/OneDrive/Documents/GitHub/Team3_Ninja_Hackers_Hackathon_April_2024/src/test/resources/features/09User.feature:23)
]]>
    </error>
  </testcase> <!-- runScenario -->
  <system-out/>
  <testcase classname="runner.TestRunner" name="runScenario" time="1.430"/>
  <system-out/>
  <testcase classname="runner.TestRunner" name="runScenario" time="0.099">
    <error message="Unable to locate element: .box
For documentation on this error, please visit: https://www.selenium.dev/documentation/webdriver/troubleshooting/errors#no-such-element-exception
Build info: version: &#039;4.19.1&#039;, revision: &#039;abe0ee07dc&#039;
System info: os.name: &#039;Windows 11&#039;, os.arch: &#039;amd64&#039;, os.version: &#039;10.0&#039;, java.version: &#039;21.0.1&#039;
Driver info: org.openqa.selenium.firefox.FirefoxDriver
Command: [74c5334a-33a0-4808-8f96-73daed9146ae, findElement {using=class name, value=box}]
Capabilities {acceptInsecureCerts: true, browserName: firefox, browserVersion: 125.0.2, moz:accessibilityChecks: false, moz:buildID: 20240419144423, moz:debuggerAddress: 127.0.0.1:26460, moz:geckodriverVersion: 0.34.0, moz:headless: false, moz:platformVersion: 10.0, moz:processID: 37232, moz:profile: C:\Users\Deepthi\AppData\Lo..., moz:shutdownTimeout: 60000, moz:webdriverClick: true, moz:windowless: false, pageLoadStrategy: normal, platformName: windows, proxy: Proxy(), se:cdp: ws://127.0.0.1:26460/devtoo..., se:cdpVersion: 85.0, setWindowRect: true, strictFileInteractability: false, timeouts: {implicit: 0, pageLoad: 300000, script: 30000}, unhandledPromptBehavior: dismiss and notify, userAgent: Mozilla/5.0 (Windows NT 10....}
Session ID: 74c5334a-33a0-4808-8f96-73daed9146ae" type="org.openqa.selenium.NoSuchElementException">
      <![CDATA[org.openqa.selenium.NoSuchElementException: Unable to locate element: .box
For documentation on this error, please visit: https://www.selenium.dev/documentation/webdriver/troubleshooting/errors#no-such-element-exception
Build info: version: '4.19.1', revision: 'abe0ee07dc'
System info: os.name: 'Windows 11', os.arch: 'amd64', os.version: '10.0', java.version: '21.0.1'
Driver info: org.openqa.selenium.firefox.FirefoxDriver
Command: [74c5334a-33a0-4808-8f96-73daed9146ae, findElement {using=class name, value=box}]
Capabilities {acceptInsecureCerts: true, browserName: firefox, browserVersion: 125.0.2, moz:accessibilityChecks: false, moz:buildID: 20240419144423, moz:debuggerAddress: 127.0.0.1:26460, moz:geckodriverVersion: 0.34.0, moz:headless: false, moz:platformVersion: 10.0, moz:processID: 37232, moz:profile: C:\Users\Deepthi\AppData\Lo..., moz:shutdownTimeout: 60000, moz:webdriverClick: true, moz:windowless: false, pageLoadStrategy: normal, platformName: windows, proxy: Proxy(), se:cdp: ws://127.0.0.1:26460/devtoo..., se:cdpVersion: 85.0, setWindowRect: true, strictFileInteractability: false, timeouts: {implicit: 0, pageLoad: 300000, script: 30000}, unhandledPromptBehavior: dismiss and notify, userAgent: Mozilla/5.0 (Windows NT 10....}
Session ID: 74c5334a-33a0-4808-8f96-73daed9146ae
at java.base/jdk.internal.reflect.DirectConstructorHandleAccessor.newInstance(DirectConstructorHandleAccessor.java:62)
at java.base/java.lang.reflect.Constructor.newInstanceWithCaller(Constructor.java:502)
at java.base/java.lang.reflect.Constructor.newInstance(Constructor.java:486)
at org.openqa.selenium.remote.ErrorCodec.decode(ErrorCodec.java:167)
at org.openqa.selenium.remote.codec.w3c.W3CHttpResponseCodec.decode(W3CHttpResponseCodec.java:138)
at org.openqa.selenium.remote.codec.w3c.W3CHttpResponseCodec.decode(W3CHttpResponseCodec.java:50)
at org.openqa.selenium.remote.HttpCommandExecutor.execute(HttpCommandExecutor.java:190)
at org.openqa.selenium.remote.service.DriverCommandExecutor.invokeExecute(DriverCommandExecutor.java:216)
at org.openqa.selenium.remote.service.DriverCommandExecutor.execute(DriverCommandExecutor.java:174)
at org.openqa.selenium.remote.RemoteWebDriver.execute(RemoteWebDriver.java:518)
at org.openqa.selenium.remote.ElementLocation$ElementFinder$2.findElement(ElementLocation.java:165)
at org.openqa.selenium.remote.ElementLocation.findElement(ElementLocation.java:59)
at org.openqa.selenium.remote.RemoteWebDriver.findElement(RemoteWebDriver.java:355)
at org.openqa.selenium.remote.RemoteWebDriver.findElement(RemoteWebDriver.java:349)
at pageObjects.UserPage.manageUser(UserPage.java:54)
at stepdefinitions.User.admin_is_on_manage_user_page(User.java:108)
at ✽.Admin is on Manage User Page(file:///C:/Users/Deepthi/OneDrive/Documents/GitHub/Team3_Ninja_Hackers_Hackathon_April_2024/src/test/resources/features/11User2.feature:31)
]]>
    </error>
  </testcase> <!-- runScenario -->
  <system-out/>
  <testcase classname="runner.TestRunner" name="runScenario" time="1.520">
    <failure message="expected [true] but found [false]" type="java.lang.AssertionError">
      <![CDATA[java.lang.AssertionError: expected [true] but found [false]
at org.testng.Assert.fail(Assert.java:99)
at org.testng.Assert.failNotEquals(Assert.java:1037)
at org.testng.Assert.assertEqualsImpl(Assert.java:140)
at org.testng.Assert.assertEquals(Assert.java:122)
at org.testng.Assert.assertEquals(Assert.java:819)
at org.testng.Assert.assertEquals(Assert.java:829)
at stepdefinitions.AssignStudent.admin_clicks_from_navigation_bar(AssignStudent.java:27)
at ✽.Admin clicks "Batch" from navigation bar(file:///C:/Users/Deepthi/OneDrive/Documents/GitHub/Team3_Ninja_Hackers_Hackathon_April_2024/src/test/resources/features/07Batch.feature:39)
]]>
    </failure>
  </testcase> <!-- runScenario -->
  <system-out/>
  <testcase classname="runner.TestRunner" name="runScenario" time="0.501">
    <error message="The step &#039;Admin enter valid credentials  and clicks login button&#039; is undefined.
You can implement this step using the snippet(s) below:

@When(&quot;Admin enter valid credentials  and clicks login button&quot;)
public void admin_enter_valid_credentials_and_clicks_login_button() {
    // Write code here that turns the phrase above into concrete actions
    throw new io.cucumber.java.PendingException();
}
" type="io.cucumber.testng.UndefinedStepException">
      <![CDATA[io.cucumber.testng.UndefinedStepException: The step 'Admin enter valid credentials  and clicks login button' is undefined.
You can implement this step using the snippet(s) below:

@When("Admin enter valid credentials  and clicks login button")
public void admin_enter_valid_credentials_and_clicks_login_button() {
    // Write code here that turns the phrase above into concrete actions
    throw new io.cucumber.java.PendingException();
}

at io.cucumber.core.runtime.TestCaseResultObserver.assertTestCasePassed(TestCaseResultObserver.java:69)
at io.cucumber.testng.TestCaseResultObserver.assertTestCasePassed(TestCaseResultObserver.java:23)
at io.cucumber.testng.TestNGCucumberRunner.lambda$runScenario$1(TestNGCucumberRunner.java:133)
at io.cucumber.core.runtime.CucumberExecutionContext.lambda$runTestCase$5(CucumberExecutionContext.java:137)
at io.cucumber.core.runtime.RethrowingThrowableCollector.executeAndThrow(RethrowingThrowableCollector.java:23)
at io.cucumber.core.runtime.CucumberExecutionContext.runTestCase(CucumberExecutionContext.java:137)
at io.cucumber.testng.TestNGCucumberRunner.runScenario(TestNGCucumberRunner.java:129)
at io.cucumber.testng.AbstractTestNGCucumberTests.runScenario(AbstractTestNGCucumberTests.java:35)
at java.base/jdk.internal.reflect.DirectMethodHandleAccessor.invoke(DirectMethodHandleAccessor.java:103)
at java.base/java.lang.reflect.Method.invoke(Method.java:580)
at org.testng.internal.MethodInvocationHelper.invokeMethod(MethodInvocationHelper.java:133)
at org.testng.internal.TestInvoker.invokeMethod(TestInvoker.java:598)
at org.testng.internal.TestInvoker.invokeTestMethod(TestInvoker.java:173)
at org.testng.internal.MethodRunner.runInSequence(MethodRunner.java:46)
at org.testng.internal.TestInvoker$MethodInvocationAgent.invoke(TestInvoker.java:824)
at org.testng.internal.TestInvoker.invokeTestMethods(TestInvoker.java:146)
at org.testng.internal.TestMethodWorker.invokeTestMethods(TestMethodWorker.java:146)
at org.testng.internal.TestMethodWorker.run(TestMethodWorker.java:128)
at java.base/java.util.ArrayList.forEach(ArrayList.java:1596)
at org.testng.TestRunner.privateRun(TestRunner.java:794)
at org.testng.TestRunner.run(TestRunner.java:596)
at org.testng.SuiteRunner.runTest(SuiteRunner.java:377)
at org.testng.SuiteRunner.runSequentially(SuiteRunner.java:371)
at org.testng.SuiteRunner.privateRun(SuiteRunner.java:332)
at org.testng.SuiteRunner.run(SuiteRunner.java:276)
at org.testng.SuiteRunnerWorker.runSuite(SuiteRunnerWorker.java:53)
at org.testng.SuiteRunnerWorker.run(SuiteRunnerWorker.java:96)
at org.testng.TestNG.runSuitesSequentially(TestNG.java:1212)
at org.testng.TestNG.runSuitesLocally(TestNG.java:1134)
at org.testng.TestNG.runSuites(TestNG.java:1063)
at org.testng.TestNG.run(TestNG.java:1031)
at org.testng.remote.AbstractRemoteTestNG.run(AbstractRemoteTestNG.java:115)
at org.testng.remote.RemoteTestNG.initAndRun(RemoteTestNG.java:251)
at org.testng.remote.RemoteTestNG.main(RemoteTestNG.java:77)
]]>
    </error>
  </testcase> <!-- runScenario -->
  <system-out/>
  <testcase classname="runner.TestRunner" name="runScenario" time="3.183"/>
  <system-out/>
  <testcase classname="runner.TestRunner" name="runScenario" time="1.994"/>
  <system-out/>
  <testcase classname="runner.TestRunner" name="runScenario" time="0.116">
    <error message="Unable to locate element: //button[@id=&#039;user&#039;]
For documentation on this error, please visit: https://www.selenium.dev/documentation/webdriver/troubleshooting/errors#no-such-element-exception
Build info: version: &#039;4.19.1&#039;, revision: &#039;abe0ee07dc&#039;
System info: os.name: &#039;Windows 11&#039;, os.arch: &#039;amd64&#039;, os.version: &#039;10.0&#039;, java.version: &#039;21.0.1&#039;
Driver info: org.openqa.selenium.firefox.FirefoxDriver
Command: [74c5334a-33a0-4808-8f96-73daed9146ae, findElement {using=xpath, value=//button[@id=&#039;user&#039;]}]
Capabilities {acceptInsecureCerts: true, browserName: firefox, browserVersion: 125.0.2, moz:accessibilityChecks: false, moz:buildID: 20240419144423, moz:debuggerAddress: 127.0.0.1:26460, moz:geckodriverVersion: 0.34.0, moz:headless: false, moz:platformVersion: 10.0, moz:processID: 37232, moz:profile: C:\Users\Deepthi\AppData\Lo..., moz:shutdownTimeout: 60000, moz:webdriverClick: true, moz:windowless: false, pageLoadStrategy: normal, platformName: windows, proxy: Proxy(), se:cdp: ws://127.0.0.1:26460/devtoo..., se:cdpVersion: 85.0, setWindowRect: true, strictFileInteractability: false, timeouts: {implicit: 0, pageLoad: 300000, script: 30000}, unhandledPromptBehavior: dismiss and notify, userAgent: Mozilla/5.0 (Windows NT 10....}
Session ID: 74c5334a-33a0-4808-8f96-73daed9146ae" type="org.openqa.selenium.NoSuchElementException">
      <![CDATA[org.openqa.selenium.NoSuchElementException: Unable to locate element: //button[@id='user']
For documentation on this error, please visit: https://www.selenium.dev/documentation/webdriver/troubleshooting/errors#no-such-element-exception
Build info: version: '4.19.1', revision: 'abe0ee07dc'
System info: os.name: 'Windows 11', os.arch: 'amd64', os.version: '10.0', java.version: '21.0.1'
Driver info: org.openqa.selenium.firefox.FirefoxDriver
Command: [74c5334a-33a0-4808-8f96-73daed9146ae, findElement {using=xpath, value=//button[@id='user']}]
Capabilities {acceptInsecureCerts: true, browserName: firefox, browserVersion: 125.0.2, moz:accessibilityChecks: false, moz:buildID: 20240419144423, moz:debuggerAddress: 127.0.0.1:26460, moz:geckodriverVersion: 0.34.0, moz:headless: false, moz:platformVersion: 10.0, moz:processID: 37232, moz:profile: C:\Users\Deepthi\AppData\Lo..., moz:shutdownTimeout: 60000, moz:webdriverClick: true, moz:windowless: false, pageLoadStrategy: normal, platformName: windows, proxy: Proxy(), se:cdp: ws://127.0.0.1:26460/devtoo..., se:cdpVersion: 85.0, setWindowRect: true, strictFileInteractability: false, timeouts: {implicit: 0, pageLoad: 300000, script: 30000}, unhandledPromptBehavior: dismiss and notify, userAgent: Mozilla/5.0 (Windows NT 10....}
Session ID: 74c5334a-33a0-4808-8f96-73daed9146ae
at java.base/jdk.internal.reflect.DirectConstructorHandleAccessor.newInstance(DirectConstructorHandleAccessor.java:62)
at java.base/java.lang.reflect.Constructor.newInstanceWithCaller(Constructor.java:502)
at java.base/java.lang.reflect.Constructor.newInstance(Constructor.java:486)
at org.openqa.selenium.remote.ErrorCodec.decode(ErrorCodec.java:167)
at org.openqa.selenium.remote.codec.w3c.W3CHttpResponseCodec.decode(W3CHttpResponseCodec.java:138)
at org.openqa.selenium.remote.codec.w3c.W3CHttpResponseCodec.decode(W3CHttpResponseCodec.java:50)
at org.openqa.selenium.remote.HttpCommandExecutor.execute(HttpCommandExecutor.java:190)
at org.openqa.selenium.remote.service.DriverCommandExecutor.invokeExecute(DriverCommandExecutor.java:216)
at org.openqa.selenium.remote.service.DriverCommandExecutor.execute(DriverCommandExecutor.java:174)
at org.openqa.selenium.remote.RemoteWebDriver.execute(RemoteWebDriver.java:518)
at org.openqa.selenium.remote.ElementLocation$ElementFinder$2.findElement(ElementLocation.java:165)
at org.openqa.selenium.remote.ElementLocation.findElement(ElementLocation.java:59)
at org.openqa.selenium.remote.RemoteWebDriver.findElement(RemoteWebDriver.java:355)
at org.openqa.selenium.remote.RemoteWebDriver.findElement(RemoteWebDriver.java:349)
at pageObjects.AssignStudentPage.isUserClicked(AssignStudentPage.java:60)
at stepdefinitions.AssignStudent.admin_clicks_from_navigation_bar(AssignStudent.java:27)
at ✽.Admin clicks "User" from navigation bar(file:///C:/Users/Deepthi/OneDrive/Documents/GitHub/Team3_Ninja_Hackers_Hackathon_April_2024/src/test/resources/features/09User.feature:23)
]]>
    </error>
  </testcase> <!-- runScenario -->
  <system-out/>
  <testcase classname="runner.TestRunner" name="runScenario" time="2.187">
    <error message="Element &lt;button id=&quot;new&quot; class=&quot;p-button-rounded p-button-success p-button p-component&quot;&gt; is not clickable at point (1100,166) because another element &lt;div class=&quot;ng-tns-c132-3 p-dialog-mask p-component-overlay p-dialog-mask-scrollblocker ng-star-inserted&quot;&gt; obscures it
Build info: version: &#039;4.19.1&#039;, revision: &#039;abe0ee07dc&#039;
System info: os.name: &#039;Windows 11&#039;, os.arch: &#039;amd64&#039;, os.version: &#039;10.0&#039;, java.version: &#039;21.0.1&#039;
Driver info: org.openqa.selenium.firefox.FirefoxDriver
Command: [74c5334a-33a0-4808-8f96-73daed9146ae, clickElement {id=748d2da6-fd88-496a-88bf-8c7af43bbbd2}]
Capabilities {acceptInsecureCerts: true, browserName: firefox, browserVersion: 125.0.2, moz:accessibilityChecks: false, moz:buildID: 20240419144423, moz:debuggerAddress: 127.0.0.1:26460, moz:geckodriverVersion: 0.34.0, moz:headless: false, moz:platformVersion: 10.0, moz:processID: 37232, moz:profile: C:\Users\Deepthi\AppData\Lo..., moz:shutdownTimeout: 60000, moz:webdriverClick: true, moz:windowless: false, pageLoadStrategy: normal, platformName: windows, proxy: Proxy(), se:cdp: ws://127.0.0.1:26460/devtoo..., se:cdpVersion: 85.0, setWindowRect: true, strictFileInteractability: false, timeouts: {implicit: 0, pageLoad: 300000, script: 30000}, unhandledPromptBehavior: dismiss and notify, userAgent: Mozilla/5.0 (Windows NT 10....}
Element: [[FirefoxDriver: firefox on windows (74c5334a-33a0-4808-8f96-73daed9146ae)] -&gt; xpath: .//button[@label=&#039;A New Program&#039;]]
Session ID: 74c5334a-33a0-4808-8f96-73daed9146ae" type="org.openqa.selenium.ElementClickInterceptedException">
      <![CDATA[org.openqa.selenium.ElementClickInterceptedException: Element <button id="new" class="p-button-rounded p-button-success p-button p-component"> is not clickable at point (1100,166) because another element <div class="ng-tns-c132-3 p-dialog-mask p-component-overlay p-dialog-mask-scrollblocker ng-star-inserted"> obscures it
Build info: version: '4.19.1', revision: 'abe0ee07dc'
System info: os.name: 'Windows 11', os.arch: 'amd64', os.version: '10.0', java.version: '21.0.1'
Driver info: org.openqa.selenium.firefox.FirefoxDriver
Command: [74c5334a-33a0-4808-8f96-73daed9146ae, clickElement {id=748d2da6-fd88-496a-88bf-8c7af43bbbd2}]
Capabilities {acceptInsecureCerts: true, browserName: firefox, browserVersion: 125.0.2, moz:accessibilityChecks: false, moz:buildID: 20240419144423, moz:debuggerAddress: 127.0.0.1:26460, moz:geckodriverVersion: 0.34.0, moz:headless: false, moz:platformVersion: 10.0, moz:processID: 37232, moz:profile: C:\Users\Deepthi\AppData\Lo..., moz:shutdownTimeout: 60000, moz:webdriverClick: true, moz:windowless: false, pageLoadStrategy: normal, platformName: windows, proxy: Proxy(), se:cdp: ws://127.0.0.1:26460/devtoo..., se:cdpVersion: 85.0, setWindowRect: true, strictFileInteractability: false, timeouts: {implicit: 0, pageLoad: 300000, script: 30000}, unhandledPromptBehavior: dismiss and notify, userAgent: Mozilla/5.0 (Windows NT 10....}
Element: [[FirefoxDriver: firefox on windows (74c5334a-33a0-4808-8f96-73daed9146ae)] -> xpath: .//button[@label='A New Program']]
Session ID: 74c5334a-33a0-4808-8f96-73daed9146ae
at java.base/jdk.internal.reflect.DirectConstructorHandleAccessor.newInstance(DirectConstructorHandleAccessor.java:62)
at java.base/java.lang.reflect.Constructor.newInstanceWithCaller(Constructor.java:502)
at java.base/java.lang.reflect.Constructor.newInstance(Constructor.java:486)
at org.openqa.selenium.remote.ErrorCodec.decode(ErrorCodec.java:167)
at org.openqa.selenium.remote.codec.w3c.W3CHttpResponseCodec.decode(W3CHttpResponseCodec.java:138)
at org.openqa.selenium.remote.codec.w3c.W3CHttpResponseCodec.decode(W3CHttpResponseCodec.java:50)
at org.openqa.selenium.remote.HttpCommandExecutor.execute(HttpCommandExecutor.java:190)
at org.openqa.selenium.remote.service.DriverCommandExecutor.invokeExecute(DriverCommandExecutor.java:216)
at org.openqa.selenium.remote.service.DriverCommandExecutor.execute(DriverCommandExecutor.java:174)
at org.openqa.selenium.remote.RemoteWebDriver.execute(RemoteWebDriver.java:518)
at org.openqa.selenium.remote.RemoteWebElement.execute(RemoteWebElement.java:223)
at org.openqa.selenium.remote.RemoteWebElement.click(RemoteWebElement.java:76)
at pageObjects.AssignStudentPage.clickButton(AssignStudentPage.java:143)
at stepdefinitions.AssignStudent.admin_clicks_button(AssignStudent.java:40)
at ✽.Admin clicks "A New Program" button(file:///C:/Users/Deepthi/OneDrive/Documents/GitHub/Team3_Ninja_Hackers_Hackathon_April_2024/src/test/resources/features/04AddProgram.feature:5)
]]>
    </error>
  </testcase> <!-- runScenario -->
  <system-out/>
  <testcase classname="runner.TestRunner" name="runScenario" time="0.144">
    <error message="Unable to locate element: //button[@id=&#039;user&#039;]
For documentation on this error, please visit: https://www.selenium.dev/documentation/webdriver/troubleshooting/errors#no-such-element-exception
Build info: version: &#039;4.19.1&#039;, revision: &#039;abe0ee07dc&#039;
System info: os.name: &#039;Windows 11&#039;, os.arch: &#039;amd64&#039;, os.version: &#039;10.0&#039;, java.version: &#039;21.0.1&#039;
Driver info: org.openqa.selenium.firefox.FirefoxDriver
Command: [74c5334a-33a0-4808-8f96-73daed9146ae, findElement {using=xpath, value=//button[@id=&#039;user&#039;]}]
Capabilities {acceptInsecureCerts: true, browserName: firefox, browserVersion: 125.0.2, moz:accessibilityChecks: false, moz:buildID: 20240419144423, moz:debuggerAddress: 127.0.0.1:26460, moz:geckodriverVersion: 0.34.0, moz:headless: false, moz:platformVersion: 10.0, moz:processID: 37232, moz:profile: C:\Users\Deepthi\AppData\Lo..., moz:shutdownTimeout: 60000, moz:webdriverClick: true, moz:windowless: false, pageLoadStrategy: normal, platformName: windows, proxy: Proxy(), se:cdp: ws://127.0.0.1:26460/devtoo..., se:cdpVersion: 85.0, setWindowRect: true, strictFileInteractability: false, timeouts: {implicit: 0, pageLoad: 300000, script: 30000}, unhandledPromptBehavior: dismiss and notify, userAgent: Mozilla/5.0 (Windows NT 10....}
Session ID: 74c5334a-33a0-4808-8f96-73daed9146ae" type="org.openqa.selenium.NoSuchElementException">
      <![CDATA[org.openqa.selenium.NoSuchElementException: Unable to locate element: //button[@id='user']
For documentation on this error, please visit: https://www.selenium.dev/documentation/webdriver/troubleshooting/errors#no-such-element-exception
Build info: version: '4.19.1', revision: 'abe0ee07dc'
System info: os.name: 'Windows 11', os.arch: 'amd64', os.version: '10.0', java.version: '21.0.1'
Driver info: org.openqa.selenium.firefox.FirefoxDriver
Command: [74c5334a-33a0-4808-8f96-73daed9146ae, findElement {using=xpath, value=//button[@id='user']}]
Capabilities {acceptInsecureCerts: true, browserName: firefox, browserVersion: 125.0.2, moz:accessibilityChecks: false, moz:buildID: 20240419144423, moz:debuggerAddress: 127.0.0.1:26460, moz:geckodriverVersion: 0.34.0, moz:headless: false, moz:platformVersion: 10.0, moz:processID: 37232, moz:profile: C:\Users\Deepthi\AppData\Lo..., moz:shutdownTimeout: 60000, moz:webdriverClick: true, moz:windowless: false, pageLoadStrategy: normal, platformName: windows, proxy: Proxy(), se:cdp: ws://127.0.0.1:26460/devtoo..., se:cdpVersion: 85.0, setWindowRect: true, strictFileInteractability: false, timeouts: {implicit: 0, pageLoad: 300000, script: 30000}, unhandledPromptBehavior: dismiss and notify, userAgent: Mozilla/5.0 (Windows NT 10....}
Session ID: 74c5334a-33a0-4808-8f96-73daed9146ae
at java.base/jdk.internal.reflect.DirectConstructorHandleAccessor.newInstance(DirectConstructorHandleAccessor.java:62)
at java.base/java.lang.reflect.Constructor.newInstanceWithCaller(Constructor.java:502)
at java.base/java.lang.reflect.Constructor.newInstance(Constructor.java:486)
at org.openqa.selenium.remote.ErrorCodec.decode(ErrorCodec.java:167)
at org.openqa.selenium.remote.codec.w3c.W3CHttpResponseCodec.decode(W3CHttpResponseCodec.java:138)
at org.openqa.selenium.remote.codec.w3c.W3CHttpResponseCodec.decode(W3CHttpResponseCodec.java:50)
at org.openqa.selenium.remote.HttpCommandExecutor.execute(HttpCommandExecutor.java:190)
at org.openqa.selenium.remote.service.DriverCommandExecutor.invokeExecute(DriverCommandExecutor.java:216)
at org.openqa.selenium.remote.service.DriverCommandExecutor.execute(DriverCommandExecutor.java:174)
at org.openqa.selenium.remote.RemoteWebDriver.execute(RemoteWebDriver.java:518)
at org.openqa.selenium.remote.ElementLocation$ElementFinder$2.findElement(ElementLocation.java:165)
at org.openqa.selenium.remote.ElementLocation.findElement(ElementLocation.java:59)
at org.openqa.selenium.remote.RemoteWebDriver.findElement(RemoteWebDriver.java:355)
at org.openqa.selenium.remote.RemoteWebDriver.findElement(RemoteWebDriver.java:349)
at pageObjects.AssignStudentPage.isUserClicked(AssignStudentPage.java:60)
at stepdefinitions.AssignStudent.admin_clicks_from_navigation_bar(AssignStudent.java:27)
at ✽.Admin clicks "User" from navigation bar(file:///C:/Users/Deepthi/OneDrive/Documents/GitHub/Team3_Ninja_Hackers_Hackathon_April_2024/src/test/resources/features/09User.feature:90)
]]>
    </error>
  </testcase> <!-- runScenario -->
  <system-out/>
  <testcase classname="runner.TestRunner" name="runScenario" time="0.798"/>
  <system-out/>
  <testcase classname="runner.TestRunner" name="runScenario" time="2.035"/>
  <system-out/>
  <testcase classname="runner.TestRunner" name="runScenario" time="1.297">
    <error message="Unable to locate element: //tbody/tr[1]/td[5]/div[1]/span[1]/button[1]/span[1]
For documentation on this error, please visit: https://www.selenium.dev/documentation/webdriver/troubleshooting/errors#no-such-element-exception
Build info: version: &#039;4.19.1&#039;, revision: &#039;abe0ee07dc&#039;
System info: os.name: &#039;Windows 11&#039;, os.arch: &#039;amd64&#039;, os.version: &#039;10.0&#039;, java.version: &#039;21.0.1&#039;
Driver info: org.openqa.selenium.firefox.FirefoxDriver
Command: [74c5334a-33a0-4808-8f96-73daed9146ae, findElement {using=xpath, value=//tbody/tr[1]/td[5]/div[1]/span[1]/button[1]/span[1]}]
Capabilities {acceptInsecureCerts: true, browserName: firefox, browserVersion: 125.0.2, moz:accessibilityChecks: false, moz:buildID: 20240419144423, moz:debuggerAddress: 127.0.0.1:26460, moz:geckodriverVersion: 0.34.0, moz:headless: false, moz:platformVersion: 10.0, moz:processID: 37232, moz:profile: C:\Users\Deepthi\AppData\Lo..., moz:shutdownTimeout: 60000, moz:webdriverClick: true, moz:windowless: false, pageLoadStrategy: normal, platformName: windows, proxy: Proxy(), se:cdp: ws://127.0.0.1:26460/devtoo..., se:cdpVersion: 85.0, setWindowRect: true, strictFileInteractability: false, timeouts: {implicit: 0, pageLoad: 300000, script: 30000}, unhandledPromptBehavior: dismiss and notify, userAgent: Mozilla/5.0 (Windows NT 10....}
Session ID: 74c5334a-33a0-4808-8f96-73daed9146ae" type="org.openqa.selenium.NoSuchElementException">
      <![CDATA[org.openqa.selenium.NoSuchElementException: Unable to locate element: //tbody/tr[1]/td[5]/div[1]/span[1]/button[1]/span[1]
For documentation on this error, please visit: https://www.selenium.dev/documentation/webdriver/troubleshooting/errors#no-such-element-exception
Build info: version: '4.19.1', revision: 'abe0ee07dc'
System info: os.name: 'Windows 11', os.arch: 'amd64', os.version: '10.0', java.version: '21.0.1'
Driver info: org.openqa.selenium.firefox.FirefoxDriver
Command: [74c5334a-33a0-4808-8f96-73daed9146ae, findElement {using=xpath, value=//tbody/tr[1]/td[5]/div[1]/span[1]/button[1]/span[1]}]
Capabilities {acceptInsecureCerts: true, browserName: firefox, browserVersion: 125.0.2, moz:accessibilityChecks: false, moz:buildID: 20240419144423, moz:debuggerAddress: 127.0.0.1:26460, moz:geckodriverVersion: 0.34.0, moz:headless: false, moz:platformVersion: 10.0, moz:processID: 37232, moz:profile: C:\Users\Deepthi\AppData\Lo..., moz:shutdownTimeout: 60000, moz:webdriverClick: true, moz:windowless: false, pageLoadStrategy: normal, platformName: windows, proxy: Proxy(), se:cdp: ws://127.0.0.1:26460/devtoo..., se:cdpVersion: 85.0, setWindowRect: true, strictFileInteractability: false, timeouts: {implicit: 0, pageLoad: 300000, script: 30000}, unhandledPromptBehavior: dismiss and notify, userAgent: Mozilla/5.0 (Windows NT 10....}
Session ID: 74c5334a-33a0-4808-8f96-73daed9146ae
at java.base/jdk.internal.reflect.DirectConstructorHandleAccessor.newInstance(DirectConstructorHandleAccessor.java:62)
at java.base/java.lang.reflect.Constructor.newInstanceWithCaller(Constructor.java:502)
at java.base/java.lang.reflect.Constructor.newInstance(Constructor.java:486)
at org.openqa.selenium.remote.ErrorCodec.decode(ErrorCodec.java:167)
at org.openqa.selenium.remote.codec.w3c.W3CHttpResponseCodec.decode(W3CHttpResponseCodec.java:138)
at org.openqa.selenium.remote.codec.w3c.W3CHttpResponseCodec.decode(W3CHttpResponseCodec.java:50)
at org.openqa.selenium.remote.HttpCommandExecutor.execute(HttpCommandExecutor.java:190)
at org.openqa.selenium.remote.service.DriverCommandExecutor.invokeExecute(DriverCommandExecutor.java:216)
at org.openqa.selenium.remote.service.DriverCommandExecutor.execute(DriverCommandExecutor.java:174)
at org.openqa.selenium.remote.RemoteWebDriver.execute(RemoteWebDriver.java:518)
at org.openqa.selenium.remote.ElementLocation$ElementFinder$2.findElement(ElementLocation.java:165)
at org.openqa.selenium.remote.ElementLocation.findElement(ElementLocation.java:59)
at org.openqa.selenium.remote.RemoteWebDriver.findElement(RemoteWebDriver.java:355)
at org.openqa.selenium.remote.RemoteWebDriver.findElement(RemoteWebDriver.java:349)
at pageObjects.ProgramPage.isEdit(ProgramPage.java:159)
at stepdefinitions.Programlms_SD.admin_should_see_the_edit_and_delete_buttons_on_each_row_of_the_data_table(Programlms_SD.java:96)
at ✽.Admin should see the Edit and Delete buttons on each row of the data table(file:///C:/Users/Deepthi/OneDrive/Documents/GitHub/Team3_Ninja_Hackers_Hackathon_April_2024/src/test/resources/features/03Programlms.feature:65)
]]>
    </error>
  </testcase> <!-- runScenario -->
  <system-out/>
  <testcase classname="runner.TestRunner" name="runScenario" time="2.178">
    <error message="Element &lt;button id=&quot;new&quot; class=&quot;p-button-rounded p-button-success p-button p-component&quot;&gt; is not clickable at point (1100,166) because another element &lt;div class=&quot;ng-tns-c132-3 p-dialog-mask p-component-overlay p-dialog-mask-scrollblocker ng-star-inserted&quot;&gt; obscures it
Build info: version: &#039;4.19.1&#039;, revision: &#039;abe0ee07dc&#039;
System info: os.name: &#039;Windows 11&#039;, os.arch: &#039;amd64&#039;, os.version: &#039;10.0&#039;, java.version: &#039;21.0.1&#039;
Driver info: org.openqa.selenium.firefox.FirefoxDriver
Command: [74c5334a-33a0-4808-8f96-73daed9146ae, clickElement {id=748d2da6-fd88-496a-88bf-8c7af43bbbd2}]
Capabilities {acceptInsecureCerts: true, browserName: firefox, browserVersion: 125.0.2, moz:accessibilityChecks: false, moz:buildID: 20240419144423, moz:debuggerAddress: 127.0.0.1:26460, moz:geckodriverVersion: 0.34.0, moz:headless: false, moz:platformVersion: 10.0, moz:processID: 37232, moz:profile: C:\Users\Deepthi\AppData\Lo..., moz:shutdownTimeout: 60000, moz:webdriverClick: true, moz:windowless: false, pageLoadStrategy: normal, platformName: windows, proxy: Proxy(), se:cdp: ws://127.0.0.1:26460/devtoo..., se:cdpVersion: 85.0, setWindowRect: true, strictFileInteractability: false, timeouts: {implicit: 0, pageLoad: 300000, script: 30000}, unhandledPromptBehavior: dismiss and notify, userAgent: Mozilla/5.0 (Windows NT 10....}
Element: [[FirefoxDriver: firefox on windows (74c5334a-33a0-4808-8f96-73daed9146ae)] -&gt; xpath: .//button[@label=&#039;A New Program&#039;]]
Session ID: 74c5334a-33a0-4808-8f96-73daed9146ae" type="org.openqa.selenium.ElementClickInterceptedException">
      <![CDATA[org.openqa.selenium.ElementClickInterceptedException: Element <button id="new" class="p-button-rounded p-button-success p-button p-component"> is not clickable at point (1100,166) because another element <div class="ng-tns-c132-3 p-dialog-mask p-component-overlay p-dialog-mask-scrollblocker ng-star-inserted"> obscures it
Build info: version: '4.19.1', revision: 'abe0ee07dc'
System info: os.name: 'Windows 11', os.arch: 'amd64', os.version: '10.0', java.version: '21.0.1'
Driver info: org.openqa.selenium.firefox.FirefoxDriver
Command: [74c5334a-33a0-4808-8f96-73daed9146ae, clickElement {id=748d2da6-fd88-496a-88bf-8c7af43bbbd2}]
Capabilities {acceptInsecureCerts: true, browserName: firefox, browserVersion: 125.0.2, moz:accessibilityChecks: false, moz:buildID: 20240419144423, moz:debuggerAddress: 127.0.0.1:26460, moz:geckodriverVersion: 0.34.0, moz:headless: false, moz:platformVersion: 10.0, moz:processID: 37232, moz:profile: C:\Users\Deepthi\AppData\Lo..., moz:shutdownTimeout: 60000, moz:webdriverClick: true, moz:windowless: false, pageLoadStrategy: normal, platformName: windows, proxy: Proxy(), se:cdp: ws://127.0.0.1:26460/devtoo..., se:cdpVersion: 85.0, setWindowRect: true, strictFileInteractability: false, timeouts: {implicit: 0, pageLoad: 300000, script: 30000}, unhandledPromptBehavior: dismiss and notify, userAgent: Mozilla/5.0 (Windows NT 10....}
Element: [[FirefoxDriver: firefox on windows (74c5334a-33a0-4808-8f96-73daed9146ae)] -> xpath: .//button[@label='A New Program']]
Session ID: 74c5334a-33a0-4808-8f96-73daed9146ae
at java.base/jdk.internal.reflect.DirectConstructorHandleAccessor.newInstance(DirectConstructorHandleAccessor.java:62)
at java.base/java.lang.reflect.Constructor.newInstanceWithCaller(Constructor.java:502)
at java.base/java.lang.reflect.Constructor.newInstance(Constructor.java:486)
at org.openqa.selenium.remote.ErrorCodec.decode(ErrorCodec.java:167)
at org.openqa.selenium.remote.codec.w3c.W3CHttpResponseCodec.decode(W3CHttpResponseCodec.java:138)
at org.openqa.selenium.remote.codec.w3c.W3CHttpResponseCodec.decode(W3CHttpResponseCodec.java:50)
at org.openqa.selenium.remote.HttpCommandExecutor.execute(HttpCommandExecutor.java:190)
at org.openqa.selenium.remote.service.DriverCommandExecutor.invokeExecute(DriverCommandExecutor.java:216)
at org.openqa.selenium.remote.service.DriverCommandExecutor.execute(DriverCommandExecutor.java:174)
at org.openqa.selenium.remote.RemoteWebDriver.execute(RemoteWebDriver.java:518)
at org.openqa.selenium.remote.RemoteWebElement.execute(RemoteWebElement.java:223)
at org.openqa.selenium.remote.RemoteWebElement.click(RemoteWebElement.java:76)
at pageObjects.AssignStudentPage.clickButton(AssignStudentPage.java:143)
at stepdefinitions.AssignStudent.admin_clicks_button(AssignStudent.java:40)
at ✽.Admin clicks "A New Program" button(file:///C:/Users/Deepthi/OneDrive/Documents/GitHub/Team3_Ninja_Hackers_Hackathon_April_2024/src/test/resources/features/04AddProgram.feature:5)
]]>
    </error>
  </testcase> <!-- runScenario -->
  <system-out/>
  <testcase classname="runner.TestRunner" name="runScenario" time="1.114"/>
  <system-out/>
  <testcase classname="runner.TestRunner" name="runScenario" time="0.115">
    <error message="Unable to locate element: //button[@id=&#039;user&#039;]
For documentation on this error, please visit: https://www.selenium.dev/documentation/webdriver/troubleshooting/errors#no-such-element-exception
Build info: version: &#039;4.19.1&#039;, revision: &#039;abe0ee07dc&#039;
System info: os.name: &#039;Windows 11&#039;, os.arch: &#039;amd64&#039;, os.version: &#039;10.0&#039;, java.version: &#039;21.0.1&#039;
Driver info: org.openqa.selenium.firefox.FirefoxDriver
Command: [74c5334a-33a0-4808-8f96-73daed9146ae, findElement {using=xpath, value=//button[@id=&#039;user&#039;]}]
Capabilities {acceptInsecureCerts: true, browserName: firefox, browserVersion: 125.0.2, moz:accessibilityChecks: false, moz:buildID: 20240419144423, moz:debuggerAddress: 127.0.0.1:26460, moz:geckodriverVersion: 0.34.0, moz:headless: false, moz:platformVersion: 10.0, moz:processID: 37232, moz:profile: C:\Users\Deepthi\AppData\Lo..., moz:shutdownTimeout: 60000, moz:webdriverClick: true, moz:windowless: false, pageLoadStrategy: normal, platformName: windows, proxy: Proxy(), se:cdp: ws://127.0.0.1:26460/devtoo..., se:cdpVersion: 85.0, setWindowRect: true, strictFileInteractability: false, timeouts: {implicit: 0, pageLoad: 300000, script: 30000}, unhandledPromptBehavior: dismiss and notify, userAgent: Mozilla/5.0 (Windows NT 10....}
Session ID: 74c5334a-33a0-4808-8f96-73daed9146ae" type="org.openqa.selenium.NoSuchElementException">
      <![CDATA[org.openqa.selenium.NoSuchElementException: Unable to locate element: //button[@id='user']
For documentation on this error, please visit: https://www.selenium.dev/documentation/webdriver/troubleshooting/errors#no-such-element-exception
Build info: version: '4.19.1', revision: 'abe0ee07dc'
System info: os.name: 'Windows 11', os.arch: 'amd64', os.version: '10.0', java.version: '21.0.1'
Driver info: org.openqa.selenium.firefox.FirefoxDriver
Command: [74c5334a-33a0-4808-8f96-73daed9146ae, findElement {using=xpath, value=//button[@id='user']}]
Capabilities {acceptInsecureCerts: true, browserName: firefox, browserVersion: 125.0.2, moz:accessibilityChecks: false, moz:buildID: 20240419144423, moz:debuggerAddress: 127.0.0.1:26460, moz:geckodriverVersion: 0.34.0, moz:headless: false, moz:platformVersion: 10.0, moz:processID: 37232, moz:profile: C:\Users\Deepthi\AppData\Lo..., moz:shutdownTimeout: 60000, moz:webdriverClick: true, moz:windowless: false, pageLoadStrategy: normal, platformName: windows, proxy: Proxy(), se:cdp: ws://127.0.0.1:26460/devtoo..., se:cdpVersion: 85.0, setWindowRect: true, strictFileInteractability: false, timeouts: {implicit: 0, pageLoad: 300000, script: 30000}, unhandledPromptBehavior: dismiss and notify, userAgent: Mozilla/5.0 (Windows NT 10....}
Session ID: 74c5334a-33a0-4808-8f96-73daed9146ae
at java.base/jdk.internal.reflect.DirectConstructorHandleAccessor.newInstance(DirectConstructorHandleAccessor.java:62)
at java.base/java.lang.reflect.Constructor.newInstanceWithCaller(Constructor.java:502)
at java.base/java.lang.reflect.Constructor.newInstance(Constructor.java:486)
at org.openqa.selenium.remote.ErrorCodec.decode(ErrorCodec.java:167)
at org.openqa.selenium.remote.codec.w3c.W3CHttpResponseCodec.decode(W3CHttpResponseCodec.java:138)
at org.openqa.selenium.remote.codec.w3c.W3CHttpResponseCodec.decode(W3CHttpResponseCodec.java:50)
at org.openqa.selenium.remote.HttpCommandExecutor.execute(HttpCommandExecutor.java:190)
at org.openqa.selenium.remote.service.DriverCommandExecutor.invokeExecute(DriverCommandExecutor.java:216)
at org.openqa.selenium.remote.service.DriverCommandExecutor.execute(DriverCommandExecutor.java:174)
at org.openqa.selenium.remote.RemoteWebDriver.execute(RemoteWebDriver.java:518)
at org.openqa.selenium.remote.ElementLocation$ElementFinder$2.findElement(ElementLocation.java:165)
at org.openqa.selenium.remote.ElementLocation.findElement(ElementLocation.java:59)
at org.openqa.selenium.remote.RemoteWebDriver.findElement(RemoteWebDriver.java:355)
at org.openqa.selenium.remote.RemoteWebDriver.findElement(RemoteWebDriver.java:349)
at pageObjects.AssignStudentPage.isUserClicked(AssignStudentPage.java:60)
at stepdefinitions.AssignStudent.admin_clicks_from_navigation_bar(AssignStudent.java:27)
at ✽.Admin clicks "User" from navigation bar(file:///C:/Users/Deepthi/OneDrive/Documents/GitHub/Team3_Ninja_Hackers_Hackathon_April_2024/src/test/resources/features/09User.feature:23)
]]>
    </error>
  </testcase> <!-- runScenario -->
  <system-out/>
  <testcase classname="runner.TestRunner" name="runScenario" time="1.067">
    <error message="Unable to locate element: //p-table[@datakey=&#039;programId&#039;]//tbody/tr/td[1]//div[@role=&#039;checkbox&#039;]
For documentation on this error, please visit: https://www.selenium.dev/documentation/webdriver/troubleshooting/errors#no-such-element-exception
Build info: version: &#039;4.19.1&#039;, revision: &#039;abe0ee07dc&#039;
System info: os.name: &#039;Windows 11&#039;, os.arch: &#039;amd64&#039;, os.version: &#039;10.0&#039;, java.version: &#039;21.0.1&#039;
Driver info: org.openqa.selenium.firefox.FirefoxDriver
Command: [74c5334a-33a0-4808-8f96-73daed9146ae, findElement {using=xpath, value=//p-table[@datakey=&#039;programId&#039;]//tbody/tr/td[1]//div[@role=&#039;checkbox&#039;]}]
Capabilities {acceptInsecureCerts: true, browserName: firefox, browserVersion: 125.0.2, moz:accessibilityChecks: false, moz:buildID: 20240419144423, moz:debuggerAddress: 127.0.0.1:26460, moz:geckodriverVersion: 0.34.0, moz:headless: false, moz:platformVersion: 10.0, moz:processID: 37232, moz:profile: C:\Users\Deepthi\AppData\Lo..., moz:shutdownTimeout: 60000, moz:webdriverClick: true, moz:windowless: false, pageLoadStrategy: normal, platformName: windows, proxy: Proxy(), se:cdp: ws://127.0.0.1:26460/devtoo..., se:cdpVersion: 85.0, setWindowRect: true, strictFileInteractability: false, timeouts: {implicit: 0, pageLoad: 300000, script: 30000}, unhandledPromptBehavior: dismiss and notify, userAgent: Mozilla/5.0 (Windows NT 10....}
Session ID: 74c5334a-33a0-4808-8f96-73daed9146ae" type="org.openqa.selenium.NoSuchElementException">
      <![CDATA[org.openqa.selenium.NoSuchElementException: Unable to locate element: //p-table[@datakey='programId']//tbody/tr/td[1]//div[@role='checkbox']
For documentation on this error, please visit: https://www.selenium.dev/documentation/webdriver/troubleshooting/errors#no-such-element-exception
Build info: version: '4.19.1', revision: 'abe0ee07dc'
System info: os.name: 'Windows 11', os.arch: 'amd64', os.version: '10.0', java.version: '21.0.1'
Driver info: org.openqa.selenium.firefox.FirefoxDriver
Command: [74c5334a-33a0-4808-8f96-73daed9146ae, findElement {using=xpath, value=//p-table[@datakey='programId']//tbody/tr/td[1]//div[@role='checkbox']}]
Capabilities {acceptInsecureCerts: true, browserName: firefox, browserVersion: 125.0.2, moz:accessibilityChecks: false, moz:buildID: 20240419144423, moz:debuggerAddress: 127.0.0.1:26460, moz:geckodriverVersion: 0.34.0, moz:headless: false, moz:platformVersion: 10.0, moz:processID: 37232, moz:profile: C:\Users\Deepthi\AppData\Lo..., moz:shutdownTimeout: 60000, moz:webdriverClick: true, moz:windowless: false, pageLoadStrategy: normal, platformName: windows, proxy: Proxy(), se:cdp: ws://127.0.0.1:26460/devtoo..., se:cdpVersion: 85.0, setWindowRect: true, strictFileInteractability: false, timeouts: {implicit: 0, pageLoad: 300000, script: 30000}, unhandledPromptBehavior: dismiss and notify, userAgent: Mozilla/5.0 (Windows NT 10....}
Session ID: 74c5334a-33a0-4808-8f96-73daed9146ae
at java.base/jdk.internal.reflect.DirectConstructorHandleAccessor.newInstance(DirectConstructorHandleAccessor.java:62)
at java.base/java.lang.reflect.Constructor.newInstanceWithCaller(Constructor.java:502)
at java.base/java.lang.reflect.Constructor.newInstance(Constructor.java:486)
at org.openqa.selenium.remote.ErrorCodec.decode(ErrorCodec.java:167)
at org.openqa.selenium.remote.codec.w3c.W3CHttpResponseCodec.decode(W3CHttpResponseCodec.java:138)
at org.openqa.selenium.remote.codec.w3c.W3CHttpResponseCodec.decode(W3CHttpResponseCodec.java:50)
at org.openqa.selenium.remote.HttpCommandExecutor.execute(HttpCommandExecutor.java:190)
at org.openqa.selenium.remote.service.DriverCommandExecutor.invokeExecute(DriverCommandExecutor.java:216)
at org.openqa.selenium.remote.service.DriverCommandExecutor.execute(DriverCommandExecutor.java:174)
at org.openqa.selenium.remote.RemoteWebDriver.execute(RemoteWebDriver.java:518)
at org.openqa.selenium.remote.ElementLocation$ElementFinder$2.findElement(ElementLocation.java:165)
at org.openqa.selenium.remote.ElementLocation.findElement(ElementLocation.java:59)
at org.openqa.selenium.remote.RemoteWebDriver.findElement(RemoteWebDriver.java:355)
at org.openqa.selenium.remote.RemoteWebDriver.findElement(RemoteWebDriver.java:349)
at pageObjects.ManageProgramDelete.checkCheckBox(ManageProgramDelete.java:118)
at stepdefinitions.ManageProgramDeleteDefinition.admin_clicks_any_checkbox_in_the_data_table(ManageProgramDeleteDefinition.java:103)
at ✽.Admin clicks any checkbox in the data table(file:///C:/Users/Deepthi/OneDrive/Documents/GitHub/Team3_Ninja_Hackers_Hackathon_April_2024/src/test/resources/features/16ManageProgramDelete.feature:45)
]]>
    </error>
  </testcase> <!-- runScenario -->
  <system-out/>
  <testcase classname="runner.TestRunner" name="runScenario" time="1.020"/>
  <system-out/>
  <testcase classname="runner.TestRunner" name="runScenario" time="0.112">
    <error message="Unable to locate element: //button[@id=&#039;user&#039;]
For documentation on this error, please visit: https://www.selenium.dev/documentation/webdriver/troubleshooting/errors#no-such-element-exception
Build info: version: &#039;4.19.1&#039;, revision: &#039;abe0ee07dc&#039;
System info: os.name: &#039;Windows 11&#039;, os.arch: &#039;amd64&#039;, os.version: &#039;10.0&#039;, java.version: &#039;21.0.1&#039;
Driver info: org.openqa.selenium.firefox.FirefoxDriver
Command: [74c5334a-33a0-4808-8f96-73daed9146ae, findElement {using=xpath, value=//button[@id=&#039;user&#039;]}]
Capabilities {acceptInsecureCerts: true, browserName: firefox, browserVersion: 125.0.2, moz:accessibilityChecks: false, moz:buildID: 20240419144423, moz:debuggerAddress: 127.0.0.1:26460, moz:geckodriverVersion: 0.34.0, moz:headless: false, moz:platformVersion: 10.0, moz:processID: 37232, moz:profile: C:\Users\Deepthi\AppData\Lo..., moz:shutdownTimeout: 60000, moz:webdriverClick: true, moz:windowless: false, pageLoadStrategy: normal, platformName: windows, proxy: Proxy(), se:cdp: ws://127.0.0.1:26460/devtoo..., se:cdpVersion: 85.0, setWindowRect: true, strictFileInteractability: false, timeouts: {implicit: 0, pageLoad: 300000, script: 30000}, unhandledPromptBehavior: dismiss and notify, userAgent: Mozilla/5.0 (Windows NT 10....}
Session ID: 74c5334a-33a0-4808-8f96-73daed9146ae" type="org.openqa.selenium.NoSuchElementException">
      <![CDATA[org.openqa.selenium.NoSuchElementException: Unable to locate element: //button[@id='user']
For documentation on this error, please visit: https://www.selenium.dev/documentation/webdriver/troubleshooting/errors#no-such-element-exception
Build info: version: '4.19.1', revision: 'abe0ee07dc'
System info: os.name: 'Windows 11', os.arch: 'amd64', os.version: '10.0', java.version: '21.0.1'
Driver info: org.openqa.selenium.firefox.FirefoxDriver
Command: [74c5334a-33a0-4808-8f96-73daed9146ae, findElement {using=xpath, value=//button[@id='user']}]
Capabilities {acceptInsecureCerts: true, browserName: firefox, browserVersion: 125.0.2, moz:accessibilityChecks: false, moz:buildID: 20240419144423, moz:debuggerAddress: 127.0.0.1:26460, moz:geckodriverVersion: 0.34.0, moz:headless: false, moz:platformVersion: 10.0, moz:processID: 37232, moz:profile: C:\Users\Deepthi\AppData\Lo..., moz:shutdownTimeout: 60000, moz:webdriverClick: true, moz:windowless: false, pageLoadStrategy: normal, platformName: windows, proxy: Proxy(), se:cdp: ws://127.0.0.1:26460/devtoo..., se:cdpVersion: 85.0, setWindowRect: true, strictFileInteractability: false, timeouts: {implicit: 0, pageLoad: 300000, script: 30000}, unhandledPromptBehavior: dismiss and notify, userAgent: Mozilla/5.0 (Windows NT 10....}
Session ID: 74c5334a-33a0-4808-8f96-73daed9146ae
at java.base/jdk.internal.reflect.DirectConstructorHandleAccessor.newInstance(DirectConstructorHandleAccessor.java:62)
at java.base/java.lang.reflect.Constructor.newInstanceWithCaller(Constructor.java:502)
at java.base/java.lang.reflect.Constructor.newInstance(Constructor.java:486)
at org.openqa.selenium.remote.ErrorCodec.decode(ErrorCodec.java:167)
at org.openqa.selenium.remote.codec.w3c.W3CHttpResponseCodec.decode(W3CHttpResponseCodec.java:138)
at org.openqa.selenium.remote.codec.w3c.W3CHttpResponseCodec.decode(W3CHttpResponseCodec.java:50)
at org.openqa.selenium.remote.HttpCommandExecutor.execute(HttpCommandExecutor.java:190)
at org.openqa.selenium.remote.service.DriverCommandExecutor.invokeExecute(DriverCommandExecutor.java:216)
at org.openqa.selenium.remote.service.DriverCommandExecutor.execute(DriverCommandExecutor.java:174)
at org.openqa.selenium.remote.RemoteWebDriver.execute(RemoteWebDriver.java:518)
at org.openqa.selenium.remote.ElementLocation$ElementFinder$2.findElement(ElementLocation.java:165)
at org.openqa.selenium.remote.ElementLocation.findElement(ElementLocation.java:59)
at org.openqa.selenium.remote.RemoteWebDriver.findElement(RemoteWebDriver.java:355)
at org.openqa.selenium.remote.RemoteWebDriver.findElement(RemoteWebDriver.java:349)
at pageObjects.AssignStudentPage.isUserClicked(AssignStudentPage.java:60)
at stepdefinitions.AssignStudent.admin_clicks_from_navigation_bar(AssignStudent.java:27)
at ✽.Admin clicks "User" from navigation bar(file:///C:/Users/Deepthi/OneDrive/Documents/GitHub/Team3_Ninja_Hackers_Hackathon_April_2024/src/test/resources/features/10User1.feature:5)
]]>
    </error>
  </testcase> <!-- runScenario -->
  <system-out/>
  <testcase classname="runner.TestRunner" name="runScenario" time="0.143">
    <error message="Unable to locate element: //button[@id=&#039;user&#039;]
For documentation on this error, please visit: https://www.selenium.dev/documentation/webdriver/troubleshooting/errors#no-such-element-exception
Build info: version: &#039;4.19.1&#039;, revision: &#039;abe0ee07dc&#039;
System info: os.name: &#039;Windows 11&#039;, os.arch: &#039;amd64&#039;, os.version: &#039;10.0&#039;, java.version: &#039;21.0.1&#039;
Driver info: org.openqa.selenium.firefox.FirefoxDriver
Command: [74c5334a-33a0-4808-8f96-73daed9146ae, findElement {using=xpath, value=//button[@id=&#039;user&#039;]}]
Capabilities {acceptInsecureCerts: true, browserName: firefox, browserVersion: 125.0.2, moz:accessibilityChecks: false, moz:buildID: 20240419144423, moz:debuggerAddress: 127.0.0.1:26460, moz:geckodriverVersion: 0.34.0, moz:headless: false, moz:platformVersion: 10.0, moz:processID: 37232, moz:profile: C:\Users\Deepthi\AppData\Lo..., moz:shutdownTimeout: 60000, moz:webdriverClick: true, moz:windowless: false, pageLoadStrategy: normal, platformName: windows, proxy: Proxy(), se:cdp: ws://127.0.0.1:26460/devtoo..., se:cdpVersion: 85.0, setWindowRect: true, strictFileInteractability: false, timeouts: {implicit: 0, pageLoad: 300000, script: 30000}, unhandledPromptBehavior: dismiss and notify, userAgent: Mozilla/5.0 (Windows NT 10....}
Session ID: 74c5334a-33a0-4808-8f96-73daed9146ae" type="org.openqa.selenium.NoSuchElementException">
      <![CDATA[org.openqa.selenium.NoSuchElementException: Unable to locate element: //button[@id='user']
For documentation on this error, please visit: https://www.selenium.dev/documentation/webdriver/troubleshooting/errors#no-such-element-exception
Build info: version: '4.19.1', revision: 'abe0ee07dc'
System info: os.name: 'Windows 11', os.arch: 'amd64', os.version: '10.0', java.version: '21.0.1'
Driver info: org.openqa.selenium.firefox.FirefoxDriver
Command: [74c5334a-33a0-4808-8f96-73daed9146ae, findElement {using=xpath, value=//button[@id='user']}]
Capabilities {acceptInsecureCerts: true, browserName: firefox, browserVersion: 125.0.2, moz:accessibilityChecks: false, moz:buildID: 20240419144423, moz:debuggerAddress: 127.0.0.1:26460, moz:geckodriverVersion: 0.34.0, moz:headless: false, moz:platformVersion: 10.0, moz:processID: 37232, moz:profile: C:\Users\Deepthi\AppData\Lo..., moz:shutdownTimeout: 60000, moz:webdriverClick: true, moz:windowless: false, pageLoadStrategy: normal, platformName: windows, proxy: Proxy(), se:cdp: ws://127.0.0.1:26460/devtoo..., se:cdpVersion: 85.0, setWindowRect: true, strictFileInteractability: false, timeouts: {implicit: 0, pageLoad: 300000, script: 30000}, unhandledPromptBehavior: dismiss and notify, userAgent: Mozilla/5.0 (Windows NT 10....}
Session ID: 74c5334a-33a0-4808-8f96-73daed9146ae
at java.base/jdk.internal.reflect.DirectConstructorHandleAccessor.newInstance(DirectConstructorHandleAccessor.java:62)
at java.base/java.lang.reflect.Constructor.newInstanceWithCaller(Constructor.java:502)
at java.base/java.lang.reflect.Constructor.newInstance(Constructor.java:486)
at org.openqa.selenium.remote.ErrorCodec.decode(ErrorCodec.java:167)
at org.openqa.selenium.remote.codec.w3c.W3CHttpResponseCodec.decode(W3CHttpResponseCodec.java:138)
at org.openqa.selenium.remote.codec.w3c.W3CHttpResponseCodec.decode(W3CHttpResponseCodec.java:50)
at org.openqa.selenium.remote.HttpCommandExecutor.execute(HttpCommandExecutor.java:190)
at org.openqa.selenium.remote.service.DriverCommandExecutor.invokeExecute(DriverCommandExecutor.java:216)
at org.openqa.selenium.remote.service.DriverCommandExecutor.execute(DriverCommandExecutor.java:174)
at org.openqa.selenium.remote.RemoteWebDriver.execute(RemoteWebDriver.java:518)
at org.openqa.selenium.remote.ElementLocation$ElementFinder$2.findElement(ElementLocation.java:165)
at org.openqa.selenium.remote.ElementLocation.findElement(ElementLocation.java:59)
at org.openqa.selenium.remote.RemoteWebDriver.findElement(RemoteWebDriver.java:355)
at org.openqa.selenium.remote.RemoteWebDriver.findElement(RemoteWebDriver.java:349)
at pageObjects.AssignStudentPage.isUserClicked(AssignStudentPage.java:60)
at stepdefinitions.AssignStudent.admin_clicks_from_navigation_bar(AssignStudent.java:27)
at ✽.Admin clicks "User" from navigation bar(file:///C:/Users/Deepthi/OneDrive/Documents/GitHub/Team3_Ninja_Hackers_Hackathon_April_2024/src/test/resources/features/10User1.feature:5)
]]>
    </error>
  </testcase> <!-- runScenario -->
  <system-out/>
  <testcase classname="runner.TestRunner" name="runScenario" time="0.110">
    <error message="Unable to locate element: //button[@id=&#039;user&#039;]
For documentation on this error, please visit: https://www.selenium.dev/documentation/webdriver/troubleshooting/errors#no-such-element-exception
Build info: version: &#039;4.19.1&#039;, revision: &#039;abe0ee07dc&#039;
System info: os.name: &#039;Windows 11&#039;, os.arch: &#039;amd64&#039;, os.version: &#039;10.0&#039;, java.version: &#039;21.0.1&#039;
Driver info: org.openqa.selenium.firefox.FirefoxDriver
Command: [74c5334a-33a0-4808-8f96-73daed9146ae, findElement {using=xpath, value=//button[@id=&#039;user&#039;]}]
Capabilities {acceptInsecureCerts: true, browserName: firefox, browserVersion: 125.0.2, moz:accessibilityChecks: false, moz:buildID: 20240419144423, moz:debuggerAddress: 127.0.0.1:26460, moz:geckodriverVersion: 0.34.0, moz:headless: false, moz:platformVersion: 10.0, moz:processID: 37232, moz:profile: C:\Users\Deepthi\AppData\Lo..., moz:shutdownTimeout: 60000, moz:webdriverClick: true, moz:windowless: false, pageLoadStrategy: normal, platformName: windows, proxy: Proxy(), se:cdp: ws://127.0.0.1:26460/devtoo..., se:cdpVersion: 85.0, setWindowRect: true, strictFileInteractability: false, timeouts: {implicit: 0, pageLoad: 300000, script: 30000}, unhandledPromptBehavior: dismiss and notify, userAgent: Mozilla/5.0 (Windows NT 10....}
Session ID: 74c5334a-33a0-4808-8f96-73daed9146ae" type="org.openqa.selenium.NoSuchElementException">
      <![CDATA[org.openqa.selenium.NoSuchElementException: Unable to locate element: //button[@id='user']
For documentation on this error, please visit: https://www.selenium.dev/documentation/webdriver/troubleshooting/errors#no-such-element-exception
Build info: version: '4.19.1', revision: 'abe0ee07dc'
System info: os.name: 'Windows 11', os.arch: 'amd64', os.version: '10.0', java.version: '21.0.1'
Driver info: org.openqa.selenium.firefox.FirefoxDriver
Command: [74c5334a-33a0-4808-8f96-73daed9146ae, findElement {using=xpath, value=//button[@id='user']}]
Capabilities {acceptInsecureCerts: true, browserName: firefox, browserVersion: 125.0.2, moz:accessibilityChecks: false, moz:buildID: 20240419144423, moz:debuggerAddress: 127.0.0.1:26460, moz:geckodriverVersion: 0.34.0, moz:headless: false, moz:platformVersion: 10.0, moz:processID: 37232, moz:profile: C:\Users\Deepthi\AppData\Lo..., moz:shutdownTimeout: 60000, moz:webdriverClick: true, moz:windowless: false, pageLoadStrategy: normal, platformName: windows, proxy: Proxy(), se:cdp: ws://127.0.0.1:26460/devtoo..., se:cdpVersion: 85.0, setWindowRect: true, strictFileInteractability: false, timeouts: {implicit: 0, pageLoad: 300000, script: 30000}, unhandledPromptBehavior: dismiss and notify, userAgent: Mozilla/5.0 (Windows NT 10....}
Session ID: 74c5334a-33a0-4808-8f96-73daed9146ae
at java.base/jdk.internal.reflect.DirectConstructorHandleAccessor.newInstance(DirectConstructorHandleAccessor.java:62)
at java.base/java.lang.reflect.Constructor.newInstanceWithCaller(Constructor.java:502)
at java.base/java.lang.reflect.Constructor.newInstance(Constructor.java:486)
at org.openqa.selenium.remote.ErrorCodec.decode(ErrorCodec.java:167)
at org.openqa.selenium.remote.codec.w3c.W3CHttpResponseCodec.decode(W3CHttpResponseCodec.java:138)
at org.openqa.selenium.remote.codec.w3c.W3CHttpResponseCodec.decode(W3CHttpResponseCodec.java:50)
at org.openqa.selenium.remote.HttpCommandExecutor.execute(HttpCommandExecutor.java:190)
at org.openqa.selenium.remote.service.DriverCommandExecutor.invokeExecute(DriverCommandExecutor.java:216)
at org.openqa.selenium.remote.service.DriverCommandExecutor.execute(DriverCommandExecutor.java:174)
at org.openqa.selenium.remote.RemoteWebDriver.execute(RemoteWebDriver.java:518)
at org.openqa.selenium.remote.ElementLocation$ElementFinder$2.findElement(ElementLocation.java:165)
at org.openqa.selenium.remote.ElementLocation.findElement(ElementLocation.java:59)
at org.openqa.selenium.remote.RemoteWebDriver.findElement(RemoteWebDriver.java:355)
at org.openqa.selenium.remote.RemoteWebDriver.findElement(RemoteWebDriver.java:349)
at pageObjects.AssignStudentPage.isUserClicked(AssignStudentPage.java:60)
at stepdefinitions.AssignStudent.admin_clicks_from_navigation_bar(AssignStudent.java:27)
at ✽.Admin clicks "User" from navigation bar(file:///C:/Users/Deepthi/OneDrive/Documents/GitHub/Team3_Ninja_Hackers_Hackathon_April_2024/src/test/resources/features/11User2.feature:14)
]]>
    </error>
  </testcase> <!-- runScenario -->
  <system-out/>
  <testcase classname="runner.TestRunner" name="runScenario" time="7.708"/>
  <system-out/>
  <testcase classname="runner.TestRunner" name="runScenario" time="1.516"/>
  <system-out/>
  <testcase classname="runner.TestRunner" name="runScenario" time="3.206"/>
  <system-out/>
  <testcase classname="runner.TestRunner" name="runScenario" time="1.535"/>
  <system-out/>
  <testcase classname="runner.TestRunner" name="runScenario" time="6.559"/>
  <system-out/>
  <testcase classname="runner.TestRunner" name="runScenario" time="2.220">
    <error message="Element &lt;button id=&quot;new&quot; class=&quot;p-button-rounded p-button-success p-button p-component&quot;&gt; is not clickable at point (1100,166) because another element &lt;div class=&quot;ng-tns-c132-3 p-dialog-mask p-component-overlay p-dialog-mask-scrollblocker ng-star-inserted&quot;&gt; obscures it
Build info: version: &#039;4.19.1&#039;, revision: &#039;abe0ee07dc&#039;
System info: os.name: &#039;Windows 11&#039;, os.arch: &#039;amd64&#039;, os.version: &#039;10.0&#039;, java.version: &#039;21.0.1&#039;
Driver info: org.openqa.selenium.firefox.FirefoxDriver
Command: [74c5334a-33a0-4808-8f96-73daed9146ae, clickElement {id=748d2da6-fd88-496a-88bf-8c7af43bbbd2}]
Capabilities {acceptInsecureCerts: true, browserName: firefox, browserVersion: 125.0.2, moz:accessibilityChecks: false, moz:buildID: 20240419144423, moz:debuggerAddress: 127.0.0.1:26460, moz:geckodriverVersion: 0.34.0, moz:headless: false, moz:platformVersion: 10.0, moz:processID: 37232, moz:profile: C:\Users\Deepthi\AppData\Lo..., moz:shutdownTimeout: 60000, moz:webdriverClick: true, moz:windowless: false, pageLoadStrategy: normal, platformName: windows, proxy: Proxy(), se:cdp: ws://127.0.0.1:26460/devtoo..., se:cdpVersion: 85.0, setWindowRect: true, strictFileInteractability: false, timeouts: {implicit: 0, pageLoad: 300000, script: 30000}, unhandledPromptBehavior: dismiss and notify, userAgent: Mozilla/5.0 (Windows NT 10....}
Element: [[FirefoxDriver: firefox on windows (74c5334a-33a0-4808-8f96-73daed9146ae)] -&gt; xpath: .//button[@label=&#039;A New Program&#039;]]
Session ID: 74c5334a-33a0-4808-8f96-73daed9146ae" type="org.openqa.selenium.ElementClickInterceptedException">
      <![CDATA[org.openqa.selenium.ElementClickInterceptedException: Element <button id="new" class="p-button-rounded p-button-success p-button p-component"> is not clickable at point (1100,166) because another element <div class="ng-tns-c132-3 p-dialog-mask p-component-overlay p-dialog-mask-scrollblocker ng-star-inserted"> obscures it
Build info: version: '4.19.1', revision: 'abe0ee07dc'
System info: os.name: 'Windows 11', os.arch: 'amd64', os.version: '10.0', java.version: '21.0.1'
Driver info: org.openqa.selenium.firefox.FirefoxDriver
Command: [74c5334a-33a0-4808-8f96-73daed9146ae, clickElement {id=748d2da6-fd88-496a-88bf-8c7af43bbbd2}]
Capabilities {acceptInsecureCerts: true, browserName: firefox, browserVersion: 125.0.2, moz:accessibilityChecks: false, moz:buildID: 20240419144423, moz:debuggerAddress: 127.0.0.1:26460, moz:geckodriverVersion: 0.34.0, moz:headless: false, moz:platformVersion: 10.0, moz:processID: 37232, moz:profile: C:\Users\Deepthi\AppData\Lo..., moz:shutdownTimeout: 60000, moz:webdriverClick: true, moz:windowless: false, pageLoadStrategy: normal, platformName: windows, proxy: Proxy(), se:cdp: ws://127.0.0.1:26460/devtoo..., se:cdpVersion: 85.0, setWindowRect: true, strictFileInteractability: false, timeouts: {implicit: 0, pageLoad: 300000, script: 30000}, unhandledPromptBehavior: dismiss and notify, userAgent: Mozilla/5.0 (Windows NT 10....}
Element: [[FirefoxDriver: firefox on windows (74c5334a-33a0-4808-8f96-73daed9146ae)] -> xpath: .//button[@label='A New Program']]
Session ID: 74c5334a-33a0-4808-8f96-73daed9146ae
at java.base/jdk.internal.reflect.DirectConstructorHandleAccessor.newInstance(DirectConstructorHandleAccessor.java:62)
at java.base/java.lang.reflect.Constructor.newInstanceWithCaller(Constructor.java:502)
at java.base/java.lang.reflect.Constructor.newInstance(Constructor.java:486)
at org.openqa.selenium.remote.ErrorCodec.decode(ErrorCodec.java:167)
at org.openqa.selenium.remote.codec.w3c.W3CHttpResponseCodec.decode(W3CHttpResponseCodec.java:138)
at org.openqa.selenium.remote.codec.w3c.W3CHttpResponseCodec.decode(W3CHttpResponseCodec.java:50)
at org.openqa.selenium.remote.HttpCommandExecutor.execute(HttpCommandExecutor.java:190)
at org.openqa.selenium.remote.service.DriverCommandExecutor.invokeExecute(DriverCommandExecutor.java:216)
at org.openqa.selenium.remote.service.DriverCommandExecutor.execute(DriverCommandExecutor.java:174)
at org.openqa.selenium.remote.RemoteWebDriver.execute(RemoteWebDriver.java:518)
at org.openqa.selenium.remote.RemoteWebElement.execute(RemoteWebElement.java:223)
at org.openqa.selenium.remote.RemoteWebElement.click(RemoteWebElement.java:76)
at pageObjects.AssignStudentPage.clickButton(AssignStudentPage.java:143)
at stepdefinitions.AssignStudent.admin_clicks_button(AssignStudent.java:40)
at ✽.Admin clicks "A New Program" button(file:///C:/Users/Deepthi/OneDrive/Documents/GitHub/Team3_Ninja_Hackers_Hackathon_April_2024/src/test/resources/features/04AddProgram.feature:5)
]]>
    </error>
  </testcase> <!-- runScenario -->
  <system-out/>
  <testcase classname="runner.TestRunner" name="runScenario" time="0.128">
    <error message="Unable to locate element: .box
For documentation on this error, please visit: https://www.selenium.dev/documentation/webdriver/troubleshooting/errors#no-such-element-exception
Build info: version: &#039;4.19.1&#039;, revision: &#039;abe0ee07dc&#039;
System info: os.name: &#039;Windows 11&#039;, os.arch: &#039;amd64&#039;, os.version: &#039;10.0&#039;, java.version: &#039;21.0.1&#039;
Driver info: org.openqa.selenium.firefox.FirefoxDriver
Command: [74c5334a-33a0-4808-8f96-73daed9146ae, findElement {using=class name, value=box}]
Capabilities {acceptInsecureCerts: true, browserName: firefox, browserVersion: 125.0.2, moz:accessibilityChecks: false, moz:buildID: 20240419144423, moz:debuggerAddress: 127.0.0.1:26460, moz:geckodriverVersion: 0.34.0, moz:headless: false, moz:platformVersion: 10.0, moz:processID: 37232, moz:profile: C:\Users\Deepthi\AppData\Lo..., moz:shutdownTimeout: 60000, moz:webdriverClick: true, moz:windowless: false, pageLoadStrategy: normal, platformName: windows, proxy: Proxy(), se:cdp: ws://127.0.0.1:26460/devtoo..., se:cdpVersion: 85.0, setWindowRect: true, strictFileInteractability: false, timeouts: {implicit: 0, pageLoad: 300000, script: 30000}, unhandledPromptBehavior: dismiss and notify, userAgent: Mozilla/5.0 (Windows NT 10....}
Session ID: 74c5334a-33a0-4808-8f96-73daed9146ae" type="org.openqa.selenium.NoSuchElementException">
      <![CDATA[org.openqa.selenium.NoSuchElementException: Unable to locate element: .box
For documentation on this error, please visit: https://www.selenium.dev/documentation/webdriver/troubleshooting/errors#no-such-element-exception
Build info: version: '4.19.1', revision: 'abe0ee07dc'
System info: os.name: 'Windows 11', os.arch: 'amd64', os.version: '10.0', java.version: '21.0.1'
Driver info: org.openqa.selenium.firefox.FirefoxDriver
Command: [74c5334a-33a0-4808-8f96-73daed9146ae, findElement {using=class name, value=box}]
Capabilities {acceptInsecureCerts: true, browserName: firefox, browserVersion: 125.0.2, moz:accessibilityChecks: false, moz:buildID: 20240419144423, moz:debuggerAddress: 127.0.0.1:26460, moz:geckodriverVersion: 0.34.0, moz:headless: false, moz:platformVersion: 10.0, moz:processID: 37232, moz:profile: C:\Users\Deepthi\AppData\Lo..., moz:shutdownTimeout: 60000, moz:webdriverClick: true, moz:windowless: false, pageLoadStrategy: normal, platformName: windows, proxy: Proxy(), se:cdp: ws://127.0.0.1:26460/devtoo..., se:cdpVersion: 85.0, setWindowRect: true, strictFileInteractability: false, timeouts: {implicit: 0, pageLoad: 300000, script: 30000}, unhandledPromptBehavior: dismiss and notify, userAgent: Mozilla/5.0 (Windows NT 10....}
Session ID: 74c5334a-33a0-4808-8f96-73daed9146ae
at java.base/jdk.internal.reflect.DirectConstructorHandleAccessor.newInstance(DirectConstructorHandleAccessor.java:62)
at java.base/java.lang.reflect.Constructor.newInstanceWithCaller(Constructor.java:502)
at java.base/java.lang.reflect.Constructor.newInstance(Constructor.java:486)
at org.openqa.selenium.remote.ErrorCodec.decode(ErrorCodec.java:167)
at org.openqa.selenium.remote.codec.w3c.W3CHttpResponseCodec.decode(W3CHttpResponseCodec.java:138)
at org.openqa.selenium.remote.codec.w3c.W3CHttpResponseCodec.decode(W3CHttpResponseCodec.java:50)
at org.openqa.selenium.remote.HttpCommandExecutor.execute(HttpCommandExecutor.java:190)
at org.openqa.selenium.remote.service.DriverCommandExecutor.invokeExecute(DriverCommandExecutor.java:216)
at org.openqa.selenium.remote.service.DriverCommandExecutor.execute(DriverCommandExecutor.java:174)
at org.openqa.selenium.remote.RemoteWebDriver.execute(RemoteWebDriver.java:518)
at org.openqa.selenium.remote.ElementLocation$ElementFinder$2.findElement(ElementLocation.java:165)
at org.openqa.selenium.remote.ElementLocation.findElement(ElementLocation.java:66)
at org.openqa.selenium.remote.RemoteWebDriver.findElement(RemoteWebDriver.java:355)
at org.openqa.selenium.remote.RemoteWebDriver.findElement(RemoteWebDriver.java:349)
at pageObjects.UserPage.manageUser(UserPage.java:54)
at stepdefinitions.User.admin_is_on_manage_user_page(User.java:108)
at ✽.Admin is on Manage User Page(file:///C:/Users/Deepthi/OneDrive/Documents/GitHub/Team3_Ninja_Hackers_Hackathon_April_2024/src/test/resources/features/11User2.feature:19)
]]>
    </error>
  </testcase> <!-- runScenario -->
  <system-out/>
  <testcase classname="runner.TestRunner" name="runScenario" time="1.092">
    <failure message="expected [In total there are z programs] but found [In total there are 0 programs.]" type="java.lang.AssertionError">
      <![CDATA[java.lang.AssertionError: expected [In total there are z programs] but found [In total there are 0 programs.]
at org.testng.Assert.fail(Assert.java:99)
at org.testng.Assert.failNotEquals(Assert.java:1037)
at org.testng.Assert.assertEqualsImpl(Assert.java:140)
at org.testng.Assert.assertEquals(Assert.java:122)
at org.testng.Assert.assertEquals(Assert.java:629)
at org.testng.Assert.assertEquals(Assert.java:639)
at stepdefinitions.Programlms_SD.admin_should_see_the_footer_as(Programlms_SD.java:55)
at ✽.Admin should see the footer as "In total there are z programs"(file:///C:/Users/Deepthi/OneDrive/Documents/GitHub/Team3_Ninja_Hackers_Hackathon_April_2024/src/test/resources/features/03Programlms.feature:30)
]]>
    </failure>
  </testcase> <!-- runScenario -->
  <system-out/>
  <testcase classname="runner.TestRunner" name="runScenario" time="0.518"/>
  <system-out/>
  <testcase classname="runner.TestRunner" name="runScenario" time="1.154">
    <failure message="expected [true] but found [false]" type="java.lang.AssertionError">
      <![CDATA[java.lang.AssertionError: expected [true] but found [false]
at org.testng.Assert.fail(Assert.java:99)
at org.testng.Assert.failNotEquals(Assert.java:1037)
at org.testng.Assert.assertEqualsImpl(Assert.java:140)
at org.testng.Assert.assertEquals(Assert.java:122)
at org.testng.Assert.assertEquals(Assert.java:819)
at org.testng.Assert.assertEquals(Assert.java:829)
at stepdefinitions.AssignStudent.admin_clicks_from_navigation_bar(AssignStudent.java:27)
at ✽.Admin clicks "Batch" from navigation bar(file:///C:/Users/Deepthi/OneDrive/Documents/GitHub/Team3_Ninja_Hackers_Hackathon_April_2024/src/test/resources/features/07Batch.feature:49)
]]>
    </failure>
  </testcase> <!-- runScenario -->
  <system-out/>
  <testcase classname="runner.TestRunner" name="runScenario" time="0.434"/>
  <system-out/>
  <testcase classname="runner.TestRunner" name="runScenario" time="0.435"/>
  <system-out/>
  <testcase classname="runner.TestRunner" name="runScenario" time="0.143">
    <error message="Unable to locate element: //button[@id=&#039;user&#039;]
For documentation on this error, please visit: https://www.selenium.dev/documentation/webdriver/troubleshooting/errors#no-such-element-exception
Build info: version: &#039;4.19.1&#039;, revision: &#039;abe0ee07dc&#039;
System info: os.name: &#039;Windows 11&#039;, os.arch: &#039;amd64&#039;, os.version: &#039;10.0&#039;, java.version: &#039;21.0.1&#039;
Driver info: org.openqa.selenium.firefox.FirefoxDriver
Command: [74c5334a-33a0-4808-8f96-73daed9146ae, findElement {using=xpath, value=//button[@id=&#039;user&#039;]}]
Capabilities {acceptInsecureCerts: true, browserName: firefox, browserVersion: 125.0.2, moz:accessibilityChecks: false, moz:buildID: 20240419144423, moz:debuggerAddress: 127.0.0.1:26460, moz:geckodriverVersion: 0.34.0, moz:headless: false, moz:platformVersion: 10.0, moz:processID: 37232, moz:profile: C:\Users\Deepthi\AppData\Lo..., moz:shutdownTimeout: 60000, moz:webdriverClick: true, moz:windowless: false, pageLoadStrategy: normal, platformName: windows, proxy: Proxy(), se:cdp: ws://127.0.0.1:26460/devtoo..., se:cdpVersion: 85.0, setWindowRect: true, strictFileInteractability: false, timeouts: {implicit: 0, pageLoad: 300000, script: 30000}, unhandledPromptBehavior: dismiss and notify, userAgent: Mozilla/5.0 (Windows NT 10....}
Session ID: 74c5334a-33a0-4808-8f96-73daed9146ae" type="org.openqa.selenium.NoSuchElementException">
      <![CDATA[org.openqa.selenium.NoSuchElementException: Unable to locate element: //button[@id='user']
For documentation on this error, please visit: https://www.selenium.dev/documentation/webdriver/troubleshooting/errors#no-such-element-exception
Build info: version: '4.19.1', revision: 'abe0ee07dc'
System info: os.name: 'Windows 11', os.arch: 'amd64', os.version: '10.0', java.version: '21.0.1'
Driver info: org.openqa.selenium.firefox.FirefoxDriver
Command: [74c5334a-33a0-4808-8f96-73daed9146ae, findElement {using=xpath, value=//button[@id='user']}]
Capabilities {acceptInsecureCerts: true, browserName: firefox, browserVersion: 125.0.2, moz:accessibilityChecks: false, moz:buildID: 20240419144423, moz:debuggerAddress: 127.0.0.1:26460, moz:geckodriverVersion: 0.34.0, moz:headless: false, moz:platformVersion: 10.0, moz:processID: 37232, moz:profile: C:\Users\Deepthi\AppData\Lo..., moz:shutdownTimeout: 60000, moz:webdriverClick: true, moz:windowless: false, pageLoadStrategy: normal, platformName: windows, proxy: Proxy(), se:cdp: ws://127.0.0.1:26460/devtoo..., se:cdpVersion: 85.0, setWindowRect: true, strictFileInteractability: false, timeouts: {implicit: 0, pageLoad: 300000, script: 30000}, unhandledPromptBehavior: dismiss and notify, userAgent: Mozilla/5.0 (Windows NT 10....}
Session ID: 74c5334a-33a0-4808-8f96-73daed9146ae
at java.base/jdk.internal.reflect.DirectConstructorHandleAccessor.newInstance(DirectConstructorHandleAccessor.java:62)
at java.base/java.lang.reflect.Constructor.newInstanceWithCaller(Constructor.java:502)
at java.base/java.lang.reflect.Constructor.newInstance(Constructor.java:486)
at org.openqa.selenium.remote.ErrorCodec.decode(ErrorCodec.java:167)
at org.openqa.selenium.remote.codec.w3c.W3CHttpResponseCodec.decode(W3CHttpResponseCodec.java:138)
at org.openqa.selenium.remote.codec.w3c.W3CHttpResponseCodec.decode(W3CHttpResponseCodec.java:50)
at org.openqa.selenium.remote.HttpCommandExecutor.execute(HttpCommandExecutor.java:190)
at org.openqa.selenium.remote.service.DriverCommandExecutor.invokeExecute(DriverCommandExecutor.java:216)
at org.openqa.selenium.remote.service.DriverCommandExecutor.execute(DriverCommandExecutor.java:174)
at org.openqa.selenium.remote.RemoteWebDriver.execute(RemoteWebDriver.java:518)
at org.openqa.selenium.remote.ElementLocation$ElementFinder$2.findElement(ElementLocation.java:165)
at org.openqa.selenium.remote.ElementLocation.findElement(ElementLocation.java:59)
at org.openqa.selenium.remote.RemoteWebDriver.findElement(RemoteWebDriver.java:355)
at org.openqa.selenium.remote.RemoteWebDriver.findElement(RemoteWebDriver.java:349)
at pageObjects.AssignStudentPage.isUserClicked(AssignStudentPage.java:60)
at stepdefinitions.AssignStudent.admin_clicks_from_navigation_bar(AssignStudent.java:27)
at ✽.Admin clicks "User" from navigation bar(file:///C:/Users/Deepthi/OneDrive/Documents/GitHub/Team3_Ninja_Hackers_Hackathon_April_2024/src/test/resources/features/09User.feature:23)
]]>
    </error>
  </testcase> <!-- runScenario -->
  <system-out/>
  <testcase classname="runner.TestRunner" name="runScenario" time="1.088"/>
  <system-out/>
  <testcase classname="runner.TestRunner" name="runScenario" time="3.340"/>
  <system-out/>
  <testcase classname="runner.TestRunner" name="runScenario" time="2.958">
    <error message="The step &#039;Admin clicks &lt;Edit&gt;button on the data table for any row&#039; is undefined.
You can implement this step using the snippet(s) below:

@When(&quot;Admin clicks &lt;Edit&gt;button on the data table for any row&quot;)
public void admin_clicks_edit_button_on_the_data_table_for_any_row() {
    // Write code here that turns the phrase above into concrete actions
    throw new io.cucumber.java.PendingException();
}
" type="io.cucumber.testng.UndefinedStepException">
      <![CDATA[io.cucumber.testng.UndefinedStepException: The step 'Admin clicks <Edit>button on the data table for any row' is undefined.
You can implement this step using the snippet(s) below:

@When("Admin clicks <Edit>button on the data table for any row")
public void admin_clicks_edit_button_on_the_data_table_for_any_row() {
    // Write code here that turns the phrase above into concrete actions
    throw new io.cucumber.java.PendingException();
}

at io.cucumber.core.runtime.TestCaseResultObserver.assertTestCasePassed(TestCaseResultObserver.java:69)
at io.cucumber.testng.TestCaseResultObserver.assertTestCasePassed(TestCaseResultObserver.java:23)
at io.cucumber.testng.TestNGCucumberRunner.lambda$runScenario$1(TestNGCucumberRunner.java:133)
at io.cucumber.core.runtime.CucumberExecutionContext.lambda$runTestCase$5(CucumberExecutionContext.java:137)
at io.cucumber.core.runtime.RethrowingThrowableCollector.executeAndThrow(RethrowingThrowableCollector.java:23)
at io.cucumber.core.runtime.CucumberExecutionContext.runTestCase(CucumberExecutionContext.java:137)
at io.cucumber.testng.TestNGCucumberRunner.runScenario(TestNGCucumberRunner.java:129)
at io.cucumber.testng.AbstractTestNGCucumberTests.runScenario(AbstractTestNGCucumberTests.java:35)
at java.base/jdk.internal.reflect.DirectMethodHandleAccessor.invoke(DirectMethodHandleAccessor.java:103)
at java.base/java.lang.reflect.Method.invoke(Method.java:580)
at org.testng.internal.MethodInvocationHelper.invokeMethod(MethodInvocationHelper.java:133)
at org.testng.internal.TestInvoker.invokeMethod(TestInvoker.java:598)
at org.testng.internal.TestInvoker.invokeTestMethod(TestInvoker.java:173)
at org.testng.internal.MethodRunner.runInSequence(MethodRunner.java:46)
at org.testng.internal.TestInvoker$MethodInvocationAgent.invoke(TestInvoker.java:824)
at org.testng.internal.TestInvoker.invokeTestMethods(TestInvoker.java:146)
at org.testng.internal.TestMethodWorker.invokeTestMethods(TestMethodWorker.java:146)
at org.testng.internal.TestMethodWorker.run(TestMethodWorker.java:128)
at java.base/java.util.ArrayList.forEach(ArrayList.java:1596)
at org.testng.TestRunner.privateRun(TestRunner.java:794)
at org.testng.TestRunner.run(TestRunner.java:596)
at org.testng.SuiteRunner.runTest(SuiteRunner.java:377)
at org.testng.SuiteRunner.runSequentially(SuiteRunner.java:371)
at org.testng.SuiteRunner.privateRun(SuiteRunner.java:332)
at org.testng.SuiteRunner.run(SuiteRunner.java:276)
at org.testng.SuiteRunnerWorker.runSuite(SuiteRunnerWorker.java:53)
at org.testng.SuiteRunnerWorker.run(SuiteRunnerWorker.java:96)
at org.testng.TestNG.runSuitesSequentially(TestNG.java:1212)
at org.testng.TestNG.runSuitesLocally(TestNG.java:1134)
at org.testng.TestNG.runSuites(TestNG.java:1063)
at org.testng.TestNG.run(TestNG.java:1031)
at org.testng.remote.AbstractRemoteTestNG.run(AbstractRemoteTestNG.java:115)
at org.testng.remote.RemoteTestNG.initAndRun(RemoteTestNG.java:251)
at org.testng.remote.RemoteTestNG.main(RemoteTestNG.java:77)
]]>
    </error>
  </testcase> <!-- runScenario -->
  <system-out/>
  <testcase classname="runner.TestRunner" name="runScenario" time="10.344"/>
  <system-out/>
  <testcase classname="runner.TestRunner" name="runScenario" time="0.924">
    <failure message="expected [560] but found [584]" type="java.lang.AssertionError">
      <![CDATA[java.lang.AssertionError: expected [560] but found [584]
at org.testng.Assert.fail(Assert.java:99)
at org.testng.Assert.failNotEquals(Assert.java:1037)
at org.testng.Assert.assertEqualsImpl(Assert.java:140)
at org.testng.Assert.assertEquals(Assert.java:122)
at org.testng.Assert.assertEquals(Assert.java:907)
at org.testng.Assert.assertEquals(Assert.java:917)
at pageObjects.LoginPage.verifyLoginFormLocation(LoginPage.java:187)
at stepdefinitions.Login.admin_should_see_logo_on_the_left_side(Login.java:153)
at ✽.Admin should see logo on the left side(file:///C:/Users/Deepthi/OneDrive/Documents/GitHub/Team3_Ninja_Hackers_Hackathon_April_2024/src/test/resources/features/01Login.feature:44)
]]>
    </failure>
  </testcase> <!-- runScenario -->
  <system-out/>
  <testcase classname="runner.TestRunner" name="runScenario" time="0.630"/>
  <system-out/>
  <testcase classname="runner.TestRunner" name="runScenario" time="1.741"/>
  <system-out/>
  <testcase classname="runner.TestRunner" name="runScenario" time="1.657"/>
  <system-out/>
  <testcase classname="runner.TestRunner" name="runScenario" time="1.115"/>
  <system-out/>
  <testcase classname="runner.TestRunner" name="runScenario" time="0.095">
    <error message="Unable to locate element: //button[@id=&#039;user&#039;]
For documentation on this error, please visit: https://www.selenium.dev/documentation/webdriver/troubleshooting/errors#no-such-element-exception
Build info: version: &#039;4.19.1&#039;, revision: &#039;abe0ee07dc&#039;
System info: os.name: &#039;Windows 11&#039;, os.arch: &#039;amd64&#039;, os.version: &#039;10.0&#039;, java.version: &#039;21.0.1&#039;
Driver info: org.openqa.selenium.firefox.FirefoxDriver
Command: [74c5334a-33a0-4808-8f96-73daed9146ae, findElement {using=xpath, value=//button[@id=&#039;user&#039;]}]
Capabilities {acceptInsecureCerts: true, browserName: firefox, browserVersion: 125.0.2, moz:accessibilityChecks: false, moz:buildID: 20240419144423, moz:debuggerAddress: 127.0.0.1:26460, moz:geckodriverVersion: 0.34.0, moz:headless: false, moz:platformVersion: 10.0, moz:processID: 37232, moz:profile: C:\Users\Deepthi\AppData\Lo..., moz:shutdownTimeout: 60000, moz:webdriverClick: true, moz:windowless: false, pageLoadStrategy: normal, platformName: windows, proxy: Proxy(), se:cdp: ws://127.0.0.1:26460/devtoo..., se:cdpVersion: 85.0, setWindowRect: true, strictFileInteractability: false, timeouts: {implicit: 0, pageLoad: 300000, script: 30000}, unhandledPromptBehavior: dismiss and notify, userAgent: Mozilla/5.0 (Windows NT 10....}
Session ID: 74c5334a-33a0-4808-8f96-73daed9146ae" type="org.openqa.selenium.NoSuchElementException">
      <![CDATA[org.openqa.selenium.NoSuchElementException: Unable to locate element: //button[@id='user']
For documentation on this error, please visit: https://www.selenium.dev/documentation/webdriver/troubleshooting/errors#no-such-element-exception
Build info: version: '4.19.1', revision: 'abe0ee07dc'
System info: os.name: 'Windows 11', os.arch: 'amd64', os.version: '10.0', java.version: '21.0.1'
Driver info: org.openqa.selenium.firefox.FirefoxDriver
Command: [74c5334a-33a0-4808-8f96-73daed9146ae, findElement {using=xpath, value=//button[@id='user']}]
Capabilities {acceptInsecureCerts: true, browserName: firefox, browserVersion: 125.0.2, moz:accessibilityChecks: false, moz:buildID: 20240419144423, moz:debuggerAddress: 127.0.0.1:26460, moz:geckodriverVersion: 0.34.0, moz:headless: false, moz:platformVersion: 10.0, moz:processID: 37232, moz:profile: C:\Users\Deepthi\AppData\Lo..., moz:shutdownTimeout: 60000, moz:webdriverClick: true, moz:windowless: false, pageLoadStrategy: normal, platformName: windows, proxy: Proxy(), se:cdp: ws://127.0.0.1:26460/devtoo..., se:cdpVersion: 85.0, setWindowRect: true, strictFileInteractability: false, timeouts: {implicit: 0, pageLoad: 300000, script: 30000}, unhandledPromptBehavior: dismiss and notify, userAgent: Mozilla/5.0 (Windows NT 10....}
Session ID: 74c5334a-33a0-4808-8f96-73daed9146ae
at java.base/jdk.internal.reflect.DirectConstructorHandleAccessor.newInstance(DirectConstructorHandleAccessor.java:62)
at java.base/java.lang.reflect.Constructor.newInstanceWithCaller(Constructor.java:502)
at java.base/java.lang.reflect.Constructor.newInstance(Constructor.java:486)
at org.openqa.selenium.remote.ErrorCodec.decode(ErrorCodec.java:167)
at org.openqa.selenium.remote.codec.w3c.W3CHttpResponseCodec.decode(W3CHttpResponseCodec.java:138)
at org.openqa.selenium.remote.codec.w3c.W3CHttpResponseCodec.decode(W3CHttpResponseCodec.java:50)
at org.openqa.selenium.remote.HttpCommandExecutor.execute(HttpCommandExecutor.java:190)
at org.openqa.selenium.remote.service.DriverCommandExecutor.invokeExecute(DriverCommandExecutor.java:216)
at org.openqa.selenium.remote.service.DriverCommandExecutor.execute(DriverCommandExecutor.java:174)
at org.openqa.selenium.remote.RemoteWebDriver.execute(RemoteWebDriver.java:518)
at org.openqa.selenium.remote.ElementLocation$ElementFinder$2.findElement(ElementLocation.java:165)
at org.openqa.selenium.remote.ElementLocation.findElement(ElementLocation.java:59)
at org.openqa.selenium.remote.RemoteWebDriver.findElement(RemoteWebDriver.java:355)
at org.openqa.selenium.remote.RemoteWebDriver.findElement(RemoteWebDriver.java:349)
at pageObjects.AssignStudentPage.isUserClicked(AssignStudentPage.java:60)
at stepdefinitions.AssignStudent.admin_clicks_from_navigation_bar(AssignStudent.java:27)
at ✽.Admin clicks "User" from navigation bar(file:///C:/Users/Deepthi/OneDrive/Documents/GitHub/Team3_Ninja_Hackers_Hackathon_April_2024/src/test/resources/features/09User.feature:114)
]]>
    </error>
  </testcase> <!-- runScenario -->
  <system-out/>
  <testcase classname="runner.TestRunner" name="runScenario" time="1.048">
    <failure message="expected [Showing x to y of z entries] but found [Showing 0 to 0 of 0 entries]" type="java.lang.AssertionError">
      <![CDATA[java.lang.AssertionError: expected [Showing x to y of z entries] but found [Showing 0 to 0 of 0 entries]
at org.testng.Assert.fail(Assert.java:99)
at org.testng.Assert.failNotEquals(Assert.java:1037)
at org.testng.Assert.assertEqualsImpl(Assert.java:140)
at org.testng.Assert.assertEquals(Assert.java:122)
at org.testng.Assert.assertEquals(Assert.java:629)
at org.testng.Assert.assertEquals(Assert.java:639)
at stepdefinitions.Programlms_SD.admin_should_see_the_text_as_along_with_pagination_icon_below_the_table(Programlms_SD.java:48)
at ✽.Admin should see the text as "Showing x to y of z entries" along with Pagination icon below the table.(file:///C:/Users/Deepthi/OneDrive/Documents/GitHub/Team3_Ninja_Hackers_Hackathon_April_2024/src/test/resources/features/03Programlms.feature:24)
]]>
    </failure>
  </testcase> <!-- runScenario -->
  <system-out/>
  <testcase classname="runner.TestRunner" name="runScenario" time="0.095">
    <error message="Unable to locate element: //button[@id=&#039;user&#039;]
For documentation on this error, please visit: https://www.selenium.dev/documentation/webdriver/troubleshooting/errors#no-such-element-exception
Build info: version: &#039;4.19.1&#039;, revision: &#039;abe0ee07dc&#039;
System info: os.name: &#039;Windows 11&#039;, os.arch: &#039;amd64&#039;, os.version: &#039;10.0&#039;, java.version: &#039;21.0.1&#039;
Driver info: org.openqa.selenium.firefox.FirefoxDriver
Command: [74c5334a-33a0-4808-8f96-73daed9146ae, findElement {using=xpath, value=//button[@id=&#039;user&#039;]}]
Capabilities {acceptInsecureCerts: true, browserName: firefox, browserVersion: 125.0.2, moz:accessibilityChecks: false, moz:buildID: 20240419144423, moz:debuggerAddress: 127.0.0.1:26460, moz:geckodriverVersion: 0.34.0, moz:headless: false, moz:platformVersion: 10.0, moz:processID: 37232, moz:profile: C:\Users\Deepthi\AppData\Lo..., moz:shutdownTimeout: 60000, moz:webdriverClick: true, moz:windowless: false, pageLoadStrategy: normal, platformName: windows, proxy: Proxy(), se:cdp: ws://127.0.0.1:26460/devtoo..., se:cdpVersion: 85.0, setWindowRect: true, strictFileInteractability: false, timeouts: {implicit: 0, pageLoad: 300000, script: 30000}, unhandledPromptBehavior: dismiss and notify, userAgent: Mozilla/5.0 (Windows NT 10....}
Session ID: 74c5334a-33a0-4808-8f96-73daed9146ae" type="org.openqa.selenium.NoSuchElementException">
      <![CDATA[org.openqa.selenium.NoSuchElementException: Unable to locate element: //button[@id='user']
For documentation on this error, please visit: https://www.selenium.dev/documentation/webdriver/troubleshooting/errors#no-such-element-exception
Build info: version: '4.19.1', revision: 'abe0ee07dc'
System info: os.name: 'Windows 11', os.arch: 'amd64', os.version: '10.0', java.version: '21.0.1'
Driver info: org.openqa.selenium.firefox.FirefoxDriver
Command: [74c5334a-33a0-4808-8f96-73daed9146ae, findElement {using=xpath, value=//button[@id='user']}]
Capabilities {acceptInsecureCerts: true, browserName: firefox, browserVersion: 125.0.2, moz:accessibilityChecks: false, moz:buildID: 20240419144423, moz:debuggerAddress: 127.0.0.1:26460, moz:geckodriverVersion: 0.34.0, moz:headless: false, moz:platformVersion: 10.0, moz:processID: 37232, moz:profile: C:\Users\Deepthi\AppData\Lo..., moz:shutdownTimeout: 60000, moz:webdriverClick: true, moz:windowless: false, pageLoadStrategy: normal, platformName: windows, proxy: Proxy(), se:cdp: ws://127.0.0.1:26460/devtoo..., se:cdpVersion: 85.0, setWindowRect: true, strictFileInteractability: false, timeouts: {implicit: 0, pageLoad: 300000, script: 30000}, unhandledPromptBehavior: dismiss and notify, userAgent: Mozilla/5.0 (Windows NT 10....}
Session ID: 74c5334a-33a0-4808-8f96-73daed9146ae
at java.base/jdk.internal.reflect.DirectConstructorHandleAccessor.newInstance(DirectConstructorHandleAccessor.java:62)
at java.base/java.lang.reflect.Constructor.newInstanceWithCaller(Constructor.java:502)
at java.base/java.lang.reflect.Constructor.newInstance(Constructor.java:486)
at org.openqa.selenium.remote.ErrorCodec.decode(ErrorCodec.java:167)
at org.openqa.selenium.remote.codec.w3c.W3CHttpResponseCodec.decode(W3CHttpResponseCodec.java:138)
at org.openqa.selenium.remote.codec.w3c.W3CHttpResponseCodec.decode(W3CHttpResponseCodec.java:50)
at org.openqa.selenium.remote.HttpCommandExecutor.execute(HttpCommandExecutor.java:190)
at org.openqa.selenium.remote.service.DriverCommandExecutor.invokeExecute(DriverCommandExecutor.java:216)
at org.openqa.selenium.remote.service.DriverCommandExecutor.execute(DriverCommandExecutor.java:174)
at org.openqa.selenium.remote.RemoteWebDriver.execute(RemoteWebDriver.java:518)
at org.openqa.selenium.remote.ElementLocation$ElementFinder$2.findElement(ElementLocation.java:165)
at org.openqa.selenium.remote.ElementLocation.findElement(ElementLocation.java:59)
at org.openqa.selenium.remote.RemoteWebDriver.findElement(RemoteWebDriver.java:355)
at org.openqa.selenium.remote.RemoteWebDriver.findElement(RemoteWebDriver.java:349)
at pageObjects.AssignStudentPage.isUserClicked(AssignStudentPage.java:60)
at stepdefinitions.AssignStudent.admin_clicks_from_navigation_bar(AssignStudent.java:27)
at ✽.Admin clicks "User" from navigation bar(file:///C:/Users/Deepthi/OneDrive/Documents/GitHub/Team3_Ninja_Hackers_Hackathon_April_2024/src/test/resources/features/09User.feature:23)
]]>
    </error>
  </testcase> <!-- runScenario -->
  <system-out/>
  <testcase classname="runner.TestRunner" name="runScenario" time="0.100">
    <error message="Unable to locate element: //button[@id=&#039;user&#039;]
For documentation on this error, please visit: https://www.selenium.dev/documentation/webdriver/troubleshooting/errors#no-such-element-exception
Build info: version: &#039;4.19.1&#039;, revision: &#039;abe0ee07dc&#039;
System info: os.name: &#039;Windows 11&#039;, os.arch: &#039;amd64&#039;, os.version: &#039;10.0&#039;, java.version: &#039;21.0.1&#039;
Driver info: org.openqa.selenium.firefox.FirefoxDriver
Command: [74c5334a-33a0-4808-8f96-73daed9146ae, findElement {using=xpath, value=//button[@id=&#039;user&#039;]}]
Capabilities {acceptInsecureCerts: true, browserName: firefox, browserVersion: 125.0.2, moz:accessibilityChecks: false, moz:buildID: 20240419144423, moz:debuggerAddress: 127.0.0.1:26460, moz:geckodriverVersion: 0.34.0, moz:headless: false, moz:platformVersion: 10.0, moz:processID: 37232, moz:profile: C:\Users\Deepthi\AppData\Lo..., moz:shutdownTimeout: 60000, moz:webdriverClick: true, moz:windowless: false, pageLoadStrategy: normal, platformName: windows, proxy: Proxy(), se:cdp: ws://127.0.0.1:26460/devtoo..., se:cdpVersion: 85.0, setWindowRect: true, strictFileInteractability: false, timeouts: {implicit: 0, pageLoad: 300000, script: 30000}, unhandledPromptBehavior: dismiss and notify, userAgent: Mozilla/5.0 (Windows NT 10....}
Session ID: 74c5334a-33a0-4808-8f96-73daed9146ae" type="org.openqa.selenium.NoSuchElementException">
      <![CDATA[org.openqa.selenium.NoSuchElementException: Unable to locate element: //button[@id='user']
For documentation on this error, please visit: https://www.selenium.dev/documentation/webdriver/troubleshooting/errors#no-such-element-exception
Build info: version: '4.19.1', revision: 'abe0ee07dc'
System info: os.name: 'Windows 11', os.arch: 'amd64', os.version: '10.0', java.version: '21.0.1'
Driver info: org.openqa.selenium.firefox.FirefoxDriver
Command: [74c5334a-33a0-4808-8f96-73daed9146ae, findElement {using=xpath, value=//button[@id='user']}]
Capabilities {acceptInsecureCerts: true, browserName: firefox, browserVersion: 125.0.2, moz:accessibilityChecks: false, moz:buildID: 20240419144423, moz:debuggerAddress: 127.0.0.1:26460, moz:geckodriverVersion: 0.34.0, moz:headless: false, moz:platformVersion: 10.0, moz:processID: 37232, moz:profile: C:\Users\Deepthi\AppData\Lo..., moz:shutdownTimeout: 60000, moz:webdriverClick: true, moz:windowless: false, pageLoadStrategy: normal, platformName: windows, proxy: Proxy(), se:cdp: ws://127.0.0.1:26460/devtoo..., se:cdpVersion: 85.0, setWindowRect: true, strictFileInteractability: false, timeouts: {implicit: 0, pageLoad: 300000, script: 30000}, unhandledPromptBehavior: dismiss and notify, userAgent: Mozilla/5.0 (Windows NT 10....}
Session ID: 74c5334a-33a0-4808-8f96-73daed9146ae
at java.base/jdk.internal.reflect.DirectConstructorHandleAccessor.newInstance(DirectConstructorHandleAccessor.java:62)
at java.base/java.lang.reflect.Constructor.newInstanceWithCaller(Constructor.java:502)
at java.base/java.lang.reflect.Constructor.newInstance(Constructor.java:486)
at org.openqa.selenium.remote.ErrorCodec.decode(ErrorCodec.java:167)
at org.openqa.selenium.remote.codec.w3c.W3CHttpResponseCodec.decode(W3CHttpResponseCodec.java:138)
at org.openqa.selenium.remote.codec.w3c.W3CHttpResponseCodec.decode(W3CHttpResponseCodec.java:50)
at org.openqa.selenium.remote.HttpCommandExecutor.execute(HttpCommandExecutor.java:190)
at org.openqa.selenium.remote.service.DriverCommandExecutor.invokeExecute(DriverCommandExecutor.java:216)
at org.openqa.selenium.remote.service.DriverCommandExecutor.execute(DriverCommandExecutor.java:174)
at org.openqa.selenium.remote.RemoteWebDriver.execute(RemoteWebDriver.java:518)
at org.openqa.selenium.remote.ElementLocation$ElementFinder$2.findElement(ElementLocation.java:165)
at org.openqa.selenium.remote.ElementLocation.findElement(ElementLocation.java:59)
at org.openqa.selenium.remote.RemoteWebDriver.findElement(RemoteWebDriver.java:355)
at org.openqa.selenium.remote.RemoteWebDriver.findElement(RemoteWebDriver.java:349)
at pageObjects.AssignStudentPage.isUserClicked(AssignStudentPage.java:60)
at stepdefinitions.AssignStudent.admin_clicks_from_navigation_bar(AssignStudent.java:27)
at ✽.Admin clicks "User" from navigation bar(file:///C:/Users/Deepthi/OneDrive/Documents/GitHub/Team3_Ninja_Hackers_Hackathon_April_2024/src/test/resources/features/12User3.feature:5)
]]>
    </error>
  </testcase> <!-- runScenario -->
  <system-out/>
  <testcase classname="runner.TestRunner" name="runScenario" time="0.935"/>
  <system-out/>
  <testcase classname="runner.TestRunner" name="runScenario" time="1.486"/>
  <system-out/>
  <testcase classname="runner.TestRunner" name="runScenario" time="0.870"/>
  <system-out/>
  <testcase classname="runner.TestRunner" name="runScenario" time="0.127">
    <error message="Unable to locate element: //button[@id=&#039;user&#039;]
For documentation on this error, please visit: https://www.selenium.dev/documentation/webdriver/troubleshooting/errors#no-such-element-exception
Build info: version: &#039;4.19.1&#039;, revision: &#039;abe0ee07dc&#039;
System info: os.name: &#039;Windows 11&#039;, os.arch: &#039;amd64&#039;, os.version: &#039;10.0&#039;, java.version: &#039;21.0.1&#039;
Driver info: org.openqa.selenium.firefox.FirefoxDriver
Command: [74c5334a-33a0-4808-8f96-73daed9146ae, findElement {using=xpath, value=//button[@id=&#039;user&#039;]}]
Capabilities {acceptInsecureCerts: true, browserName: firefox, browserVersion: 125.0.2, moz:accessibilityChecks: false, moz:buildID: 20240419144423, moz:debuggerAddress: 127.0.0.1:26460, moz:geckodriverVersion: 0.34.0, moz:headless: false, moz:platformVersion: 10.0, moz:processID: 37232, moz:profile: C:\Users\Deepthi\AppData\Lo..., moz:shutdownTimeout: 60000, moz:webdriverClick: true, moz:windowless: false, pageLoadStrategy: normal, platformName: windows, proxy: Proxy(), se:cdp: ws://127.0.0.1:26460/devtoo..., se:cdpVersion: 85.0, setWindowRect: true, strictFileInteractability: false, timeouts: {implicit: 0, pageLoad: 300000, script: 30000}, unhandledPromptBehavior: dismiss and notify, userAgent: Mozilla/5.0 (Windows NT 10....}
Session ID: 74c5334a-33a0-4808-8f96-73daed9146ae" type="org.openqa.selenium.NoSuchElementException">
      <![CDATA[org.openqa.selenium.NoSuchElementException: Unable to locate element: //button[@id='user']
For documentation on this error, please visit: https://www.selenium.dev/documentation/webdriver/troubleshooting/errors#no-such-element-exception
Build info: version: '4.19.1', revision: 'abe0ee07dc'
System info: os.name: 'Windows 11', os.arch: 'amd64', os.version: '10.0', java.version: '21.0.1'
Driver info: org.openqa.selenium.firefox.FirefoxDriver
Command: [74c5334a-33a0-4808-8f96-73daed9146ae, findElement {using=xpath, value=//button[@id='user']}]
Capabilities {acceptInsecureCerts: true, browserName: firefox, browserVersion: 125.0.2, moz:accessibilityChecks: false, moz:buildID: 20240419144423, moz:debuggerAddress: 127.0.0.1:26460, moz:geckodriverVersion: 0.34.0, moz:headless: false, moz:platformVersion: 10.0, moz:processID: 37232, moz:profile: C:\Users\Deepthi\AppData\Lo..., moz:shutdownTimeout: 60000, moz:webdriverClick: true, moz:windowless: false, pageLoadStrategy: normal, platformName: windows, proxy: Proxy(), se:cdp: ws://127.0.0.1:26460/devtoo..., se:cdpVersion: 85.0, setWindowRect: true, strictFileInteractability: false, timeouts: {implicit: 0, pageLoad: 300000, script: 30000}, unhandledPromptBehavior: dismiss and notify, userAgent: Mozilla/5.0 (Windows NT 10....}
Session ID: 74c5334a-33a0-4808-8f96-73daed9146ae
at java.base/jdk.internal.reflect.DirectConstructorHandleAccessor.newInstance(DirectConstructorHandleAccessor.java:62)
at java.base/java.lang.reflect.Constructor.newInstanceWithCaller(Constructor.java:502)
at java.base/java.lang.reflect.Constructor.newInstance(Constructor.java:486)
at org.openqa.selenium.remote.ErrorCodec.decode(ErrorCodec.java:167)
at org.openqa.selenium.remote.codec.w3c.W3CHttpResponseCodec.decode(W3CHttpResponseCodec.java:138)
at org.openqa.selenium.remote.codec.w3c.W3CHttpResponseCodec.decode(W3CHttpResponseCodec.java:50)
at org.openqa.selenium.remote.HttpCommandExecutor.execute(HttpCommandExecutor.java:190)
at org.openqa.selenium.remote.service.DriverCommandExecutor.invokeExecute(DriverCommandExecutor.java:216)
at org.openqa.selenium.remote.service.DriverCommandExecutor.execute(DriverCommandExecutor.java:174)
at org.openqa.selenium.remote.RemoteWebDriver.execute(RemoteWebDriver.java:518)
at org.openqa.selenium.remote.ElementLocation$ElementFinder$2.findElement(ElementLocation.java:165)
at org.openqa.selenium.remote.ElementLocation.findElement(ElementLocation.java:59)
at org.openqa.selenium.remote.RemoteWebDriver.findElement(RemoteWebDriver.java:355)
at org.openqa.selenium.remote.RemoteWebDriver.findElement(RemoteWebDriver.java:349)
at pageObjects.AssignStudentPage.isUserClicked(AssignStudentPage.java:60)
at stepdefinitions.AssignStudent.admin_clicks_from_navigation_bar(AssignStudent.java:27)
at ✽.Admin clicks "User" from navigation bar(file:///C:/Users/Deepthi/OneDrive/Documents/GitHub/Team3_Ninja_Hackers_Hackathon_April_2024/src/test/resources/features/09User.feature:102)
]]>
    </error>
  </testcase> <!-- runScenario -->
  <system-out/>
  <testcase classname="runner.TestRunner" name="runScenario" time="1.506"/>
  <system-out/>
  <testcase classname="runner.TestRunner" name="runScenario" time="0.021">
    <error message="Test name must not be null or empty" type="java.lang.IllegalArgumentException">
      <![CDATA[java.lang.IllegalArgumentException: Test name must not be null or empty
at com.aventstack.extentreports.util.Assert.notEmpty(Assert.java:12)
at com.aventstack.extentreports.ExtentTest.<init>(ExtentTest.java:96)
at com.aventstack.extentreports.ExtentTest.createNode(ExtentTest.java:153)
at com.aventstack.extentreports.cucumber.adapter.ExtentCucumberAdapter.createTestCase(ExtentCucumberAdapter.java:424)
at com.aventstack.extentreports.cucumber.adapter.ExtentCucumberAdapter.handleTestCaseStarted(ExtentCucumberAdapter.java:163)
at com.aventstack.extentreports.cucumber.adapter.ExtentCucumberAdapter.access$100(ExtentCucumberAdapter.java:63)
at com.aventstack.extentreports.cucumber.adapter.ExtentCucumberAdapter$3.receive(ExtentCucumberAdapter.java:107)
at com.aventstack.extentreports.cucumber.adapter.ExtentCucumberAdapter$3.receive(ExtentCucumberAdapter.java:104)
at io.cucumber.core.eventbus.AbstractEventPublisher.send(AbstractEventPublisher.java:51)
at io.cucumber.core.eventbus.AbstractEventBus.send(AbstractEventBus.java:12)
at io.cucumber.core.runtime.SynchronizedEventBus.send(SynchronizedEventBus.java:47)
at io.cucumber.core.runtime.ThreadLocalRunnerSupplier$LocalEventBus.send(ThreadLocalRunnerSupplier.java:62)
at io.cucumber.core.runner.TestCase.emitTestCaseStarted(TestCase.java:206)
at io.cucumber.core.runner.TestCase.run(TestCase.java:72)
at io.cucumber.core.runner.Runner.runPickle(Runner.java:75)
at io.cucumber.testng.TestNGCucumberRunner.lambda$runScenario$1(TestNGCucumberRunner.java:132)
at io.cucumber.core.runtime.CucumberExecutionContext.lambda$runTestCase$5(CucumberExecutionContext.java:137)
at io.cucumber.core.runtime.RethrowingThrowableCollector.executeAndThrow(RethrowingThrowableCollector.java:23)
at io.cucumber.core.runtime.CucumberExecutionContext.runTestCase(CucumberExecutionContext.java:137)
at io.cucumber.testng.TestNGCucumberRunner.runScenario(TestNGCucumberRunner.java:129)
at io.cucumber.testng.AbstractTestNGCucumberTests.runScenario(AbstractTestNGCucumberTests.java:35)
at java.base/jdk.internal.reflect.DirectMethodHandleAccessor.invoke(DirectMethodHandleAccessor.java:103)
at java.base/java.lang.reflect.Method.invoke(Method.java:580)
at org.testng.internal.MethodInvocationHelper.invokeMethod(MethodInvocationHelper.java:133)
at org.testng.internal.TestInvoker.invokeMethod(TestInvoker.java:598)
at org.testng.internal.TestInvoker.invokeTestMethod(TestInvoker.java:173)
at org.testng.internal.MethodRunner.runInSequence(MethodRunner.java:46)
at org.testng.internal.TestInvoker$MethodInvocationAgent.invoke(TestInvoker.java:824)
at org.testng.internal.TestInvoker.invokeTestMethods(TestInvoker.java:146)
at org.testng.internal.TestMethodWorker.invokeTestMethods(TestMethodWorker.java:146)
at org.testng.internal.TestMethodWorker.run(TestMethodWorker.java:128)
at java.base/java.util.ArrayList.forEach(ArrayList.java:1596)
at org.testng.TestRunner.privateRun(TestRunner.java:794)
at org.testng.TestRunner.run(TestRunner.java:596)
at org.testng.SuiteRunner.runTest(SuiteRunner.java:377)
at org.testng.SuiteRunner.runSequentially(SuiteRunner.java:371)
at org.testng.SuiteRunner.privateRun(SuiteRunner.java:332)
at org.testng.SuiteRunner.run(SuiteRunner.java:276)
at org.testng.SuiteRunnerWorker.runSuite(SuiteRunnerWorker.java:53)
at org.testng.SuiteRunnerWorker.run(SuiteRunnerWorker.java:96)
at org.testng.TestNG.runSuitesSequentially(TestNG.java:1212)
at org.testng.TestNG.runSuitesLocally(TestNG.java:1134)
at org.testng.TestNG.runSuites(TestNG.java:1063)
at org.testng.TestNG.run(TestNG.java:1031)
at org.testng.remote.AbstractRemoteTestNG.run(AbstractRemoteTestNG.java:115)
at org.testng.remote.RemoteTestNG.initAndRun(RemoteTestNG.java:251)
at org.testng.remote.RemoteTestNG.main(RemoteTestNG.java:77)
]]>
    </error>
  </testcase> <!-- runScenario -->
  <system-out/>
  <testcase classname="runner.TestRunner" name="runScenario" time="0.466">
    <error message="The step &#039;Admin enter valid credentials  and clicks login button&#039; is undefined.
You can implement this step using the snippet(s) below:

@When(&quot;Admin enter valid credentials  and clicks login button&quot;)
public void admin_enter_valid_credentials_and_clicks_login_button() {
    // Write code here that turns the phrase above into concrete actions
    throw new io.cucumber.java.PendingException();
}
" type="io.cucumber.testng.UndefinedStepException">
      <![CDATA[io.cucumber.testng.UndefinedStepException: The step 'Admin enter valid credentials  and clicks login button' is undefined.
You can implement this step using the snippet(s) below:

@When("Admin enter valid credentials  and clicks login button")
public void admin_enter_valid_credentials_and_clicks_login_button() {
    // Write code here that turns the phrase above into concrete actions
    throw new io.cucumber.java.PendingException();
}

at io.cucumber.core.runtime.TestCaseResultObserver.assertTestCasePassed(TestCaseResultObserver.java:69)
at io.cucumber.testng.TestCaseResultObserver.assertTestCasePassed(TestCaseResultObserver.java:23)
at io.cucumber.testng.TestNGCucumberRunner.lambda$runScenario$1(TestNGCucumberRunner.java:133)
at io.cucumber.core.runtime.CucumberExecutionContext.lambda$runTestCase$5(CucumberExecutionContext.java:137)
at io.cucumber.core.runtime.RethrowingThrowableCollector.executeAndThrow(RethrowingThrowableCollector.java:23)
at io.cucumber.core.runtime.CucumberExecutionContext.runTestCase(CucumberExecutionContext.java:137)
at io.cucumber.testng.TestNGCucumberRunner.runScenario(TestNGCucumberRunner.java:129)
at io.cucumber.testng.AbstractTestNGCucumberTests.runScenario(AbstractTestNGCucumberTests.java:35)
at java.base/jdk.internal.reflect.DirectMethodHandleAccessor.invoke(DirectMethodHandleAccessor.java:103)
at java.base/java.lang.reflect.Method.invoke(Method.java:580)
at org.testng.internal.MethodInvocationHelper.invokeMethod(MethodInvocationHelper.java:133)
at org.testng.internal.TestInvoker.invokeMethod(TestInvoker.java:598)
at org.testng.internal.TestInvoker.invokeTestMethod(TestInvoker.java:173)
at org.testng.internal.MethodRunner.runInSequence(MethodRunner.java:46)
at org.testng.internal.TestInvoker$MethodInvocationAgent.invoke(TestInvoker.java:824)
at org.testng.internal.TestInvoker.invokeTestMethods(TestInvoker.java:146)
at org.testng.internal.TestMethodWorker.invokeTestMethods(TestMethodWorker.java:146)
at org.testng.internal.TestMethodWorker.run(TestMethodWorker.java:128)
at java.base/java.util.ArrayList.forEach(ArrayList.java:1596)
at org.testng.TestRunner.privateRun(TestRunner.java:794)
at org.testng.TestRunner.run(TestRunner.java:596)
at org.testng.SuiteRunner.runTest(SuiteRunner.java:377)
at org.testng.SuiteRunner.runSequentially(SuiteRunner.java:371)
at org.testng.SuiteRunner.privateRun(SuiteRunner.java:332)
at org.testng.SuiteRunner.run(SuiteRunner.java:276)
at org.testng.SuiteRunnerWorker.runSuite(SuiteRunnerWorker.java:53)
at org.testng.SuiteRunnerWorker.run(SuiteRunnerWorker.java:96)
at org.testng.TestNG.runSuitesSequentially(TestNG.java:1212)
at org.testng.TestNG.runSuitesLocally(TestNG.java:1134)
at org.testng.TestNG.runSuites(TestNG.java:1063)
at org.testng.TestNG.run(TestNG.java:1031)
at org.testng.remote.AbstractRemoteTestNG.run(AbstractRemoteTestNG.java:115)
at org.testng.remote.RemoteTestNG.initAndRun(RemoteTestNG.java:251)
at org.testng.remote.RemoteTestNG.main(RemoteTestNG.java:77)
]]>
    </error>
  </testcase> <!-- runScenario -->
  <system-out/>
  <testcase classname="runner.TestRunner" name="runScenario" time="0.137">
    <error message="Unable to locate element: //button[@id=&#039;user&#039;]
For documentation on this error, please visit: https://www.selenium.dev/documentation/webdriver/troubleshooting/errors#no-such-element-exception
Build info: version: &#039;4.19.1&#039;, revision: &#039;abe0ee07dc&#039;
System info: os.name: &#039;Windows 11&#039;, os.arch: &#039;amd64&#039;, os.version: &#039;10.0&#039;, java.version: &#039;21.0.1&#039;
Driver info: org.openqa.selenium.firefox.FirefoxDriver
Command: [74c5334a-33a0-4808-8f96-73daed9146ae, findElement {using=xpath, value=//button[@id=&#039;user&#039;]}]
Capabilities {acceptInsecureCerts: true, browserName: firefox, browserVersion: 125.0.2, moz:accessibilityChecks: false, moz:buildID: 20240419144423, moz:debuggerAddress: 127.0.0.1:26460, moz:geckodriverVersion: 0.34.0, moz:headless: false, moz:platformVersion: 10.0, moz:processID: 37232, moz:profile: C:\Users\Deepthi\AppData\Lo..., moz:shutdownTimeout: 60000, moz:webdriverClick: true, moz:windowless: false, pageLoadStrategy: normal, platformName: windows, proxy: Proxy(), se:cdp: ws://127.0.0.1:26460/devtoo..., se:cdpVersion: 85.0, setWindowRect: true, strictFileInteractability: false, timeouts: {implicit: 0, pageLoad: 300000, script: 30000}, unhandledPromptBehavior: dismiss and notify, userAgent: Mozilla/5.0 (Windows NT 10....}
Session ID: 74c5334a-33a0-4808-8f96-73daed9146ae" type="org.openqa.selenium.NoSuchElementException">
      <![CDATA[org.openqa.selenium.NoSuchElementException: Unable to locate element: //button[@id='user']
For documentation on this error, please visit: https://www.selenium.dev/documentation/webdriver/troubleshooting/errors#no-such-element-exception
Build info: version: '4.19.1', revision: 'abe0ee07dc'
System info: os.name: 'Windows 11', os.arch: 'amd64', os.version: '10.0', java.version: '21.0.1'
Driver info: org.openqa.selenium.firefox.FirefoxDriver
Command: [74c5334a-33a0-4808-8f96-73daed9146ae, findElement {using=xpath, value=//button[@id='user']}]
Capabilities {acceptInsecureCerts: true, browserName: firefox, browserVersion: 125.0.2, moz:accessibilityChecks: false, moz:buildID: 20240419144423, moz:debuggerAddress: 127.0.0.1:26460, moz:geckodriverVersion: 0.34.0, moz:headless: false, moz:platformVersion: 10.0, moz:processID: 37232, moz:profile: C:\Users\Deepthi\AppData\Lo..., moz:shutdownTimeout: 60000, moz:webdriverClick: true, moz:windowless: false, pageLoadStrategy: normal, platformName: windows, proxy: Proxy(), se:cdp: ws://127.0.0.1:26460/devtoo..., se:cdpVersion: 85.0, setWindowRect: true, strictFileInteractability: false, timeouts: {implicit: 0, pageLoad: 300000, script: 30000}, unhandledPromptBehavior: dismiss and notify, userAgent: Mozilla/5.0 (Windows NT 10....}
Session ID: 74c5334a-33a0-4808-8f96-73daed9146ae
at java.base/jdk.internal.reflect.DirectConstructorHandleAccessor.newInstance(DirectConstructorHandleAccessor.java:62)
at java.base/java.lang.reflect.Constructor.newInstanceWithCaller(Constructor.java:502)
at java.base/java.lang.reflect.Constructor.newInstance(Constructor.java:486)
at org.openqa.selenium.remote.ErrorCodec.decode(ErrorCodec.java:167)
at org.openqa.selenium.remote.codec.w3c.W3CHttpResponseCodec.decode(W3CHttpResponseCodec.java:138)
at org.openqa.selenium.remote.codec.w3c.W3CHttpResponseCodec.decode(W3CHttpResponseCodec.java:50)
at org.openqa.selenium.remote.HttpCommandExecutor.execute(HttpCommandExecutor.java:190)
at org.openqa.selenium.remote.service.DriverCommandExecutor.invokeExecute(DriverCommandExecutor.java:216)
at org.openqa.selenium.remote.service.DriverCommandExecutor.execute(DriverCommandExecutor.java:174)
at org.openqa.selenium.remote.RemoteWebDriver.execute(RemoteWebDriver.java:518)
at org.openqa.selenium.remote.ElementLocation$ElementFinder$2.findElement(ElementLocation.java:165)
at org.openqa.selenium.remote.ElementLocation.findElement(ElementLocation.java:59)
at org.openqa.selenium.remote.RemoteWebDriver.findElement(RemoteWebDriver.java:355)
at org.openqa.selenium.remote.RemoteWebDriver.findElement(RemoteWebDriver.java:349)
at pageObjects.AssignStudentPage.isUserClicked(AssignStudentPage.java:60)
at stepdefinitions.AssignStudent.admin_clicks_from_navigation_bar(AssignStudent.java:27)
at ✽.Admin clicks "User" from navigation bar(file:///C:/Users/Deepthi/OneDrive/Documents/GitHub/Team3_Ninja_Hackers_Hackathon_April_2024/src/test/resources/features/09User.feature:23)
]]>
    </error>
  </testcase> <!-- runScenario -->
  <system-out/>
  <testcase classname="runner.TestRunner" name="runScenario" time="0.113">
    <error message="Unable to locate element: //button[@id=&#039;user&#039;]
For documentation on this error, please visit: https://www.selenium.dev/documentation/webdriver/troubleshooting/errors#no-such-element-exception
Build info: version: &#039;4.19.1&#039;, revision: &#039;abe0ee07dc&#039;
System info: os.name: &#039;Windows 11&#039;, os.arch: &#039;amd64&#039;, os.version: &#039;10.0&#039;, java.version: &#039;21.0.1&#039;
Driver info: org.openqa.selenium.firefox.FirefoxDriver
Command: [74c5334a-33a0-4808-8f96-73daed9146ae, findElement {using=xpath, value=//button[@id=&#039;user&#039;]}]
Capabilities {acceptInsecureCerts: true, browserName: firefox, browserVersion: 125.0.2, moz:accessibilityChecks: false, moz:buildID: 20240419144423, moz:debuggerAddress: 127.0.0.1:26460, moz:geckodriverVersion: 0.34.0, moz:headless: false, moz:platformVersion: 10.0, moz:processID: 37232, moz:profile: C:\Users\Deepthi\AppData\Lo..., moz:shutdownTimeout: 60000, moz:webdriverClick: true, moz:windowless: false, pageLoadStrategy: normal, platformName: windows, proxy: Proxy(), se:cdp: ws://127.0.0.1:26460/devtoo..., se:cdpVersion: 85.0, setWindowRect: true, strictFileInteractability: false, timeouts: {implicit: 0, pageLoad: 300000, script: 30000}, unhandledPromptBehavior: dismiss and notify, userAgent: Mozilla/5.0 (Windows NT 10....}
Session ID: 74c5334a-33a0-4808-8f96-73daed9146ae" type="org.openqa.selenium.NoSuchElementException">
      <![CDATA[org.openqa.selenium.NoSuchElementException: Unable to locate element: //button[@id='user']
For documentation on this error, please visit: https://www.selenium.dev/documentation/webdriver/troubleshooting/errors#no-such-element-exception
Build info: version: '4.19.1', revision: 'abe0ee07dc'
System info: os.name: 'Windows 11', os.arch: 'amd64', os.version: '10.0', java.version: '21.0.1'
Driver info: org.openqa.selenium.firefox.FirefoxDriver
Command: [74c5334a-33a0-4808-8f96-73daed9146ae, findElement {using=xpath, value=//button[@id='user']}]
Capabilities {acceptInsecureCerts: true, browserName: firefox, browserVersion: 125.0.2, moz:accessibilityChecks: false, moz:buildID: 20240419144423, moz:debuggerAddress: 127.0.0.1:26460, moz:geckodriverVersion: 0.34.0, moz:headless: false, moz:platformVersion: 10.0, moz:processID: 37232, moz:profile: C:\Users\Deepthi\AppData\Lo..., moz:shutdownTimeout: 60000, moz:webdriverClick: true, moz:windowless: false, pageLoadStrategy: normal, platformName: windows, proxy: Proxy(), se:cdp: ws://127.0.0.1:26460/devtoo..., se:cdpVersion: 85.0, setWindowRect: true, strictFileInteractability: false, timeouts: {implicit: 0, pageLoad: 300000, script: 30000}, unhandledPromptBehavior: dismiss and notify, userAgent: Mozilla/5.0 (Windows NT 10....}
Session ID: 74c5334a-33a0-4808-8f96-73daed9146ae
at java.base/jdk.internal.reflect.DirectConstructorHandleAccessor.newInstance(DirectConstructorHandleAccessor.java:62)
at java.base/java.lang.reflect.Constructor.newInstanceWithCaller(Constructor.java:502)
at java.base/java.lang.reflect.Constructor.newInstance(Constructor.java:486)
at org.openqa.selenium.remote.ErrorCodec.decode(ErrorCodec.java:167)
at org.openqa.selenium.remote.codec.w3c.W3CHttpResponseCodec.decode(W3CHttpResponseCodec.java:138)
at org.openqa.selenium.remote.codec.w3c.W3CHttpResponseCodec.decode(W3CHttpResponseCodec.java:50)
at org.openqa.selenium.remote.HttpCommandExecutor.execute(HttpCommandExecutor.java:190)
at org.openqa.selenium.remote.service.DriverCommandExecutor.invokeExecute(DriverCommandExecutor.java:216)
at org.openqa.selenium.remote.service.DriverCommandExecutor.execute(DriverCommandExecutor.java:174)
at org.openqa.selenium.remote.RemoteWebDriver.execute(RemoteWebDriver.java:518)
at org.openqa.selenium.remote.ElementLocation$ElementFinder$2.findElement(ElementLocation.java:165)
at org.openqa.selenium.remote.ElementLocation.findElement(ElementLocation.java:59)
at org.openqa.selenium.remote.RemoteWebDriver.findElement(RemoteWebDriver.java:355)
at org.openqa.selenium.remote.RemoteWebDriver.findElement(RemoteWebDriver.java:349)
at pageObjects.AssignStudentPage.isUserClicked(AssignStudentPage.java:60)
at stepdefinitions.AssignStudent.admin_clicks_from_navigation_bar(AssignStudent.java:27)
at ✽.Admin clicks "User" from navigation bar(file:///C:/Users/Deepthi/OneDrive/Documents/GitHub/Team3_Ninja_Hackers_Hackathon_April_2024/src/test/resources/features/12User3.feature:5)
]]>
    </error>
  </testcase> <!-- runScenario -->
  <system-out/>
  <testcase classname="runner.TestRunner" name="runScenario" time="2.184">
    <error message="Element &lt;button id=&quot;new&quot; class=&quot;p-button-rounded p-button-success p-button p-component&quot;&gt; is not clickable at point (1100,166) because another element &lt;div class=&quot;ng-tns-c132-3 p-dialog-mask p-component-overlay p-dialog-mask-scrollblocker ng-star-inserted&quot;&gt; obscures it
Build info: version: &#039;4.19.1&#039;, revision: &#039;abe0ee07dc&#039;
System info: os.name: &#039;Windows 11&#039;, os.arch: &#039;amd64&#039;, os.version: &#039;10.0&#039;, java.version: &#039;21.0.1&#039;
Driver info: org.openqa.selenium.firefox.FirefoxDriver
Command: [74c5334a-33a0-4808-8f96-73daed9146ae, clickElement {id=748d2da6-fd88-496a-88bf-8c7af43bbbd2}]
Capabilities {acceptInsecureCerts: true, browserName: firefox, browserVersion: 125.0.2, moz:accessibilityChecks: false, moz:buildID: 20240419144423, moz:debuggerAddress: 127.0.0.1:26460, moz:geckodriverVersion: 0.34.0, moz:headless: false, moz:platformVersion: 10.0, moz:processID: 37232, moz:profile: C:\Users\Deepthi\AppData\Lo..., moz:shutdownTimeout: 60000, moz:webdriverClick: true, moz:windowless: false, pageLoadStrategy: normal, platformName: windows, proxy: Proxy(), se:cdp: ws://127.0.0.1:26460/devtoo..., se:cdpVersion: 85.0, setWindowRect: true, strictFileInteractability: false, timeouts: {implicit: 0, pageLoad: 300000, script: 30000}, unhandledPromptBehavior: dismiss and notify, userAgent: Mozilla/5.0 (Windows NT 10....}
Element: [[FirefoxDriver: firefox on windows (74c5334a-33a0-4808-8f96-73daed9146ae)] -&gt; xpath: .//button[@label=&#039;A New Program&#039;]]
Session ID: 74c5334a-33a0-4808-8f96-73daed9146ae" type="org.openqa.selenium.ElementClickInterceptedException">
      <![CDATA[org.openqa.selenium.ElementClickInterceptedException: Element <button id="new" class="p-button-rounded p-button-success p-button p-component"> is not clickable at point (1100,166) because another element <div class="ng-tns-c132-3 p-dialog-mask p-component-overlay p-dialog-mask-scrollblocker ng-star-inserted"> obscures it
Build info: version: '4.19.1', revision: 'abe0ee07dc'
System info: os.name: 'Windows 11', os.arch: 'amd64', os.version: '10.0', java.version: '21.0.1'
Driver info: org.openqa.selenium.firefox.FirefoxDriver
Command: [74c5334a-33a0-4808-8f96-73daed9146ae, clickElement {id=748d2da6-fd88-496a-88bf-8c7af43bbbd2}]
Capabilities {acceptInsecureCerts: true, browserName: firefox, browserVersion: 125.0.2, moz:accessibilityChecks: false, moz:buildID: 20240419144423, moz:debuggerAddress: 127.0.0.1:26460, moz:geckodriverVersion: 0.34.0, moz:headless: false, moz:platformVersion: 10.0, moz:processID: 37232, moz:profile: C:\Users\Deepthi\AppData\Lo..., moz:shutdownTimeout: 60000, moz:webdriverClick: true, moz:windowless: false, pageLoadStrategy: normal, platformName: windows, proxy: Proxy(), se:cdp: ws://127.0.0.1:26460/devtoo..., se:cdpVersion: 85.0, setWindowRect: true, strictFileInteractability: false, timeouts: {implicit: 0, pageLoad: 300000, script: 30000}, unhandledPromptBehavior: dismiss and notify, userAgent: Mozilla/5.0 (Windows NT 10....}
Element: [[FirefoxDriver: firefox on windows (74c5334a-33a0-4808-8f96-73daed9146ae)] -> xpath: .//button[@label='A New Program']]
Session ID: 74c5334a-33a0-4808-8f96-73daed9146ae
at java.base/jdk.internal.reflect.DirectConstructorHandleAccessor.newInstance(DirectConstructorHandleAccessor.java:62)
at java.base/java.lang.reflect.Constructor.newInstanceWithCaller(Constructor.java:502)
at java.base/java.lang.reflect.Constructor.newInstance(Constructor.java:486)
at org.openqa.selenium.remote.ErrorCodec.decode(ErrorCodec.java:167)
at org.openqa.selenium.remote.codec.w3c.W3CHttpResponseCodec.decode(W3CHttpResponseCodec.java:138)
at org.openqa.selenium.remote.codec.w3c.W3CHttpResponseCodec.decode(W3CHttpResponseCodec.java:50)
at org.openqa.selenium.remote.HttpCommandExecutor.execute(HttpCommandExecutor.java:190)
at org.openqa.selenium.remote.service.DriverCommandExecutor.invokeExecute(DriverCommandExecutor.java:216)
at org.openqa.selenium.remote.service.DriverCommandExecutor.execute(DriverCommandExecutor.java:174)
at org.openqa.selenium.remote.RemoteWebDriver.execute(RemoteWebDriver.java:518)
at org.openqa.selenium.remote.RemoteWebElement.execute(RemoteWebElement.java:223)
at org.openqa.selenium.remote.RemoteWebElement.click(RemoteWebElement.java:76)
at pageObjects.AssignStudentPage.clickButton(AssignStudentPage.java:143)
at stepdefinitions.AssignStudent.admin_clicks_button(AssignStudent.java:40)
at ✽.Admin clicks "A New Program" button(file:///C:/Users/Deepthi/OneDrive/Documents/GitHub/Team3_Ninja_Hackers_Hackathon_April_2024/src/test/resources/features/04AddProgram.feature:5)
]]>
    </error>
  </testcase> <!-- runScenario -->
  <system-out/>
  <testcase classname="runner.TestRunner" name="runScenario" time="0.173">
    <error message="Unable to locate element: //button[@id=&#039;user&#039;]
For documentation on this error, please visit: https://www.selenium.dev/documentation/webdriver/troubleshooting/errors#no-such-element-exception
Build info: version: &#039;4.19.1&#039;, revision: &#039;abe0ee07dc&#039;
System info: os.name: &#039;Windows 11&#039;, os.arch: &#039;amd64&#039;, os.version: &#039;10.0&#039;, java.version: &#039;21.0.1&#039;
Driver info: org.openqa.selenium.firefox.FirefoxDriver
Command: [74c5334a-33a0-4808-8f96-73daed9146ae, findElement {using=xpath, value=//button[@id=&#039;user&#039;]}]
Capabilities {acceptInsecureCerts: true, browserName: firefox, browserVersion: 125.0.2, moz:accessibilityChecks: false, moz:buildID: 20240419144423, moz:debuggerAddress: 127.0.0.1:26460, moz:geckodriverVersion: 0.34.0, moz:headless: false, moz:platformVersion: 10.0, moz:processID: 37232, moz:profile: C:\Users\Deepthi\AppData\Lo..., moz:shutdownTimeout: 60000, moz:webdriverClick: true, moz:windowless: false, pageLoadStrategy: normal, platformName: windows, proxy: Proxy(), se:cdp: ws://127.0.0.1:26460/devtoo..., se:cdpVersion: 85.0, setWindowRect: true, strictFileInteractability: false, timeouts: {implicit: 0, pageLoad: 300000, script: 30000}, unhandledPromptBehavior: dismiss and notify, userAgent: Mozilla/5.0 (Windows NT 10....}
Session ID: 74c5334a-33a0-4808-8f96-73daed9146ae" type="org.openqa.selenium.NoSuchElementException">
      <![CDATA[org.openqa.selenium.NoSuchElementException: Unable to locate element: //button[@id='user']
For documentation on this error, please visit: https://www.selenium.dev/documentation/webdriver/troubleshooting/errors#no-such-element-exception
Build info: version: '4.19.1', revision: 'abe0ee07dc'
System info: os.name: 'Windows 11', os.arch: 'amd64', os.version: '10.0', java.version: '21.0.1'
Driver info: org.openqa.selenium.firefox.FirefoxDriver
Command: [74c5334a-33a0-4808-8f96-73daed9146ae, findElement {using=xpath, value=//button[@id='user']}]
Capabilities {acceptInsecureCerts: true, browserName: firefox, browserVersion: 125.0.2, moz:accessibilityChecks: false, moz:buildID: 20240419144423, moz:debuggerAddress: 127.0.0.1:26460, moz:geckodriverVersion: 0.34.0, moz:headless: false, moz:platformVersion: 10.0, moz:processID: 37232, moz:profile: C:\Users\Deepthi\AppData\Lo..., moz:shutdownTimeout: 60000, moz:webdriverClick: true, moz:windowless: false, pageLoadStrategy: normal, platformName: windows, proxy: Proxy(), se:cdp: ws://127.0.0.1:26460/devtoo..., se:cdpVersion: 85.0, setWindowRect: true, strictFileInteractability: false, timeouts: {implicit: 0, pageLoad: 300000, script: 30000}, unhandledPromptBehavior: dismiss and notify, userAgent: Mozilla/5.0 (Windows NT 10....}
Session ID: 74c5334a-33a0-4808-8f96-73daed9146ae
at java.base/jdk.internal.reflect.DirectConstructorHandleAccessor.newInstance(DirectConstructorHandleAccessor.java:62)
at java.base/java.lang.reflect.Constructor.newInstanceWithCaller(Constructor.java:502)
at java.base/java.lang.reflect.Constructor.newInstance(Constructor.java:486)
at org.openqa.selenium.remote.ErrorCodec.decode(ErrorCodec.java:167)
at org.openqa.selenium.remote.codec.w3c.W3CHttpResponseCodec.decode(W3CHttpResponseCodec.java:138)
at org.openqa.selenium.remote.codec.w3c.W3CHttpResponseCodec.decode(W3CHttpResponseCodec.java:50)
at org.openqa.selenium.remote.HttpCommandExecutor.execute(HttpCommandExecutor.java:190)
at org.openqa.selenium.remote.service.DriverCommandExecutor.invokeExecute(DriverCommandExecutor.java:216)
at org.openqa.selenium.remote.service.DriverCommandExecutor.execute(DriverCommandExecutor.java:174)
at org.openqa.selenium.remote.RemoteWebDriver.execute(RemoteWebDriver.java:518)
at org.openqa.selenium.remote.ElementLocation$ElementFinder$2.findElement(ElementLocation.java:165)
at org.openqa.selenium.remote.ElementLocation.findElement(ElementLocation.java:59)
at org.openqa.selenium.remote.RemoteWebDriver.findElement(RemoteWebDriver.java:355)
at org.openqa.selenium.remote.RemoteWebDriver.findElement(RemoteWebDriver.java:349)
at pageObjects.AssignStudentPage.isUserClicked(AssignStudentPage.java:60)
at stepdefinitions.AssignStudent.admin_clicks_from_navigation_bar(AssignStudent.java:27)
at ✽.Admin clicks "User" from navigation bar(file:///C:/Users/Deepthi/OneDrive/Documents/GitHub/Team3_Ninja_Hackers_Hackathon_April_2024/src/test/resources/features/09User.feature:23)
]]>
    </error>
  </testcase> <!-- runScenario -->
  <system-out/>
  <testcase classname="runner.TestRunner" name="runScenario" time="2.199">
    <error message="Element &lt;button id=&quot;new&quot; class=&quot;p-button-rounded p-button-success p-button p-component&quot;&gt; is not clickable at point (1100,166) because another element &lt;div class=&quot;ng-tns-c132-3 p-dialog-mask p-component-overlay p-dialog-mask-scrollblocker ng-star-inserted&quot;&gt; obscures it
Build info: version: &#039;4.19.1&#039;, revision: &#039;abe0ee07dc&#039;
System info: os.name: &#039;Windows 11&#039;, os.arch: &#039;amd64&#039;, os.version: &#039;10.0&#039;, java.version: &#039;21.0.1&#039;
Driver info: org.openqa.selenium.firefox.FirefoxDriver
Command: [74c5334a-33a0-4808-8f96-73daed9146ae, clickElement {id=748d2da6-fd88-496a-88bf-8c7af43bbbd2}]
Capabilities {acceptInsecureCerts: true, browserName: firefox, browserVersion: 125.0.2, moz:accessibilityChecks: false, moz:buildID: 20240419144423, moz:debuggerAddress: 127.0.0.1:26460, moz:geckodriverVersion: 0.34.0, moz:headless: false, moz:platformVersion: 10.0, moz:processID: 37232, moz:profile: C:\Users\Deepthi\AppData\Lo..., moz:shutdownTimeout: 60000, moz:webdriverClick: true, moz:windowless: false, pageLoadStrategy: normal, platformName: windows, proxy: Proxy(), se:cdp: ws://127.0.0.1:26460/devtoo..., se:cdpVersion: 85.0, setWindowRect: true, strictFileInteractability: false, timeouts: {implicit: 0, pageLoad: 300000, script: 30000}, unhandledPromptBehavior: dismiss and notify, userAgent: Mozilla/5.0 (Windows NT 10....}
Element: [[FirefoxDriver: firefox on windows (74c5334a-33a0-4808-8f96-73daed9146ae)] -&gt; xpath: .//button[@label=&#039;A New Program&#039;]]
Session ID: 74c5334a-33a0-4808-8f96-73daed9146ae" type="org.openqa.selenium.ElementClickInterceptedException">
      <![CDATA[org.openqa.selenium.ElementClickInterceptedException: Element <button id="new" class="p-button-rounded p-button-success p-button p-component"> is not clickable at point (1100,166) because another element <div class="ng-tns-c132-3 p-dialog-mask p-component-overlay p-dialog-mask-scrollblocker ng-star-inserted"> obscures it
Build info: version: '4.19.1', revision: 'abe0ee07dc'
System info: os.name: 'Windows 11', os.arch: 'amd64', os.version: '10.0', java.version: '21.0.1'
Driver info: org.openqa.selenium.firefox.FirefoxDriver
Command: [74c5334a-33a0-4808-8f96-73daed9146ae, clickElement {id=748d2da6-fd88-496a-88bf-8c7af43bbbd2}]
Capabilities {acceptInsecureCerts: true, browserName: firefox, browserVersion: 125.0.2, moz:accessibilityChecks: false, moz:buildID: 20240419144423, moz:debuggerAddress: 127.0.0.1:26460, moz:geckodriverVersion: 0.34.0, moz:headless: false, moz:platformVersion: 10.0, moz:processID: 37232, moz:profile: C:\Users\Deepthi\AppData\Lo..., moz:shutdownTimeout: 60000, moz:webdriverClick: true, moz:windowless: false, pageLoadStrategy: normal, platformName: windows, proxy: Proxy(), se:cdp: ws://127.0.0.1:26460/devtoo..., se:cdpVersion: 85.0, setWindowRect: true, strictFileInteractability: false, timeouts: {implicit: 0, pageLoad: 300000, script: 30000}, unhandledPromptBehavior: dismiss and notify, userAgent: Mozilla/5.0 (Windows NT 10....}
Element: [[FirefoxDriver: firefox on windows (74c5334a-33a0-4808-8f96-73daed9146ae)] -> xpath: .//button[@label='A New Program']]
Session ID: 74c5334a-33a0-4808-8f96-73daed9146ae
at java.base/jdk.internal.reflect.DirectConstructorHandleAccessor.newInstance(DirectConstructorHandleAccessor.java:62)
at java.base/java.lang.reflect.Constructor.newInstanceWithCaller(Constructor.java:502)
at java.base/java.lang.reflect.Constructor.newInstance(Constructor.java:486)
at org.openqa.selenium.remote.ErrorCodec.decode(ErrorCodec.java:167)
at org.openqa.selenium.remote.codec.w3c.W3CHttpResponseCodec.decode(W3CHttpResponseCodec.java:138)
at org.openqa.selenium.remote.codec.w3c.W3CHttpResponseCodec.decode(W3CHttpResponseCodec.java:50)
at org.openqa.selenium.remote.HttpCommandExecutor.execute(HttpCommandExecutor.java:190)
at org.openqa.selenium.remote.service.DriverCommandExecutor.invokeExecute(DriverCommandExecutor.java:216)
at org.openqa.selenium.remote.service.DriverCommandExecutor.execute(DriverCommandExecutor.java:174)
at org.openqa.selenium.remote.RemoteWebDriver.execute(RemoteWebDriver.java:518)
at org.openqa.selenium.remote.RemoteWebElement.execute(RemoteWebElement.java:223)
at org.openqa.selenium.remote.RemoteWebElement.click(RemoteWebElement.java:76)
at pageObjects.AssignStudentPage.clickButton(AssignStudentPage.java:143)
at stepdefinitions.AssignStudent.admin_clicks_button(AssignStudent.java:40)
at ✽.Admin clicks "A New Program" button(file:///C:/Users/Deepthi/OneDrive/Documents/GitHub/Team3_Ninja_Hackers_Hackathon_April_2024/src/test/resources/features/04AddProgram.feature:5)
]]>
    </error>
  </testcase> <!-- runScenario -->
  <system-out/>
  <testcase classname="runner.TestRunner" name="runScenario" time="1.234">
    <failure message="expected [true] but found [false]" type="java.lang.AssertionError">
      <![CDATA[java.lang.AssertionError: expected [true] but found [false]
at org.testng.Assert.fail(Assert.java:99)
at org.testng.Assert.failNotEquals(Assert.java:1037)
at org.testng.Assert.assertEqualsImpl(Assert.java:140)
at org.testng.Assert.assertEquals(Assert.java:122)
at org.testng.Assert.assertEquals(Assert.java:819)
at org.testng.Assert.assertEquals(Assert.java:829)
at stepdefinitions.AssignStudent.admin_clicks_from_navigation_bar(AssignStudent.java:27)
at ✽.Admin clicks "Batch" from navigation bar(file:///C:/Users/Deepthi/OneDrive/Documents/GitHub/Team3_Ninja_Hackers_Hackathon_April_2024/src/test/resources/features/07Batch.feature:23)
]]>
    </failure>
  </testcase> <!-- runScenario -->
  <system-out/>
  <testcase classname="runner.TestRunner" name="runScenario" time="0.095">
    <error message="Unable to locate element: //button[@id=&#039;user&#039;]
For documentation on this error, please visit: https://www.selenium.dev/documentation/webdriver/troubleshooting/errors#no-such-element-exception
Build info: version: &#039;4.19.1&#039;, revision: &#039;abe0ee07dc&#039;
System info: os.name: &#039;Windows 11&#039;, os.arch: &#039;amd64&#039;, os.version: &#039;10.0&#039;, java.version: &#039;21.0.1&#039;
Driver info: org.openqa.selenium.firefox.FirefoxDriver
Command: [74c5334a-33a0-4808-8f96-73daed9146ae, findElement {using=xpath, value=//button[@id=&#039;user&#039;]}]
Capabilities {acceptInsecureCerts: true, browserName: firefox, browserVersion: 125.0.2, moz:accessibilityChecks: false, moz:buildID: 20240419144423, moz:debuggerAddress: 127.0.0.1:26460, moz:geckodriverVersion: 0.34.0, moz:headless: false, moz:platformVersion: 10.0, moz:processID: 37232, moz:profile: C:\Users\Deepthi\AppData\Lo..., moz:shutdownTimeout: 60000, moz:webdriverClick: true, moz:windowless: false, pageLoadStrategy: normal, platformName: windows, proxy: Proxy(), se:cdp: ws://127.0.0.1:26460/devtoo..., se:cdpVersion: 85.0, setWindowRect: true, strictFileInteractability: false, timeouts: {implicit: 0, pageLoad: 300000, script: 30000}, unhandledPromptBehavior: dismiss and notify, userAgent: Mozilla/5.0 (Windows NT 10....}
Session ID: 74c5334a-33a0-4808-8f96-73daed9146ae" type="org.openqa.selenium.NoSuchElementException">
      <![CDATA[org.openqa.selenium.NoSuchElementException: Unable to locate element: //button[@id='user']
For documentation on this error, please visit: https://www.selenium.dev/documentation/webdriver/troubleshooting/errors#no-such-element-exception
Build info: version: '4.19.1', revision: 'abe0ee07dc'
System info: os.name: 'Windows 11', os.arch: 'amd64', os.version: '10.0', java.version: '21.0.1'
Driver info: org.openqa.selenium.firefox.FirefoxDriver
Command: [74c5334a-33a0-4808-8f96-73daed9146ae, findElement {using=xpath, value=//button[@id='user']}]
Capabilities {acceptInsecureCerts: true, browserName: firefox, browserVersion: 125.0.2, moz:accessibilityChecks: false, moz:buildID: 20240419144423, moz:debuggerAddress: 127.0.0.1:26460, moz:geckodriverVersion: 0.34.0, moz:headless: false, moz:platformVersion: 10.0, moz:processID: 37232, moz:profile: C:\Users\Deepthi\AppData\Lo..., moz:shutdownTimeout: 60000, moz:webdriverClick: true, moz:windowless: false, pageLoadStrategy: normal, platformName: windows, proxy: Proxy(), se:cdp: ws://127.0.0.1:26460/devtoo..., se:cdpVersion: 85.0, setWindowRect: true, strictFileInteractability: false, timeouts: {implicit: 0, pageLoad: 300000, script: 30000}, unhandledPromptBehavior: dismiss and notify, userAgent: Mozilla/5.0 (Windows NT 10....}
Session ID: 74c5334a-33a0-4808-8f96-73daed9146ae
at java.base/jdk.internal.reflect.DirectConstructorHandleAccessor.newInstance(DirectConstructorHandleAccessor.java:62)
at java.base/java.lang.reflect.Constructor.newInstanceWithCaller(Constructor.java:502)
at java.base/java.lang.reflect.Constructor.newInstance(Constructor.java:486)
at org.openqa.selenium.remote.ErrorCodec.decode(ErrorCodec.java:167)
at org.openqa.selenium.remote.codec.w3c.W3CHttpResponseCodec.decode(W3CHttpResponseCodec.java:138)
at org.openqa.selenium.remote.codec.w3c.W3CHttpResponseCodec.decode(W3CHttpResponseCodec.java:50)
at org.openqa.selenium.remote.HttpCommandExecutor.execute(HttpCommandExecutor.java:190)
at org.openqa.selenium.remote.service.DriverCommandExecutor.invokeExecute(DriverCommandExecutor.java:216)
at org.openqa.selenium.remote.service.DriverCommandExecutor.execute(DriverCommandExecutor.java:174)
at org.openqa.selenium.remote.RemoteWebDriver.execute(RemoteWebDriver.java:518)
at org.openqa.selenium.remote.ElementLocation$ElementFinder$2.findElement(ElementLocation.java:165)
at org.openqa.selenium.remote.ElementLocation.findElement(ElementLocation.java:59)
at org.openqa.selenium.remote.RemoteWebDriver.findElement(RemoteWebDriver.java:355)
at org.openqa.selenium.remote.RemoteWebDriver.findElement(RemoteWebDriver.java:349)
at pageObjects.AssignStudentPage.isUserClicked(AssignStudentPage.java:60)
at stepdefinitions.AssignStudent.admin_clicks_from_navigation_bar(AssignStudent.java:27)
at ✽.Admin clicks "User" from navigation bar(file:///C:/Users/Deepthi/OneDrive/Documents/GitHub/Team3_Ninja_Hackers_Hackathon_April_2024/src/test/resources/features/09User.feature:17)
]]>
    </error>
  </testcase> <!-- runScenario -->
  <system-out/>
  <testcase classname="runner.TestRunner" name="runScenario" time="0.532"/>
  <system-out/>
  <testcase classname="runner.TestRunner" name="runScenario" time="2.281"/>
  <system-out/>
  <testcase classname="runner.TestRunner" name="runScenario" time="0.162">
    <error message="Unable to locate element: //button[@id=&#039;user&#039;]
For documentation on this error, please visit: https://www.selenium.dev/documentation/webdriver/troubleshooting/errors#no-such-element-exception
Build info: version: &#039;4.19.1&#039;, revision: &#039;abe0ee07dc&#039;
System info: os.name: &#039;Windows 11&#039;, os.arch: &#039;amd64&#039;, os.version: &#039;10.0&#039;, java.version: &#039;21.0.1&#039;
Driver info: org.openqa.selenium.firefox.FirefoxDriver
Command: [74c5334a-33a0-4808-8f96-73daed9146ae, findElement {using=xpath, value=//button[@id=&#039;user&#039;]}]
Capabilities {acceptInsecureCerts: true, browserName: firefox, browserVersion: 125.0.2, moz:accessibilityChecks: false, moz:buildID: 20240419144423, moz:debuggerAddress: 127.0.0.1:26460, moz:geckodriverVersion: 0.34.0, moz:headless: false, moz:platformVersion: 10.0, moz:processID: 37232, moz:profile: C:\Users\Deepthi\AppData\Lo..., moz:shutdownTimeout: 60000, moz:webdriverClick: true, moz:windowless: false, pageLoadStrategy: normal, platformName: windows, proxy: Proxy(), se:cdp: ws://127.0.0.1:26460/devtoo..., se:cdpVersion: 85.0, setWindowRect: true, strictFileInteractability: false, timeouts: {implicit: 0, pageLoad: 300000, script: 30000}, unhandledPromptBehavior: dismiss and notify, userAgent: Mozilla/5.0 (Windows NT 10....}
Session ID: 74c5334a-33a0-4808-8f96-73daed9146ae" type="org.openqa.selenium.NoSuchElementException">
      <![CDATA[org.openqa.selenium.NoSuchElementException: Unable to locate element: //button[@id='user']
For documentation on this error, please visit: https://www.selenium.dev/documentation/webdriver/troubleshooting/errors#no-such-element-exception
Build info: version: '4.19.1', revision: 'abe0ee07dc'
System info: os.name: 'Windows 11', os.arch: 'amd64', os.version: '10.0', java.version: '21.0.1'
Driver info: org.openqa.selenium.firefox.FirefoxDriver
Command: [74c5334a-33a0-4808-8f96-73daed9146ae, findElement {using=xpath, value=//button[@id='user']}]
Capabilities {acceptInsecureCerts: true, browserName: firefox, browserVersion: 125.0.2, moz:accessibilityChecks: false, moz:buildID: 20240419144423, moz:debuggerAddress: 127.0.0.1:26460, moz:geckodriverVersion: 0.34.0, moz:headless: false, moz:platformVersion: 10.0, moz:processID: 37232, moz:profile: C:\Users\Deepthi\AppData\Lo..., moz:shutdownTimeout: 60000, moz:webdriverClick: true, moz:windowless: false, pageLoadStrategy: normal, platformName: windows, proxy: Proxy(), se:cdp: ws://127.0.0.1:26460/devtoo..., se:cdpVersion: 85.0, setWindowRect: true, strictFileInteractability: false, timeouts: {implicit: 0, pageLoad: 300000, script: 30000}, unhandledPromptBehavior: dismiss and notify, userAgent: Mozilla/5.0 (Windows NT 10....}
Session ID: 74c5334a-33a0-4808-8f96-73daed9146ae
at java.base/jdk.internal.reflect.DirectConstructorHandleAccessor.newInstance(DirectConstructorHandleAccessor.java:62)
at java.base/java.lang.reflect.Constructor.newInstanceWithCaller(Constructor.java:502)
at java.base/java.lang.reflect.Constructor.newInstance(Constructor.java:486)
at org.openqa.selenium.remote.ErrorCodec.decode(ErrorCodec.java:167)
at org.openqa.selenium.remote.codec.w3c.W3CHttpResponseCodec.decode(W3CHttpResponseCodec.java:138)
at org.openqa.selenium.remote.codec.w3c.W3CHttpResponseCodec.decode(W3CHttpResponseCodec.java:50)
at org.openqa.selenium.remote.HttpCommandExecutor.execute(HttpCommandExecutor.java:190)
at org.openqa.selenium.remote.service.DriverCommandExecutor.invokeExecute(DriverCommandExecutor.java:216)
at org.openqa.selenium.remote.service.DriverCommandExecutor.execute(DriverCommandExecutor.java:174)
at org.openqa.selenium.remote.RemoteWebDriver.execute(RemoteWebDriver.java:518)
at org.openqa.selenium.remote.ElementLocation$ElementFinder$2.findElement(ElementLocation.java:165)
at org.openqa.selenium.remote.ElementLocation.findElement(ElementLocation.java:59)
at org.openqa.selenium.remote.RemoteWebDriver.findElement(RemoteWebDriver.java:355)
at org.openqa.selenium.remote.RemoteWebDriver.findElement(RemoteWebDriver.java:349)
at pageObjects.AssignStudentPage.isUserClicked(AssignStudentPage.java:60)
at stepdefinitions.AssignStudent.admin_clicks_from_navigation_bar(AssignStudent.java:27)
at ✽.Admin clicks "User" from navigation bar(file:///C:/Users/Deepthi/OneDrive/Documents/GitHub/Team3_Ninja_Hackers_Hackathon_April_2024/src/test/resources/features/09User.feature:60)
]]>
    </error>
  </testcase> <!-- runScenario -->
  <system-out/>
  <testcase classname="runner.TestRunner" name="runScenario" time="0.476"/>
  <system-out/>
  <testcase classname="runner.TestRunner" name="runScenario" time="0.968"/>
  <system-out/>
  <testcase classname="runner.TestRunner" name="runScenario" time="8.523"/>
  <system-out/>
  <testcase classname="runner.TestRunner" name="runScenario" time="0.127">
    <error message="Unable to locate element: //button[@id=&#039;new&#039;]
For documentation on this error, please visit: https://www.selenium.dev/documentation/webdriver/troubleshooting/errors#no-such-element-exception
Build info: version: &#039;4.19.1&#039;, revision: &#039;abe0ee07dc&#039;
System info: os.name: &#039;Windows 11&#039;, os.arch: &#039;amd64&#039;, os.version: &#039;10.0&#039;, java.version: &#039;21.0.1&#039;
Driver info: org.openqa.selenium.firefox.FirefoxDriver
Command: [74c5334a-33a0-4808-8f96-73daed9146ae, findElement {using=xpath, value=//button[@id=&#039;new&#039;]}]
Capabilities {acceptInsecureCerts: true, browserName: firefox, browserVersion: 125.0.2, moz:accessibilityChecks: false, moz:buildID: 20240419144423, moz:debuggerAddress: 127.0.0.1:26460, moz:geckodriverVersion: 0.34.0, moz:headless: false, moz:platformVersion: 10.0, moz:processID: 37232, moz:profile: C:\Users\Deepthi\AppData\Lo..., moz:shutdownTimeout: 60000, moz:webdriverClick: true, moz:windowless: false, pageLoadStrategy: normal, platformName: windows, proxy: Proxy(), se:cdp: ws://127.0.0.1:26460/devtoo..., se:cdpVersion: 85.0, setWindowRect: true, strictFileInteractability: false, timeouts: {implicit: 0, pageLoad: 300000, script: 30000}, unhandledPromptBehavior: dismiss and notify, userAgent: Mozilla/5.0 (Windows NT 10....}
Session ID: 74c5334a-33a0-4808-8f96-73daed9146ae" type="org.openqa.selenium.NoSuchElementException">
      <![CDATA[org.openqa.selenium.NoSuchElementException: Unable to locate element: //button[@id='new']
For documentation on this error, please visit: https://www.selenium.dev/documentation/webdriver/troubleshooting/errors#no-such-element-exception
Build info: version: '4.19.1', revision: 'abe0ee07dc'
System info: os.name: 'Windows 11', os.arch: 'amd64', os.version: '10.0', java.version: '21.0.1'
Driver info: org.openqa.selenium.firefox.FirefoxDriver
Command: [74c5334a-33a0-4808-8f96-73daed9146ae, findElement {using=xpath, value=//button[@id='new']}]
Capabilities {acceptInsecureCerts: true, browserName: firefox, browserVersion: 125.0.2, moz:accessibilityChecks: false, moz:buildID: 20240419144423, moz:debuggerAddress: 127.0.0.1:26460, moz:geckodriverVersion: 0.34.0, moz:headless: false, moz:platformVersion: 10.0, moz:processID: 37232, moz:profile: C:\Users\Deepthi\AppData\Lo..., moz:shutdownTimeout: 60000, moz:webdriverClick: true, moz:windowless: false, pageLoadStrategy: normal, platformName: windows, proxy: Proxy(), se:cdp: ws://127.0.0.1:26460/devtoo..., se:cdpVersion: 85.0, setWindowRect: true, strictFileInteractability: false, timeouts: {implicit: 0, pageLoad: 300000, script: 30000}, unhandledPromptBehavior: dismiss and notify, userAgent: Mozilla/5.0 (Windows NT 10....}
Session ID: 74c5334a-33a0-4808-8f96-73daed9146ae
at java.base/jdk.internal.reflect.DirectConstructorHandleAccessor.newInstance(DirectConstructorHandleAccessor.java:62)
at java.base/java.lang.reflect.Constructor.newInstanceWithCaller(Constructor.java:502)
at java.base/java.lang.reflect.Constructor.newInstance(Constructor.java:486)
at org.openqa.selenium.remote.ErrorCodec.decode(ErrorCodec.java:167)
at org.openqa.selenium.remote.codec.w3c.W3CHttpResponseCodec.decode(W3CHttpResponseCodec.java:138)
at org.openqa.selenium.remote.codec.w3c.W3CHttpResponseCodec.decode(W3CHttpResponseCodec.java:50)
at org.openqa.selenium.remote.HttpCommandExecutor.execute(HttpCommandExecutor.java:190)
at org.openqa.selenium.remote.service.DriverCommandExecutor.invokeExecute(DriverCommandExecutor.java:216)
at org.openqa.selenium.remote.service.DriverCommandExecutor.execute(DriverCommandExecutor.java:174)
at org.openqa.selenium.remote.RemoteWebDriver.execute(RemoteWebDriver.java:518)
at org.openqa.selenium.remote.ElementLocation$ElementFinder$2.findElement(ElementLocation.java:165)
at org.openqa.selenium.remote.ElementLocation.findElement(ElementLocation.java:59)
at org.openqa.selenium.remote.RemoteWebDriver.findElement(RemoteWebDriver.java:355)
at org.openqa.selenium.remote.RemoteWebDriver.findElement(RemoteWebDriver.java:349)
at pageObjects.UserPage.openNewUserIcon(UserPage.java:208)
at stepdefinitions.User.admin_is_on_user_details_pop_up(User.java:156)
at ✽.Admin is on  User details pop up(file:///C:/Users/Deepthi/OneDrive/Documents/GitHub/Team3_Ninja_Hackers_Hackathon_April_2024/src/test/resources/features/11User2.feature:43)
]]>
    </error>
  </testcase> <!-- runScenario -->
  <system-out/>
  <testcase classname="runner.TestRunner" name="runScenario" time="1.297">
    <failure message="expected [true] but found [false]" type="java.lang.AssertionError">
      <![CDATA[java.lang.AssertionError: expected [true] but found [false]
at org.testng.Assert.fail(Assert.java:99)
at org.testng.Assert.failNotEquals(Assert.java:1037)
at org.testng.Assert.assertEqualsImpl(Assert.java:140)
at org.testng.Assert.assertEquals(Assert.java:122)
at org.testng.Assert.assertEquals(Assert.java:819)
at org.testng.Assert.assertEquals(Assert.java:829)
at stepdefinitions.AssignStudent.admin_clicks_from_navigation_bar(AssignStudent.java:27)
at ✽.Admin clicks "Batch" from navigation bar(file:///C:/Users/Deepthi/OneDrive/Documents/GitHub/Team3_Ninja_Hackers_Hackathon_April_2024/src/test/resources/features/07Batch.feature:34)
]]>
    </failure>
  </testcase> <!-- runScenario -->
  <system-out/>
  <testcase classname="runner.TestRunner" name="runScenario" time="1.488"/>
  <system-out/>
  <testcase classname="runner.TestRunner" name="runScenario" time="0.126">
    <error message="Unable to locate element: .box
For documentation on this error, please visit: https://www.selenium.dev/documentation/webdriver/troubleshooting/errors#no-such-element-exception
Build info: version: &#039;4.19.1&#039;, revision: &#039;abe0ee07dc&#039;
System info: os.name: &#039;Windows 11&#039;, os.arch: &#039;amd64&#039;, os.version: &#039;10.0&#039;, java.version: &#039;21.0.1&#039;
Driver info: org.openqa.selenium.firefox.FirefoxDriver
Command: [74c5334a-33a0-4808-8f96-73daed9146ae, findElement {using=class name, value=box}]
Capabilities {acceptInsecureCerts: true, browserName: firefox, browserVersion: 125.0.2, moz:accessibilityChecks: false, moz:buildID: 20240419144423, moz:debuggerAddress: 127.0.0.1:26460, moz:geckodriverVersion: 0.34.0, moz:headless: false, moz:platformVersion: 10.0, moz:processID: 37232, moz:profile: C:\Users\Deepthi\AppData\Lo..., moz:shutdownTimeout: 60000, moz:webdriverClick: true, moz:windowless: false, pageLoadStrategy: normal, platformName: windows, proxy: Proxy(), se:cdp: ws://127.0.0.1:26460/devtoo..., se:cdpVersion: 85.0, setWindowRect: true, strictFileInteractability: false, timeouts: {implicit: 0, pageLoad: 300000, script: 30000}, unhandledPromptBehavior: dismiss and notify, userAgent: Mozilla/5.0 (Windows NT 10....}
Session ID: 74c5334a-33a0-4808-8f96-73daed9146ae" type="org.openqa.selenium.NoSuchElementException">
      <![CDATA[org.openqa.selenium.NoSuchElementException: Unable to locate element: .box
For documentation on this error, please visit: https://www.selenium.dev/documentation/webdriver/troubleshooting/errors#no-such-element-exception
Build info: version: '4.19.1', revision: 'abe0ee07dc'
System info: os.name: 'Windows 11', os.arch: 'amd64', os.version: '10.0', java.version: '21.0.1'
Driver info: org.openqa.selenium.firefox.FirefoxDriver
Command: [74c5334a-33a0-4808-8f96-73daed9146ae, findElement {using=class name, value=box}]
Capabilities {acceptInsecureCerts: true, browserName: firefox, browserVersion: 125.0.2, moz:accessibilityChecks: false, moz:buildID: 20240419144423, moz:debuggerAddress: 127.0.0.1:26460, moz:geckodriverVersion: 0.34.0, moz:headless: false, moz:platformVersion: 10.0, moz:processID: 37232, moz:profile: C:\Users\Deepthi\AppData\Lo..., moz:shutdownTimeout: 60000, moz:webdriverClick: true, moz:windowless: false, pageLoadStrategy: normal, platformName: windows, proxy: Proxy(), se:cdp: ws://127.0.0.1:26460/devtoo..., se:cdpVersion: 85.0, setWindowRect: true, strictFileInteractability: false, timeouts: {implicit: 0, pageLoad: 300000, script: 30000}, unhandledPromptBehavior: dismiss and notify, userAgent: Mozilla/5.0 (Windows NT 10....}
Session ID: 74c5334a-33a0-4808-8f96-73daed9146ae
at java.base/jdk.internal.reflect.DirectConstructorHandleAccessor.newInstance(DirectConstructorHandleAccessor.java:62)
at java.base/java.lang.reflect.Constructor.newInstanceWithCaller(Constructor.java:502)
at java.base/java.lang.reflect.Constructor.newInstance(Constructor.java:486)
at org.openqa.selenium.remote.ErrorCodec.decode(ErrorCodec.java:167)
at org.openqa.selenium.remote.codec.w3c.W3CHttpResponseCodec.decode(W3CHttpResponseCodec.java:138)
at org.openqa.selenium.remote.codec.w3c.W3CHttpResponseCodec.decode(W3CHttpResponseCodec.java:50)
at org.openqa.selenium.remote.HttpCommandExecutor.execute(HttpCommandExecutor.java:190)
at org.openqa.selenium.remote.service.DriverCommandExecutor.invokeExecute(DriverCommandExecutor.java:216)
at org.openqa.selenium.remote.service.DriverCommandExecutor.execute(DriverCommandExecutor.java:174)
at org.openqa.selenium.remote.RemoteWebDriver.execute(RemoteWebDriver.java:518)
at org.openqa.selenium.remote.ElementLocation$ElementFinder$2.findElement(ElementLocation.java:165)
at org.openqa.selenium.remote.ElementLocation.findElement(ElementLocation.java:59)
at org.openqa.selenium.remote.RemoteWebDriver.findElement(RemoteWebDriver.java:355)
at org.openqa.selenium.remote.RemoteWebDriver.findElement(RemoteWebDriver.java:349)
at pageObjects.UserPage.manageUser(UserPage.java:54)
at stepdefinitions.User.admin_is_on_manage_user_page(User.java:108)
at ✽.Admin is on Manage User Page(file:///C:/Users/Deepthi/OneDrive/Documents/GitHub/Team3_Ninja_Hackers_Hackathon_April_2024/src/test/resources/features/11User2.feature:25)
]]>
    </error>
  </testcase> <!-- runScenario -->
  <system-out/>
  <testcase classname="runner.TestRunner" name="runScenario" time="1.879"/>
  <system-out/>
  <testcase classname="runner.TestRunner" name="runScenario" time="1.329">
    <failure message="expected [true] but found [false]" type="java.lang.AssertionError">
      <![CDATA[java.lang.AssertionError: expected [true] but found [false]
at org.testng.Assert.fail(Assert.java:99)
at org.testng.Assert.failNotEquals(Assert.java:1037)
at org.testng.Assert.assertEqualsImpl(Assert.java:140)
at org.testng.Assert.assertEquals(Assert.java:122)
at org.testng.Assert.assertEquals(Assert.java:819)
at org.testng.Assert.assertEquals(Assert.java:829)
at stepdefinitions.AssignStudent.admin_clicks_from_navigation_bar(AssignStudent.java:27)
at ✽.Admin clicks "Batch" from navigation bar(file:///C:/Users/Deepthi/OneDrive/Documents/GitHub/Team3_Ninja_Hackers_Hackathon_April_2024/src/test/resources/features/07Batch.feature:29)
]]>
    </failure>
  </testcase> <!-- runScenario -->
  <system-out/>
  <testcase classname="runner.TestRunner" name="runScenario" time="1.169">
    <failure message="expected [true] but found [false]" type="java.lang.AssertionError">
      <![CDATA[java.lang.AssertionError: expected [true] but found [false]
at org.testng.Assert.fail(Assert.java:99)
at org.testng.Assert.failNotEquals(Assert.java:1037)
at org.testng.Assert.assertEqualsImpl(Assert.java:140)
at org.testng.Assert.assertEquals(Assert.java:122)
at org.testng.Assert.assertEquals(Assert.java:819)
at org.testng.Assert.assertEquals(Assert.java:829)
at stepdefinitions.AssignStudent.admin_clicks_from_navigation_bar(AssignStudent.java:27)
at ✽.Admin clicks "Batch" from navigation bar(file:///C:/Users/Deepthi/OneDrive/Documents/GitHub/Team3_Ninja_Hackers_Hackathon_April_2024/src/test/resources/features/07Batch.feature:17)
]]>
    </failure>
  </testcase> <!-- runScenario -->
  <system-out/>
  <testcase classname="runner.TestRunner" name="runScenario" time="0.942">
    <error message="Unable to locate element: //tbody[@class=&#039;p-datatable-tbody&#039;]/tr/td[2]
For documentation on this error, please visit: https://www.selenium.dev/documentation/webdriver/troubleshooting/errors#no-such-element-exception
Build info: version: &#039;4.19.1&#039;, revision: &#039;abe0ee07dc&#039;
System info: os.name: &#039;Windows 11&#039;, os.arch: &#039;amd64&#039;, os.version: &#039;10.0&#039;, java.version: &#039;21.0.1&#039;
Driver info: org.openqa.selenium.firefox.FirefoxDriver
Command: [74c5334a-33a0-4808-8f96-73daed9146ae, findElement {using=xpath, value=//tbody[@class=&#039;p-datatable-tbody&#039;]/tr/td[2]}]
Capabilities {acceptInsecureCerts: true, browserName: firefox, browserVersion: 125.0.2, moz:accessibilityChecks: false, moz:buildID: 20240419144423, moz:debuggerAddress: 127.0.0.1:26460, moz:geckodriverVersion: 0.34.0, moz:headless: false, moz:platformVersion: 10.0, moz:processID: 37232, moz:profile: C:\Users\Deepthi\AppData\Lo..., moz:shutdownTimeout: 60000, moz:webdriverClick: true, moz:windowless: false, pageLoadStrategy: normal, platformName: windows, proxy: Proxy(), se:cdp: ws://127.0.0.1:26460/devtoo..., se:cdpVersion: 85.0, setWindowRect: true, strictFileInteractability: false, timeouts: {implicit: 0, pageLoad: 300000, script: 30000}, unhandledPromptBehavior: dismiss and notify, userAgent: Mozilla/5.0 (Windows NT 10....}
Session ID: 74c5334a-33a0-4808-8f96-73daed9146ae" type="org.openqa.selenium.NoSuchElementException">
      <![CDATA[org.openqa.selenium.NoSuchElementException: Unable to locate element: //tbody[@class='p-datatable-tbody']/tr/td[2]
For documentation on this error, please visit: https://www.selenium.dev/documentation/webdriver/troubleshooting/errors#no-such-element-exception
Build info: version: '4.19.1', revision: 'abe0ee07dc'
System info: os.name: 'Windows 11', os.arch: 'amd64', os.version: '10.0', java.version: '21.0.1'
Driver info: org.openqa.selenium.firefox.FirefoxDriver
Command: [74c5334a-33a0-4808-8f96-73daed9146ae, findElement {using=xpath, value=//tbody[@class='p-datatable-tbody']/tr/td[2]}]
Capabilities {acceptInsecureCerts: true, browserName: firefox, browserVersion: 125.0.2, moz:accessibilityChecks: false, moz:buildID: 20240419144423, moz:debuggerAddress: 127.0.0.1:26460, moz:geckodriverVersion: 0.34.0, moz:headless: false, moz:platformVersion: 10.0, moz:processID: 37232, moz:profile: C:\Users\Deepthi\AppData\Lo..., moz:shutdownTimeout: 60000, moz:webdriverClick: true, moz:windowless: false, pageLoadStrategy: normal, platformName: windows, proxy: Proxy(), se:cdp: ws://127.0.0.1:26460/devtoo..., se:cdpVersion: 85.0, setWindowRect: true, strictFileInteractability: false, timeouts: {implicit: 0, pageLoad: 300000, script: 30000}, unhandledPromptBehavior: dismiss and notify, userAgent: Mozilla/5.0 (Windows NT 10....}
Session ID: 74c5334a-33a0-4808-8f96-73daed9146ae
at java.base/jdk.internal.reflect.DirectConstructorHandleAccessor.newInstance(DirectConstructorHandleAccessor.java:62)
at java.base/java.lang.reflect.Constructor.newInstanceWithCaller(Constructor.java:502)
at java.base/java.lang.reflect.Constructor.newInstance(Constructor.java:486)
at org.openqa.selenium.remote.ErrorCodec.decode(ErrorCodec.java:167)
at org.openqa.selenium.remote.codec.w3c.W3CHttpResponseCodec.decode(W3CHttpResponseCodec.java:138)
at org.openqa.selenium.remote.codec.w3c.W3CHttpResponseCodec.decode(W3CHttpResponseCodec.java:50)
at org.openqa.selenium.remote.HttpCommandExecutor.execute(HttpCommandExecutor.java:190)
at org.openqa.selenium.remote.service.DriverCommandExecutor.invokeExecute(DriverCommandExecutor.java:216)
at org.openqa.selenium.remote.service.DriverCommandExecutor.execute(DriverCommandExecutor.java:174)
at org.openqa.selenium.remote.RemoteWebDriver.execute(RemoteWebDriver.java:518)
at org.openqa.selenium.remote.ElementLocation$ElementFinder$2.findElement(ElementLocation.java:165)
at org.openqa.selenium.remote.ElementLocation.findElement(ElementLocation.java:59)
at org.openqa.selenium.remote.RemoteWebDriver.findElement(RemoteWebDriver.java:355)
at org.openqa.selenium.remote.RemoteWebDriver.findElement(RemoteWebDriver.java:349)
at pageObjects.ManageProgramDelete.getDeleteRecordText(ManageProgramDelete.java:128)
at stepdefinitions.ManageProgramDeleteDefinition.admin_is_on_confirm_deletion_alerrt(ManageProgramDeleteDefinition.java:116)
at ✽.Admin is on confirm Deletion alert(file:///C:/Users/Deepthi/OneDrive/Documents/GitHub/Team3_Ninja_Hackers_Hackathon_April_2024/src/test/resources/features/16ManageProgramDelete.feature:56)
]]>
    </error>
  </testcase> <!-- runScenario -->
  <system-out/>
  <testcase classname="runner.TestRunner" name="runScenario" time="1.549"/>
  <system-out/>
  <testcase classname="runner.TestRunner" name="runScenario" time="0.108">
    <error message="Unable to locate element: //button[@id=&#039;user&#039;]
For documentation on this error, please visit: https://www.selenium.dev/documentation/webdriver/troubleshooting/errors#no-such-element-exception
Build info: version: &#039;4.19.1&#039;, revision: &#039;abe0ee07dc&#039;
System info: os.name: &#039;Windows 11&#039;, os.arch: &#039;amd64&#039;, os.version: &#039;10.0&#039;, java.version: &#039;21.0.1&#039;
Driver info: org.openqa.selenium.firefox.FirefoxDriver
Command: [74c5334a-33a0-4808-8f96-73daed9146ae, findElement {using=xpath, value=//button[@id=&#039;user&#039;]}]
Capabilities {acceptInsecureCerts: true, browserName: firefox, browserVersion: 125.0.2, moz:accessibilityChecks: false, moz:buildID: 20240419144423, moz:debuggerAddress: 127.0.0.1:26460, moz:geckodriverVersion: 0.34.0, moz:headless: false, moz:platformVersion: 10.0, moz:processID: 37232, moz:profile: C:\Users\Deepthi\AppData\Lo..., moz:shutdownTimeout: 60000, moz:webdriverClick: true, moz:windowless: false, pageLoadStrategy: normal, platformName: windows, proxy: Proxy(), se:cdp: ws://127.0.0.1:26460/devtoo..., se:cdpVersion: 85.0, setWindowRect: true, strictFileInteractability: false, timeouts: {implicit: 0, pageLoad: 300000, script: 30000}, unhandledPromptBehavior: dismiss and notify, userAgent: Mozilla/5.0 (Windows NT 10....}
Session ID: 74c5334a-33a0-4808-8f96-73daed9146ae" type="org.openqa.selenium.NoSuchElementException">
      <![CDATA[org.openqa.selenium.NoSuchElementException: Unable to locate element: //button[@id='user']
For documentation on this error, please visit: https://www.selenium.dev/documentation/webdriver/troubleshooting/errors#no-such-element-exception
Build info: version: '4.19.1', revision: 'abe0ee07dc'
System info: os.name: 'Windows 11', os.arch: 'amd64', os.version: '10.0', java.version: '21.0.1'
Driver info: org.openqa.selenium.firefox.FirefoxDriver
Command: [74c5334a-33a0-4808-8f96-73daed9146ae, findElement {using=xpath, value=//button[@id='user']}]
Capabilities {acceptInsecureCerts: true, browserName: firefox, browserVersion: 125.0.2, moz:accessibilityChecks: false, moz:buildID: 20240419144423, moz:debuggerAddress: 127.0.0.1:26460, moz:geckodriverVersion: 0.34.0, moz:headless: false, moz:platformVersion: 10.0, moz:processID: 37232, moz:profile: C:\Users\Deepthi\AppData\Lo..., moz:shutdownTimeout: 60000, moz:webdriverClick: true, moz:windowless: false, pageLoadStrategy: normal, platformName: windows, proxy: Proxy(), se:cdp: ws://127.0.0.1:26460/devtoo..., se:cdpVersion: 85.0, setWindowRect: true, strictFileInteractability: false, timeouts: {implicit: 0, pageLoad: 300000, script: 30000}, unhandledPromptBehavior: dismiss and notify, userAgent: Mozilla/5.0 (Windows NT 10....}
Session ID: 74c5334a-33a0-4808-8f96-73daed9146ae
at java.base/jdk.internal.reflect.DirectConstructorHandleAccessor.newInstance(DirectConstructorHandleAccessor.java:62)
at java.base/java.lang.reflect.Constructor.newInstanceWithCaller(Constructor.java:502)
at java.base/java.lang.reflect.Constructor.newInstance(Constructor.java:486)
at org.openqa.selenium.remote.ErrorCodec.decode(ErrorCodec.java:167)
at org.openqa.selenium.remote.codec.w3c.W3CHttpResponseCodec.decode(W3CHttpResponseCodec.java:138)
at org.openqa.selenium.remote.codec.w3c.W3CHttpResponseCodec.decode(W3CHttpResponseCodec.java:50)
at org.openqa.selenium.remote.HttpCommandExecutor.execute(HttpCommandExecutor.java:190)
at org.openqa.selenium.remote.service.DriverCommandExecutor.invokeExecute(DriverCommandExecutor.java:216)
at org.openqa.selenium.remote.service.DriverCommandExecutor.execute(DriverCommandExecutor.java:174)
at org.openqa.selenium.remote.RemoteWebDriver.execute(RemoteWebDriver.java:518)
at org.openqa.selenium.remote.ElementLocation$ElementFinder$2.findElement(ElementLocation.java:165)
at org.openqa.selenium.remote.ElementLocation.findElement(ElementLocation.java:59)
at org.openqa.selenium.remote.RemoteWebDriver.findElement(RemoteWebDriver.java:355)
at org.openqa.selenium.remote.RemoteWebDriver.findElement(RemoteWebDriver.java:349)
at pageObjects.AssignStudentPage.isUserClicked(AssignStudentPage.java:60)
at stepdefinitions.AssignStudent.admin_clicks_from_navigation_bar(AssignStudent.java:27)
at ✽.Admin clicks "User" from navigation bar(file:///C:/Users/Deepthi/OneDrive/Documents/GitHub/Team3_Ninja_Hackers_Hackathon_April_2024/src/test/resources/features/09User.feature:11)
]]>
    </error>
  </testcase> <!-- runScenario -->
  <system-out/>
  <testcase classname="runner.TestRunner" name="runScenario" time="0.098">
    <error message="Unable to locate element: //button[@id=&#039;new&#039;]
For documentation on this error, please visit: https://www.selenium.dev/documentation/webdriver/troubleshooting/errors#no-such-element-exception
Build info: version: &#039;4.19.1&#039;, revision: &#039;abe0ee07dc&#039;
System info: os.name: &#039;Windows 11&#039;, os.arch: &#039;amd64&#039;, os.version: &#039;10.0&#039;, java.version: &#039;21.0.1&#039;
Driver info: org.openqa.selenium.firefox.FirefoxDriver
Command: [74c5334a-33a0-4808-8f96-73daed9146ae, findElement {using=xpath, value=//button[@id=&#039;new&#039;]}]
Capabilities {acceptInsecureCerts: true, browserName: firefox, browserVersion: 125.0.2, moz:accessibilityChecks: false, moz:buildID: 20240419144423, moz:debuggerAddress: 127.0.0.1:26460, moz:geckodriverVersion: 0.34.0, moz:headless: false, moz:platformVersion: 10.0, moz:processID: 37232, moz:profile: C:\Users\Deepthi\AppData\Lo..., moz:shutdownTimeout: 60000, moz:webdriverClick: true, moz:windowless: false, pageLoadStrategy: normal, platformName: windows, proxy: Proxy(), se:cdp: ws://127.0.0.1:26460/devtoo..., se:cdpVersion: 85.0, setWindowRect: true, strictFileInteractability: false, timeouts: {implicit: 0, pageLoad: 300000, script: 30000}, unhandledPromptBehavior: dismiss and notify, userAgent: Mozilla/5.0 (Windows NT 10....}
Session ID: 74c5334a-33a0-4808-8f96-73daed9146ae" type="org.openqa.selenium.NoSuchElementException">
      <![CDATA[org.openqa.selenium.NoSuchElementException: Unable to locate element: //button[@id='new']
For documentation on this error, please visit: https://www.selenium.dev/documentation/webdriver/troubleshooting/errors#no-such-element-exception
Build info: version: '4.19.1', revision: 'abe0ee07dc'
System info: os.name: 'Windows 11', os.arch: 'amd64', os.version: '10.0', java.version: '21.0.1'
Driver info: org.openqa.selenium.firefox.FirefoxDriver
Command: [74c5334a-33a0-4808-8f96-73daed9146ae, findElement {using=xpath, value=//button[@id='new']}]
Capabilities {acceptInsecureCerts: true, browserName: firefox, browserVersion: 125.0.2, moz:accessibilityChecks: false, moz:buildID: 20240419144423, moz:debuggerAddress: 127.0.0.1:26460, moz:geckodriverVersion: 0.34.0, moz:headless: false, moz:platformVersion: 10.0, moz:processID: 37232, moz:profile: C:\Users\Deepthi\AppData\Lo..., moz:shutdownTimeout: 60000, moz:webdriverClick: true, moz:windowless: false, pageLoadStrategy: normal, platformName: windows, proxy: Proxy(), se:cdp: ws://127.0.0.1:26460/devtoo..., se:cdpVersion: 85.0, setWindowRect: true, strictFileInteractability: false, timeouts: {implicit: 0, pageLoad: 300000, script: 30000}, unhandledPromptBehavior: dismiss and notify, userAgent: Mozilla/5.0 (Windows NT 10....}
Session ID: 74c5334a-33a0-4808-8f96-73daed9146ae
at java.base/jdk.internal.reflect.DirectConstructorHandleAccessor.newInstance(DirectConstructorHandleAccessor.java:62)
at java.base/java.lang.reflect.Constructor.newInstanceWithCaller(Constructor.java:502)
at java.base/java.lang.reflect.Constructor.newInstance(Constructor.java:486)
at org.openqa.selenium.remote.ErrorCodec.decode(ErrorCodec.java:167)
at org.openqa.selenium.remote.codec.w3c.W3CHttpResponseCodec.decode(W3CHttpResponseCodec.java:138)
at org.openqa.selenium.remote.codec.w3c.W3CHttpResponseCodec.decode(W3CHttpResponseCodec.java:50)
at org.openqa.selenium.remote.HttpCommandExecutor.execute(HttpCommandExecutor.java:190)
at org.openqa.selenium.remote.service.DriverCommandExecutor.invokeExecute(DriverCommandExecutor.java:216)
at org.openqa.selenium.remote.service.DriverCommandExecutor.execute(DriverCommandExecutor.java:174)
at org.openqa.selenium.remote.RemoteWebDriver.execute(RemoteWebDriver.java:518)
at org.openqa.selenium.remote.ElementLocation$ElementFinder$2.findElement(ElementLocation.java:165)
at org.openqa.selenium.remote.ElementLocation.findElement(ElementLocation.java:59)
at org.openqa.selenium.remote.RemoteWebDriver.findElement(RemoteWebDriver.java:355)
at org.openqa.selenium.remote.RemoteWebDriver.findElement(RemoteWebDriver.java:349)
at pageObjects.UserPage.openNewUserIcon(UserPage.java:208)
at stepdefinitions.User.admin_is_on_user_details_pop_up(User.java:156)
at ✽.Admin is on  User details pop up(file:///C:/Users/Deepthi/OneDrive/Documents/GitHub/Team3_Ninja_Hackers_Hackathon_April_2024/src/test/resources/features/11User2.feature:67)
]]>
    </error>
  </testcase> <!-- runScenario -->
  <system-out/>
  <testcase classname="runner.TestRunner" name="runScenario" time="1.401"/>
  <system-out/>
  <testcase classname="runner.TestRunner" name="runScenario" time="1.712"/>
  <system-out/>
  <testcase classname="runner.TestRunner" name="runScenario" time="1.403"/>
  <system-out/>
  <testcase classname="runner.TestRunner" name="runScenario" time="1.384"/>
  <system-out/>
  <testcase classname="runner.TestRunner" name="runScenario" time="0.119">
    <error message="Unable to locate element: //button[@id=&#039;new&#039;]
For documentation on this error, please visit: https://www.selenium.dev/documentation/webdriver/troubleshooting/errors#no-such-element-exception
Build info: version: &#039;4.19.1&#039;, revision: &#039;abe0ee07dc&#039;
System info: os.name: &#039;Windows 11&#039;, os.arch: &#039;amd64&#039;, os.version: &#039;10.0&#039;, java.version: &#039;21.0.1&#039;
Driver info: org.openqa.selenium.firefox.FirefoxDriver
Command: [74c5334a-33a0-4808-8f96-73daed9146ae, findElement {using=xpath, value=//button[@id=&#039;new&#039;]}]
Capabilities {acceptInsecureCerts: true, browserName: firefox, browserVersion: 125.0.2, moz:accessibilityChecks: false, moz:buildID: 20240419144423, moz:debuggerAddress: 127.0.0.1:26460, moz:geckodriverVersion: 0.34.0, moz:headless: false, moz:platformVersion: 10.0, moz:processID: 37232, moz:profile: C:\Users\Deepthi\AppData\Lo..., moz:shutdownTimeout: 60000, moz:webdriverClick: true, moz:windowless: false, pageLoadStrategy: normal, platformName: windows, proxy: Proxy(), se:cdp: ws://127.0.0.1:26460/devtoo..., se:cdpVersion: 85.0, setWindowRect: true, strictFileInteractability: false, timeouts: {implicit: 0, pageLoad: 300000, script: 30000}, unhandledPromptBehavior: dismiss and notify, userAgent: Mozilla/5.0 (Windows NT 10....}
Session ID: 74c5334a-33a0-4808-8f96-73daed9146ae" type="org.openqa.selenium.NoSuchElementException">
      <![CDATA[org.openqa.selenium.NoSuchElementException: Unable to locate element: //button[@id='new']
For documentation on this error, please visit: https://www.selenium.dev/documentation/webdriver/troubleshooting/errors#no-such-element-exception
Build info: version: '4.19.1', revision: 'abe0ee07dc'
System info: os.name: 'Windows 11', os.arch: 'amd64', os.version: '10.0', java.version: '21.0.1'
Driver info: org.openqa.selenium.firefox.FirefoxDriver
Command: [74c5334a-33a0-4808-8f96-73daed9146ae, findElement {using=xpath, value=//button[@id='new']}]
Capabilities {acceptInsecureCerts: true, browserName: firefox, browserVersion: 125.0.2, moz:accessibilityChecks: false, moz:buildID: 20240419144423, moz:debuggerAddress: 127.0.0.1:26460, moz:geckodriverVersion: 0.34.0, moz:headless: false, moz:platformVersion: 10.0, moz:processID: 37232, moz:profile: C:\Users\Deepthi\AppData\Lo..., moz:shutdownTimeout: 60000, moz:webdriverClick: true, moz:windowless: false, pageLoadStrategy: normal, platformName: windows, proxy: Proxy(), se:cdp: ws://127.0.0.1:26460/devtoo..., se:cdpVersion: 85.0, setWindowRect: true, strictFileInteractability: false, timeouts: {implicit: 0, pageLoad: 300000, script: 30000}, unhandledPromptBehavior: dismiss and notify, userAgent: Mozilla/5.0 (Windows NT 10....}
Session ID: 74c5334a-33a0-4808-8f96-73daed9146ae
at java.base/jdk.internal.reflect.DirectConstructorHandleAccessor.newInstance(DirectConstructorHandleAccessor.java:62)
at java.base/java.lang.reflect.Constructor.newInstanceWithCaller(Constructor.java:502)
at java.base/java.lang.reflect.Constructor.newInstance(Constructor.java:486)
at org.openqa.selenium.remote.ErrorCodec.decode(ErrorCodec.java:167)
at org.openqa.selenium.remote.codec.w3c.W3CHttpResponseCodec.decode(W3CHttpResponseCodec.java:138)
at org.openqa.selenium.remote.codec.w3c.W3CHttpResponseCodec.decode(W3CHttpResponseCodec.java:50)
at org.openqa.selenium.remote.HttpCommandExecutor.execute(HttpCommandExecutor.java:190)
at org.openqa.selenium.remote.service.DriverCommandExecutor.invokeExecute(DriverCommandExecutor.java:216)
at org.openqa.selenium.remote.service.DriverCommandExecutor.execute(DriverCommandExecutor.java:174)
at org.openqa.selenium.remote.RemoteWebDriver.execute(RemoteWebDriver.java:518)
at org.openqa.selenium.remote.ElementLocation$ElementFinder$2.findElement(ElementLocation.java:165)
at org.openqa.selenium.remote.ElementLocation.findElement(ElementLocation.java:59)
at org.openqa.selenium.remote.RemoteWebDriver.findElement(RemoteWebDriver.java:355)
at org.openqa.selenium.remote.RemoteWebDriver.findElement(RemoteWebDriver.java:349)
at pageObjects.UserPage.openNewUserIcon(UserPage.java:208)
at stepdefinitions.User.admin_is_on_user_details_pop_up(User.java:156)
at ✽.Admin is on  User details pop up(file:///C:/Users/Deepthi/OneDrive/Documents/GitHub/Team3_Ninja_Hackers_Hackathon_April_2024/src/test/resources/features/11User2.feature:73)
]]>
    </error>
  </testcase> <!-- runScenario -->
  <system-out/>
  <testcase classname="runner.TestRunner" name="runScenario" time="0.011">
    <error message="Test name must not be null or empty" type="java.lang.IllegalArgumentException">
      <![CDATA[java.lang.IllegalArgumentException: Test name must not be null or empty
at com.aventstack.extentreports.util.Assert.notEmpty(Assert.java:12)
at com.aventstack.extentreports.ExtentTest.<init>(ExtentTest.java:96)
at com.aventstack.extentreports.ExtentTest.createNode(ExtentTest.java:153)
at com.aventstack.extentreports.cucumber.adapter.ExtentCucumberAdapter.createTestCase(ExtentCucumberAdapter.java:424)
at com.aventstack.extentreports.cucumber.adapter.ExtentCucumberAdapter.handleTestCaseStarted(ExtentCucumberAdapter.java:163)
at com.aventstack.extentreports.cucumber.adapter.ExtentCucumberAdapter.access$100(ExtentCucumberAdapter.java:63)
at com.aventstack.extentreports.cucumber.adapter.ExtentCucumberAdapter$3.receive(ExtentCucumberAdapter.java:107)
at com.aventstack.extentreports.cucumber.adapter.ExtentCucumberAdapter$3.receive(ExtentCucumberAdapter.java:104)
at io.cucumber.core.eventbus.AbstractEventPublisher.send(AbstractEventPublisher.java:51)
at io.cucumber.core.eventbus.AbstractEventBus.send(AbstractEventBus.java:12)
at io.cucumber.core.runtime.SynchronizedEventBus.send(SynchronizedEventBus.java:47)
at io.cucumber.core.runtime.ThreadLocalRunnerSupplier$LocalEventBus.send(ThreadLocalRunnerSupplier.java:62)
at io.cucumber.core.runner.TestCase.emitTestCaseStarted(TestCase.java:206)
at io.cucumber.core.runner.TestCase.run(TestCase.java:72)
at io.cucumber.core.runner.Runner.runPickle(Runner.java:75)
at io.cucumber.testng.TestNGCucumberRunner.lambda$runScenario$1(TestNGCucumberRunner.java:132)
at io.cucumber.core.runtime.CucumberExecutionContext.lambda$runTestCase$5(CucumberExecutionContext.java:137)
at io.cucumber.core.runtime.RethrowingThrowableCollector.executeAndThrow(RethrowingThrowableCollector.java:23)
at io.cucumber.core.runtime.CucumberExecutionContext.runTestCase(CucumberExecutionContext.java:137)
at io.cucumber.testng.TestNGCucumberRunner.runScenario(TestNGCucumberRunner.java:129)
at io.cucumber.testng.AbstractTestNGCucumberTests.runScenario(AbstractTestNGCucumberTests.java:35)
at java.base/jdk.internal.reflect.DirectMethodHandleAccessor.invoke(DirectMethodHandleAccessor.java:103)
at java.base/java.lang.reflect.Method.invoke(Method.java:580)
at org.testng.internal.MethodInvocationHelper.invokeMethod(MethodInvocationHelper.java:133)
at org.testng.internal.TestInvoker.invokeMethod(TestInvoker.java:598)
at org.testng.internal.TestInvoker.invokeTestMethod(TestInvoker.java:173)
at org.testng.internal.MethodRunner.runInSequence(MethodRunner.java:46)
at org.testng.internal.TestInvoker$MethodInvocationAgent.invoke(TestInvoker.java:824)
at org.testng.internal.TestInvoker.invokeTestMethods(TestInvoker.java:146)
at org.testng.internal.TestMethodWorker.invokeTestMethods(TestMethodWorker.java:146)
at org.testng.internal.TestMethodWorker.run(TestMethodWorker.java:128)
at java.base/java.util.ArrayList.forEach(ArrayList.java:1596)
at org.testng.TestRunner.privateRun(TestRunner.java:794)
at org.testng.TestRunner.run(TestRunner.java:596)
at org.testng.SuiteRunner.runTest(SuiteRunner.java:377)
at org.testng.SuiteRunner.runSequentially(SuiteRunner.java:371)
at org.testng.SuiteRunner.privateRun(SuiteRunner.java:332)
at org.testng.SuiteRunner.run(SuiteRunner.java:276)
at org.testng.SuiteRunnerWorker.runSuite(SuiteRunnerWorker.java:53)
at org.testng.SuiteRunnerWorker.run(SuiteRunnerWorker.java:96)
at org.testng.TestNG.runSuitesSequentially(TestNG.java:1212)
at org.testng.TestNG.runSuitesLocally(TestNG.java:1134)
at org.testng.TestNG.runSuites(TestNG.java:1063)
at org.testng.TestNG.run(TestNG.java:1031)
at org.testng.remote.AbstractRemoteTestNG.run(AbstractRemoteTestNG.java:115)
at org.testng.remote.RemoteTestNG.initAndRun(RemoteTestNG.java:251)
at org.testng.remote.RemoteTestNG.main(RemoteTestNG.java:77)
]]>
    </error>
  </testcase> <!-- runScenario -->
  <system-out/>
  <testcase classname="runner.TestRunner" name="runScenario" time="0.919"/>
  <system-out/>
  <testcase classname="runner.TestRunner" name="runScenario" time="0.216">
    <failure message="expected [LMS] but found [Heroku | Application Error]" type="java.lang.AssertionError">
      <![CDATA[java.lang.AssertionError: expected [LMS] but found [Heroku | Application Error]
at org.testng.Assert.fail(Assert.java:99)
at org.testng.Assert.failNotEquals(Assert.java:1037)
at org.testng.Assert.assertEqualsImpl(Assert.java:140)
at org.testng.Assert.assertEquals(Assert.java:122)
at org.testng.Assert.assertEquals(Assert.java:629)
at org.testng.Assert.assertEquals(Assert.java:639)
at stepdefinitions.Login.admin_should_recieve_page_not_found_error(Login.java:93)
at ✽.Admin should recieve 404 page not found error(file:///C:/Users/Deepthi/OneDrive/Documents/GitHub/Team3_Ninja_Hackers_Hackathon_April_2024/src/test/resources/features/01Login.feature:32)
]]>
    </failure>
  </testcase> <!-- runScenario -->
  <system-out/>
  <testcase classname="runner.TestRunner" name="runScenario" time="1.271">
    <error message="Unable to locate element: //tbody[@class=&#039;p-datatable-tbody&#039;]/tr/td[2]
For documentation on this error, please visit: https://www.selenium.dev/documentation/webdriver/troubleshooting/errors#no-such-element-exception
Build info: version: &#039;4.19.1&#039;, revision: &#039;abe0ee07dc&#039;
System info: os.name: &#039;Windows 11&#039;, os.arch: &#039;amd64&#039;, os.version: &#039;10.0&#039;, java.version: &#039;21.0.1&#039;
Driver info: org.openqa.selenium.firefox.FirefoxDriver
Command: [74c5334a-33a0-4808-8f96-73daed9146ae, findElement {using=xpath, value=//tbody[@class=&#039;p-datatable-tbody&#039;]/tr/td[2]}]
Capabilities {acceptInsecureCerts: true, browserName: firefox, browserVersion: 125.0.2, moz:accessibilityChecks: false, moz:buildID: 20240419144423, moz:debuggerAddress: 127.0.0.1:26460, moz:geckodriverVersion: 0.34.0, moz:headless: false, moz:platformVersion: 10.0, moz:processID: 37232, moz:profile: C:\Users\Deepthi\AppData\Lo..., moz:shutdownTimeout: 60000, moz:webdriverClick: true, moz:windowless: false, pageLoadStrategy: normal, platformName: windows, proxy: Proxy(), se:cdp: ws://127.0.0.1:26460/devtoo..., se:cdpVersion: 85.0, setWindowRect: true, strictFileInteractability: false, timeouts: {implicit: 0, pageLoad: 300000, script: 30000}, unhandledPromptBehavior: dismiss and notify, userAgent: Mozilla/5.0 (Windows NT 10....}
Session ID: 74c5334a-33a0-4808-8f96-73daed9146ae" type="org.openqa.selenium.NoSuchElementException">
      <![CDATA[org.openqa.selenium.NoSuchElementException: Unable to locate element: //tbody[@class='p-datatable-tbody']/tr/td[2]
For documentation on this error, please visit: https://www.selenium.dev/documentation/webdriver/troubleshooting/errors#no-such-element-exception
Build info: version: '4.19.1', revision: 'abe0ee07dc'
System info: os.name: 'Windows 11', os.arch: 'amd64', os.version: '10.0', java.version: '21.0.1'
Driver info: org.openqa.selenium.firefox.FirefoxDriver
Command: [74c5334a-33a0-4808-8f96-73daed9146ae, findElement {using=xpath, value=//tbody[@class='p-datatable-tbody']/tr/td[2]}]
Capabilities {acceptInsecureCerts: true, browserName: firefox, browserVersion: 125.0.2, moz:accessibilityChecks: false, moz:buildID: 20240419144423, moz:debuggerAddress: 127.0.0.1:26460, moz:geckodriverVersion: 0.34.0, moz:headless: false, moz:platformVersion: 10.0, moz:processID: 37232, moz:profile: C:\Users\Deepthi\AppData\Lo..., moz:shutdownTimeout: 60000, moz:webdriverClick: true, moz:windowless: false, pageLoadStrategy: normal, platformName: windows, proxy: Proxy(), se:cdp: ws://127.0.0.1:26460/devtoo..., se:cdpVersion: 85.0, setWindowRect: true, strictFileInteractability: false, timeouts: {implicit: 0, pageLoad: 300000, script: 30000}, unhandledPromptBehavior: dismiss and notify, userAgent: Mozilla/5.0 (Windows NT 10....}
Session ID: 74c5334a-33a0-4808-8f96-73daed9146ae
at java.base/jdk.internal.reflect.DirectConstructorHandleAccessor.newInstance(DirectConstructorHandleAccessor.java:62)
at java.base/java.lang.reflect.Constructor.newInstanceWithCaller(Constructor.java:502)
at java.base/java.lang.reflect.Constructor.newInstance(Constructor.java:486)
at org.openqa.selenium.remote.ErrorCodec.decode(ErrorCodec.java:167)
at org.openqa.selenium.remote.codec.w3c.W3CHttpResponseCodec.decode(W3CHttpResponseCodec.java:138)
at org.openqa.selenium.remote.codec.w3c.W3CHttpResponseCodec.decode(W3CHttpResponseCodec.java:50)
at org.openqa.selenium.remote.HttpCommandExecutor.execute(HttpCommandExecutor.java:190)
at org.openqa.selenium.remote.service.DriverCommandExecutor.invokeExecute(DriverCommandExecutor.java:216)
at org.openqa.selenium.remote.service.DriverCommandExecutor.execute(DriverCommandExecutor.java:174)
at org.openqa.selenium.remote.RemoteWebDriver.execute(RemoteWebDriver.java:518)
at org.openqa.selenium.remote.ElementLocation$ElementFinder$2.findElement(ElementLocation.java:165)
at org.openqa.selenium.remote.ElementLocation.findElement(ElementLocation.java:59)
at org.openqa.selenium.remote.RemoteWebDriver.findElement(RemoteWebDriver.java:355)
at org.openqa.selenium.remote.RemoteWebDriver.findElement(RemoteWebDriver.java:349)
at pageObjects.ManageProgramDelete.getDeleteRecordText(ManageProgramDelete.java:128)
at stepdefinitions.ManageProgramDeleteDefinition.admin_is_on_confirm_deletionn_alert(ManageProgramDeleteDefinition.java:147)
at ✽.Admin is on Confirm deletion alert(file:///C:/Users/Deepthi/OneDrive/Documents/GitHub/Team3_Ninja_Hackers_Hackathon_April_2024/src/test/resources/features/16ManageProgramDelete.feature:68)
]]>
    </error>
  </testcase> <!-- runScenario -->
  <system-out/>
  <testcase classname="runner.TestRunner" name="runScenario" time="0.655"/>
  <system-out/>
  <testcase classname="runner.TestRunner" name="runScenario" time="0.158">
    <error message="Unable to locate element: //button[@id=&#039;user&#039;]
For documentation on this error, please visit: https://www.selenium.dev/documentation/webdriver/troubleshooting/errors#no-such-element-exception
Build info: version: &#039;4.19.1&#039;, revision: &#039;abe0ee07dc&#039;
System info: os.name: &#039;Windows 11&#039;, os.arch: &#039;amd64&#039;, os.version: &#039;10.0&#039;, java.version: &#039;21.0.1&#039;
Driver info: org.openqa.selenium.firefox.FirefoxDriver
Command: [74c5334a-33a0-4808-8f96-73daed9146ae, findElement {using=xpath, value=//button[@id=&#039;user&#039;]}]
Capabilities {acceptInsecureCerts: true, browserName: firefox, browserVersion: 125.0.2, moz:accessibilityChecks: false, moz:buildID: 20240419144423, moz:debuggerAddress: 127.0.0.1:26460, moz:geckodriverVersion: 0.34.0, moz:headless: false, moz:platformVersion: 10.0, moz:processID: 37232, moz:profile: C:\Users\Deepthi\AppData\Lo..., moz:shutdownTimeout: 60000, moz:webdriverClick: true, moz:windowless: false, pageLoadStrategy: normal, platformName: windows, proxy: Proxy(), se:cdp: ws://127.0.0.1:26460/devtoo..., se:cdpVersion: 85.0, setWindowRect: true, strictFileInteractability: false, timeouts: {implicit: 0, pageLoad: 300000, script: 30000}, unhandledPromptBehavior: dismiss and notify, userAgent: Mozilla/5.0 (Windows NT 10....}
Session ID: 74c5334a-33a0-4808-8f96-73daed9146ae" type="org.openqa.selenium.NoSuchElementException">
      <![CDATA[org.openqa.selenium.NoSuchElementException: Unable to locate element: //button[@id='user']
For documentation on this error, please visit: https://www.selenium.dev/documentation/webdriver/troubleshooting/errors#no-such-element-exception
Build info: version: '4.19.1', revision: 'abe0ee07dc'
System info: os.name: 'Windows 11', os.arch: 'amd64', os.version: '10.0', java.version: '21.0.1'
Driver info: org.openqa.selenium.firefox.FirefoxDriver
Command: [74c5334a-33a0-4808-8f96-73daed9146ae, findElement {using=xpath, value=//button[@id='user']}]
Capabilities {acceptInsecureCerts: true, browserName: firefox, browserVersion: 125.0.2, moz:accessibilityChecks: false, moz:buildID: 20240419144423, moz:debuggerAddress: 127.0.0.1:26460, moz:geckodriverVersion: 0.34.0, moz:headless: false, moz:platformVersion: 10.0, moz:processID: 37232, moz:profile: C:\Users\Deepthi\AppData\Lo..., moz:shutdownTimeout: 60000, moz:webdriverClick: true, moz:windowless: false, pageLoadStrategy: normal, platformName: windows, proxy: Proxy(), se:cdp: ws://127.0.0.1:26460/devtoo..., se:cdpVersion: 85.0, setWindowRect: true, strictFileInteractability: false, timeouts: {implicit: 0, pageLoad: 300000, script: 30000}, unhandledPromptBehavior: dismiss and notify, userAgent: Mozilla/5.0 (Windows NT 10....}
Session ID: 74c5334a-33a0-4808-8f96-73daed9146ae
at java.base/jdk.internal.reflect.DirectConstructorHandleAccessor.newInstance(DirectConstructorHandleAccessor.java:62)
at java.base/java.lang.reflect.Constructor.newInstanceWithCaller(Constructor.java:502)
at java.base/java.lang.reflect.Constructor.newInstance(Constructor.java:486)
at org.openqa.selenium.remote.ErrorCodec.decode(ErrorCodec.java:167)
at org.openqa.selenium.remote.codec.w3c.W3CHttpResponseCodec.decode(W3CHttpResponseCodec.java:138)
at org.openqa.selenium.remote.codec.w3c.W3CHttpResponseCodec.decode(W3CHttpResponseCodec.java:50)
at org.openqa.selenium.remote.HttpCommandExecutor.execute(HttpCommandExecutor.java:190)
at org.openqa.selenium.remote.service.DriverCommandExecutor.invokeExecute(DriverCommandExecutor.java:216)
at org.openqa.selenium.remote.service.DriverCommandExecutor.execute(DriverCommandExecutor.java:174)
at org.openqa.selenium.remote.RemoteWebDriver.execute(RemoteWebDriver.java:518)
at org.openqa.selenium.remote.ElementLocation$ElementFinder$2.findElement(ElementLocation.java:165)
at org.openqa.selenium.remote.ElementLocation.findElement(ElementLocation.java:59)
at org.openqa.selenium.remote.RemoteWebDriver.findElement(RemoteWebDriver.java:355)
at org.openqa.selenium.remote.RemoteWebDriver.findElement(RemoteWebDriver.java:349)
at pageObjects.AssignStudentPage.isUserClicked(AssignStudentPage.java:60)
at stepdefinitions.AssignStudent.admin_clicks_from_navigation_bar(AssignStudent.java:27)
at ✽.Admin clicks "User" from navigation bar(file:///C:/Users/Deepthi/OneDrive/Documents/GitHub/Team3_Ninja_Hackers_Hackathon_April_2024/src/test/resources/features/12User3.feature:5)
]]>
    </error>
  </testcase> <!-- runScenario -->
  <system-out/>
  <testcase classname="runner.TestRunner" name="runScenario" time="1.120"/>
  <system-out/>
  <testcase classname="runner.TestRunner" name="runScenario" time="1.914"/>
  <system-out/>
  <testcase classname="runner.TestRunner" name="runScenario" time="1.971"/>
  <system-out/>
  <testcase classname="runner.TestRunner" name="runScenario" time="0.095">
    <error message="Unable to locate element: //button[@id=&#039;user&#039;]
For documentation on this error, please visit: https://www.selenium.dev/documentation/webdriver/troubleshooting/errors#no-such-element-exception
Build info: version: &#039;4.19.1&#039;, revision: &#039;abe0ee07dc&#039;
System info: os.name: &#039;Windows 11&#039;, os.arch: &#039;amd64&#039;, os.version: &#039;10.0&#039;, java.version: &#039;21.0.1&#039;
Driver info: org.openqa.selenium.firefox.FirefoxDriver
Command: [74c5334a-33a0-4808-8f96-73daed9146ae, findElement {using=xpath, value=//button[@id=&#039;user&#039;]}]
Capabilities {acceptInsecureCerts: true, browserName: firefox, browserVersion: 125.0.2, moz:accessibilityChecks: false, moz:buildID: 20240419144423, moz:debuggerAddress: 127.0.0.1:26460, moz:geckodriverVersion: 0.34.0, moz:headless: false, moz:platformVersion: 10.0, moz:processID: 37232, moz:profile: C:\Users\Deepthi\AppData\Lo..., moz:shutdownTimeout: 60000, moz:webdriverClick: true, moz:windowless: false, pageLoadStrategy: normal, platformName: windows, proxy: Proxy(), se:cdp: ws://127.0.0.1:26460/devtoo..., se:cdpVersion: 85.0, setWindowRect: true, strictFileInteractability: false, timeouts: {implicit: 0, pageLoad: 300000, script: 30000}, unhandledPromptBehavior: dismiss and notify, userAgent: Mozilla/5.0 (Windows NT 10....}
Session ID: 74c5334a-33a0-4808-8f96-73daed9146ae" type="org.openqa.selenium.NoSuchElementException">
      <![CDATA[org.openqa.selenium.NoSuchElementException: Unable to locate element: //button[@id='user']
For documentation on this error, please visit: https://www.selenium.dev/documentation/webdriver/troubleshooting/errors#no-such-element-exception
Build info: version: '4.19.1', revision: 'abe0ee07dc'
System info: os.name: 'Windows 11', os.arch: 'amd64', os.version: '10.0', java.version: '21.0.1'
Driver info: org.openqa.selenium.firefox.FirefoxDriver
Command: [74c5334a-33a0-4808-8f96-73daed9146ae, findElement {using=xpath, value=//button[@id='user']}]
Capabilities {acceptInsecureCerts: true, browserName: firefox, browserVersion: 125.0.2, moz:accessibilityChecks: false, moz:buildID: 20240419144423, moz:debuggerAddress: 127.0.0.1:26460, moz:geckodriverVersion: 0.34.0, moz:headless: false, moz:platformVersion: 10.0, moz:processID: 37232, moz:profile: C:\Users\Deepthi\AppData\Lo..., moz:shutdownTimeout: 60000, moz:webdriverClick: true, moz:windowless: false, pageLoadStrategy: normal, platformName: windows, proxy: Proxy(), se:cdp: ws://127.0.0.1:26460/devtoo..., se:cdpVersion: 85.0, setWindowRect: true, strictFileInteractability: false, timeouts: {implicit: 0, pageLoad: 300000, script: 30000}, unhandledPromptBehavior: dismiss and notify, userAgent: Mozilla/5.0 (Windows NT 10....}
Session ID: 74c5334a-33a0-4808-8f96-73daed9146ae
at java.base/jdk.internal.reflect.DirectConstructorHandleAccessor.newInstance(DirectConstructorHandleAccessor.java:62)
at java.base/java.lang.reflect.Constructor.newInstanceWithCaller(Constructor.java:502)
at java.base/java.lang.reflect.Constructor.newInstance(Constructor.java:486)
at org.openqa.selenium.remote.ErrorCodec.decode(ErrorCodec.java:167)
at org.openqa.selenium.remote.codec.w3c.W3CHttpResponseCodec.decode(W3CHttpResponseCodec.java:138)
at org.openqa.selenium.remote.codec.w3c.W3CHttpResponseCodec.decode(W3CHttpResponseCodec.java:50)
at org.openqa.selenium.remote.HttpCommandExecutor.execute(HttpCommandExecutor.java:190)
at org.openqa.selenium.remote.service.DriverCommandExecutor.invokeExecute(DriverCommandExecutor.java:216)
at org.openqa.selenium.remote.service.DriverCommandExecutor.execute(DriverCommandExecutor.java:174)
at org.openqa.selenium.remote.RemoteWebDriver.execute(RemoteWebDriver.java:518)
at org.openqa.selenium.remote.ElementLocation$ElementFinder$2.findElement(ElementLocation.java:165)
at org.openqa.selenium.remote.ElementLocation.findElement(ElementLocation.java:59)
at org.openqa.selenium.remote.RemoteWebDriver.findElement(RemoteWebDriver.java:355)
at org.openqa.selenium.remote.RemoteWebDriver.findElement(RemoteWebDriver.java:349)
at pageObjects.AssignStudentPage.isUserClicked(AssignStudentPage.java:60)
at stepdefinitions.AssignStudent.admin_clicks_from_navigation_bar(AssignStudent.java:27)
at ✽.Admin clicks "User" from navigation bar(file:///C:/Users/Deepthi/OneDrive/Documents/GitHub/Team3_Ninja_Hackers_Hackathon_April_2024/src/test/resources/features/12User3.feature:5)
]]>
    </error>
  </testcase> <!-- runScenario -->
  <system-out/>
  <testcase classname="runner.TestRunner" name="runScenario" time="0.123">
    <error message="Unable to locate element: //button[@id=&#039;new&#039;]
For documentation on this error, please visit: https://www.selenium.dev/documentation/webdriver/troubleshooting/errors#no-such-element-exception
Build info: version: &#039;4.19.1&#039;, revision: &#039;abe0ee07dc&#039;
System info: os.name: &#039;Windows 11&#039;, os.arch: &#039;amd64&#039;, os.version: &#039;10.0&#039;, java.version: &#039;21.0.1&#039;
Driver info: org.openqa.selenium.firefox.FirefoxDriver
Command: [74c5334a-33a0-4808-8f96-73daed9146ae, findElement {using=xpath, value=//button[@id=&#039;new&#039;]}]
Capabilities {acceptInsecureCerts: true, browserName: firefox, browserVersion: 125.0.2, moz:accessibilityChecks: false, moz:buildID: 20240419144423, moz:debuggerAddress: 127.0.0.1:26460, moz:geckodriverVersion: 0.34.0, moz:headless: false, moz:platformVersion: 10.0, moz:processID: 37232, moz:profile: C:\Users\Deepthi\AppData\Lo..., moz:shutdownTimeout: 60000, moz:webdriverClick: true, moz:windowless: false, pageLoadStrategy: normal, platformName: windows, proxy: Proxy(), se:cdp: ws://127.0.0.1:26460/devtoo..., se:cdpVersion: 85.0, setWindowRect: true, strictFileInteractability: false, timeouts: {implicit: 0, pageLoad: 300000, script: 30000}, unhandledPromptBehavior: dismiss and notify, userAgent: Mozilla/5.0 (Windows NT 10....}
Session ID: 74c5334a-33a0-4808-8f96-73daed9146ae" type="org.openqa.selenium.NoSuchElementException">
      <![CDATA[org.openqa.selenium.NoSuchElementException: Unable to locate element: //button[@id='new']
For documentation on this error, please visit: https://www.selenium.dev/documentation/webdriver/troubleshooting/errors#no-such-element-exception
Build info: version: '4.19.1', revision: 'abe0ee07dc'
System info: os.name: 'Windows 11', os.arch: 'amd64', os.version: '10.0', java.version: '21.0.1'
Driver info: org.openqa.selenium.firefox.FirefoxDriver
Command: [74c5334a-33a0-4808-8f96-73daed9146ae, findElement {using=xpath, value=//button[@id='new']}]
Capabilities {acceptInsecureCerts: true, browserName: firefox, browserVersion: 125.0.2, moz:accessibilityChecks: false, moz:buildID: 20240419144423, moz:debuggerAddress: 127.0.0.1:26460, moz:geckodriverVersion: 0.34.0, moz:headless: false, moz:platformVersion: 10.0, moz:processID: 37232, moz:profile: C:\Users\Deepthi\AppData\Lo..., moz:shutdownTimeout: 60000, moz:webdriverClick: true, moz:windowless: false, pageLoadStrategy: normal, platformName: windows, proxy: Proxy(), se:cdp: ws://127.0.0.1:26460/devtoo..., se:cdpVersion: 85.0, setWindowRect: true, strictFileInteractability: false, timeouts: {implicit: 0, pageLoad: 300000, script: 30000}, unhandledPromptBehavior: dismiss and notify, userAgent: Mozilla/5.0 (Windows NT 10....}
Session ID: 74c5334a-33a0-4808-8f96-73daed9146ae
at java.base/jdk.internal.reflect.DirectConstructorHandleAccessor.newInstance(DirectConstructorHandleAccessor.java:62)
at java.base/java.lang.reflect.Constructor.newInstanceWithCaller(Constructor.java:502)
at java.base/java.lang.reflect.Constructor.newInstance(Constructor.java:486)
at org.openqa.selenium.remote.ErrorCodec.decode(ErrorCodec.java:167)
at org.openqa.selenium.remote.codec.w3c.W3CHttpResponseCodec.decode(W3CHttpResponseCodec.java:138)
at org.openqa.selenium.remote.codec.w3c.W3CHttpResponseCodec.decode(W3CHttpResponseCodec.java:50)
at org.openqa.selenium.remote.HttpCommandExecutor.execute(HttpCommandExecutor.java:190)
at org.openqa.selenium.remote.service.DriverCommandExecutor.invokeExecute(DriverCommandExecutor.java:216)
at org.openqa.selenium.remote.service.DriverCommandExecutor.execute(DriverCommandExecutor.java:174)
at org.openqa.selenium.remote.RemoteWebDriver.execute(RemoteWebDriver.java:518)
at org.openqa.selenium.remote.ElementLocation$ElementFinder$2.findElement(ElementLocation.java:165)
at org.openqa.selenium.remote.ElementLocation.findElement(ElementLocation.java:59)
at org.openqa.selenium.remote.RemoteWebDriver.findElement(RemoteWebDriver.java:355)
at org.openqa.selenium.remote.RemoteWebDriver.findElement(RemoteWebDriver.java:349)
at pageObjects.UserPage.openNewUserIcon(UserPage.java:208)
at stepdefinitions.User.admin_is_on_user_details_pop_up(User.java:156)
at ✽.Admin is on  User details pop up(file:///C:/Users/Deepthi/OneDrive/Documents/GitHub/Team3_Ninja_Hackers_Hackathon_April_2024/src/test/resources/features/11User2.feature:37)
]]>
    </error>
  </testcase> <!-- runScenario -->
  <system-out/>
  <testcase classname="runner.TestRunner" name="runScenario" time="2.712"/>
  <system-out/>
  <testcase classname="runner.TestRunner" name="runScenario" time="1.295">
    <failure message="expected [true] but found [false]" type="java.lang.AssertionError">
      <![CDATA[java.lang.AssertionError: expected [true] but found [false]
at org.testng.Assert.fail(Assert.java:99)
at org.testng.Assert.failNotEquals(Assert.java:1037)
at org.testng.Assert.assertEqualsImpl(Assert.java:140)
at org.testng.Assert.assertEquals(Assert.java:122)
at org.testng.Assert.assertEquals(Assert.java:819)
at org.testng.Assert.assertEquals(Assert.java:829)
at stepdefinitions.AssignStudent.admin_clicks_from_navigation_bar(AssignStudent.java:27)
at ✽.Admin clicks "Batch" from navigation bar(file:///C:/Users/Deepthi/OneDrive/Documents/GitHub/Team3_Ninja_Hackers_Hackathon_April_2024/src/test/resources/features/07Batch.feature:12)
]]>
    </failure>
  </testcase> <!-- runScenario -->
  <system-out/>
  <testcase classname="runner.TestRunner" name="runScenario" time="0.123">
    <error message="Unable to locate element: //button[@id=&#039;user&#039;]
For documentation on this error, please visit: https://www.selenium.dev/documentation/webdriver/troubleshooting/errors#no-such-element-exception
Build info: version: &#039;4.19.1&#039;, revision: &#039;abe0ee07dc&#039;
System info: os.name: &#039;Windows 11&#039;, os.arch: &#039;amd64&#039;, os.version: &#039;10.0&#039;, java.version: &#039;21.0.1&#039;
Driver info: org.openqa.selenium.firefox.FirefoxDriver
Command: [74c5334a-33a0-4808-8f96-73daed9146ae, findElement {using=xpath, value=//button[@id=&#039;user&#039;]}]
Capabilities {acceptInsecureCerts: true, browserName: firefox, browserVersion: 125.0.2, moz:accessibilityChecks: false, moz:buildID: 20240419144423, moz:debuggerAddress: 127.0.0.1:26460, moz:geckodriverVersion: 0.34.0, moz:headless: false, moz:platformVersion: 10.0, moz:processID: 37232, moz:profile: C:\Users\Deepthi\AppData\Lo..., moz:shutdownTimeout: 60000, moz:webdriverClick: true, moz:windowless: false, pageLoadStrategy: normal, platformName: windows, proxy: Proxy(), se:cdp: ws://127.0.0.1:26460/devtoo..., se:cdpVersion: 85.0, setWindowRect: true, strictFileInteractability: false, timeouts: {implicit: 0, pageLoad: 300000, script: 30000}, unhandledPromptBehavior: dismiss and notify, userAgent: Mozilla/5.0 (Windows NT 10....}
Session ID: 74c5334a-33a0-4808-8f96-73daed9146ae" type="org.openqa.selenium.NoSuchElementException">
      <![CDATA[org.openqa.selenium.NoSuchElementException: Unable to locate element: //button[@id='user']
For documentation on this error, please visit: https://www.selenium.dev/documentation/webdriver/troubleshooting/errors#no-such-element-exception
Build info: version: '4.19.1', revision: 'abe0ee07dc'
System info: os.name: 'Windows 11', os.arch: 'amd64', os.version: '10.0', java.version: '21.0.1'
Driver info: org.openqa.selenium.firefox.FirefoxDriver
Command: [74c5334a-33a0-4808-8f96-73daed9146ae, findElement {using=xpath, value=//button[@id='user']}]
Capabilities {acceptInsecureCerts: true, browserName: firefox, browserVersion: 125.0.2, moz:accessibilityChecks: false, moz:buildID: 20240419144423, moz:debuggerAddress: 127.0.0.1:26460, moz:geckodriverVersion: 0.34.0, moz:headless: false, moz:platformVersion: 10.0, moz:processID: 37232, moz:profile: C:\Users\Deepthi\AppData\Lo..., moz:shutdownTimeout: 60000, moz:webdriverClick: true, moz:windowless: false, pageLoadStrategy: normal, platformName: windows, proxy: Proxy(), se:cdp: ws://127.0.0.1:26460/devtoo..., se:cdpVersion: 85.0, setWindowRect: true, strictFileInteractability: false, timeouts: {implicit: 0, pageLoad: 300000, script: 30000}, unhandledPromptBehavior: dismiss and notify, userAgent: Mozilla/5.0 (Windows NT 10....}
Session ID: 74c5334a-33a0-4808-8f96-73daed9146ae
at java.base/jdk.internal.reflect.DirectConstructorHandleAccessor.newInstance(DirectConstructorHandleAccessor.java:62)
at java.base/java.lang.reflect.Constructor.newInstanceWithCaller(Constructor.java:502)
at java.base/java.lang.reflect.Constructor.newInstance(Constructor.java:486)
at org.openqa.selenium.remote.ErrorCodec.decode(ErrorCodec.java:167)
at org.openqa.selenium.remote.codec.w3c.W3CHttpResponseCodec.decode(W3CHttpResponseCodec.java:138)
at org.openqa.selenium.remote.codec.w3c.W3CHttpResponseCodec.decode(W3CHttpResponseCodec.java:50)
at org.openqa.selenium.remote.HttpCommandExecutor.execute(HttpCommandExecutor.java:190)
at org.openqa.selenium.remote.service.DriverCommandExecutor.invokeExecute(DriverCommandExecutor.java:216)
at org.openqa.selenium.remote.service.DriverCommandExecutor.execute(DriverCommandExecutor.java:174)
at org.openqa.selenium.remote.RemoteWebDriver.execute(RemoteWebDriver.java:518)
at org.openqa.selenium.remote.ElementLocation$ElementFinder$2.findElement(ElementLocation.java:165)
at org.openqa.selenium.remote.ElementLocation.findElement(ElementLocation.java:59)
at org.openqa.selenium.remote.RemoteWebDriver.findElement(RemoteWebDriver.java:355)
at org.openqa.selenium.remote.RemoteWebDriver.findElement(RemoteWebDriver.java:349)
at pageObjects.AssignStudentPage.isUserClicked(AssignStudentPage.java:60)
at stepdefinitions.AssignStudent.admin_clicks_from_navigation_bar(AssignStudent.java:27)
at ✽.Admin clicks "User" from navigation bar(file:///C:/Users/Deepthi/OneDrive/Documents/GitHub/Team3_Ninja_Hackers_Hackathon_April_2024/src/test/resources/features/09User.feature:23)
]]>
    </error>
  </testcase> <!-- runScenario -->
  <system-out/>
  <testcase classname="runner.TestRunner" name="runScenario" time="0.903"/>
  <system-out/>
  <testcase classname="runner.TestRunner" name="runScenario" time="1.381"/>
  <system-out/>
  <testcase classname="runner.TestRunner" name="runScenario" time="2.418"/>
  <system-out/>
  <testcase classname="runner.TestRunner" name="runScenario" time="0.131">
    <error message="Unable to locate element: //button[@id=&#039;new&#039;]
For documentation on this error, please visit: https://www.selenium.dev/documentation/webdriver/troubleshooting/errors#no-such-element-exception
Build info: version: &#039;4.19.1&#039;, revision: &#039;abe0ee07dc&#039;
System info: os.name: &#039;Windows 11&#039;, os.arch: &#039;amd64&#039;, os.version: &#039;10.0&#039;, java.version: &#039;21.0.1&#039;
Driver info: org.openqa.selenium.firefox.FirefoxDriver
Command: [74c5334a-33a0-4808-8f96-73daed9146ae, findElement {using=xpath, value=//button[@id=&#039;new&#039;]}]
Capabilities {acceptInsecureCerts: true, browserName: firefox, browserVersion: 125.0.2, moz:accessibilityChecks: false, moz:buildID: 20240419144423, moz:debuggerAddress: 127.0.0.1:26460, moz:geckodriverVersion: 0.34.0, moz:headless: false, moz:platformVersion: 10.0, moz:processID: 37232, moz:profile: C:\Users\Deepthi\AppData\Lo..., moz:shutdownTimeout: 60000, moz:webdriverClick: true, moz:windowless: false, pageLoadStrategy: normal, platformName: windows, proxy: Proxy(), se:cdp: ws://127.0.0.1:26460/devtoo..., se:cdpVersion: 85.0, setWindowRect: true, strictFileInteractability: false, timeouts: {implicit: 0, pageLoad: 300000, script: 30000}, unhandledPromptBehavior: dismiss and notify, userAgent: Mozilla/5.0 (Windows NT 10....}
Session ID: 74c5334a-33a0-4808-8f96-73daed9146ae" type="org.openqa.selenium.NoSuchElementException">
      <![CDATA[org.openqa.selenium.NoSuchElementException: Unable to locate element: //button[@id='new']
For documentation on this error, please visit: https://www.selenium.dev/documentation/webdriver/troubleshooting/errors#no-such-element-exception
Build info: version: '4.19.1', revision: 'abe0ee07dc'
System info: os.name: 'Windows 11', os.arch: 'amd64', os.version: '10.0', java.version: '21.0.1'
Driver info: org.openqa.selenium.firefox.FirefoxDriver
Command: [74c5334a-33a0-4808-8f96-73daed9146ae, findElement {using=xpath, value=//button[@id='new']}]
Capabilities {acceptInsecureCerts: true, browserName: firefox, browserVersion: 125.0.2, moz:accessibilityChecks: false, moz:buildID: 20240419144423, moz:debuggerAddress: 127.0.0.1:26460, moz:geckodriverVersion: 0.34.0, moz:headless: false, moz:platformVersion: 10.0, moz:processID: 37232, moz:profile: C:\Users\Deepthi\AppData\Lo..., moz:shutdownTimeout: 60000, moz:webdriverClick: true, moz:windowless: false, pageLoadStrategy: normal, platformName: windows, proxy: Proxy(), se:cdp: ws://127.0.0.1:26460/devtoo..., se:cdpVersion: 85.0, setWindowRect: true, strictFileInteractability: false, timeouts: {implicit: 0, pageLoad: 300000, script: 30000}, unhandledPromptBehavior: dismiss and notify, userAgent: Mozilla/5.0 (Windows NT 10....}
Session ID: 74c5334a-33a0-4808-8f96-73daed9146ae
at java.base/jdk.internal.reflect.DirectConstructorHandleAccessor.newInstance(DirectConstructorHandleAccessor.java:62)
at java.base/java.lang.reflect.Constructor.newInstanceWithCaller(Constructor.java:502)
at java.base/java.lang.reflect.Constructor.newInstance(Constructor.java:486)
at org.openqa.selenium.remote.ErrorCodec.decode(ErrorCodec.java:167)
at org.openqa.selenium.remote.codec.w3c.W3CHttpResponseCodec.decode(W3CHttpResponseCodec.java:138)
at org.openqa.selenium.remote.codec.w3c.W3CHttpResponseCodec.decode(W3CHttpResponseCodec.java:50)
at org.openqa.selenium.remote.HttpCommandExecutor.execute(HttpCommandExecutor.java:190)
at org.openqa.selenium.remote.service.DriverCommandExecutor.invokeExecute(DriverCommandExecutor.java:216)
at org.openqa.selenium.remote.service.DriverCommandExecutor.execute(DriverCommandExecutor.java:174)
at org.openqa.selenium.remote.RemoteWebDriver.execute(RemoteWebDriver.java:518)
at org.openqa.selenium.remote.ElementLocation$ElementFinder$2.findElement(ElementLocation.java:165)
at org.openqa.selenium.remote.ElementLocation.findElement(ElementLocation.java:59)
at org.openqa.selenium.remote.RemoteWebDriver.findElement(RemoteWebDriver.java:355)
at org.openqa.selenium.remote.RemoteWebDriver.findElement(RemoteWebDriver.java:349)
at pageObjects.UserPage.openNewUserIcon(UserPage.java:208)
at stepdefinitions.User.admin_is_on_user_details_pop_up(User.java:156)
at ✽.Admin is on  User details pop up(file:///C:/Users/Deepthi/OneDrive/Documents/GitHub/Team3_Ninja_Hackers_Hackathon_April_2024/src/test/resources/features/11User2.feature:61)
]]>
    </error>
  </testcase> <!-- runScenario -->
  <system-out/>
  <testcase classname="runner.TestRunner" name="runScenario" time="3.422"/>
  <system-out/>
  <testcase classname="runner.TestRunner" name="runScenario" time="1.548"/>
  <system-out/>
  <testcase classname="runner.TestRunner" name="runScenario" time="0.112">
    <error message="Unable to locate element: //button[@id=&#039;user&#039;]
For documentation on this error, please visit: https://www.selenium.dev/documentation/webdriver/troubleshooting/errors#no-such-element-exception
Build info: version: &#039;4.19.1&#039;, revision: &#039;abe0ee07dc&#039;
System info: os.name: &#039;Windows 11&#039;, os.arch: &#039;amd64&#039;, os.version: &#039;10.0&#039;, java.version: &#039;21.0.1&#039;
Driver info: org.openqa.selenium.firefox.FirefoxDriver
Command: [74c5334a-33a0-4808-8f96-73daed9146ae, findElement {using=xpath, value=//button[@id=&#039;user&#039;]}]
Capabilities {acceptInsecureCerts: true, browserName: firefox, browserVersion: 125.0.2, moz:accessibilityChecks: false, moz:buildID: 20240419144423, moz:debuggerAddress: 127.0.0.1:26460, moz:geckodriverVersion: 0.34.0, moz:headless: false, moz:platformVersion: 10.0, moz:processID: 37232, moz:profile: C:\Users\Deepthi\AppData\Lo..., moz:shutdownTimeout: 60000, moz:webdriverClick: true, moz:windowless: false, pageLoadStrategy: normal, platformName: windows, proxy: Proxy(), se:cdp: ws://127.0.0.1:26460/devtoo..., se:cdpVersion: 85.0, setWindowRect: true, strictFileInteractability: false, timeouts: {implicit: 0, pageLoad: 300000, script: 30000}, unhandledPromptBehavior: dismiss and notify, userAgent: Mozilla/5.0 (Windows NT 10....}
Session ID: 74c5334a-33a0-4808-8f96-73daed9146ae" type="org.openqa.selenium.NoSuchElementException">
      <![CDATA[org.openqa.selenium.NoSuchElementException: Unable to locate element: //button[@id='user']
For documentation on this error, please visit: https://www.selenium.dev/documentation/webdriver/troubleshooting/errors#no-such-element-exception
Build info: version: '4.19.1', revision: 'abe0ee07dc'
System info: os.name: 'Windows 11', os.arch: 'amd64', os.version: '10.0', java.version: '21.0.1'
Driver info: org.openqa.selenium.firefox.FirefoxDriver
Command: [74c5334a-33a0-4808-8f96-73daed9146ae, findElement {using=xpath, value=//button[@id='user']}]
Capabilities {acceptInsecureCerts: true, browserName: firefox, browserVersion: 125.0.2, moz:accessibilityChecks: false, moz:buildID: 20240419144423, moz:debuggerAddress: 127.0.0.1:26460, moz:geckodriverVersion: 0.34.0, moz:headless: false, moz:platformVersion: 10.0, moz:processID: 37232, moz:profile: C:\Users\Deepthi\AppData\Lo..., moz:shutdownTimeout: 60000, moz:webdriverClick: true, moz:windowless: false, pageLoadStrategy: normal, platformName: windows, proxy: Proxy(), se:cdp: ws://127.0.0.1:26460/devtoo..., se:cdpVersion: 85.0, setWindowRect: true, strictFileInteractability: false, timeouts: {implicit: 0, pageLoad: 300000, script: 30000}, unhandledPromptBehavior: dismiss and notify, userAgent: Mozilla/5.0 (Windows NT 10....}
Session ID: 74c5334a-33a0-4808-8f96-73daed9146ae
at java.base/jdk.internal.reflect.DirectConstructorHandleAccessor.newInstance(DirectConstructorHandleAccessor.java:62)
at java.base/java.lang.reflect.Constructor.newInstanceWithCaller(Constructor.java:502)
at java.base/java.lang.reflect.Constructor.newInstance(Constructor.java:486)
at org.openqa.selenium.remote.ErrorCodec.decode(ErrorCodec.java:167)
at org.openqa.selenium.remote.codec.w3c.W3CHttpResponseCodec.decode(W3CHttpResponseCodec.java:138)
at org.openqa.selenium.remote.codec.w3c.W3CHttpResponseCodec.decode(W3CHttpResponseCodec.java:50)
at org.openqa.selenium.remote.HttpCommandExecutor.execute(HttpCommandExecutor.java:190)
at org.openqa.selenium.remote.service.DriverCommandExecutor.invokeExecute(DriverCommandExecutor.java:216)
at org.openqa.selenium.remote.service.DriverCommandExecutor.execute(DriverCommandExecutor.java:174)
at org.openqa.selenium.remote.RemoteWebDriver.execute(RemoteWebDriver.java:518)
at org.openqa.selenium.remote.ElementLocation$ElementFinder$2.findElement(ElementLocation.java:165)
at org.openqa.selenium.remote.ElementLocation.findElement(ElementLocation.java:59)
at org.openqa.selenium.remote.RemoteWebDriver.findElement(RemoteWebDriver.java:355)
at org.openqa.selenium.remote.RemoteWebDriver.findElement(RemoteWebDriver.java:349)
at pageObjects.AssignStudentPage.isUserClicked(AssignStudentPage.java:60)
at stepdefinitions.AssignStudent.admin_clicks_from_navigation_bar(AssignStudent.java:27)
at ✽.Admin clicks "User" from navigation bar(file:///C:/Users/Deepthi/OneDrive/Documents/GitHub/Team3_Ninja_Hackers_Hackathon_April_2024/src/test/resources/features/09User.feature:23)
]]>
    </error>
  </testcase> <!-- runScenario -->
  <system-out/>
  <testcase classname="runner.TestRunner" name="runScenario" time="0.157">
    <error message="Unable to locate element: //button[@id=&#039;user&#039;]
For documentation on this error, please visit: https://www.selenium.dev/documentation/webdriver/troubleshooting/errors#no-such-element-exception
Build info: version: &#039;4.19.1&#039;, revision: &#039;abe0ee07dc&#039;
System info: os.name: &#039;Windows 11&#039;, os.arch: &#039;amd64&#039;, os.version: &#039;10.0&#039;, java.version: &#039;21.0.1&#039;
Driver info: org.openqa.selenium.firefox.FirefoxDriver
Command: [74c5334a-33a0-4808-8f96-73daed9146ae, findElement {using=xpath, value=//button[@id=&#039;user&#039;]}]
Capabilities {acceptInsecureCerts: true, browserName: firefox, browserVersion: 125.0.2, moz:accessibilityChecks: false, moz:buildID: 20240419144423, moz:debuggerAddress: 127.0.0.1:26460, moz:geckodriverVersion: 0.34.0, moz:headless: false, moz:platformVersion: 10.0, moz:processID: 37232, moz:profile: C:\Users\Deepthi\AppData\Lo..., moz:shutdownTimeout: 60000, moz:webdriverClick: true, moz:windowless: false, pageLoadStrategy: normal, platformName: windows, proxy: Proxy(), se:cdp: ws://127.0.0.1:26460/devtoo..., se:cdpVersion: 85.0, setWindowRect: true, strictFileInteractability: false, timeouts: {implicit: 0, pageLoad: 300000, script: 30000}, unhandledPromptBehavior: dismiss and notify, userAgent: Mozilla/5.0 (Windows NT 10....}
Session ID: 74c5334a-33a0-4808-8f96-73daed9146ae" type="org.openqa.selenium.NoSuchElementException">
      <![CDATA[org.openqa.selenium.NoSuchElementException: Unable to locate element: //button[@id='user']
For documentation on this error, please visit: https://www.selenium.dev/documentation/webdriver/troubleshooting/errors#no-such-element-exception
Build info: version: '4.19.1', revision: 'abe0ee07dc'
System info: os.name: 'Windows 11', os.arch: 'amd64', os.version: '10.0', java.version: '21.0.1'
Driver info: org.openqa.selenium.firefox.FirefoxDriver
Command: [74c5334a-33a0-4808-8f96-73daed9146ae, findElement {using=xpath, value=//button[@id='user']}]
Capabilities {acceptInsecureCerts: true, browserName: firefox, browserVersion: 125.0.2, moz:accessibilityChecks: false, moz:buildID: 20240419144423, moz:debuggerAddress: 127.0.0.1:26460, moz:geckodriverVersion: 0.34.0, moz:headless: false, moz:platformVersion: 10.0, moz:processID: 37232, moz:profile: C:\Users\Deepthi\AppData\Lo..., moz:shutdownTimeout: 60000, moz:webdriverClick: true, moz:windowless: false, pageLoadStrategy: normal, platformName: windows, proxy: Proxy(), se:cdp: ws://127.0.0.1:26460/devtoo..., se:cdpVersion: 85.0, setWindowRect: true, strictFileInteractability: false, timeouts: {implicit: 0, pageLoad: 300000, script: 30000}, unhandledPromptBehavior: dismiss and notify, userAgent: Mozilla/5.0 (Windows NT 10....}
Session ID: 74c5334a-33a0-4808-8f96-73daed9146ae
at java.base/jdk.internal.reflect.DirectConstructorHandleAccessor.newInstance(DirectConstructorHandleAccessor.java:62)
at java.base/java.lang.reflect.Constructor.newInstanceWithCaller(Constructor.java:502)
at java.base/java.lang.reflect.Constructor.newInstance(Constructor.java:486)
at org.openqa.selenium.remote.ErrorCodec.decode(ErrorCodec.java:167)
at org.openqa.selenium.remote.codec.w3c.W3CHttpResponseCodec.decode(W3CHttpResponseCodec.java:138)
at org.openqa.selenium.remote.codec.w3c.W3CHttpResponseCodec.decode(W3CHttpResponseCodec.java:50)
at org.openqa.selenium.remote.HttpCommandExecutor.execute(HttpCommandExecutor.java:190)
at org.openqa.selenium.remote.service.DriverCommandExecutor.invokeExecute(DriverCommandExecutor.java:216)
at org.openqa.selenium.remote.service.DriverCommandExecutor.execute(DriverCommandExecutor.java:174)
at org.openqa.selenium.remote.RemoteWebDriver.execute(RemoteWebDriver.java:518)
at org.openqa.selenium.remote.ElementLocation$ElementFinder$2.findElement(ElementLocation.java:165)
at org.openqa.selenium.remote.ElementLocation.findElement(ElementLocation.java:59)
at org.openqa.selenium.remote.RemoteWebDriver.findElement(RemoteWebDriver.java:355)
at org.openqa.selenium.remote.RemoteWebDriver.findElement(RemoteWebDriver.java:349)
at pageObjects.AssignStudentPage.isUserClicked(AssignStudentPage.java:60)
at stepdefinitions.AssignStudent.admin_clicks_from_navigation_bar(AssignStudent.java:27)
at ✽.Admin clicks "User" from navigation bar(file:///C:/Users/Deepthi/OneDrive/Documents/GitHub/Team3_Ninja_Hackers_Hackathon_April_2024/src/test/resources/features/12User3.feature:5)
]]>
    </error>
  </testcase> <!-- runScenario -->
  <system-out/>
  <testcase classname="runner.TestRunner" name="runScenario" time="0.941">
    <error message="Unable to locate element: //tbody[@class=&#039;p-datatable-tbody&#039;]/tr/td[2]
For documentation on this error, please visit: https://www.selenium.dev/documentation/webdriver/troubleshooting/errors#no-such-element-exception
Build info: version: &#039;4.19.1&#039;, revision: &#039;abe0ee07dc&#039;
System info: os.name: &#039;Windows 11&#039;, os.arch: &#039;amd64&#039;, os.version: &#039;10.0&#039;, java.version: &#039;21.0.1&#039;
Driver info: org.openqa.selenium.firefox.FirefoxDriver
Command: [74c5334a-33a0-4808-8f96-73daed9146ae, findElement {using=xpath, value=//tbody[@class=&#039;p-datatable-tbody&#039;]/tr/td[2]}]
Capabilities {acceptInsecureCerts: true, browserName: firefox, browserVersion: 125.0.2, moz:accessibilityChecks: false, moz:buildID: 20240419144423, moz:debuggerAddress: 127.0.0.1:26460, moz:geckodriverVersion: 0.34.0, moz:headless: false, moz:platformVersion: 10.0, moz:processID: 37232, moz:profile: C:\Users\Deepthi\AppData\Lo..., moz:shutdownTimeout: 60000, moz:webdriverClick: true, moz:windowless: false, pageLoadStrategy: normal, platformName: windows, proxy: Proxy(), se:cdp: ws://127.0.0.1:26460/devtoo..., se:cdpVersion: 85.0, setWindowRect: true, strictFileInteractability: false, timeouts: {implicit: 0, pageLoad: 300000, script: 30000}, unhandledPromptBehavior: dismiss and notify, userAgent: Mozilla/5.0 (Windows NT 10....}
Session ID: 74c5334a-33a0-4808-8f96-73daed9146ae" type="org.openqa.selenium.NoSuchElementException">
      <![CDATA[org.openqa.selenium.NoSuchElementException: Unable to locate element: //tbody[@class='p-datatable-tbody']/tr/td[2]
For documentation on this error, please visit: https://www.selenium.dev/documentation/webdriver/troubleshooting/errors#no-such-element-exception
Build info: version: '4.19.1', revision: 'abe0ee07dc'
System info: os.name: 'Windows 11', os.arch: 'amd64', os.version: '10.0', java.version: '21.0.1'
Driver info: org.openqa.selenium.firefox.FirefoxDriver
Command: [74c5334a-33a0-4808-8f96-73daed9146ae, findElement {using=xpath, value=//tbody[@class='p-datatable-tbody']/tr/td[2]}]
Capabilities {acceptInsecureCerts: true, browserName: firefox, browserVersion: 125.0.2, moz:accessibilityChecks: false, moz:buildID: 20240419144423, moz:debuggerAddress: 127.0.0.1:26460, moz:geckodriverVersion: 0.34.0, moz:headless: false, moz:platformVersion: 10.0, moz:processID: 37232, moz:profile: C:\Users\Deepthi\AppData\Lo..., moz:shutdownTimeout: 60000, moz:webdriverClick: true, moz:windowless: false, pageLoadStrategy: normal, platformName: windows, proxy: Proxy(), se:cdp: ws://127.0.0.1:26460/devtoo..., se:cdpVersion: 85.0, setWindowRect: true, strictFileInteractability: false, timeouts: {implicit: 0, pageLoad: 300000, script: 30000}, unhandledPromptBehavior: dismiss and notify, userAgent: Mozilla/5.0 (Windows NT 10....}
Session ID: 74c5334a-33a0-4808-8f96-73daed9146ae
at java.base/jdk.internal.reflect.DirectConstructorHandleAccessor.newInstance(DirectConstructorHandleAccessor.java:62)
at java.base/java.lang.reflect.Constructor.newInstanceWithCaller(Constructor.java:502)
at java.base/java.lang.reflect.Constructor.newInstance(Constructor.java:486)
at org.openqa.selenium.remote.ErrorCodec.decode(ErrorCodec.java:167)
at org.openqa.selenium.remote.codec.w3c.W3CHttpResponseCodec.decode(W3CHttpResponseCodec.java:138)
at org.openqa.selenium.remote.codec.w3c.W3CHttpResponseCodec.decode(W3CHttpResponseCodec.java:50)
at org.openqa.selenium.remote.HttpCommandExecutor.execute(HttpCommandExecutor.java:190)
at org.openqa.selenium.remote.service.DriverCommandExecutor.invokeExecute(DriverCommandExecutor.java:216)
at org.openqa.selenium.remote.service.DriverCommandExecutor.execute(DriverCommandExecutor.java:174)
at org.openqa.selenium.remote.RemoteWebDriver.execute(RemoteWebDriver.java:518)
at org.openqa.selenium.remote.ElementLocation$ElementFinder$2.findElement(ElementLocation.java:165)
at org.openqa.selenium.remote.ElementLocation.findElement(ElementLocation.java:59)
at org.openqa.selenium.remote.RemoteWebDriver.findElement(RemoteWebDriver.java:355)
at org.openqa.selenium.remote.RemoteWebDriver.findElement(RemoteWebDriver.java:349)
at pageObjects.ManageProgramDelete.getDeleteRecordText(ManageProgramDelete.java:128)
at stepdefinitions.ManageProgramDeleteDefinition.admin_is_on_confirm_deletion_alerrt(ManageProgramDeleteDefinition.java:116)
at ✽.Admin is on confirm Deletion alert(file:///C:/Users/Deepthi/OneDrive/Documents/GitHub/Team3_Ninja_Hackers_Hackathon_April_2024/src/test/resources/features/16ManageProgramDelete.feature:50)
]]>
    </error>
  </testcase> <!-- runScenario -->
  <system-out/>
  <testcase classname="runner.TestRunner" name="runScenario" time="0.109">
    <error message="Unable to locate element: //button[@id=&#039;user&#039;]
For documentation on this error, please visit: https://www.selenium.dev/documentation/webdriver/troubleshooting/errors#no-such-element-exception
Build info: version: &#039;4.19.1&#039;, revision: &#039;abe0ee07dc&#039;
System info: os.name: &#039;Windows 11&#039;, os.arch: &#039;amd64&#039;, os.version: &#039;10.0&#039;, java.version: &#039;21.0.1&#039;
Driver info: org.openqa.selenium.firefox.FirefoxDriver
Command: [74c5334a-33a0-4808-8f96-73daed9146ae, findElement {using=xpath, value=//button[@id=&#039;user&#039;]}]
Capabilities {acceptInsecureCerts: true, browserName: firefox, browserVersion: 125.0.2, moz:accessibilityChecks: false, moz:buildID: 20240419144423, moz:debuggerAddress: 127.0.0.1:26460, moz:geckodriverVersion: 0.34.0, moz:headless: false, moz:platformVersion: 10.0, moz:processID: 37232, moz:profile: C:\Users\Deepthi\AppData\Lo..., moz:shutdownTimeout: 60000, moz:webdriverClick: true, moz:windowless: false, pageLoadStrategy: normal, platformName: windows, proxy: Proxy(), se:cdp: ws://127.0.0.1:26460/devtoo..., se:cdpVersion: 85.0, setWindowRect: true, strictFileInteractability: false, timeouts: {implicit: 0, pageLoad: 300000, script: 30000}, unhandledPromptBehavior: dismiss and notify, userAgent: Mozilla/5.0 (Windows NT 10....}
Session ID: 74c5334a-33a0-4808-8f96-73daed9146ae" type="org.openqa.selenium.NoSuchElementException">
      <![CDATA[org.openqa.selenium.NoSuchElementException: Unable to locate element: //button[@id='user']
For documentation on this error, please visit: https://www.selenium.dev/documentation/webdriver/troubleshooting/errors#no-such-element-exception
Build info: version: '4.19.1', revision: 'abe0ee07dc'
System info: os.name: 'Windows 11', os.arch: 'amd64', os.version: '10.0', java.version: '21.0.1'
Driver info: org.openqa.selenium.firefox.FirefoxDriver
Command: [74c5334a-33a0-4808-8f96-73daed9146ae, findElement {using=xpath, value=//button[@id='user']}]
Capabilities {acceptInsecureCerts: true, browserName: firefox, browserVersion: 125.0.2, moz:accessibilityChecks: false, moz:buildID: 20240419144423, moz:debuggerAddress: 127.0.0.1:26460, moz:geckodriverVersion: 0.34.0, moz:headless: false, moz:platformVersion: 10.0, moz:processID: 37232, moz:profile: C:\Users\Deepthi\AppData\Lo..., moz:shutdownTimeout: 60000, moz:webdriverClick: true, moz:windowless: false, pageLoadStrategy: normal, platformName: windows, proxy: Proxy(), se:cdp: ws://127.0.0.1:26460/devtoo..., se:cdpVersion: 85.0, setWindowRect: true, strictFileInteractability: false, timeouts: {implicit: 0, pageLoad: 300000, script: 30000}, unhandledPromptBehavior: dismiss and notify, userAgent: Mozilla/5.0 (Windows NT 10....}
Session ID: 74c5334a-33a0-4808-8f96-73daed9146ae
at java.base/jdk.internal.reflect.DirectConstructorHandleAccessor.newInstance(DirectConstructorHandleAccessor.java:62)
at java.base/java.lang.reflect.Constructor.newInstanceWithCaller(Constructor.java:502)
at java.base/java.lang.reflect.Constructor.newInstance(Constructor.java:486)
at org.openqa.selenium.remote.ErrorCodec.decode(ErrorCodec.java:167)
at org.openqa.selenium.remote.codec.w3c.W3CHttpResponseCodec.decode(W3CHttpResponseCodec.java:138)
at org.openqa.selenium.remote.codec.w3c.W3CHttpResponseCodec.decode(W3CHttpResponseCodec.java:50)
at org.openqa.selenium.remote.HttpCommandExecutor.execute(HttpCommandExecutor.java:190)
at org.openqa.selenium.remote.service.DriverCommandExecutor.invokeExecute(DriverCommandExecutor.java:216)
at org.openqa.selenium.remote.service.DriverCommandExecutor.execute(DriverCommandExecutor.java:174)
at org.openqa.selenium.remote.RemoteWebDriver.execute(RemoteWebDriver.java:518)
at org.openqa.selenium.remote.ElementLocation$ElementFinder$2.findElement(ElementLocation.java:165)
at org.openqa.selenium.remote.ElementLocation.findElement(ElementLocation.java:59)
at org.openqa.selenium.remote.RemoteWebDriver.findElement(RemoteWebDriver.java:355)
at org.openqa.selenium.remote.RemoteWebDriver.findElement(RemoteWebDriver.java:349)
at pageObjects.AssignStudentPage.isUserClicked(AssignStudentPage.java:60)
at stepdefinitions.AssignStudent.admin_clicks_from_navigation_bar(AssignStudent.java:27)
at ✽.Admin clicks "User" from navigation bar(file:///C:/Users/Deepthi/OneDrive/Documents/GitHub/Team3_Ninja_Hackers_Hackathon_April_2024/src/test/resources/features/09User.feature:23)
]]>
    </error>
  </testcase> <!-- runScenario -->
  <system-out/>
  <testcase classname="runner.TestRunner" name="runScenario" time="1.083">
    <error message="Unable to locate element: //tbody[@class=&#039;p-datatable-tbody&#039;]/tr/td[2]
For documentation on this error, please visit: https://www.selenium.dev/documentation/webdriver/troubleshooting/errors#no-such-element-exception
Build info: version: &#039;4.19.1&#039;, revision: &#039;abe0ee07dc&#039;
System info: os.name: &#039;Windows 11&#039;, os.arch: &#039;amd64&#039;, os.version: &#039;10.0&#039;, java.version: &#039;21.0.1&#039;
Driver info: org.openqa.selenium.firefox.FirefoxDriver
Command: [74c5334a-33a0-4808-8f96-73daed9146ae, findElement {using=xpath, value=//tbody[@class=&#039;p-datatable-tbody&#039;]/tr/td[2]}]
Capabilities {acceptInsecureCerts: true, browserName: firefox, browserVersion: 125.0.2, moz:accessibilityChecks: false, moz:buildID: 20240419144423, moz:debuggerAddress: 127.0.0.1:26460, moz:geckodriverVersion: 0.34.0, moz:headless: false, moz:platformVersion: 10.0, moz:processID: 37232, moz:profile: C:\Users\Deepthi\AppData\Lo..., moz:shutdownTimeout: 60000, moz:webdriverClick: true, moz:windowless: false, pageLoadStrategy: normal, platformName: windows, proxy: Proxy(), se:cdp: ws://127.0.0.1:26460/devtoo..., se:cdpVersion: 85.0, setWindowRect: true, strictFileInteractability: false, timeouts: {implicit: 0, pageLoad: 300000, script: 30000}, unhandledPromptBehavior: dismiss and notify, userAgent: Mozilla/5.0 (Windows NT 10....}
Session ID: 74c5334a-33a0-4808-8f96-73daed9146ae" type="org.openqa.selenium.NoSuchElementException">
      <![CDATA[org.openqa.selenium.NoSuchElementException: Unable to locate element: //tbody[@class='p-datatable-tbody']/tr/td[2]
For documentation on this error, please visit: https://www.selenium.dev/documentation/webdriver/troubleshooting/errors#no-such-element-exception
Build info: version: '4.19.1', revision: 'abe0ee07dc'
System info: os.name: 'Windows 11', os.arch: 'amd64', os.version: '10.0', java.version: '21.0.1'
Driver info: org.openqa.selenium.firefox.FirefoxDriver
Command: [74c5334a-33a0-4808-8f96-73daed9146ae, findElement {using=xpath, value=//tbody[@class='p-datatable-tbody']/tr/td[2]}]
Capabilities {acceptInsecureCerts: true, browserName: firefox, browserVersion: 125.0.2, moz:accessibilityChecks: false, moz:buildID: 20240419144423, moz:debuggerAddress: 127.0.0.1:26460, moz:geckodriverVersion: 0.34.0, moz:headless: false, moz:platformVersion: 10.0, moz:processID: 37232, moz:profile: C:\Users\Deepthi\AppData\Lo..., moz:shutdownTimeout: 60000, moz:webdriverClick: true, moz:windowless: false, pageLoadStrategy: normal, platformName: windows, proxy: Proxy(), se:cdp: ws://127.0.0.1:26460/devtoo..., se:cdpVersion: 85.0, setWindowRect: true, strictFileInteractability: false, timeouts: {implicit: 0, pageLoad: 300000, script: 30000}, unhandledPromptBehavior: dismiss and notify, userAgent: Mozilla/5.0 (Windows NT 10....}
Session ID: 74c5334a-33a0-4808-8f96-73daed9146ae
at java.base/jdk.internal.reflect.DirectConstructorHandleAccessor.newInstance(DirectConstructorHandleAccessor.java:62)
at java.base/java.lang.reflect.Constructor.newInstanceWithCaller(Constructor.java:502)
at java.base/java.lang.reflect.Constructor.newInstance(Constructor.java:486)
at org.openqa.selenium.remote.ErrorCodec.decode(ErrorCodec.java:167)
at org.openqa.selenium.remote.codec.w3c.W3CHttpResponseCodec.decode(W3CHttpResponseCodec.java:138)
at org.openqa.selenium.remote.codec.w3c.W3CHttpResponseCodec.decode(W3CHttpResponseCodec.java:50)
at org.openqa.selenium.remote.HttpCommandExecutor.execute(HttpCommandExecutor.java:190)
at org.openqa.selenium.remote.service.DriverCommandExecutor.invokeExecute(DriverCommandExecutor.java:216)
at org.openqa.selenium.remote.service.DriverCommandExecutor.execute(DriverCommandExecutor.java:174)
at org.openqa.selenium.remote.RemoteWebDriver.execute(RemoteWebDriver.java:518)
at org.openqa.selenium.remote.ElementLocation$ElementFinder$2.findElement(ElementLocation.java:165)
at org.openqa.selenium.remote.ElementLocation.findElement(ElementLocation.java:59)
at org.openqa.selenium.remote.RemoteWebDriver.findElement(RemoteWebDriver.java:355)
at org.openqa.selenium.remote.RemoteWebDriver.findElement(RemoteWebDriver.java:349)
at pageObjects.ManageProgramDelete.getDeleteRecordText(ManageProgramDelete.java:128)
at stepdefinitions.ManageProgramDeleteDefinition.admin_is_on_confirm_deletionn_alert(ManageProgramDeleteDefinition.java:147)
at ✽.Admin is on Confirm deletion alert(file:///C:/Users/Deepthi/OneDrive/Documents/GitHub/Team3_Ninja_Hackers_Hackathon_April_2024/src/test/resources/features/16ManageProgramDelete.feature:62)
]]>
    </error>
  </testcase> <!-- runScenario -->
  <system-out/>
  <testcase classname="runner.TestRunner" name="runScenario" time="0.687">
    <failure message="expected [560] but found [584]" type="java.lang.AssertionError">
      <![CDATA[java.lang.AssertionError: expected [560] but found [584]
at org.testng.Assert.fail(Assert.java:99)
at org.testng.Assert.failNotEquals(Assert.java:1037)
at org.testng.Assert.assertEqualsImpl(Assert.java:140)
at org.testng.Assert.assertEquals(Assert.java:122)
at org.testng.Assert.assertEquals(Assert.java:907)
at org.testng.Assert.assertEquals(Assert.java:917)
at pageObjects.LoginPage.verifyLoginFormLocation(LoginPage.java:187)
at stepdefinitions.Login.admin_should_see_input_field_on_the_centre_of_the_page(Login.java:199)
at ✽.Admin should see input field on the centre of the page(file:///C:/Users/Deepthi/OneDrive/Documents/GitHub/Team3_Ninja_Hackers_Hackathon_April_2024/src/test/resources/features/01Login.feature:98)
]]>
    </failure>
  </testcase> <!-- runScenario -->
  <system-out/>
  <testcase classname="runner.TestRunner" name="runScenario" time="0.125">
    <error message="Unable to locate element: //button[@id=&#039;user&#039;]
For documentation on this error, please visit: https://www.selenium.dev/documentation/webdriver/troubleshooting/errors#no-such-element-exception
Build info: version: &#039;4.19.1&#039;, revision: &#039;abe0ee07dc&#039;
System info: os.name: &#039;Windows 11&#039;, os.arch: &#039;amd64&#039;, os.version: &#039;10.0&#039;, java.version: &#039;21.0.1&#039;
Driver info: org.openqa.selenium.firefox.FirefoxDriver
Command: [74c5334a-33a0-4808-8f96-73daed9146ae, findElement {using=xpath, value=//button[@id=&#039;user&#039;]}]
Capabilities {acceptInsecureCerts: true, browserName: firefox, browserVersion: 125.0.2, moz:accessibilityChecks: false, moz:buildID: 20240419144423, moz:debuggerAddress: 127.0.0.1:26460, moz:geckodriverVersion: 0.34.0, moz:headless: false, moz:platformVersion: 10.0, moz:processID: 37232, moz:profile: C:\Users\Deepthi\AppData\Lo..., moz:shutdownTimeout: 60000, moz:webdriverClick: true, moz:windowless: false, pageLoadStrategy: normal, platformName: windows, proxy: Proxy(), se:cdp: ws://127.0.0.1:26460/devtoo..., se:cdpVersion: 85.0, setWindowRect: true, strictFileInteractability: false, timeouts: {implicit: 0, pageLoad: 300000, script: 30000}, unhandledPromptBehavior: dismiss and notify, userAgent: Mozilla/5.0 (Windows NT 10....}
Session ID: 74c5334a-33a0-4808-8f96-73daed9146ae" type="org.openqa.selenium.NoSuchElementException">
      <![CDATA[org.openqa.selenium.NoSuchElementException: Unable to locate element: //button[@id='user']
For documentation on this error, please visit: https://www.selenium.dev/documentation/webdriver/troubleshooting/errors#no-such-element-exception
Build info: version: '4.19.1', revision: 'abe0ee07dc'
System info: os.name: 'Windows 11', os.arch: 'amd64', os.version: '10.0', java.version: '21.0.1'
Driver info: org.openqa.selenium.firefox.FirefoxDriver
Command: [74c5334a-33a0-4808-8f96-73daed9146ae, findElement {using=xpath, value=//button[@id='user']}]
Capabilities {acceptInsecureCerts: true, browserName: firefox, browserVersion: 125.0.2, moz:accessibilityChecks: false, moz:buildID: 20240419144423, moz:debuggerAddress: 127.0.0.1:26460, moz:geckodriverVersion: 0.34.0, moz:headless: false, moz:platformVersion: 10.0, moz:processID: 37232, moz:profile: C:\Users\Deepthi\AppData\Lo..., moz:shutdownTimeout: 60000, moz:webdriverClick: true, moz:windowless: false, pageLoadStrategy: normal, platformName: windows, proxy: Proxy(), se:cdp: ws://127.0.0.1:26460/devtoo..., se:cdpVersion: 85.0, setWindowRect: true, strictFileInteractability: false, timeouts: {implicit: 0, pageLoad: 300000, script: 30000}, unhandledPromptBehavior: dismiss and notify, userAgent: Mozilla/5.0 (Windows NT 10....}
Session ID: 74c5334a-33a0-4808-8f96-73daed9146ae
at java.base/jdk.internal.reflect.DirectConstructorHandleAccessor.newInstance(DirectConstructorHandleAccessor.java:62)
at java.base/java.lang.reflect.Constructor.newInstanceWithCaller(Constructor.java:502)
at java.base/java.lang.reflect.Constructor.newInstance(Constructor.java:486)
at org.openqa.selenium.remote.ErrorCodec.decode(ErrorCodec.java:167)
at org.openqa.selenium.remote.codec.w3c.W3CHttpResponseCodec.decode(W3CHttpResponseCodec.java:138)
at org.openqa.selenium.remote.codec.w3c.W3CHttpResponseCodec.decode(W3CHttpResponseCodec.java:50)
at org.openqa.selenium.remote.HttpCommandExecutor.execute(HttpCommandExecutor.java:190)
at org.openqa.selenium.remote.service.DriverCommandExecutor.invokeExecute(DriverCommandExecutor.java:216)
at org.openqa.selenium.remote.service.DriverCommandExecutor.execute(DriverCommandExecutor.java:174)
at org.openqa.selenium.remote.RemoteWebDriver.execute(RemoteWebDriver.java:518)
at org.openqa.selenium.remote.ElementLocation$ElementFinder$2.findElement(ElementLocation.java:165)
at org.openqa.selenium.remote.ElementLocation.findElement(ElementLocation.java:59)
at org.openqa.selenium.remote.RemoteWebDriver.findElement(RemoteWebDriver.java:355)
at org.openqa.selenium.remote.RemoteWebDriver.findElement(RemoteWebDriver.java:349)
at pageObjects.AssignStudentPage.isUserClicked(AssignStudentPage.java:60)
at stepdefinitions.AssignStudent.admin_clicks_from_navigation_bar(AssignStudent.java:27)
at ✽.Admin clicks "User" from navigation bar(file:///C:/Users/Deepthi/OneDrive/Documents/GitHub/Team3_Ninja_Hackers_Hackathon_April_2024/src/test/resources/features/09User.feature:108)
]]>
    </error>
  </testcase> <!-- runScenario -->
  <system-out/>
  <testcase classname="runner.TestRunner" name="runScenario" time="0.934"/>
  <system-out/>
  <testcase classname="runner.TestRunner" name="runScenario" time="0.111">
    <error message="Unable to locate element: //button[@id=&#039;user&#039;]
For documentation on this error, please visit: https://www.selenium.dev/documentation/webdriver/troubleshooting/errors#no-such-element-exception
Build info: version: &#039;4.19.1&#039;, revision: &#039;abe0ee07dc&#039;
System info: os.name: &#039;Windows 11&#039;, os.arch: &#039;amd64&#039;, os.version: &#039;10.0&#039;, java.version: &#039;21.0.1&#039;
Driver info: org.openqa.selenium.firefox.FirefoxDriver
Command: [74c5334a-33a0-4808-8f96-73daed9146ae, findElement {using=xpath, value=//button[@id=&#039;user&#039;]}]
Capabilities {acceptInsecureCerts: true, browserName: firefox, browserVersion: 125.0.2, moz:accessibilityChecks: false, moz:buildID: 20240419144423, moz:debuggerAddress: 127.0.0.1:26460, moz:geckodriverVersion: 0.34.0, moz:headless: false, moz:platformVersion: 10.0, moz:processID: 37232, moz:profile: C:\Users\Deepthi\AppData\Lo..., moz:shutdownTimeout: 60000, moz:webdriverClick: true, moz:windowless: false, pageLoadStrategy: normal, platformName: windows, proxy: Proxy(), se:cdp: ws://127.0.0.1:26460/devtoo..., se:cdpVersion: 85.0, setWindowRect: true, strictFileInteractability: false, timeouts: {implicit: 0, pageLoad: 300000, script: 30000}, unhandledPromptBehavior: dismiss and notify, userAgent: Mozilla/5.0 (Windows NT 10....}
Session ID: 74c5334a-33a0-4808-8f96-73daed9146ae" type="org.openqa.selenium.NoSuchElementException">
      <![CDATA[org.openqa.selenium.NoSuchElementException: Unable to locate element: //button[@id='user']
For documentation on this error, please visit: https://www.selenium.dev/documentation/webdriver/troubleshooting/errors#no-such-element-exception
Build info: version: '4.19.1', revision: 'abe0ee07dc'
System info: os.name: 'Windows 11', os.arch: 'amd64', os.version: '10.0', java.version: '21.0.1'
Driver info: org.openqa.selenium.firefox.FirefoxDriver
Command: [74c5334a-33a0-4808-8f96-73daed9146ae, findElement {using=xpath, value=//button[@id='user']}]
Capabilities {acceptInsecureCerts: true, browserName: firefox, browserVersion: 125.0.2, moz:accessibilityChecks: false, moz:buildID: 20240419144423, moz:debuggerAddress: 127.0.0.1:26460, moz:geckodriverVersion: 0.34.0, moz:headless: false, moz:platformVersion: 10.0, moz:processID: 37232, moz:profile: C:\Users\Deepthi\AppData\Lo..., moz:shutdownTimeout: 60000, moz:webdriverClick: true, moz:windowless: false, pageLoadStrategy: normal, platformName: windows, proxy: Proxy(), se:cdp: ws://127.0.0.1:26460/devtoo..., se:cdpVersion: 85.0, setWindowRect: true, strictFileInteractability: false, timeouts: {implicit: 0, pageLoad: 300000, script: 30000}, unhandledPromptBehavior: dismiss and notify, userAgent: Mozilla/5.0 (Windows NT 10....}
Session ID: 74c5334a-33a0-4808-8f96-73daed9146ae
at java.base/jdk.internal.reflect.DirectConstructorHandleAccessor.newInstance(DirectConstructorHandleAccessor.java:62)
at java.base/java.lang.reflect.Constructor.newInstanceWithCaller(Constructor.java:502)
at java.base/java.lang.reflect.Constructor.newInstance(Constructor.java:486)
at org.openqa.selenium.remote.ErrorCodec.decode(ErrorCodec.java:167)
at org.openqa.selenium.remote.codec.w3c.W3CHttpResponseCodec.decode(W3CHttpResponseCodec.java:138)
at org.openqa.selenium.remote.codec.w3c.W3CHttpResponseCodec.decode(W3CHttpResponseCodec.java:50)
at org.openqa.selenium.remote.HttpCommandExecutor.execute(HttpCommandExecutor.java:190)
at org.openqa.selenium.remote.service.DriverCommandExecutor.invokeExecute(DriverCommandExecutor.java:216)
at org.openqa.selenium.remote.service.DriverCommandExecutor.execute(DriverCommandExecutor.java:174)
at org.openqa.selenium.remote.RemoteWebDriver.execute(RemoteWebDriver.java:518)
at org.openqa.selenium.remote.ElementLocation$ElementFinder$2.findElement(ElementLocation.java:165)
at org.openqa.selenium.remote.ElementLocation.findElement(ElementLocation.java:59)
at org.openqa.selenium.remote.RemoteWebDriver.findElement(RemoteWebDriver.java:355)
at org.openqa.selenium.remote.RemoteWebDriver.findElement(RemoteWebDriver.java:349)
at pageObjects.AssignStudentPage.isUserClicked(AssignStudentPage.java:60)
at stepdefinitions.AssignStudent.admin_clicks_from_navigation_bar(AssignStudent.java:27)
at ✽.Admin clicks "User" from navigation bar(file:///C:/Users/Deepthi/OneDrive/Documents/GitHub/Team3_Ninja_Hackers_Hackathon_April_2024/src/test/resources/features/09User.feature:78)
]]>
    </error>
  </testcase> <!-- runScenario -->
  <system-out/>
  <testcase classname="runner.TestRunner" name="runScenario" time="1.944"/>
  <system-out/>
  <testcase classname="runner.TestRunner" name="runScenario" time="0.563"/>
  <system-out/>
  <testcase classname="runner.TestRunner" name="runScenario" time="1.207"/>
  <system-out/>
  <testcase classname="runner.TestRunner" name="runScenario" time="1.763"/>
  <system-out/>
  <testcase classname="runner.TestRunner" name="runScenario" time="0.798"/>
  <system-out/>
  <testcase classname="runner.TestRunner" name="runScenario" time="1.554"/>
  <system-out/>
  <testcase classname="runner.TestRunner" name="runScenario" time="0.589"/>
  <system-out/>
  <testcase classname="runner.TestRunner" name="runScenario" time="0.111">
    <error message="Unable to locate element: //button[@id=&#039;user&#039;]
For documentation on this error, please visit: https://www.selenium.dev/documentation/webdriver/troubleshooting/errors#no-such-element-exception
Build info: version: &#039;4.19.1&#039;, revision: &#039;abe0ee07dc&#039;
System info: os.name: &#039;Windows 11&#039;, os.arch: &#039;amd64&#039;, os.version: &#039;10.0&#039;, java.version: &#039;21.0.1&#039;
Driver info: org.openqa.selenium.firefox.FirefoxDriver
Command: [74c5334a-33a0-4808-8f96-73daed9146ae, findElement {using=xpath, value=//button[@id=&#039;user&#039;]}]
Capabilities {acceptInsecureCerts: true, browserName: firefox, browserVersion: 125.0.2, moz:accessibilityChecks: false, moz:buildID: 20240419144423, moz:debuggerAddress: 127.0.0.1:26460, moz:geckodriverVersion: 0.34.0, moz:headless: false, moz:platformVersion: 10.0, moz:processID: 37232, moz:profile: C:\Users\Deepthi\AppData\Lo..., moz:shutdownTimeout: 60000, moz:webdriverClick: true, moz:windowless: false, pageLoadStrategy: normal, platformName: windows, proxy: Proxy(), se:cdp: ws://127.0.0.1:26460/devtoo..., se:cdpVersion: 85.0, setWindowRect: true, strictFileInteractability: false, timeouts: {implicit: 0, pageLoad: 300000, script: 30000}, unhandledPromptBehavior: dismiss and notify, userAgent: Mozilla/5.0 (Windows NT 10....}
Session ID: 74c5334a-33a0-4808-8f96-73daed9146ae" type="org.openqa.selenium.NoSuchElementException">
      <![CDATA[org.openqa.selenium.NoSuchElementException: Unable to locate element: //button[@id='user']
For documentation on this error, please visit: https://www.selenium.dev/documentation/webdriver/troubleshooting/errors#no-such-element-exception
Build info: version: '4.19.1', revision: 'abe0ee07dc'
System info: os.name: 'Windows 11', os.arch: 'amd64', os.version: '10.0', java.version: '21.0.1'
Driver info: org.openqa.selenium.firefox.FirefoxDriver
Command: [74c5334a-33a0-4808-8f96-73daed9146ae, findElement {using=xpath, value=//button[@id='user']}]
Capabilities {acceptInsecureCerts: true, browserName: firefox, browserVersion: 125.0.2, moz:accessibilityChecks: false, moz:buildID: 20240419144423, moz:debuggerAddress: 127.0.0.1:26460, moz:geckodriverVersion: 0.34.0, moz:headless: false, moz:platformVersion: 10.0, moz:processID: 37232, moz:profile: C:\Users\Deepthi\AppData\Lo..., moz:shutdownTimeout: 60000, moz:webdriverClick: true, moz:windowless: false, pageLoadStrategy: normal, platformName: windows, proxy: Proxy(), se:cdp: ws://127.0.0.1:26460/devtoo..., se:cdpVersion: 85.0, setWindowRect: true, strictFileInteractability: false, timeouts: {implicit: 0, pageLoad: 300000, script: 30000}, unhandledPromptBehavior: dismiss and notify, userAgent: Mozilla/5.0 (Windows NT 10....}
Session ID: 74c5334a-33a0-4808-8f96-73daed9146ae
at java.base/jdk.internal.reflect.DirectConstructorHandleAccessor.newInstance(DirectConstructorHandleAccessor.java:62)
at java.base/java.lang.reflect.Constructor.newInstanceWithCaller(Constructor.java:502)
at java.base/java.lang.reflect.Constructor.newInstance(Constructor.java:486)
at org.openqa.selenium.remote.ErrorCodec.decode(ErrorCodec.java:167)
at org.openqa.selenium.remote.codec.w3c.W3CHttpResponseCodec.decode(W3CHttpResponseCodec.java:138)
at org.openqa.selenium.remote.codec.w3c.W3CHttpResponseCodec.decode(W3CHttpResponseCodec.java:50)
at org.openqa.selenium.remote.HttpCommandExecutor.execute(HttpCommandExecutor.java:190)
at org.openqa.selenium.remote.service.DriverCommandExecutor.invokeExecute(DriverCommandExecutor.java:216)
at org.openqa.selenium.remote.service.DriverCommandExecutor.execute(DriverCommandExecutor.java:174)
at org.openqa.selenium.remote.RemoteWebDriver.execute(RemoteWebDriver.java:518)
at org.openqa.selenium.remote.ElementLocation$ElementFinder$2.findElement(ElementLocation.java:165)
at org.openqa.selenium.remote.ElementLocation.findElement(ElementLocation.java:59)
at org.openqa.selenium.remote.RemoteWebDriver.findElement(RemoteWebDriver.java:355)
at org.openqa.selenium.remote.RemoteWebDriver.findElement(RemoteWebDriver.java:349)
at pageObjects.AssignStudentPage.isUserClicked(AssignStudentPage.java:60)
at stepdefinitions.AssignStudent.admin_clicks_from_navigation_bar(AssignStudent.java:27)
at ✽.Admin clicks "User" from navigation bar(file:///C:/Users/Deepthi/OneDrive/Documents/GitHub/Team3_Ninja_Hackers_Hackathon_April_2024/src/test/resources/features/09User.feature:23)
]]>
    </error>
  </testcase> <!-- runScenario -->
  <system-out/>
  <testcase classname="runner.TestRunner" name="runScenario" time="1.495">
    <error message="Unable to locate element: //span[@class=&#039;p-paginator-pages ng-star-inserted&#039;]/button[2]
For documentation on this error, please visit: https://www.selenium.dev/documentation/webdriver/troubleshooting/errors#no-such-element-exception
Build info: version: &#039;4.19.1&#039;, revision: &#039;abe0ee07dc&#039;
System info: os.name: &#039;Windows 11&#039;, os.arch: &#039;amd64&#039;, os.version: &#039;10.0&#039;, java.version: &#039;21.0.1&#039;
Driver info: org.openqa.selenium.firefox.FirefoxDriver
Command: [74c5334a-33a0-4808-8f96-73daed9146ae, findElement {using=xpath, value=//span[@class=&#039;p-paginator-pages ng-star-inserted&#039;]/button[2]}]
Capabilities {acceptInsecureCerts: true, browserName: firefox, browserVersion: 125.0.2, moz:accessibilityChecks: false, moz:buildID: 20240419144423, moz:debuggerAddress: 127.0.0.1:26460, moz:geckodriverVersion: 0.34.0, moz:headless: false, moz:platformVersion: 10.0, moz:processID: 37232, moz:profile: C:\Users\Deepthi\AppData\Lo..., moz:shutdownTimeout: 60000, moz:webdriverClick: true, moz:windowless: false, pageLoadStrategy: normal, platformName: windows, proxy: Proxy(), se:cdp: ws://127.0.0.1:26460/devtoo..., se:cdpVersion: 85.0, setWindowRect: true, strictFileInteractability: false, timeouts: {implicit: 0, pageLoad: 300000, script: 30000}, unhandledPromptBehavior: dismiss and notify, userAgent: Mozilla/5.0 (Windows NT 10....}
Session ID: 74c5334a-33a0-4808-8f96-73daed9146ae" type="org.openqa.selenium.NoSuchElementException">
      <![CDATA[org.openqa.selenium.NoSuchElementException: Unable to locate element: //span[@class='p-paginator-pages ng-star-inserted']/button[2]
For documentation on this error, please visit: https://www.selenium.dev/documentation/webdriver/troubleshooting/errors#no-such-element-exception
Build info: version: '4.19.1', revision: 'abe0ee07dc'
System info: os.name: 'Windows 11', os.arch: 'amd64', os.version: '10.0', java.version: '21.0.1'
Driver info: org.openqa.selenium.firefox.FirefoxDriver
Command: [74c5334a-33a0-4808-8f96-73daed9146ae, findElement {using=xpath, value=//span[@class='p-paginator-pages ng-star-inserted']/button[2]}]
Capabilities {acceptInsecureCerts: true, browserName: firefox, browserVersion: 125.0.2, moz:accessibilityChecks: false, moz:buildID: 20240419144423, moz:debuggerAddress: 127.0.0.1:26460, moz:geckodriverVersion: 0.34.0, moz:headless: false, moz:platformVersion: 10.0, moz:processID: 37232, moz:profile: C:\Users\Deepthi\AppData\Lo..., moz:shutdownTimeout: 60000, moz:webdriverClick: true, moz:windowless: false, pageLoadStrategy: normal, platformName: windows, proxy: Proxy(), se:cdp: ws://127.0.0.1:26460/devtoo..., se:cdpVersion: 85.0, setWindowRect: true, strictFileInteractability: false, timeouts: {implicit: 0, pageLoad: 300000, script: 30000}, unhandledPromptBehavior: dismiss and notify, userAgent: Mozilla/5.0 (Windows NT 10....}
Session ID: 74c5334a-33a0-4808-8f96-73daed9146ae
at java.base/jdk.internal.reflect.DirectConstructorHandleAccessor.newInstance(DirectConstructorHandleAccessor.java:62)
at java.base/java.lang.reflect.Constructor.newInstanceWithCaller(Constructor.java:502)
at java.base/java.lang.reflect.Constructor.newInstance(Constructor.java:486)
at org.openqa.selenium.remote.ErrorCodec.decode(ErrorCodec.java:167)
at org.openqa.selenium.remote.codec.w3c.W3CHttpResponseCodec.decode(W3CHttpResponseCodec.java:138)
at org.openqa.selenium.remote.codec.w3c.W3CHttpResponseCodec.decode(W3CHttpResponseCodec.java:50)
at org.openqa.selenium.remote.HttpCommandExecutor.execute(HttpCommandExecutor.java:190)
at org.openqa.selenium.remote.service.DriverCommandExecutor.invokeExecute(DriverCommandExecutor.java:216)
at org.openqa.selenium.remote.service.DriverCommandExecutor.execute(DriverCommandExecutor.java:174)
at org.openqa.selenium.remote.RemoteWebDriver.execute(RemoteWebDriver.java:518)
at org.openqa.selenium.remote.ElementLocation$ElementFinder$2.findElement(ElementLocation.java:165)
at org.openqa.selenium.remote.ElementLocation.findElement(ElementLocation.java:59)
at org.openqa.selenium.remote.RemoteWebDriver.findElement(RemoteWebDriver.java:355)
at org.openqa.selenium.remote.RemoteWebDriver.findElement(RemoteWebDriver.java:349)
at pageObjects.ManageProgramPageValidation.isOnSecondPageLink(ManageProgramPageValidation.java:123)
at stepdefinitions.ManageProgramValidationDefinition.admin_is_on_previous_program_page(ManageProgramValidationDefinition.java:103)
at ✽.Admin is on Previous Program page(file:///C:/Users/Deepthi/OneDrive/Documents/GitHub/Team3_Ninja_Hackers_Hackathon_April_2024/src/test/resources/features/06ManageProgramPageValidation.feature:47)
]]>
    </error>
  </testcase> <!-- runScenario -->
  <system-out/>
  <testcase classname="runner.TestRunner" name="runScenario" time="0.784">
    <failure message="expected [700] but found [724]" type="java.lang.AssertionError">
      <![CDATA[java.lang.AssertionError: expected [700] but found [724]
at org.testng.Assert.fail(Assert.java:99)
at org.testng.Assert.failNotEquals(Assert.java:1037)
at org.testng.Assert.assertEqualsImpl(Assert.java:140)
at org.testng.Assert.assertEquals(Assert.java:122)
at org.testng.Assert.assertEquals(Assert.java:907)
at org.testng.Assert.assertEquals(Assert.java:917)
at pageObjects.LoginPage.verifyLoginButtonLocation(LoginPage.java:196)
at stepdefinitions.Login.verify_the_alignment_of_the_login_button(Login.java:208)
at ✽.Verify the alignment of the login button(file:///C:/Users/Deepthi/OneDrive/Documents/GitHub/Team3_Ninja_Hackers_Hackathon_April_2024/src/test/resources/features/01Login.feature:110)
]]>
    </failure>
  </testcase> <!-- runScenario -->
  <system-out/>
  <testcase classname="runner.TestRunner" name="runScenario" time="0.603"/>
  <system-out/>
  <testcase classname="runner.TestRunner" name="runScenario" time="1.540"/>
  <system-out/>
  <testcase classname="runner.TestRunner" name="runScenario" time="1.556"/>
  <system-out/>
  <testcase classname="runner.TestRunner" name="runScenario" time="0.476"/>
  <system-out/>
  <testcase classname="runner.TestRunner" name="runScenario" time="0.095">
    <error message="Unable to locate element: //button[@id=&#039;user&#039;]
For documentation on this error, please visit: https://www.selenium.dev/documentation/webdriver/troubleshooting/errors#no-such-element-exception
Build info: version: &#039;4.19.1&#039;, revision: &#039;abe0ee07dc&#039;
System info: os.name: &#039;Windows 11&#039;, os.arch: &#039;amd64&#039;, os.version: &#039;10.0&#039;, java.version: &#039;21.0.1&#039;
Driver info: org.openqa.selenium.firefox.FirefoxDriver
Command: [74c5334a-33a0-4808-8f96-73daed9146ae, findElement {using=xpath, value=//button[@id=&#039;user&#039;]}]
Capabilities {acceptInsecureCerts: true, browserName: firefox, browserVersion: 125.0.2, moz:accessibilityChecks: false, moz:buildID: 20240419144423, moz:debuggerAddress: 127.0.0.1:26460, moz:geckodriverVersion: 0.34.0, moz:headless: false, moz:platformVersion: 10.0, moz:processID: 37232, moz:profile: C:\Users\Deepthi\AppData\Lo..., moz:shutdownTimeout: 60000, moz:webdriverClick: true, moz:windowless: false, pageLoadStrategy: normal, platformName: windows, proxy: Proxy(), se:cdp: ws://127.0.0.1:26460/devtoo..., se:cdpVersion: 85.0, setWindowRect: true, strictFileInteractability: false, timeouts: {implicit: 0, pageLoad: 300000, script: 30000}, unhandledPromptBehavior: dismiss and notify, userAgent: Mozilla/5.0 (Windows NT 10....}
Session ID: 74c5334a-33a0-4808-8f96-73daed9146ae" type="org.openqa.selenium.NoSuchElementException">
      <![CDATA[org.openqa.selenium.NoSuchElementException: Unable to locate element: //button[@id='user']
For documentation on this error, please visit: https://www.selenium.dev/documentation/webdriver/troubleshooting/errors#no-such-element-exception
Build info: version: '4.19.1', revision: 'abe0ee07dc'
System info: os.name: 'Windows 11', os.arch: 'amd64', os.version: '10.0', java.version: '21.0.1'
Driver info: org.openqa.selenium.firefox.FirefoxDriver
Command: [74c5334a-33a0-4808-8f96-73daed9146ae, findElement {using=xpath, value=//button[@id='user']}]
Capabilities {acceptInsecureCerts: true, browserName: firefox, browserVersion: 125.0.2, moz:accessibilityChecks: false, moz:buildID: 20240419144423, moz:debuggerAddress: 127.0.0.1:26460, moz:geckodriverVersion: 0.34.0, moz:headless: false, moz:platformVersion: 10.0, moz:processID: 37232, moz:profile: C:\Users\Deepthi\AppData\Lo..., moz:shutdownTimeout: 60000, moz:webdriverClick: true, moz:windowless: false, pageLoadStrategy: normal, platformName: windows, proxy: Proxy(), se:cdp: ws://127.0.0.1:26460/devtoo..., se:cdpVersion: 85.0, setWindowRect: true, strictFileInteractability: false, timeouts: {implicit: 0, pageLoad: 300000, script: 30000}, unhandledPromptBehavior: dismiss and notify, userAgent: Mozilla/5.0 (Windows NT 10....}
Session ID: 74c5334a-33a0-4808-8f96-73daed9146ae
at java.base/jdk.internal.reflect.DirectConstructorHandleAccessor.newInstance(DirectConstructorHandleAccessor.java:62)
at java.base/java.lang.reflect.Constructor.newInstanceWithCaller(Constructor.java:502)
at java.base/java.lang.reflect.Constructor.newInstance(Constructor.java:486)
at org.openqa.selenium.remote.ErrorCodec.decode(ErrorCodec.java:167)
at org.openqa.selenium.remote.codec.w3c.W3CHttpResponseCodec.decode(W3CHttpResponseCodec.java:138)
at org.openqa.selenium.remote.codec.w3c.W3CHttpResponseCodec.decode(W3CHttpResponseCodec.java:50)
at org.openqa.selenium.remote.HttpCommandExecutor.execute(HttpCommandExecutor.java:190)
at org.openqa.selenium.remote.service.DriverCommandExecutor.invokeExecute(DriverCommandExecutor.java:216)
at org.openqa.selenium.remote.service.DriverCommandExecutor.execute(DriverCommandExecutor.java:174)
at org.openqa.selenium.remote.RemoteWebDriver.execute(RemoteWebDriver.java:518)
at org.openqa.selenium.remote.ElementLocation$ElementFinder$2.findElement(ElementLocation.java:165)
at org.openqa.selenium.remote.ElementLocation.findElement(ElementLocation.java:59)
at org.openqa.selenium.remote.RemoteWebDriver.findElement(RemoteWebDriver.java:355)
at org.openqa.selenium.remote.RemoteWebDriver.findElement(RemoteWebDriver.java:349)
at pageObjects.AssignStudentPage.isUserClicked(AssignStudentPage.java:60)
at stepdefinitions.AssignStudent.admin_clicks_from_navigation_bar(AssignStudent.java:27)
at ✽.Admin clicks "User" from navigation bar(file:///C:/Users/Deepthi/OneDrive/Documents/GitHub/Team3_Ninja_Hackers_Hackathon_April_2024/src/test/resources/features/09User.feature:23)
]]>
    </error>
  </testcase> <!-- runScenario -->
  <system-out/>
  <testcase classname="runner.TestRunner" name="runScenario" time="0.142">
    <error message="Unable to locate element: //button[@id=&#039;user&#039;]
For documentation on this error, please visit: https://www.selenium.dev/documentation/webdriver/troubleshooting/errors#no-such-element-exception
Build info: version: &#039;4.19.1&#039;, revision: &#039;abe0ee07dc&#039;
System info: os.name: &#039;Windows 11&#039;, os.arch: &#039;amd64&#039;, os.version: &#039;10.0&#039;, java.version: &#039;21.0.1&#039;
Driver info: org.openqa.selenium.firefox.FirefoxDriver
Command: [74c5334a-33a0-4808-8f96-73daed9146ae, findElement {using=xpath, value=//button[@id=&#039;user&#039;]}]
Capabilities {acceptInsecureCerts: true, browserName: firefox, browserVersion: 125.0.2, moz:accessibilityChecks: false, moz:buildID: 20240419144423, moz:debuggerAddress: 127.0.0.1:26460, moz:geckodriverVersion: 0.34.0, moz:headless: false, moz:platformVersion: 10.0, moz:processID: 37232, moz:profile: C:\Users\Deepthi\AppData\Lo..., moz:shutdownTimeout: 60000, moz:webdriverClick: true, moz:windowless: false, pageLoadStrategy: normal, platformName: windows, proxy: Proxy(), se:cdp: ws://127.0.0.1:26460/devtoo..., se:cdpVersion: 85.0, setWindowRect: true, strictFileInteractability: false, timeouts: {implicit: 0, pageLoad: 300000, script: 30000}, unhandledPromptBehavior: dismiss and notify, userAgent: Mozilla/5.0 (Windows NT 10....}
Session ID: 74c5334a-33a0-4808-8f96-73daed9146ae" type="org.openqa.selenium.NoSuchElementException">
      <![CDATA[org.openqa.selenium.NoSuchElementException: Unable to locate element: //button[@id='user']
For documentation on this error, please visit: https://www.selenium.dev/documentation/webdriver/troubleshooting/errors#no-such-element-exception
Build info: version: '4.19.1', revision: 'abe0ee07dc'
System info: os.name: 'Windows 11', os.arch: 'amd64', os.version: '10.0', java.version: '21.0.1'
Driver info: org.openqa.selenium.firefox.FirefoxDriver
Command: [74c5334a-33a0-4808-8f96-73daed9146ae, findElement {using=xpath, value=//button[@id='user']}]
Capabilities {acceptInsecureCerts: true, browserName: firefox, browserVersion: 125.0.2, moz:accessibilityChecks: false, moz:buildID: 20240419144423, moz:debuggerAddress: 127.0.0.1:26460, moz:geckodriverVersion: 0.34.0, moz:headless: false, moz:platformVersion: 10.0, moz:processID: 37232, moz:profile: C:\Users\Deepthi\AppData\Lo..., moz:shutdownTimeout: 60000, moz:webdriverClick: true, moz:windowless: false, pageLoadStrategy: normal, platformName: windows, proxy: Proxy(), se:cdp: ws://127.0.0.1:26460/devtoo..., se:cdpVersion: 85.0, setWindowRect: true, strictFileInteractability: false, timeouts: {implicit: 0, pageLoad: 300000, script: 30000}, unhandledPromptBehavior: dismiss and notify, userAgent: Mozilla/5.0 (Windows NT 10....}
Session ID: 74c5334a-33a0-4808-8f96-73daed9146ae
at java.base/jdk.internal.reflect.DirectConstructorHandleAccessor.newInstance(DirectConstructorHandleAccessor.java:62)
at java.base/java.lang.reflect.Constructor.newInstanceWithCaller(Constructor.java:502)
at java.base/java.lang.reflect.Constructor.newInstance(Constructor.java:486)
at org.openqa.selenium.remote.ErrorCodec.decode(ErrorCodec.java:167)
at org.openqa.selenium.remote.codec.w3c.W3CHttpResponseCodec.decode(W3CHttpResponseCodec.java:138)
at org.openqa.selenium.remote.codec.w3c.W3CHttpResponseCodec.decode(W3CHttpResponseCodec.java:50)
at org.openqa.selenium.remote.HttpCommandExecutor.execute(HttpCommandExecutor.java:190)
at org.openqa.selenium.remote.service.DriverCommandExecutor.invokeExecute(DriverCommandExecutor.java:216)
at org.openqa.selenium.remote.service.DriverCommandExecutor.execute(DriverCommandExecutor.java:174)
at org.openqa.selenium.remote.RemoteWebDriver.execute(RemoteWebDriver.java:518)
at org.openqa.selenium.remote.ElementLocation$ElementFinder$2.findElement(ElementLocation.java:165)
at org.openqa.selenium.remote.ElementLocation.findElement(ElementLocation.java:59)
at org.openqa.selenium.remote.RemoteWebDriver.findElement(RemoteWebDriver.java:355)
at org.openqa.selenium.remote.RemoteWebDriver.findElement(RemoteWebDriver.java:349)
at pageObjects.AssignStudentPage.isUserClicked(AssignStudentPage.java:60)
at stepdefinitions.AssignStudent.admin_clicks_from_navigation_bar(AssignStudent.java:27)
at ✽.Admin clicks "User" from navigation bar(file:///C:/Users/Deepthi/OneDrive/Documents/GitHub/Team3_Ninja_Hackers_Hackathon_April_2024/src/test/resources/features/09User.feature:23)
]]>
    </error>
  </testcase> <!-- runScenario -->
  <system-out/>
  <testcase classname="runner.TestRunner" name="runScenario" time="1.545"/>
  <system-out/>
  <testcase classname="runner.TestRunner" name="runScenario" time="1.715"/>
  <system-out/>
  <testcase classname="runner.TestRunner" name="runScenario" time="0.096">
    <error message="Unable to locate element: //button[@id=&#039;user&#039;]
For documentation on this error, please visit: https://www.selenium.dev/documentation/webdriver/troubleshooting/errors#no-such-element-exception
Build info: version: &#039;4.19.1&#039;, revision: &#039;abe0ee07dc&#039;
System info: os.name: &#039;Windows 11&#039;, os.arch: &#039;amd64&#039;, os.version: &#039;10.0&#039;, java.version: &#039;21.0.1&#039;
Driver info: org.openqa.selenium.firefox.FirefoxDriver
Command: [74c5334a-33a0-4808-8f96-73daed9146ae, findElement {using=xpath, value=//button[@id=&#039;user&#039;]}]
Capabilities {acceptInsecureCerts: true, browserName: firefox, browserVersion: 125.0.2, moz:accessibilityChecks: false, moz:buildID: 20240419144423, moz:debuggerAddress: 127.0.0.1:26460, moz:geckodriverVersion: 0.34.0, moz:headless: false, moz:platformVersion: 10.0, moz:processID: 37232, moz:profile: C:\Users\Deepthi\AppData\Lo..., moz:shutdownTimeout: 60000, moz:webdriverClick: true, moz:windowless: false, pageLoadStrategy: normal, platformName: windows, proxy: Proxy(), se:cdp: ws://127.0.0.1:26460/devtoo..., se:cdpVersion: 85.0, setWindowRect: true, strictFileInteractability: false, timeouts: {implicit: 0, pageLoad: 300000, script: 30000}, unhandledPromptBehavior: dismiss and notify, userAgent: Mozilla/5.0 (Windows NT 10....}
Session ID: 74c5334a-33a0-4808-8f96-73daed9146ae" type="org.openqa.selenium.NoSuchElementException">
      <![CDATA[org.openqa.selenium.NoSuchElementException: Unable to locate element: //button[@id='user']
For documentation on this error, please visit: https://www.selenium.dev/documentation/webdriver/troubleshooting/errors#no-such-element-exception
Build info: version: '4.19.1', revision: 'abe0ee07dc'
System info: os.name: 'Windows 11', os.arch: 'amd64', os.version: '10.0', java.version: '21.0.1'
Driver info: org.openqa.selenium.firefox.FirefoxDriver
Command: [74c5334a-33a0-4808-8f96-73daed9146ae, findElement {using=xpath, value=//button[@id='user']}]
Capabilities {acceptInsecureCerts: true, browserName: firefox, browserVersion: 125.0.2, moz:accessibilityChecks: false, moz:buildID: 20240419144423, moz:debuggerAddress: 127.0.0.1:26460, moz:geckodriverVersion: 0.34.0, moz:headless: false, moz:platformVersion: 10.0, moz:processID: 37232, moz:profile: C:\Users\Deepthi\AppData\Lo..., moz:shutdownTimeout: 60000, moz:webdriverClick: true, moz:windowless: false, pageLoadStrategy: normal, platformName: windows, proxy: Proxy(), se:cdp: ws://127.0.0.1:26460/devtoo..., se:cdpVersion: 85.0, setWindowRect: true, strictFileInteractability: false, timeouts: {implicit: 0, pageLoad: 300000, script: 30000}, unhandledPromptBehavior: dismiss and notify, userAgent: Mozilla/5.0 (Windows NT 10....}
Session ID: 74c5334a-33a0-4808-8f96-73daed9146ae
at java.base/jdk.internal.reflect.DirectConstructorHandleAccessor.newInstance(DirectConstructorHandleAccessor.java:62)
at java.base/java.lang.reflect.Constructor.newInstanceWithCaller(Constructor.java:502)
at java.base/java.lang.reflect.Constructor.newInstance(Constructor.java:486)
at org.openqa.selenium.remote.ErrorCodec.decode(ErrorCodec.java:167)
at org.openqa.selenium.remote.codec.w3c.W3CHttpResponseCodec.decode(W3CHttpResponseCodec.java:138)
at org.openqa.selenium.remote.codec.w3c.W3CHttpResponseCodec.decode(W3CHttpResponseCodec.java:50)
at org.openqa.selenium.remote.HttpCommandExecutor.execute(HttpCommandExecutor.java:190)
at org.openqa.selenium.remote.service.DriverCommandExecutor.invokeExecute(DriverCommandExecutor.java:216)
at org.openqa.selenium.remote.service.DriverCommandExecutor.execute(DriverCommandExecutor.java:174)
at org.openqa.selenium.remote.RemoteWebDriver.execute(RemoteWebDriver.java:518)
at org.openqa.selenium.remote.ElementLocation$ElementFinder$2.findElement(ElementLocation.java:165)
at org.openqa.selenium.remote.ElementLocation.findElement(ElementLocation.java:59)
at org.openqa.selenium.remote.RemoteWebDriver.findElement(RemoteWebDriver.java:355)
at org.openqa.selenium.remote.RemoteWebDriver.findElement(RemoteWebDriver.java:349)
at pageObjects.AssignStudentPage.isUserClicked(AssignStudentPage.java:60)
at stepdefinitions.AssignStudent.admin_clicks_from_navigation_bar(AssignStudent.java:27)
at ✽.Admin clicks "User" from navigation bar(file:///C:/Users/Deepthi/OneDrive/Documents/GitHub/Team3_Ninja_Hackers_Hackathon_April_2024/src/test/resources/features/09User.feature:84)
]]>
    </error>
  </testcase> <!-- runScenario -->
  <system-out/>
  <testcase classname="runner.TestRunner" name="runScenario" time="1.973"/>
  <system-out/>
</testsuite> <!-- runner.TestRunner -->
