<?xml version="1.0" encoding="UTF-8"?>
<!-- Generated by org.testng.reporters.JUnitReportReporter -->
<testsuite hostname="Deepthi-Windows-PC" failures="6" tests="126" name="runner.TestRunner" time="198.785" errors="70" timestamp="2024-05-01T17:21:43 EDT" skipped="0">
  <testcase classname="runner.TestRunner" name="runScenario" time="0.148">
    <error message="Element &lt;button id=&quot;user&quot; class=&quot;mat-focus-indicator mat-button mat-button-base&quot;&gt; is not clickable at point (1413,32) because another element &lt;div class=&quot;p-toast-message-content ng-tns-c90-9&quot;&gt; obscures it
Build info: version: &#039;4.19.1&#039;, revision: &#039;abe0ee07dc&#039;
System info: os.name: &#039;Windows 11&#039;, os.arch: &#039;amd64&#039;, os.version: &#039;10.0&#039;, java.version: &#039;21.0.1&#039;
Driver info: org.openqa.selenium.firefox.FirefoxDriver
Command: [3271a220-705c-4c6e-9a6e-29b44d612cb1, clickElement {id=b8428683-52c3-4593-82ba-45f351b1d4c1}]
Capabilities {acceptInsecureCerts: true, browserName: firefox, browserVersion: 125.0.2, moz:accessibilityChecks: false, moz:buildID: 20240419144423, moz:debuggerAddress: 127.0.0.1:29009, moz:geckodriverVersion: 0.34.0, moz:headless: false, moz:platformVersion: 10.0, moz:processID: 33984, moz:profile: C:\Users\Deepthi\AppData\Lo..., moz:shutdownTimeout: 60000, moz:webdriverClick: true, moz:windowless: false, pageLoadStrategy: normal, platformName: windows, proxy: Proxy(), se:cdp: ws://127.0.0.1:29009/devtoo..., se:cdpVersion: 85.0, setWindowRect: true, strictFileInteractability: false, timeouts: {implicit: 0, pageLoad: 300000, script: 30000}, unhandledPromptBehavior: dismiss and notify, userAgent: Mozilla/5.0 (Windows NT 10....}
Element: [[FirefoxDriver: firefox on windows (3271a220-705c-4c6e-9a6e-29b44d612cb1)] -&gt; xpath: //button[@id=&#039;user&#039;]]
Session ID: 3271a220-705c-4c6e-9a6e-29b44d612cb1" type="org.openqa.selenium.ElementClickInterceptedException">
      <![CDATA[org.openqa.selenium.ElementClickInterceptedException: Element <button id="user" class="mat-focus-indicator mat-button mat-button-base"> is not clickable at point (1413,32) because another element <div class="p-toast-message-content ng-tns-c90-9"> obscures it
Build info: version: '4.19.1', revision: 'abe0ee07dc'
System info: os.name: 'Windows 11', os.arch: 'amd64', os.version: '10.0', java.version: '21.0.1'
Driver info: org.openqa.selenium.firefox.FirefoxDriver
Command: [3271a220-705c-4c6e-9a6e-29b44d612cb1, clickElement {id=b8428683-52c3-4593-82ba-45f351b1d4c1}]
Capabilities {acceptInsecureCerts: true, browserName: firefox, browserVersion: 125.0.2, moz:accessibilityChecks: false, moz:buildID: 20240419144423, moz:debuggerAddress: 127.0.0.1:29009, moz:geckodriverVersion: 0.34.0, moz:headless: false, moz:platformVersion: 10.0, moz:processID: 33984, moz:profile: C:\Users\Deepthi\AppData\Lo..., moz:shutdownTimeout: 60000, moz:webdriverClick: true, moz:windowless: false, pageLoadStrategy: normal, platformName: windows, proxy: Proxy(), se:cdp: ws://127.0.0.1:29009/devtoo..., se:cdpVersion: 85.0, setWindowRect: true, strictFileInteractability: false, timeouts: {implicit: 0, pageLoad: 300000, script: 30000}, unhandledPromptBehavior: dismiss and notify, userAgent: Mozilla/5.0 (Windows NT 10....}
Element: [[FirefoxDriver: firefox on windows (3271a220-705c-4c6e-9a6e-29b44d612cb1)] -> xpath: //button[@id='user']]
Session ID: 3271a220-705c-4c6e-9a6e-29b44d612cb1
at java.base/jdk.internal.reflect.DirectConstructorHandleAccessor.newInstance(DirectConstructorHandleAccessor.java:62)
at java.base/java.lang.reflect.Constructor.newInstanceWithCaller(Constructor.java:502)
at java.base/java.lang.reflect.Constructor.newInstance(Constructor.java:486)
at org.openqa.selenium.remote.ErrorCodec.decode(ErrorCodec.java:167)
at org.openqa.selenium.remote.codec.w3c.W3CHttpResponseCodec.decode(W3CHttpResponseCodec.java:138)
at org.openqa.selenium.remote.codec.w3c.W3CHttpResponseCodec.decode(W3CHttpResponseCodec.java:50)
at org.openqa.selenium.remote.HttpCommandExecutor.execute(HttpCommandExecutor.java:190)
at org.openqa.selenium.remote.service.DriverCommandExecutor.invokeExecute(DriverCommandExecutor.java:216)
at org.openqa.selenium.remote.service.DriverCommandExecutor.execute(DriverCommandExecutor.java:174)
at org.openqa.selenium.remote.RemoteWebDriver.execute(RemoteWebDriver.java:518)
at org.openqa.selenium.remote.RemoteWebElement.execute(RemoteWebElement.java:223)
at org.openqa.selenium.remote.RemoteWebElement.click(RemoteWebElement.java:76)
at pageObjects.AssignStudentPage.isUserClicked(AssignStudentPage.java:60)
at stepdefinitions.AssignStudent.admin_clicks_from_navigation_bar(AssignStudent.java:27)
at ✽.Admin clicks "User" from navigation bar(file:///C:/Users/Deepthi/OneDrive/Documents/GitHub/Team3_Ninja_Hackers_Hackathon_April_2024/src/test/resources/features/09User.feature:78)
]]>
    </error>
  </testcase> <!-- runScenario -->
  <system-out/>
  <testcase classname="runner.TestRunner" name="runScenario" time="1.381"/>
  <system-out/>
  <testcase classname="runner.TestRunner" name="runScenario" time="0.137">
    <error message="Element &lt;button id=&quot;user&quot; class=&quot;mat-focus-indicator mat-button mat-button-base&quot;&gt; is not clickable at point (1413,32) because another element &lt;div class=&quot;p-toast-message-content ng-tns-c90-9&quot;&gt; obscures it
Build info: version: &#039;4.19.1&#039;, revision: &#039;abe0ee07dc&#039;
System info: os.name: &#039;Windows 11&#039;, os.arch: &#039;amd64&#039;, os.version: &#039;10.0&#039;, java.version: &#039;21.0.1&#039;
Driver info: org.openqa.selenium.firefox.FirefoxDriver
Command: [3271a220-705c-4c6e-9a6e-29b44d612cb1, clickElement {id=b8428683-52c3-4593-82ba-45f351b1d4c1}]
Capabilities {acceptInsecureCerts: true, browserName: firefox, browserVersion: 125.0.2, moz:accessibilityChecks: false, moz:buildID: 20240419144423, moz:debuggerAddress: 127.0.0.1:29009, moz:geckodriverVersion: 0.34.0, moz:headless: false, moz:platformVersion: 10.0, moz:processID: 33984, moz:profile: C:\Users\Deepthi\AppData\Lo..., moz:shutdownTimeout: 60000, moz:webdriverClick: true, moz:windowless: false, pageLoadStrategy: normal, platformName: windows, proxy: Proxy(), se:cdp: ws://127.0.0.1:29009/devtoo..., se:cdpVersion: 85.0, setWindowRect: true, strictFileInteractability: false, timeouts: {implicit: 0, pageLoad: 300000, script: 30000}, unhandledPromptBehavior: dismiss and notify, userAgent: Mozilla/5.0 (Windows NT 10....}
Element: [[FirefoxDriver: firefox on windows (3271a220-705c-4c6e-9a6e-29b44d612cb1)] -&gt; xpath: //button[@id=&#039;user&#039;]]
Session ID: 3271a220-705c-4c6e-9a6e-29b44d612cb1" type="org.openqa.selenium.ElementClickInterceptedException">
      <![CDATA[org.openqa.selenium.ElementClickInterceptedException: Element <button id="user" class="mat-focus-indicator mat-button mat-button-base"> is not clickable at point (1413,32) because another element <div class="p-toast-message-content ng-tns-c90-9"> obscures it
Build info: version: '4.19.1', revision: 'abe0ee07dc'
System info: os.name: 'Windows 11', os.arch: 'amd64', os.version: '10.0', java.version: '21.0.1'
Driver info: org.openqa.selenium.firefox.FirefoxDriver
Command: [3271a220-705c-4c6e-9a6e-29b44d612cb1, clickElement {id=b8428683-52c3-4593-82ba-45f351b1d4c1}]
Capabilities {acceptInsecureCerts: true, browserName: firefox, browserVersion: 125.0.2, moz:accessibilityChecks: false, moz:buildID: 20240419144423, moz:debuggerAddress: 127.0.0.1:29009, moz:geckodriverVersion: 0.34.0, moz:headless: false, moz:platformVersion: 10.0, moz:processID: 33984, moz:profile: C:\Users\Deepthi\AppData\Lo..., moz:shutdownTimeout: 60000, moz:webdriverClick: true, moz:windowless: false, pageLoadStrategy: normal, platformName: windows, proxy: Proxy(), se:cdp: ws://127.0.0.1:29009/devtoo..., se:cdpVersion: 85.0, setWindowRect: true, strictFileInteractability: false, timeouts: {implicit: 0, pageLoad: 300000, script: 30000}, unhandledPromptBehavior: dismiss and notify, userAgent: Mozilla/5.0 (Windows NT 10....}
Element: [[FirefoxDriver: firefox on windows (3271a220-705c-4c6e-9a6e-29b44d612cb1)] -> xpath: //button[@id='user']]
Session ID: 3271a220-705c-4c6e-9a6e-29b44d612cb1
at java.base/jdk.internal.reflect.DirectConstructorHandleAccessor.newInstance(DirectConstructorHandleAccessor.java:62)
at java.base/java.lang.reflect.Constructor.newInstanceWithCaller(Constructor.java:502)
at java.base/java.lang.reflect.Constructor.newInstance(Constructor.java:486)
at org.openqa.selenium.remote.ErrorCodec.decode(ErrorCodec.java:167)
at org.openqa.selenium.remote.codec.w3c.W3CHttpResponseCodec.decode(W3CHttpResponseCodec.java:138)
at org.openqa.selenium.remote.codec.w3c.W3CHttpResponseCodec.decode(W3CHttpResponseCodec.java:50)
at org.openqa.selenium.remote.HttpCommandExecutor.execute(HttpCommandExecutor.java:190)
at org.openqa.selenium.remote.service.DriverCommandExecutor.invokeExecute(DriverCommandExecutor.java:216)
at org.openqa.selenium.remote.service.DriverCommandExecutor.execute(DriverCommandExecutor.java:174)
at org.openqa.selenium.remote.RemoteWebDriver.execute(RemoteWebDriver.java:518)
at org.openqa.selenium.remote.RemoteWebElement.execute(RemoteWebElement.java:223)
at org.openqa.selenium.remote.RemoteWebElement.click(RemoteWebElement.java:76)
at pageObjects.AssignStudentPage.isUserClicked(AssignStudentPage.java:60)
at stepdefinitions.AssignStudent.admin_clicks_from_navigation_bar(AssignStudent.java:27)
at ✽.Admin clicks "User" from navigation bar(file:///C:/Users/Deepthi/OneDrive/Documents/GitHub/Team3_Ninja_Hackers_Hackathon_April_2024/src/test/resources/features/09User.feature:23)
]]>
    </error>
  </testcase> <!-- runScenario -->
  <system-out/>
  <testcase classname="runner.TestRunner" name="runScenario" time="0.126">
    <error message="Element &lt;button id=&quot;user&quot; class=&quot;mat-focus-indicator mat-button mat-button-base&quot;&gt; is not clickable at point (1413,32) because another element &lt;div class=&quot;p-toast-message-content ng-tns-c90-9&quot;&gt; obscures it
Build info: version: &#039;4.19.1&#039;, revision: &#039;abe0ee07dc&#039;
System info: os.name: &#039;Windows 11&#039;, os.arch: &#039;amd64&#039;, os.version: &#039;10.0&#039;, java.version: &#039;21.0.1&#039;
Driver info: org.openqa.selenium.firefox.FirefoxDriver
Command: [3271a220-705c-4c6e-9a6e-29b44d612cb1, clickElement {id=b8428683-52c3-4593-82ba-45f351b1d4c1}]
Capabilities {acceptInsecureCerts: true, browserName: firefox, browserVersion: 125.0.2, moz:accessibilityChecks: false, moz:buildID: 20240419144423, moz:debuggerAddress: 127.0.0.1:29009, moz:geckodriverVersion: 0.34.0, moz:headless: false, moz:platformVersion: 10.0, moz:processID: 33984, moz:profile: C:\Users\Deepthi\AppData\Lo..., moz:shutdownTimeout: 60000, moz:webdriverClick: true, moz:windowless: false, pageLoadStrategy: normal, platformName: windows, proxy: Proxy(), se:cdp: ws://127.0.0.1:29009/devtoo..., se:cdpVersion: 85.0, setWindowRect: true, strictFileInteractability: false, timeouts: {implicit: 0, pageLoad: 300000, script: 30000}, unhandledPromptBehavior: dismiss and notify, userAgent: Mozilla/5.0 (Windows NT 10....}
Element: [[FirefoxDriver: firefox on windows (3271a220-705c-4c6e-9a6e-29b44d612cb1)] -&gt; xpath: //button[@id=&#039;user&#039;]]
Session ID: 3271a220-705c-4c6e-9a6e-29b44d612cb1" type="org.openqa.selenium.ElementClickInterceptedException">
      <![CDATA[org.openqa.selenium.ElementClickInterceptedException: Element <button id="user" class="mat-focus-indicator mat-button mat-button-base"> is not clickable at point (1413,32) because another element <div class="p-toast-message-content ng-tns-c90-9"> obscures it
Build info: version: '4.19.1', revision: 'abe0ee07dc'
System info: os.name: 'Windows 11', os.arch: 'amd64', os.version: '10.0', java.version: '21.0.1'
Driver info: org.openqa.selenium.firefox.FirefoxDriver
Command: [3271a220-705c-4c6e-9a6e-29b44d612cb1, clickElement {id=b8428683-52c3-4593-82ba-45f351b1d4c1}]
Capabilities {acceptInsecureCerts: true, browserName: firefox, browserVersion: 125.0.2, moz:accessibilityChecks: false, moz:buildID: 20240419144423, moz:debuggerAddress: 127.0.0.1:29009, moz:geckodriverVersion: 0.34.0, moz:headless: false, moz:platformVersion: 10.0, moz:processID: 33984, moz:profile: C:\Users\Deepthi\AppData\Lo..., moz:shutdownTimeout: 60000, moz:webdriverClick: true, moz:windowless: false, pageLoadStrategy: normal, platformName: windows, proxy: Proxy(), se:cdp: ws://127.0.0.1:29009/devtoo..., se:cdpVersion: 85.0, setWindowRect: true, strictFileInteractability: false, timeouts: {implicit: 0, pageLoad: 300000, script: 30000}, unhandledPromptBehavior: dismiss and notify, userAgent: Mozilla/5.0 (Windows NT 10....}
Element: [[FirefoxDriver: firefox on windows (3271a220-705c-4c6e-9a6e-29b44d612cb1)] -> xpath: //button[@id='user']]
Session ID: 3271a220-705c-4c6e-9a6e-29b44d612cb1
at java.base/jdk.internal.reflect.DirectConstructorHandleAccessor.newInstance(DirectConstructorHandleAccessor.java:62)
at java.base/java.lang.reflect.Constructor.newInstanceWithCaller(Constructor.java:502)
at java.base/java.lang.reflect.Constructor.newInstance(Constructor.java:486)
at org.openqa.selenium.remote.ErrorCodec.decode(ErrorCodec.java:167)
at org.openqa.selenium.remote.codec.w3c.W3CHttpResponseCodec.decode(W3CHttpResponseCodec.java:138)
at org.openqa.selenium.remote.codec.w3c.W3CHttpResponseCodec.decode(W3CHttpResponseCodec.java:50)
at org.openqa.selenium.remote.HttpCommandExecutor.execute(HttpCommandExecutor.java:190)
at org.openqa.selenium.remote.service.DriverCommandExecutor.invokeExecute(DriverCommandExecutor.java:216)
at org.openqa.selenium.remote.service.DriverCommandExecutor.execute(DriverCommandExecutor.java:174)
at org.openqa.selenium.remote.RemoteWebDriver.execute(RemoteWebDriver.java:518)
at org.openqa.selenium.remote.RemoteWebElement.execute(RemoteWebElement.java:223)
at org.openqa.selenium.remote.RemoteWebElement.click(RemoteWebElement.java:76)
at pageObjects.AssignStudentPage.isUserClicked(AssignStudentPage.java:60)
at stepdefinitions.AssignStudent.admin_clicks_from_navigation_bar(AssignStudent.java:27)
at ✽.Admin clicks "User" from navigation bar(file:///C:/Users/Deepthi/OneDrive/Documents/GitHub/Team3_Ninja_Hackers_Hackathon_April_2024/src/test/resources/features/09User.feature:23)
]]>
    </error>
  </testcase> <!-- runScenario -->
  <system-out/>
  <testcase classname="runner.TestRunner" name="runScenario" time="0.123">
    <error message="Element &lt;button id=&quot;user&quot; class=&quot;mat-focus-indicator mat-button mat-button-base&quot;&gt; is not clickable at point (1413,32) because another element &lt;div class=&quot;p-toast-message-content ng-tns-c90-9&quot;&gt; obscures it
Build info: version: &#039;4.19.1&#039;, revision: &#039;abe0ee07dc&#039;
System info: os.name: &#039;Windows 11&#039;, os.arch: &#039;amd64&#039;, os.version: &#039;10.0&#039;, java.version: &#039;21.0.1&#039;
Driver info: org.openqa.selenium.firefox.FirefoxDriver
Command: [3271a220-705c-4c6e-9a6e-29b44d612cb1, clickElement {id=b8428683-52c3-4593-82ba-45f351b1d4c1}]
Capabilities {acceptInsecureCerts: true, browserName: firefox, browserVersion: 125.0.2, moz:accessibilityChecks: false, moz:buildID: 20240419144423, moz:debuggerAddress: 127.0.0.1:29009, moz:geckodriverVersion: 0.34.0, moz:headless: false, moz:platformVersion: 10.0, moz:processID: 33984, moz:profile: C:\Users\Deepthi\AppData\Lo..., moz:shutdownTimeout: 60000, moz:webdriverClick: true, moz:windowless: false, pageLoadStrategy: normal, platformName: windows, proxy: Proxy(), se:cdp: ws://127.0.0.1:29009/devtoo..., se:cdpVersion: 85.0, setWindowRect: true, strictFileInteractability: false, timeouts: {implicit: 0, pageLoad: 300000, script: 30000}, unhandledPromptBehavior: dismiss and notify, userAgent: Mozilla/5.0 (Windows NT 10....}
Element: [[FirefoxDriver: firefox on windows (3271a220-705c-4c6e-9a6e-29b44d612cb1)] -&gt; xpath: //button[@id=&#039;user&#039;]]
Session ID: 3271a220-705c-4c6e-9a6e-29b44d612cb1" type="org.openqa.selenium.ElementClickInterceptedException">
      <![CDATA[org.openqa.selenium.ElementClickInterceptedException: Element <button id="user" class="mat-focus-indicator mat-button mat-button-base"> is not clickable at point (1413,32) because another element <div class="p-toast-message-content ng-tns-c90-9"> obscures it
Build info: version: '4.19.1', revision: 'abe0ee07dc'
System info: os.name: 'Windows 11', os.arch: 'amd64', os.version: '10.0', java.version: '21.0.1'
Driver info: org.openqa.selenium.firefox.FirefoxDriver
Command: [3271a220-705c-4c6e-9a6e-29b44d612cb1, clickElement {id=b8428683-52c3-4593-82ba-45f351b1d4c1}]
Capabilities {acceptInsecureCerts: true, browserName: firefox, browserVersion: 125.0.2, moz:accessibilityChecks: false, moz:buildID: 20240419144423, moz:debuggerAddress: 127.0.0.1:29009, moz:geckodriverVersion: 0.34.0, moz:headless: false, moz:platformVersion: 10.0, moz:processID: 33984, moz:profile: C:\Users\Deepthi\AppData\Lo..., moz:shutdownTimeout: 60000, moz:webdriverClick: true, moz:windowless: false, pageLoadStrategy: normal, platformName: windows, proxy: Proxy(), se:cdp: ws://127.0.0.1:29009/devtoo..., se:cdpVersion: 85.0, setWindowRect: true, strictFileInteractability: false, timeouts: {implicit: 0, pageLoad: 300000, script: 30000}, unhandledPromptBehavior: dismiss and notify, userAgent: Mozilla/5.0 (Windows NT 10....}
Element: [[FirefoxDriver: firefox on windows (3271a220-705c-4c6e-9a6e-29b44d612cb1)] -> xpath: //button[@id='user']]
Session ID: 3271a220-705c-4c6e-9a6e-29b44d612cb1
at java.base/jdk.internal.reflect.DirectConstructorHandleAccessor.newInstance(DirectConstructorHandleAccessor.java:62)
at java.base/java.lang.reflect.Constructor.newInstanceWithCaller(Constructor.java:502)
at java.base/java.lang.reflect.Constructor.newInstance(Constructor.java:486)
at org.openqa.selenium.remote.ErrorCodec.decode(ErrorCodec.java:167)
at org.openqa.selenium.remote.codec.w3c.W3CHttpResponseCodec.decode(W3CHttpResponseCodec.java:138)
at org.openqa.selenium.remote.codec.w3c.W3CHttpResponseCodec.decode(W3CHttpResponseCodec.java:50)
at org.openqa.selenium.remote.HttpCommandExecutor.execute(HttpCommandExecutor.java:190)
at org.openqa.selenium.remote.service.DriverCommandExecutor.invokeExecute(DriverCommandExecutor.java:216)
at org.openqa.selenium.remote.service.DriverCommandExecutor.execute(DriverCommandExecutor.java:174)
at org.openqa.selenium.remote.RemoteWebDriver.execute(RemoteWebDriver.java:518)
at org.openqa.selenium.remote.RemoteWebElement.execute(RemoteWebElement.java:223)
at org.openqa.selenium.remote.RemoteWebElement.click(RemoteWebElement.java:76)
at pageObjects.AssignStudentPage.isUserClicked(AssignStudentPage.java:60)
at stepdefinitions.AssignStudent.admin_clicks_from_navigation_bar(AssignStudent.java:27)
at ✽.Admin clicks "User" from navigation bar(file:///C:/Users/Deepthi/OneDrive/Documents/GitHub/Team3_Ninja_Hackers_Hackathon_April_2024/src/test/resources/features/09User.feature:23)
]]>
    </error>
  </testcase> <!-- runScenario -->
  <system-out/>
  <testcase classname="runner.TestRunner" name="runScenario" time="0.184">
    <error message="Element &lt;button id=&quot;user&quot; class=&quot;mat-focus-indicator mat-button mat-button-base&quot;&gt; is not clickable at point (1413,32) because another element &lt;p-toastitem class=&quot;ng-tns-c90-9 ng-trigger ng-trigger-toastAnimation ng-tns-c91-5 ng-star-inserted&quot;&gt; obscures it
Build info: version: &#039;4.19.1&#039;, revision: &#039;abe0ee07dc&#039;
System info: os.name: &#039;Windows 11&#039;, os.arch: &#039;amd64&#039;, os.version: &#039;10.0&#039;, java.version: &#039;21.0.1&#039;
Driver info: org.openqa.selenium.firefox.FirefoxDriver
Command: [3271a220-705c-4c6e-9a6e-29b44d612cb1, clickElement {id=b8428683-52c3-4593-82ba-45f351b1d4c1}]
Capabilities {acceptInsecureCerts: true, browserName: firefox, browserVersion: 125.0.2, moz:accessibilityChecks: false, moz:buildID: 20240419144423, moz:debuggerAddress: 127.0.0.1:29009, moz:geckodriverVersion: 0.34.0, moz:headless: false, moz:platformVersion: 10.0, moz:processID: 33984, moz:profile: C:\Users\Deepthi\AppData\Lo..., moz:shutdownTimeout: 60000, moz:webdriverClick: true, moz:windowless: false, pageLoadStrategy: normal, platformName: windows, proxy: Proxy(), se:cdp: ws://127.0.0.1:29009/devtoo..., se:cdpVersion: 85.0, setWindowRect: true, strictFileInteractability: false, timeouts: {implicit: 0, pageLoad: 300000, script: 30000}, unhandledPromptBehavior: dismiss and notify, userAgent: Mozilla/5.0 (Windows NT 10....}
Element: [[FirefoxDriver: firefox on windows (3271a220-705c-4c6e-9a6e-29b44d612cb1)] -&gt; xpath: //button[@id=&#039;user&#039;]]
Session ID: 3271a220-705c-4c6e-9a6e-29b44d612cb1" type="org.openqa.selenium.ElementClickInterceptedException">
      <![CDATA[org.openqa.selenium.ElementClickInterceptedException: Element <button id="user" class="mat-focus-indicator mat-button mat-button-base"> is not clickable at point (1413,32) because another element <p-toastitem class="ng-tns-c90-9 ng-trigger ng-trigger-toastAnimation ng-tns-c91-5 ng-star-inserted"> obscures it
Build info: version: '4.19.1', revision: 'abe0ee07dc'
System info: os.name: 'Windows 11', os.arch: 'amd64', os.version: '10.0', java.version: '21.0.1'
Driver info: org.openqa.selenium.firefox.FirefoxDriver
Command: [3271a220-705c-4c6e-9a6e-29b44d612cb1, clickElement {id=b8428683-52c3-4593-82ba-45f351b1d4c1}]
Capabilities {acceptInsecureCerts: true, browserName: firefox, browserVersion: 125.0.2, moz:accessibilityChecks: false, moz:buildID: 20240419144423, moz:debuggerAddress: 127.0.0.1:29009, moz:geckodriverVersion: 0.34.0, moz:headless: false, moz:platformVersion: 10.0, moz:processID: 33984, moz:profile: C:\Users\Deepthi\AppData\Lo..., moz:shutdownTimeout: 60000, moz:webdriverClick: true, moz:windowless: false, pageLoadStrategy: normal, platformName: windows, proxy: Proxy(), se:cdp: ws://127.0.0.1:29009/devtoo..., se:cdpVersion: 85.0, setWindowRect: true, strictFileInteractability: false, timeouts: {implicit: 0, pageLoad: 300000, script: 30000}, unhandledPromptBehavior: dismiss and notify, userAgent: Mozilla/5.0 (Windows NT 10....}
Element: [[FirefoxDriver: firefox on windows (3271a220-705c-4c6e-9a6e-29b44d612cb1)] -> xpath: //button[@id='user']]
Session ID: 3271a220-705c-4c6e-9a6e-29b44d612cb1
at java.base/jdk.internal.reflect.DirectConstructorHandleAccessor.newInstance(DirectConstructorHandleAccessor.java:62)
at java.base/java.lang.reflect.Constructor.newInstanceWithCaller(Constructor.java:502)
at java.base/java.lang.reflect.Constructor.newInstance(Constructor.java:486)
at org.openqa.selenium.remote.ErrorCodec.decode(ErrorCodec.java:167)
at org.openqa.selenium.remote.codec.w3c.W3CHttpResponseCodec.decode(W3CHttpResponseCodec.java:138)
at org.openqa.selenium.remote.codec.w3c.W3CHttpResponseCodec.decode(W3CHttpResponseCodec.java:50)
at org.openqa.selenium.remote.HttpCommandExecutor.execute(HttpCommandExecutor.java:190)
at org.openqa.selenium.remote.service.DriverCommandExecutor.invokeExecute(DriverCommandExecutor.java:216)
at org.openqa.selenium.remote.service.DriverCommandExecutor.execute(DriverCommandExecutor.java:174)
at org.openqa.selenium.remote.RemoteWebDriver.execute(RemoteWebDriver.java:518)
at org.openqa.selenium.remote.RemoteWebElement.execute(RemoteWebElement.java:223)
at org.openqa.selenium.remote.RemoteWebElement.click(RemoteWebElement.java:76)
at pageObjects.AssignStudentPage.isUserClicked(AssignStudentPage.java:60)
at stepdefinitions.AssignStudent.admin_clicks_from_navigation_bar(AssignStudent.java:27)
at ✽.Admin clicks "User" from navigation bar(file:///C:/Users/Deepthi/OneDrive/Documents/GitHub/Team3_Ninja_Hackers_Hackathon_April_2024/src/test/resources/features/09User.feature:11)
]]>
    </error>
  </testcase> <!-- runScenario -->
  <system-out/>
  <testcase classname="runner.TestRunner" name="runScenario" time="1.570"/>
  <system-out/>
  <testcase classname="runner.TestRunner" name="runScenario" time="3.202"/>
  <system-out/>
  <testcase classname="runner.TestRunner" name="runScenario" time="0.165">
    <error message="Element &lt;button id=&quot;user&quot; class=&quot;mat-focus-indicator mat-button mat-button-base&quot;&gt; is not clickable at point (1413,32) because another element &lt;div class=&quot;ng-tns-c132-3 p-dialog-mask p-component-overlay p-dialog-mask-scrollblocker ng-star-inserted&quot;&gt; obscures it
Build info: version: &#039;4.19.1&#039;, revision: &#039;abe0ee07dc&#039;
System info: os.name: &#039;Windows 11&#039;, os.arch: &#039;amd64&#039;, os.version: &#039;10.0&#039;, java.version: &#039;21.0.1&#039;
Driver info: org.openqa.selenium.firefox.FirefoxDriver
Command: [3271a220-705c-4c6e-9a6e-29b44d612cb1, clickElement {id=0618a27d-05e8-401b-9a99-80227d62a23d}]
Capabilities {acceptInsecureCerts: true, browserName: firefox, browserVersion: 125.0.2, moz:accessibilityChecks: false, moz:buildID: 20240419144423, moz:debuggerAddress: 127.0.0.1:29009, moz:geckodriverVersion: 0.34.0, moz:headless: false, moz:platformVersion: 10.0, moz:processID: 33984, moz:profile: C:\Users\Deepthi\AppData\Lo..., moz:shutdownTimeout: 60000, moz:webdriverClick: true, moz:windowless: false, pageLoadStrategy: normal, platformName: windows, proxy: Proxy(), se:cdp: ws://127.0.0.1:29009/devtoo..., se:cdpVersion: 85.0, setWindowRect: true, strictFileInteractability: false, timeouts: {implicit: 0, pageLoad: 300000, script: 30000}, unhandledPromptBehavior: dismiss and notify, userAgent: Mozilla/5.0 (Windows NT 10....}
Element: [[FirefoxDriver: firefox on windows (3271a220-705c-4c6e-9a6e-29b44d612cb1)] -&gt; xpath: //button[@id=&#039;user&#039;]]
Session ID: 3271a220-705c-4c6e-9a6e-29b44d612cb1" type="org.openqa.selenium.ElementClickInterceptedException">
      <![CDATA[org.openqa.selenium.ElementClickInterceptedException: Element <button id="user" class="mat-focus-indicator mat-button mat-button-base"> is not clickable at point (1413,32) because another element <div class="ng-tns-c132-3 p-dialog-mask p-component-overlay p-dialog-mask-scrollblocker ng-star-inserted"> obscures it
Build info: version: '4.19.1', revision: 'abe0ee07dc'
System info: os.name: 'Windows 11', os.arch: 'amd64', os.version: '10.0', java.version: '21.0.1'
Driver info: org.openqa.selenium.firefox.FirefoxDriver
Command: [3271a220-705c-4c6e-9a6e-29b44d612cb1, clickElement {id=0618a27d-05e8-401b-9a99-80227d62a23d}]
Capabilities {acceptInsecureCerts: true, browserName: firefox, browserVersion: 125.0.2, moz:accessibilityChecks: false, moz:buildID: 20240419144423, moz:debuggerAddress: 127.0.0.1:29009, moz:geckodriverVersion: 0.34.0, moz:headless: false, moz:platformVersion: 10.0, moz:processID: 33984, moz:profile: C:\Users\Deepthi\AppData\Lo..., moz:shutdownTimeout: 60000, moz:webdriverClick: true, moz:windowless: false, pageLoadStrategy: normal, platformName: windows, proxy: Proxy(), se:cdp: ws://127.0.0.1:29009/devtoo..., se:cdpVersion: 85.0, setWindowRect: true, strictFileInteractability: false, timeouts: {implicit: 0, pageLoad: 300000, script: 30000}, unhandledPromptBehavior: dismiss and notify, userAgent: Mozilla/5.0 (Windows NT 10....}
Element: [[FirefoxDriver: firefox on windows (3271a220-705c-4c6e-9a6e-29b44d612cb1)] -> xpath: //button[@id='user']]
Session ID: 3271a220-705c-4c6e-9a6e-29b44d612cb1
at java.base/jdk.internal.reflect.DirectConstructorHandleAccessor.newInstance(DirectConstructorHandleAccessor.java:62)
at java.base/java.lang.reflect.Constructor.newInstanceWithCaller(Constructor.java:502)
at java.base/java.lang.reflect.Constructor.newInstance(Constructor.java:486)
at org.openqa.selenium.remote.ErrorCodec.decode(ErrorCodec.java:167)
at org.openqa.selenium.remote.codec.w3c.W3CHttpResponseCodec.decode(W3CHttpResponseCodec.java:138)
at org.openqa.selenium.remote.codec.w3c.W3CHttpResponseCodec.decode(W3CHttpResponseCodec.java:50)
at org.openqa.selenium.remote.HttpCommandExecutor.execute(HttpCommandExecutor.java:190)
at org.openqa.selenium.remote.service.DriverCommandExecutor.invokeExecute(DriverCommandExecutor.java:216)
at org.openqa.selenium.remote.service.DriverCommandExecutor.execute(DriverCommandExecutor.java:174)
at org.openqa.selenium.remote.RemoteWebDriver.execute(RemoteWebDriver.java:518)
at org.openqa.selenium.remote.RemoteWebElement.execute(RemoteWebElement.java:223)
at org.openqa.selenium.remote.RemoteWebElement.click(RemoteWebElement.java:76)
at pageObjects.AssignStudentPage.isUserClicked(AssignStudentPage.java:60)
at stepdefinitions.AssignStudent.admin_clicks_from_navigation_bar(AssignStudent.java:27)
at ✽.Admin clicks "Batch" from navigation bar(file:///C:/Users/Deepthi/OneDrive/Documents/GitHub/Team3_Ninja_Hackers_Hackathon_April_2024/src/test/resources/features/07Batch.feature:49)
]]>
    </error>
  </testcase> <!-- runScenario -->
  <system-out/>
  <testcase classname="runner.TestRunner" name="runScenario" time="1.003"/>
  <system-out/>
  <testcase classname="runner.TestRunner" name="runScenario" time="0.125">
    <error message="Element &lt;button id=&quot;user&quot; class=&quot;mat-focus-indicator mat-button mat-button-base&quot;&gt; is not clickable at point (1413,32) because another element &lt;div class=&quot;p-toast-message-content ng-tns-c90-9&quot;&gt; obscures it
Build info: version: &#039;4.19.1&#039;, revision: &#039;abe0ee07dc&#039;
System info: os.name: &#039;Windows 11&#039;, os.arch: &#039;amd64&#039;, os.version: &#039;10.0&#039;, java.version: &#039;21.0.1&#039;
Driver info: org.openqa.selenium.firefox.FirefoxDriver
Command: [3271a220-705c-4c6e-9a6e-29b44d612cb1, clickElement {id=b8428683-52c3-4593-82ba-45f351b1d4c1}]
Capabilities {acceptInsecureCerts: true, browserName: firefox, browserVersion: 125.0.2, moz:accessibilityChecks: false, moz:buildID: 20240419144423, moz:debuggerAddress: 127.0.0.1:29009, moz:geckodriverVersion: 0.34.0, moz:headless: false, moz:platformVersion: 10.0, moz:processID: 33984, moz:profile: C:\Users\Deepthi\AppData\Lo..., moz:shutdownTimeout: 60000, moz:webdriverClick: true, moz:windowless: false, pageLoadStrategy: normal, platformName: windows, proxy: Proxy(), se:cdp: ws://127.0.0.1:29009/devtoo..., se:cdpVersion: 85.0, setWindowRect: true, strictFileInteractability: false, timeouts: {implicit: 0, pageLoad: 300000, script: 30000}, unhandledPromptBehavior: dismiss and notify, userAgent: Mozilla/5.0 (Windows NT 10....}
Element: [[FirefoxDriver: firefox on windows (3271a220-705c-4c6e-9a6e-29b44d612cb1)] -&gt; xpath: //button[@id=&#039;user&#039;]]
Session ID: 3271a220-705c-4c6e-9a6e-29b44d612cb1" type="org.openqa.selenium.ElementClickInterceptedException">
      <![CDATA[org.openqa.selenium.ElementClickInterceptedException: Element <button id="user" class="mat-focus-indicator mat-button mat-button-base"> is not clickable at point (1413,32) because another element <div class="p-toast-message-content ng-tns-c90-9"> obscures it
Build info: version: '4.19.1', revision: 'abe0ee07dc'
System info: os.name: 'Windows 11', os.arch: 'amd64', os.version: '10.0', java.version: '21.0.1'
Driver info: org.openqa.selenium.firefox.FirefoxDriver
Command: [3271a220-705c-4c6e-9a6e-29b44d612cb1, clickElement {id=b8428683-52c3-4593-82ba-45f351b1d4c1}]
Capabilities {acceptInsecureCerts: true, browserName: firefox, browserVersion: 125.0.2, moz:accessibilityChecks: false, moz:buildID: 20240419144423, moz:debuggerAddress: 127.0.0.1:29009, moz:geckodriverVersion: 0.34.0, moz:headless: false, moz:platformVersion: 10.0, moz:processID: 33984, moz:profile: C:\Users\Deepthi\AppData\Lo..., moz:shutdownTimeout: 60000, moz:webdriverClick: true, moz:windowless: false, pageLoadStrategy: normal, platformName: windows, proxy: Proxy(), se:cdp: ws://127.0.0.1:29009/devtoo..., se:cdpVersion: 85.0, setWindowRect: true, strictFileInteractability: false, timeouts: {implicit: 0, pageLoad: 300000, script: 30000}, unhandledPromptBehavior: dismiss and notify, userAgent: Mozilla/5.0 (Windows NT 10....}
Element: [[FirefoxDriver: firefox on windows (3271a220-705c-4c6e-9a6e-29b44d612cb1)] -> xpath: //button[@id='user']]
Session ID: 3271a220-705c-4c6e-9a6e-29b44d612cb1
at java.base/jdk.internal.reflect.DirectConstructorHandleAccessor.newInstance(DirectConstructorHandleAccessor.java:62)
at java.base/java.lang.reflect.Constructor.newInstanceWithCaller(Constructor.java:502)
at java.base/java.lang.reflect.Constructor.newInstance(Constructor.java:486)
at org.openqa.selenium.remote.ErrorCodec.decode(ErrorCodec.java:167)
at org.openqa.selenium.remote.codec.w3c.W3CHttpResponseCodec.decode(W3CHttpResponseCodec.java:138)
at org.openqa.selenium.remote.codec.w3c.W3CHttpResponseCodec.decode(W3CHttpResponseCodec.java:50)
at org.openqa.selenium.remote.HttpCommandExecutor.execute(HttpCommandExecutor.java:190)
at org.openqa.selenium.remote.service.DriverCommandExecutor.invokeExecute(DriverCommandExecutor.java:216)
at org.openqa.selenium.remote.service.DriverCommandExecutor.execute(DriverCommandExecutor.java:174)
at org.openqa.selenium.remote.RemoteWebDriver.execute(RemoteWebDriver.java:518)
at org.openqa.selenium.remote.RemoteWebElement.execute(RemoteWebElement.java:223)
at org.openqa.selenium.remote.RemoteWebElement.click(RemoteWebElement.java:76)
at pageObjects.AssignStudentPage.isUserClicked(AssignStudentPage.java:60)
at stepdefinitions.AssignStudent.admin_clicks_from_navigation_bar(AssignStudent.java:27)
at ✽.Admin clicks "User" from navigation bar(file:///C:/Users/Deepthi/OneDrive/Documents/GitHub/Team3_Ninja_Hackers_Hackathon_April_2024/src/test/resources/features/09User.feature:23)
]]>
    </error>
  </testcase> <!-- runScenario -->
  <system-out/>
  <testcase classname="runner.TestRunner" name="runScenario" time="0.079">
    <error message="Element &lt;button id=&quot;user&quot; class=&quot;mat-focus-indicator mat-button mat-button-base&quot;&gt; is not clickable at point (1413,32) because another element &lt;div class=&quot;p-toast-message-content ng-tns-c90-9&quot;&gt; obscures it
Build info: version: &#039;4.19.1&#039;, revision: &#039;abe0ee07dc&#039;
System info: os.name: &#039;Windows 11&#039;, os.arch: &#039;amd64&#039;, os.version: &#039;10.0&#039;, java.version: &#039;21.0.1&#039;
Driver info: org.openqa.selenium.firefox.FirefoxDriver
Command: [3271a220-705c-4c6e-9a6e-29b44d612cb1, clickElement {id=b8428683-52c3-4593-82ba-45f351b1d4c1}]
Capabilities {acceptInsecureCerts: true, browserName: firefox, browserVersion: 125.0.2, moz:accessibilityChecks: false, moz:buildID: 20240419144423, moz:debuggerAddress: 127.0.0.1:29009, moz:geckodriverVersion: 0.34.0, moz:headless: false, moz:platformVersion: 10.0, moz:processID: 33984, moz:profile: C:\Users\Deepthi\AppData\Lo..., moz:shutdownTimeout: 60000, moz:webdriverClick: true, moz:windowless: false, pageLoadStrategy: normal, platformName: windows, proxy: Proxy(), se:cdp: ws://127.0.0.1:29009/devtoo..., se:cdpVersion: 85.0, setWindowRect: true, strictFileInteractability: false, timeouts: {implicit: 0, pageLoad: 300000, script: 30000}, unhandledPromptBehavior: dismiss and notify, userAgent: Mozilla/5.0 (Windows NT 10....}
Element: [[FirefoxDriver: firefox on windows (3271a220-705c-4c6e-9a6e-29b44d612cb1)] -&gt; xpath: //button[@id=&#039;user&#039;]]
Session ID: 3271a220-705c-4c6e-9a6e-29b44d612cb1" type="org.openqa.selenium.ElementClickInterceptedException">
      <![CDATA[org.openqa.selenium.ElementClickInterceptedException: Element <button id="user" class="mat-focus-indicator mat-button mat-button-base"> is not clickable at point (1413,32) because another element <div class="p-toast-message-content ng-tns-c90-9"> obscures it
Build info: version: '4.19.1', revision: 'abe0ee07dc'
System info: os.name: 'Windows 11', os.arch: 'amd64', os.version: '10.0', java.version: '21.0.1'
Driver info: org.openqa.selenium.firefox.FirefoxDriver
Command: [3271a220-705c-4c6e-9a6e-29b44d612cb1, clickElement {id=b8428683-52c3-4593-82ba-45f351b1d4c1}]
Capabilities {acceptInsecureCerts: true, browserName: firefox, browserVersion: 125.0.2, moz:accessibilityChecks: false, moz:buildID: 20240419144423, moz:debuggerAddress: 127.0.0.1:29009, moz:geckodriverVersion: 0.34.0, moz:headless: false, moz:platformVersion: 10.0, moz:processID: 33984, moz:profile: C:\Users\Deepthi\AppData\Lo..., moz:shutdownTimeout: 60000, moz:webdriverClick: true, moz:windowless: false, pageLoadStrategy: normal, platformName: windows, proxy: Proxy(), se:cdp: ws://127.0.0.1:29009/devtoo..., se:cdpVersion: 85.0, setWindowRect: true, strictFileInteractability: false, timeouts: {implicit: 0, pageLoad: 300000, script: 30000}, unhandledPromptBehavior: dismiss and notify, userAgent: Mozilla/5.0 (Windows NT 10....}
Element: [[FirefoxDriver: firefox on windows (3271a220-705c-4c6e-9a6e-29b44d612cb1)] -> xpath: //button[@id='user']]
Session ID: 3271a220-705c-4c6e-9a6e-29b44d612cb1
at java.base/jdk.internal.reflect.DirectConstructorHandleAccessor.newInstance(DirectConstructorHandleAccessor.java:62)
at java.base/java.lang.reflect.Constructor.newInstanceWithCaller(Constructor.java:502)
at java.base/java.lang.reflect.Constructor.newInstance(Constructor.java:486)
at org.openqa.selenium.remote.ErrorCodec.decode(ErrorCodec.java:167)
at org.openqa.selenium.remote.codec.w3c.W3CHttpResponseCodec.decode(W3CHttpResponseCodec.java:138)
at org.openqa.selenium.remote.codec.w3c.W3CHttpResponseCodec.decode(W3CHttpResponseCodec.java:50)
at org.openqa.selenium.remote.HttpCommandExecutor.execute(HttpCommandExecutor.java:190)
at org.openqa.selenium.remote.service.DriverCommandExecutor.invokeExecute(DriverCommandExecutor.java:216)
at org.openqa.selenium.remote.service.DriverCommandExecutor.execute(DriverCommandExecutor.java:174)
at org.openqa.selenium.remote.RemoteWebDriver.execute(RemoteWebDriver.java:518)
at org.openqa.selenium.remote.RemoteWebElement.execute(RemoteWebElement.java:223)
at org.openqa.selenium.remote.RemoteWebElement.click(RemoteWebElement.java:76)
at pageObjects.AssignStudentPage.isUserClicked(AssignStudentPage.java:60)
at stepdefinitions.AssignStudent.admin_clicks_from_navigation_bar(AssignStudent.java:27)
at ✽.Admin clicks "User" from navigation bar(file:///C:/Users/Deepthi/OneDrive/Documents/GitHub/Team3_Ninja_Hackers_Hackathon_April_2024/src/test/resources/features/09User.feature:72)
]]>
    </error>
  </testcase> <!-- runScenario -->
  <system-out/>
  <testcase classname="runner.TestRunner" name="runScenario" time="0.799"/>
  <system-out/>
  <testcase classname="runner.TestRunner" name="runScenario" time="3.130"/>
  <system-out/>
  <testcase classname="runner.TestRunner" name="runScenario" time="0.235">
    <error message="Element &lt;button id=&quot;new&quot; class=&quot;p-button-rounded p-button-success p-button p-component&quot;&gt; is not clickable at point (746,166) because another element &lt;div class=&quot;mat-form-field-wrapper ng-tns-c78-39&quot;&gt; obscures it
Build info: version: &#039;4.19.1&#039;, revision: &#039;abe0ee07dc&#039;
System info: os.name: &#039;Windows 11&#039;, os.arch: &#039;amd64&#039;, os.version: &#039;10.0&#039;, java.version: &#039;21.0.1&#039;
Driver info: org.openqa.selenium.firefox.FirefoxDriver
Command: [3271a220-705c-4c6e-9a6e-29b44d612cb1, clickElement {id=f16c703e-c325-48e9-9426-4ee74531d92a}]
Capabilities {acceptInsecureCerts: true, browserName: firefox, browserVersion: 125.0.2, moz:accessibilityChecks: false, moz:buildID: 20240419144423, moz:debuggerAddress: 127.0.0.1:29009, moz:geckodriverVersion: 0.34.0, moz:headless: false, moz:platformVersion: 10.0, moz:processID: 33984, moz:profile: C:\Users\Deepthi\AppData\Lo..., moz:shutdownTimeout: 60000, moz:webdriverClick: true, moz:windowless: false, pageLoadStrategy: normal, platformName: windows, proxy: Proxy(), se:cdp: ws://127.0.0.1:29009/devtoo..., se:cdpVersion: 85.0, setWindowRect: true, strictFileInteractability: false, timeouts: {implicit: 0, pageLoad: 300000, script: 30000}, unhandledPromptBehavior: dismiss and notify, userAgent: Mozilla/5.0 (Windows NT 10....}
Element: [[FirefoxDriver: firefox on windows (3271a220-705c-4c6e-9a6e-29b44d612cb1)] -&gt; xpath: //button[@id=&#039;new&#039;]]
Session ID: 3271a220-705c-4c6e-9a6e-29b44d612cb1" type="org.openqa.selenium.ElementClickInterceptedException">
      <![CDATA[org.openqa.selenium.ElementClickInterceptedException: Element <button id="new" class="p-button-rounded p-button-success p-button p-component"> is not clickable at point (746,166) because another element <div class="mat-form-field-wrapper ng-tns-c78-39"> obscures it
Build info: version: '4.19.1', revision: 'abe0ee07dc'
System info: os.name: 'Windows 11', os.arch: 'amd64', os.version: '10.0', java.version: '21.0.1'
Driver info: org.openqa.selenium.firefox.FirefoxDriver
Command: [3271a220-705c-4c6e-9a6e-29b44d612cb1, clickElement {id=f16c703e-c325-48e9-9426-4ee74531d92a}]
Capabilities {acceptInsecureCerts: true, browserName: firefox, browserVersion: 125.0.2, moz:accessibilityChecks: false, moz:buildID: 20240419144423, moz:debuggerAddress: 127.0.0.1:29009, moz:geckodriverVersion: 0.34.0, moz:headless: false, moz:platformVersion: 10.0, moz:processID: 33984, moz:profile: C:\Users\Deepthi\AppData\Lo..., moz:shutdownTimeout: 60000, moz:webdriverClick: true, moz:windowless: false, pageLoadStrategy: normal, platformName: windows, proxy: Proxy(), se:cdp: ws://127.0.0.1:29009/devtoo..., se:cdpVersion: 85.0, setWindowRect: true, strictFileInteractability: false, timeouts: {implicit: 0, pageLoad: 300000, script: 30000}, unhandledPromptBehavior: dismiss and notify, userAgent: Mozilla/5.0 (Windows NT 10....}
Element: [[FirefoxDriver: firefox on windows (3271a220-705c-4c6e-9a6e-29b44d612cb1)] -> xpath: //button[@id='new']]
Session ID: 3271a220-705c-4c6e-9a6e-29b44d612cb1
at java.base/jdk.internal.reflect.DirectConstructorHandleAccessor.newInstance(DirectConstructorHandleAccessor.java:62)
at java.base/java.lang.reflect.Constructor.newInstanceWithCaller(Constructor.java:502)
at java.base/java.lang.reflect.Constructor.newInstance(Constructor.java:486)
at org.openqa.selenium.remote.ErrorCodec.decode(ErrorCodec.java:167)
at org.openqa.selenium.remote.codec.w3c.W3CHttpResponseCodec.decode(W3CHttpResponseCodec.java:138)
at org.openqa.selenium.remote.codec.w3c.W3CHttpResponseCodec.decode(W3CHttpResponseCodec.java:50)
at org.openqa.selenium.remote.HttpCommandExecutor.execute(HttpCommandExecutor.java:190)
at org.openqa.selenium.remote.service.DriverCommandExecutor.invokeExecute(DriverCommandExecutor.java:216)
at org.openqa.selenium.remote.service.DriverCommandExecutor.execute(DriverCommandExecutor.java:174)
at org.openqa.selenium.remote.RemoteWebDriver.execute(RemoteWebDriver.java:518)
at org.openqa.selenium.remote.RemoteWebElement.execute(RemoteWebElement.java:223)
at org.openqa.selenium.remote.RemoteWebElement.click(RemoteWebElement.java:76)
at pageObjects.UserPage.openNewUserIcon(UserPage.java:208)
at stepdefinitions.User.admin_is_on_user_details_pop_up(User.java:156)
at ✽.Admin is on  User details pop up(file:///C:/Users/Deepthi/OneDrive/Documents/GitHub/Team3_Ninja_Hackers_Hackathon_April_2024/src/test/resources/features/11User2.feature:64)
]]>
    </error>
  </testcase> <!-- runScenario -->
  <system-out/>
  <testcase classname="runner.TestRunner" name="runScenario" time="1.033"/>
  <system-out/>
  <testcase classname="runner.TestRunner" name="runScenario" time="0.130">
    <error message="Element &lt;button class=&quot;p-paginator-last p-paginator-element p-link p-ripple ng-star-inserted&quot; type=&quot;button&quot;&gt; is not clickable at point (1252,626) because another element &lt;div class=&quot;ng-tns-c132-3 p-dialog-mask p-component-overlay p-dialog-mask-scrollblocker ng-star-inserted&quot;&gt; obscures it
Build info: version: &#039;4.19.1&#039;, revision: &#039;abe0ee07dc&#039;
System info: os.name: &#039;Windows 11&#039;, os.arch: &#039;amd64&#039;, os.version: &#039;10.0&#039;, java.version: &#039;21.0.1&#039;
Driver info: org.openqa.selenium.firefox.FirefoxDriver
Command: [3271a220-705c-4c6e-9a6e-29b44d612cb1, clickElement {id=4bded254-fa32-4591-8207-f435a2490049}]
Capabilities {acceptInsecureCerts: true, browserName: firefox, browserVersion: 125.0.2, moz:accessibilityChecks: false, moz:buildID: 20240419144423, moz:debuggerAddress: 127.0.0.1:29009, moz:geckodriverVersion: 0.34.0, moz:headless: false, moz:platformVersion: 10.0, moz:processID: 33984, moz:profile: C:\Users\Deepthi\AppData\Lo..., moz:shutdownTimeout: 60000, moz:webdriverClick: true, moz:windowless: false, pageLoadStrategy: normal, platformName: windows, proxy: Proxy(), se:cdp: ws://127.0.0.1:29009/devtoo..., se:cdpVersion: 85.0, setWindowRect: true, strictFileInteractability: false, timeouts: {implicit: 0, pageLoad: 300000, script: 30000}, unhandledPromptBehavior: dismiss and notify, userAgent: Mozilla/5.0 (Windows NT 10....}
Element: [[FirefoxDriver: firefox on windows (3271a220-705c-4c6e-9a6e-29b44d612cb1)] -&gt; xpath: //button[@class=&#039;p-paginator-last p-paginator-element p-link p-ripple ng-star-inserted&#039;]]
Session ID: 3271a220-705c-4c6e-9a6e-29b44d612cb1" type="org.openqa.selenium.ElementClickInterceptedException">
      <![CDATA[org.openqa.selenium.ElementClickInterceptedException: Element <button class="p-paginator-last p-paginator-element p-link p-ripple ng-star-inserted" type="button"> is not clickable at point (1252,626) because another element <div class="ng-tns-c132-3 p-dialog-mask p-component-overlay p-dialog-mask-scrollblocker ng-star-inserted"> obscures it
Build info: version: '4.19.1', revision: 'abe0ee07dc'
System info: os.name: 'Windows 11', os.arch: 'amd64', os.version: '10.0', java.version: '21.0.1'
Driver info: org.openqa.selenium.firefox.FirefoxDriver
Command: [3271a220-705c-4c6e-9a6e-29b44d612cb1, clickElement {id=4bded254-fa32-4591-8207-f435a2490049}]
Capabilities {acceptInsecureCerts: true, browserName: firefox, browserVersion: 125.0.2, moz:accessibilityChecks: false, moz:buildID: 20240419144423, moz:debuggerAddress: 127.0.0.1:29009, moz:geckodriverVersion: 0.34.0, moz:headless: false, moz:platformVersion: 10.0, moz:processID: 33984, moz:profile: C:\Users\Deepthi\AppData\Lo..., moz:shutdownTimeout: 60000, moz:webdriverClick: true, moz:windowless: false, pageLoadStrategy: normal, platformName: windows, proxy: Proxy(), se:cdp: ws://127.0.0.1:29009/devtoo..., se:cdpVersion: 85.0, setWindowRect: true, strictFileInteractability: false, timeouts: {implicit: 0, pageLoad: 300000, script: 30000}, unhandledPromptBehavior: dismiss and notify, userAgent: Mozilla/5.0 (Windows NT 10....}
Element: [[FirefoxDriver: firefox on windows (3271a220-705c-4c6e-9a6e-29b44d612cb1)] -> xpath: //button[@class='p-paginator-last p-paginator-element p-link p-ripple ng-star-inserted']]
Session ID: 3271a220-705c-4c6e-9a6e-29b44d612cb1
at java.base/jdk.internal.reflect.DirectConstructorHandleAccessor.newInstance(DirectConstructorHandleAccessor.java:62)
at java.base/java.lang.reflect.Constructor.newInstanceWithCaller(Constructor.java:502)
at java.base/java.lang.reflect.Constructor.newInstance(Constructor.java:486)
at org.openqa.selenium.remote.ErrorCodec.decode(ErrorCodec.java:167)
at org.openqa.selenium.remote.codec.w3c.W3CHttpResponseCodec.decode(W3CHttpResponseCodec.java:138)
at org.openqa.selenium.remote.codec.w3c.W3CHttpResponseCodec.decode(W3CHttpResponseCodec.java:50)
at org.openqa.selenium.remote.HttpCommandExecutor.execute(HttpCommandExecutor.java:190)
at org.openqa.selenium.remote.service.DriverCommandExecutor.invokeExecute(DriverCommandExecutor.java:216)
at org.openqa.selenium.remote.service.DriverCommandExecutor.execute(DriverCommandExecutor.java:174)
at org.openqa.selenium.remote.RemoteWebDriver.execute(RemoteWebDriver.java:518)
at org.openqa.selenium.remote.RemoteWebElement.execute(RemoteWebElement.java:223)
at org.openqa.selenium.remote.RemoteWebElement.click(RemoteWebElement.java:76)
at pageObjects.ManageProgramPageValidation.isOnLastPage(ManageProgramPageValidation.java:115)
at stepdefinitions.ManageProgramValidationDefinition.admin_is_on_last_page_of_program_table(ManageProgramValidationDefinition.java:83)
at ✽.Admin is on last page of Program table(file:///C:/Users/Deepthi/OneDrive/Documents/GitHub/Team3_Ninja_Hackers_Hackathon_April_2024/src/test/resources/features/06ManageProgramPageValidation.feature:41)
]]>
    </error>
  </testcase> <!-- runScenario -->
  <system-out/>
  <testcase classname="runner.TestRunner" name="runScenario" time="6.566">
    <error message="Keys to send should be a not null CharSequence" type="java.lang.IllegalArgumentException">
      <![CDATA[java.lang.IllegalArgumentException: Keys to send should be a not null CharSequence
at org.openqa.selenium.remote.RemoteWebElement.sendKeys(RemoteWebElement.java:96)
at pageObjects.BatchPage.BDescription(BatchPage.java:360)
at stepdefinitions.AddBatch.admin_fill_in_all_the_fields_except_description_with_valid_values_and_click_on_save_button(AddBatch.java:77)
at ✽.Admin Fill in all the fields except description with valid values   and click on save button(file:///C:/Users/Deepthi/OneDrive/Documents/GitHub/Team3_Ninja_Hackers_Hackathon_April_2024/src/test/resources/features/08AddBatch.feature:21)
]]>
    </error>
  </testcase> <!-- runScenario -->
  <system-out/>
  <testcase classname="runner.TestRunner" name="runScenario" time="0.805">
    <error message="Unable to locate element: //tbody/tr[1]/td[5]/div[1]/span[1]/button[1]/span[1]
For documentation on this error, please visit: https://www.selenium.dev/documentation/webdriver/troubleshooting/errors#no-such-element-exception
Build info: version: &#039;4.19.1&#039;, revision: &#039;abe0ee07dc&#039;
System info: os.name: &#039;Windows 11&#039;, os.arch: &#039;amd64&#039;, os.version: &#039;10.0&#039;, java.version: &#039;21.0.1&#039;
Driver info: org.openqa.selenium.firefox.FirefoxDriver
Command: [3271a220-705c-4c6e-9a6e-29b44d612cb1, findElement {value=//tbody/tr[1]/td[5]/div[1]/span[1]/button[1]/span[1], using=xpath}]
Capabilities {acceptInsecureCerts: true, browserName: firefox, browserVersion: 125.0.2, moz:accessibilityChecks: false, moz:buildID: 20240419144423, moz:debuggerAddress: 127.0.0.1:29009, moz:geckodriverVersion: 0.34.0, moz:headless: false, moz:platformVersion: 10.0, moz:processID: 33984, moz:profile: C:\Users\Deepthi\AppData\Lo..., moz:shutdownTimeout: 60000, moz:webdriverClick: true, moz:windowless: false, pageLoadStrategy: normal, platformName: windows, proxy: Proxy(), se:cdp: ws://127.0.0.1:29009/devtoo..., se:cdpVersion: 85.0, setWindowRect: true, strictFileInteractability: false, timeouts: {implicit: 0, pageLoad: 300000, script: 30000}, unhandledPromptBehavior: dismiss and notify, userAgent: Mozilla/5.0 (Windows NT 10....}
Session ID: 3271a220-705c-4c6e-9a6e-29b44d612cb1" type="org.openqa.selenium.NoSuchElementException">
      <![CDATA[org.openqa.selenium.NoSuchElementException: Unable to locate element: //tbody/tr[1]/td[5]/div[1]/span[1]/button[1]/span[1]
For documentation on this error, please visit: https://www.selenium.dev/documentation/webdriver/troubleshooting/errors#no-such-element-exception
Build info: version: '4.19.1', revision: 'abe0ee07dc'
System info: os.name: 'Windows 11', os.arch: 'amd64', os.version: '10.0', java.version: '21.0.1'
Driver info: org.openqa.selenium.firefox.FirefoxDriver
Command: [3271a220-705c-4c6e-9a6e-29b44d612cb1, findElement {value=//tbody/tr[1]/td[5]/div[1]/span[1]/button[1]/span[1], using=xpath}]
Capabilities {acceptInsecureCerts: true, browserName: firefox, browserVersion: 125.0.2, moz:accessibilityChecks: false, moz:buildID: 20240419144423, moz:debuggerAddress: 127.0.0.1:29009, moz:geckodriverVersion: 0.34.0, moz:headless: false, moz:platformVersion: 10.0, moz:processID: 33984, moz:profile: C:\Users\Deepthi\AppData\Lo..., moz:shutdownTimeout: 60000, moz:webdriverClick: true, moz:windowless: false, pageLoadStrategy: normal, platformName: windows, proxy: Proxy(), se:cdp: ws://127.0.0.1:29009/devtoo..., se:cdpVersion: 85.0, setWindowRect: true, strictFileInteractability: false, timeouts: {implicit: 0, pageLoad: 300000, script: 30000}, unhandledPromptBehavior: dismiss and notify, userAgent: Mozilla/5.0 (Windows NT 10....}
Session ID: 3271a220-705c-4c6e-9a6e-29b44d612cb1
at java.base/jdk.internal.reflect.DirectConstructorHandleAccessor.newInstance(DirectConstructorHandleAccessor.java:62)
at java.base/java.lang.reflect.Constructor.newInstanceWithCaller(Constructor.java:502)
at java.base/java.lang.reflect.Constructor.newInstance(Constructor.java:486)
at org.openqa.selenium.remote.ErrorCodec.decode(ErrorCodec.java:167)
at org.openqa.selenium.remote.codec.w3c.W3CHttpResponseCodec.decode(W3CHttpResponseCodec.java:138)
at org.openqa.selenium.remote.codec.w3c.W3CHttpResponseCodec.decode(W3CHttpResponseCodec.java:50)
at org.openqa.selenium.remote.HttpCommandExecutor.execute(HttpCommandExecutor.java:190)
at org.openqa.selenium.remote.service.DriverCommandExecutor.invokeExecute(DriverCommandExecutor.java:216)
at org.openqa.selenium.remote.service.DriverCommandExecutor.execute(DriverCommandExecutor.java:174)
at org.openqa.selenium.remote.RemoteWebDriver.execute(RemoteWebDriver.java:518)
at org.openqa.selenium.remote.ElementLocation$ElementFinder$2.findElement(ElementLocation.java:165)
at org.openqa.selenium.remote.ElementLocation.findElement(ElementLocation.java:59)
at org.openqa.selenium.remote.RemoteWebDriver.findElement(RemoteWebDriver.java:355)
at org.openqa.selenium.remote.RemoteWebDriver.findElement(RemoteWebDriver.java:349)
at pageObjects.ProgramPage.isEdit(ProgramPage.java:159)
at stepdefinitions.Programlms_SD.admin_should_see_the_edit_and_delete_buttons_on_each_row_of_the_data_table(Programlms_SD.java:96)
at ✽.Admin should see the Edit and Delete buttons on each row of the data table(file:///C:/Users/Deepthi/OneDrive/Documents/GitHub/Team3_Ninja_Hackers_Hackathon_April_2024/src/test/resources/features/03Programlms.feature:65)
]]>
    </error>
  </testcase> <!-- runScenario -->
  <system-out/>
  <testcase classname="runner.TestRunner" name="runScenario" time="0.126">
    <error message="Element &lt;button id=&quot;user&quot; class=&quot;mat-focus-indicator mat-button mat-button-base&quot;&gt; is not clickable at point (1413,32) because another element &lt;div class=&quot;p-toast-message-content ng-tns-c90-9&quot;&gt; obscures it
Build info: version: &#039;4.19.1&#039;, revision: &#039;abe0ee07dc&#039;
System info: os.name: &#039;Windows 11&#039;, os.arch: &#039;amd64&#039;, os.version: &#039;10.0&#039;, java.version: &#039;21.0.1&#039;
Driver info: org.openqa.selenium.firefox.FirefoxDriver
Command: [3271a220-705c-4c6e-9a6e-29b44d612cb1, clickElement {id=b8428683-52c3-4593-82ba-45f351b1d4c1}]
Capabilities {acceptInsecureCerts: true, browserName: firefox, browserVersion: 125.0.2, moz:accessibilityChecks: false, moz:buildID: 20240419144423, moz:debuggerAddress: 127.0.0.1:29009, moz:geckodriverVersion: 0.34.0, moz:headless: false, moz:platformVersion: 10.0, moz:processID: 33984, moz:profile: C:\Users\Deepthi\AppData\Lo..., moz:shutdownTimeout: 60000, moz:webdriverClick: true, moz:windowless: false, pageLoadStrategy: normal, platformName: windows, proxy: Proxy(), se:cdp: ws://127.0.0.1:29009/devtoo..., se:cdpVersion: 85.0, setWindowRect: true, strictFileInteractability: false, timeouts: {implicit: 0, pageLoad: 300000, script: 30000}, unhandledPromptBehavior: dismiss and notify, userAgent: Mozilla/5.0 (Windows NT 10....}
Element: [[FirefoxDriver: firefox on windows (3271a220-705c-4c6e-9a6e-29b44d612cb1)] -&gt; xpath: //button[@id=&#039;user&#039;]]
Session ID: 3271a220-705c-4c6e-9a6e-29b44d612cb1" type="org.openqa.selenium.ElementClickInterceptedException">
      <![CDATA[org.openqa.selenium.ElementClickInterceptedException: Element <button id="user" class="mat-focus-indicator mat-button mat-button-base"> is not clickable at point (1413,32) because another element <div class="p-toast-message-content ng-tns-c90-9"> obscures it
Build info: version: '4.19.1', revision: 'abe0ee07dc'
System info: os.name: 'Windows 11', os.arch: 'amd64', os.version: '10.0', java.version: '21.0.1'
Driver info: org.openqa.selenium.firefox.FirefoxDriver
Command: [3271a220-705c-4c6e-9a6e-29b44d612cb1, clickElement {id=b8428683-52c3-4593-82ba-45f351b1d4c1}]
Capabilities {acceptInsecureCerts: true, browserName: firefox, browserVersion: 125.0.2, moz:accessibilityChecks: false, moz:buildID: 20240419144423, moz:debuggerAddress: 127.0.0.1:29009, moz:geckodriverVersion: 0.34.0, moz:headless: false, moz:platformVersion: 10.0, moz:processID: 33984, moz:profile: C:\Users\Deepthi\AppData\Lo..., moz:shutdownTimeout: 60000, moz:webdriverClick: true, moz:windowless: false, pageLoadStrategy: normal, platformName: windows, proxy: Proxy(), se:cdp: ws://127.0.0.1:29009/devtoo..., se:cdpVersion: 85.0, setWindowRect: true, strictFileInteractability: false, timeouts: {implicit: 0, pageLoad: 300000, script: 30000}, unhandledPromptBehavior: dismiss and notify, userAgent: Mozilla/5.0 (Windows NT 10....}
Element: [[FirefoxDriver: firefox on windows (3271a220-705c-4c6e-9a6e-29b44d612cb1)] -> xpath: //button[@id='user']]
Session ID: 3271a220-705c-4c6e-9a6e-29b44d612cb1
at java.base/jdk.internal.reflect.DirectConstructorHandleAccessor.newInstance(DirectConstructorHandleAccessor.java:62)
at java.base/java.lang.reflect.Constructor.newInstanceWithCaller(Constructor.java:502)
at java.base/java.lang.reflect.Constructor.newInstance(Constructor.java:486)
at org.openqa.selenium.remote.ErrorCodec.decode(ErrorCodec.java:167)
at org.openqa.selenium.remote.codec.w3c.W3CHttpResponseCodec.decode(W3CHttpResponseCodec.java:138)
at org.openqa.selenium.remote.codec.w3c.W3CHttpResponseCodec.decode(W3CHttpResponseCodec.java:50)
at org.openqa.selenium.remote.HttpCommandExecutor.execute(HttpCommandExecutor.java:190)
at org.openqa.selenium.remote.service.DriverCommandExecutor.invokeExecute(DriverCommandExecutor.java:216)
at org.openqa.selenium.remote.service.DriverCommandExecutor.execute(DriverCommandExecutor.java:174)
at org.openqa.selenium.remote.RemoteWebDriver.execute(RemoteWebDriver.java:518)
at org.openqa.selenium.remote.RemoteWebElement.execute(RemoteWebElement.java:223)
at org.openqa.selenium.remote.RemoteWebElement.click(RemoteWebElement.java:76)
at pageObjects.AssignStudentPage.isUserClicked(AssignStudentPage.java:60)
at stepdefinitions.AssignStudent.admin_clicks_from_navigation_bar(AssignStudent.java:27)
at ✽.Admin clicks "User" from navigation bar(file:///C:/Users/Deepthi/OneDrive/Documents/GitHub/Team3_Ninja_Hackers_Hackathon_April_2024/src/test/resources/features/09User.feature:23)
]]>
    </error>
  </testcase> <!-- runScenario -->
  <system-out/>
  <testcase classname="runner.TestRunner" name="runScenario" time="7.729"/>
  <system-out/>
  <testcase classname="runner.TestRunner" name="runScenario" time="0.314"/>
  <system-out/>
  <testcase classname="runner.TestRunner" name="runScenario" time="0.174">
    <error message="Element &lt;button id=&quot;Assign&quot; class=&quot;p-button-rounded p-button-success p-button p-component&quot;&gt; is not clickable at point (1295,166) because another element &lt;div class=&quot;ng-tns-c132-7 p-dialog-mask p-component-overlay p-dialog-mask-scrollblocker ng-star-inserted&quot;&gt; obscures it
Build info: version: &#039;4.19.1&#039;, revision: &#039;abe0ee07dc&#039;
System info: os.name: &#039;Windows 11&#039;, os.arch: &#039;amd64&#039;, os.version: &#039;10.0&#039;, java.version: &#039;21.0.1&#039;
Driver info: org.openqa.selenium.firefox.FirefoxDriver
Command: [3271a220-705c-4c6e-9a6e-29b44d612cb1, clickElement {id=c2ac8dfb-558a-40b3-a4dd-c0bcf289eca2}]
Capabilities {acceptInsecureCerts: true, browserName: firefox, browserVersion: 125.0.2, moz:accessibilityChecks: false, moz:buildID: 20240419144423, moz:debuggerAddress: 127.0.0.1:29009, moz:geckodriverVersion: 0.34.0, moz:headless: false, moz:platformVersion: 10.0, moz:processID: 33984, moz:profile: C:\Users\Deepthi\AppData\Lo..., moz:shutdownTimeout: 60000, moz:webdriverClick: true, moz:windowless: false, pageLoadStrategy: normal, platformName: windows, proxy: Proxy(), se:cdp: ws://127.0.0.1:29009/devtoo..., se:cdpVersion: 85.0, setWindowRect: true, strictFileInteractability: false, timeouts: {implicit: 0, pageLoad: 300000, script: 30000}, unhandledPromptBehavior: dismiss and notify, userAgent: Mozilla/5.0 (Windows NT 10....}
Element: [[FirefoxDriver: firefox on windows (3271a220-705c-4c6e-9a6e-29b44d612cb1)] -&gt; xpath: .//button[@label=&#039;Assign Staff&#039;]]
Session ID: 3271a220-705c-4c6e-9a6e-29b44d612cb1" type="org.openqa.selenium.ElementClickInterceptedException">
      <![CDATA[org.openqa.selenium.ElementClickInterceptedException: Element <button id="Assign" class="p-button-rounded p-button-success p-button p-component"> is not clickable at point (1295,166) because another element <div class="ng-tns-c132-7 p-dialog-mask p-component-overlay p-dialog-mask-scrollblocker ng-star-inserted"> obscures it
Build info: version: '4.19.1', revision: 'abe0ee07dc'
System info: os.name: 'Windows 11', os.arch: 'amd64', os.version: '10.0', java.version: '21.0.1'
Driver info: org.openqa.selenium.firefox.FirefoxDriver
Command: [3271a220-705c-4c6e-9a6e-29b44d612cb1, clickElement {id=c2ac8dfb-558a-40b3-a4dd-c0bcf289eca2}]
Capabilities {acceptInsecureCerts: true, browserName: firefox, browserVersion: 125.0.2, moz:accessibilityChecks: false, moz:buildID: 20240419144423, moz:debuggerAddress: 127.0.0.1:29009, moz:geckodriverVersion: 0.34.0, moz:headless: false, moz:platformVersion: 10.0, moz:processID: 33984, moz:profile: C:\Users\Deepthi\AppData\Lo..., moz:shutdownTimeout: 60000, moz:webdriverClick: true, moz:windowless: false, pageLoadStrategy: normal, platformName: windows, proxy: Proxy(), se:cdp: ws://127.0.0.1:29009/devtoo..., se:cdpVersion: 85.0, setWindowRect: true, strictFileInteractability: false, timeouts: {implicit: 0, pageLoad: 300000, script: 30000}, unhandledPromptBehavior: dismiss and notify, userAgent: Mozilla/5.0 (Windows NT 10....}
Element: [[FirefoxDriver: firefox on windows (3271a220-705c-4c6e-9a6e-29b44d612cb1)] -> xpath: .//button[@label='Assign Staff']]
Session ID: 3271a220-705c-4c6e-9a6e-29b44d612cb1
at java.base/jdk.internal.reflect.DirectConstructorHandleAccessor.newInstance(DirectConstructorHandleAccessor.java:62)
at java.base/java.lang.reflect.Constructor.newInstanceWithCaller(Constructor.java:502)
at java.base/java.lang.reflect.Constructor.newInstance(Constructor.java:486)
at org.openqa.selenium.remote.ErrorCodec.decode(ErrorCodec.java:167)
at org.openqa.selenium.remote.codec.w3c.W3CHttpResponseCodec.decode(W3CHttpResponseCodec.java:138)
at org.openqa.selenium.remote.codec.w3c.W3CHttpResponseCodec.decode(W3CHttpResponseCodec.java:50)
at org.openqa.selenium.remote.HttpCommandExecutor.execute(HttpCommandExecutor.java:190)
at org.openqa.selenium.remote.service.DriverCommandExecutor.invokeExecute(DriverCommandExecutor.java:216)
at org.openqa.selenium.remote.service.DriverCommandExecutor.execute(DriverCommandExecutor.java:174)
at org.openqa.selenium.remote.RemoteWebDriver.execute(RemoteWebDriver.java:518)
at org.openqa.selenium.remote.RemoteWebElement.execute(RemoteWebElement.java:223)
at org.openqa.selenium.remote.RemoteWebElement.click(RemoteWebElement.java:76)
at pageObjects.AssignStaffPage.clickButton(AssignStaffPage.java:105)
at stepdefinitions.AssignStaff.admin_is_in_assign_staff_details_pop_up_page(AssignStaff.java:36)
at ✽.Admin is in Assign Staff details pop up page(file:///C:/Users/Deepthi/OneDrive/Documents/GitHub/Team3_Ninja_Hackers_Hackathon_April_2024/src/test/resources/features/14AssignStaff.feature:94)
]]>
    </error>
  </testcase> <!-- runScenario -->
  <system-out/>
  <testcase classname="runner.TestRunner" name="runScenario" time="0.155">
    <error message="Element &lt;i class=&quot;p-sortable-column-icon pi pi-fw pi-sort-alt&quot;&gt; is not clickable at point (446,219) because another element &lt;div class=&quot;ng-tns-c132-3 p-dialog-mask p-component-overlay p-dialog-mask-scrollblocker ng-star-inserted&quot;&gt; obscures it
Build info: version: &#039;4.19.1&#039;, revision: &#039;abe0ee07dc&#039;
System info: os.name: &#039;Windows 11&#039;, os.arch: &#039;amd64&#039;, os.version: &#039;10.0&#039;, java.version: &#039;21.0.1&#039;
Driver info: org.openqa.selenium.firefox.FirefoxDriver
Command: [3271a220-705c-4c6e-9a6e-29b44d612cb1, clickElement {id=b5a20b39-1ea1-48e5-aa65-19d2a01ca71d}]
Capabilities {acceptInsecureCerts: true, browserName: firefox, browserVersion: 125.0.2, moz:accessibilityChecks: false, moz:buildID: 20240419144423, moz:debuggerAddress: 127.0.0.1:29009, moz:geckodriverVersion: 0.34.0, moz:headless: false, moz:platformVersion: 10.0, moz:processID: 33984, moz:profile: C:\Users\Deepthi\AppData\Lo..., moz:shutdownTimeout: 60000, moz:webdriverClick: true, moz:windowless: false, pageLoadStrategy: normal, platformName: windows, proxy: Proxy(), se:cdp: ws://127.0.0.1:29009/devtoo..., se:cdpVersion: 85.0, setWindowRect: true, strictFileInteractability: false, timeouts: {implicit: 0, pageLoad: 300000, script: 30000}, unhandledPromptBehavior: dismiss and notify, userAgent: Mozilla/5.0 (Windows NT 10....}
Element: [[FirefoxDriver: firefox on windows (3271a220-705c-4c6e-9a6e-29b44d612cb1)] -&gt; xpath: //p-sorticon[@field=&#039;programName&#039;]/i]
Session ID: 3271a220-705c-4c6e-9a6e-29b44d612cb1" type="org.openqa.selenium.ElementClickInterceptedException">
      <![CDATA[org.openqa.selenium.ElementClickInterceptedException: Element <i class="p-sortable-column-icon pi pi-fw pi-sort-alt"> is not clickable at point (446,219) because another element <div class="ng-tns-c132-3 p-dialog-mask p-component-overlay p-dialog-mask-scrollblocker ng-star-inserted"> obscures it
Build info: version: '4.19.1', revision: 'abe0ee07dc'
System info: os.name: 'Windows 11', os.arch: 'amd64', os.version: '10.0', java.version: '21.0.1'
Driver info: org.openqa.selenium.firefox.FirefoxDriver
Command: [3271a220-705c-4c6e-9a6e-29b44d612cb1, clickElement {id=b5a20b39-1ea1-48e5-aa65-19d2a01ca71d}]
Capabilities {acceptInsecureCerts: true, browserName: firefox, browserVersion: 125.0.2, moz:accessibilityChecks: false, moz:buildID: 20240419144423, moz:debuggerAddress: 127.0.0.1:29009, moz:geckodriverVersion: 0.34.0, moz:headless: false, moz:platformVersion: 10.0, moz:processID: 33984, moz:profile: C:\Users\Deepthi\AppData\Lo..., moz:shutdownTimeout: 60000, moz:webdriverClick: true, moz:windowless: false, pageLoadStrategy: normal, platformName: windows, proxy: Proxy(), se:cdp: ws://127.0.0.1:29009/devtoo..., se:cdpVersion: 85.0, setWindowRect: true, strictFileInteractability: false, timeouts: {implicit: 0, pageLoad: 300000, script: 30000}, unhandledPromptBehavior: dismiss and notify, userAgent: Mozilla/5.0 (Windows NT 10....}
Element: [[FirefoxDriver: firefox on windows (3271a220-705c-4c6e-9a6e-29b44d612cb1)] -> xpath: //p-sorticon[@field='programName']/i]
Session ID: 3271a220-705c-4c6e-9a6e-29b44d612cb1
at java.base/jdk.internal.reflect.DirectConstructorHandleAccessor.newInstance(DirectConstructorHandleAccessor.java:62)
at java.base/java.lang.reflect.Constructor.newInstanceWithCaller(Constructor.java:502)
at java.base/java.lang.reflect.Constructor.newInstance(Constructor.java:486)
at org.openqa.selenium.remote.ErrorCodec.decode(ErrorCodec.java:167)
at org.openqa.selenium.remote.codec.w3c.W3CHttpResponseCodec.decode(W3CHttpResponseCodec.java:138)
at org.openqa.selenium.remote.codec.w3c.W3CHttpResponseCodec.decode(W3CHttpResponseCodec.java:50)
at org.openqa.selenium.remote.HttpCommandExecutor.execute(HttpCommandExecutor.java:190)
at org.openqa.selenium.remote.service.DriverCommandExecutor.invokeExecute(DriverCommandExecutor.java:216)
at org.openqa.selenium.remote.service.DriverCommandExecutor.execute(DriverCommandExecutor.java:174)
at org.openqa.selenium.remote.RemoteWebDriver.execute(RemoteWebDriver.java:518)
at org.openqa.selenium.remote.RemoteWebElement.execute(RemoteWebElement.java:223)
at org.openqa.selenium.remote.RemoteWebElement.click(RemoteWebElement.java:76)
at pageObjects.ManageProgramPageSorting.clickProgramNameSortIcon(ManageProgramPageSorting.java:41)
at stepdefinitions.ManageProgramPageSortingDefinitions.admin_clicks_the_sort_icon_of_program_name_column(ManageProgramPageSortingDefinitions.java:49)
at ✽.Admin clicks the sort icon of program name column(file:///C:/Users/Deepthi/OneDrive/Documents/GitHub/Team3_Ninja_Hackers_Hackathon_April_2024/src/test/resources/features/05ManageProgramPageSorting.feature:13)
]]>
    </error>
  </testcase> <!-- runScenario -->
  <system-out/>
  <testcase classname="runner.TestRunner" name="runScenario" time="2.199">
    <error message="Element &lt;button id=&quot;new&quot; class=&quot;p-button-rounded p-button-success p-button p-component&quot;&gt; is not clickable at point (1100,166) because another element &lt;div class=&quot;ng-tns-c132-3 p-dialog-mask p-component-overlay p-dialog-mask-scrollblocker ng-star-inserted&quot;&gt; obscures it
Build info: version: &#039;4.19.1&#039;, revision: &#039;abe0ee07dc&#039;
System info: os.name: &#039;Windows 11&#039;, os.arch: &#039;amd64&#039;, os.version: &#039;10.0&#039;, java.version: &#039;21.0.1&#039;
Driver info: org.openqa.selenium.firefox.FirefoxDriver
Command: [3271a220-705c-4c6e-9a6e-29b44d612cb1, clickElement {id=9c166347-c665-4e60-917c-5ca0f71eaccc}]
Capabilities {acceptInsecureCerts: true, browserName: firefox, browserVersion: 125.0.2, moz:accessibilityChecks: false, moz:buildID: 20240419144423, moz:debuggerAddress: 127.0.0.1:29009, moz:geckodriverVersion: 0.34.0, moz:headless: false, moz:platformVersion: 10.0, moz:processID: 33984, moz:profile: C:\Users\Deepthi\AppData\Lo..., moz:shutdownTimeout: 60000, moz:webdriverClick: true, moz:windowless: false, pageLoadStrategy: normal, platformName: windows, proxy: Proxy(), se:cdp: ws://127.0.0.1:29009/devtoo..., se:cdpVersion: 85.0, setWindowRect: true, strictFileInteractability: false, timeouts: {implicit: 0, pageLoad: 300000, script: 30000}, unhandledPromptBehavior: dismiss and notify, userAgent: Mozilla/5.0 (Windows NT 10....}
Element: [[FirefoxDriver: firefox on windows (3271a220-705c-4c6e-9a6e-29b44d612cb1)] -&gt; xpath: .//button[@label=&#039;A New Program&#039;]]
Session ID: 3271a220-705c-4c6e-9a6e-29b44d612cb1" type="org.openqa.selenium.ElementClickInterceptedException">
      <![CDATA[org.openqa.selenium.ElementClickInterceptedException: Element <button id="new" class="p-button-rounded p-button-success p-button p-component"> is not clickable at point (1100,166) because another element <div class="ng-tns-c132-3 p-dialog-mask p-component-overlay p-dialog-mask-scrollblocker ng-star-inserted"> obscures it
Build info: version: '4.19.1', revision: 'abe0ee07dc'
System info: os.name: 'Windows 11', os.arch: 'amd64', os.version: '10.0', java.version: '21.0.1'
Driver info: org.openqa.selenium.firefox.FirefoxDriver
Command: [3271a220-705c-4c6e-9a6e-29b44d612cb1, clickElement {id=9c166347-c665-4e60-917c-5ca0f71eaccc}]
Capabilities {acceptInsecureCerts: true, browserName: firefox, browserVersion: 125.0.2, moz:accessibilityChecks: false, moz:buildID: 20240419144423, moz:debuggerAddress: 127.0.0.1:29009, moz:geckodriverVersion: 0.34.0, moz:headless: false, moz:platformVersion: 10.0, moz:processID: 33984, moz:profile: C:\Users\Deepthi\AppData\Lo..., moz:shutdownTimeout: 60000, moz:webdriverClick: true, moz:windowless: false, pageLoadStrategy: normal, platformName: windows, proxy: Proxy(), se:cdp: ws://127.0.0.1:29009/devtoo..., se:cdpVersion: 85.0, setWindowRect: true, strictFileInteractability: false, timeouts: {implicit: 0, pageLoad: 300000, script: 30000}, unhandledPromptBehavior: dismiss and notify, userAgent: Mozilla/5.0 (Windows NT 10....}
Element: [[FirefoxDriver: firefox on windows (3271a220-705c-4c6e-9a6e-29b44d612cb1)] -> xpath: .//button[@label='A New Program']]
Session ID: 3271a220-705c-4c6e-9a6e-29b44d612cb1
at java.base/jdk.internal.reflect.DirectConstructorHandleAccessor.newInstance(DirectConstructorHandleAccessor.java:62)
at java.base/java.lang.reflect.Constructor.newInstanceWithCaller(Constructor.java:502)
at java.base/java.lang.reflect.Constructor.newInstance(Constructor.java:486)
at org.openqa.selenium.remote.ErrorCodec.decode(ErrorCodec.java:167)
at org.openqa.selenium.remote.codec.w3c.W3CHttpResponseCodec.decode(W3CHttpResponseCodec.java:138)
at org.openqa.selenium.remote.codec.w3c.W3CHttpResponseCodec.decode(W3CHttpResponseCodec.java:50)
at org.openqa.selenium.remote.HttpCommandExecutor.execute(HttpCommandExecutor.java:190)
at org.openqa.selenium.remote.service.DriverCommandExecutor.invokeExecute(DriverCommandExecutor.java:216)
at org.openqa.selenium.remote.service.DriverCommandExecutor.execute(DriverCommandExecutor.java:174)
at org.openqa.selenium.remote.RemoteWebDriver.execute(RemoteWebDriver.java:518)
at org.openqa.selenium.remote.RemoteWebElement.execute(RemoteWebElement.java:223)
at org.openqa.selenium.remote.RemoteWebElement.click(RemoteWebElement.java:76)
at pageObjects.AssignStudentPage.clickButton(AssignStudentPage.java:143)
at stepdefinitions.AssignStudent.admin_clicks_button(AssignStudent.java:40)
at ✽.Admin clicks "A New Program" button(file:///C:/Users/Deepthi/OneDrive/Documents/GitHub/Team3_Ninja_Hackers_Hackathon_April_2024/src/test/resources/features/04AddProgram.feature:5)
]]>
    </error>
  </testcase> <!-- runScenario -->
  <system-out/>
  <testcase classname="runner.TestRunner" name="runScenario" time="0.110">
    <error message="Element &lt;button id=&quot;user&quot; class=&quot;mat-focus-indicator mat-button mat-button-base&quot;&gt; is not clickable at point (1413,32) because another element &lt;div class=&quot;p-toast-message-content ng-tns-c90-9&quot;&gt; obscures it
Build info: version: &#039;4.19.1&#039;, revision: &#039;abe0ee07dc&#039;
System info: os.name: &#039;Windows 11&#039;, os.arch: &#039;amd64&#039;, os.version: &#039;10.0&#039;, java.version: &#039;21.0.1&#039;
Driver info: org.openqa.selenium.firefox.FirefoxDriver
Command: [3271a220-705c-4c6e-9a6e-29b44d612cb1, clickElement {id=b8428683-52c3-4593-82ba-45f351b1d4c1}]
Capabilities {acceptInsecureCerts: true, browserName: firefox, browserVersion: 125.0.2, moz:accessibilityChecks: false, moz:buildID: 20240419144423, moz:debuggerAddress: 127.0.0.1:29009, moz:geckodriverVersion: 0.34.0, moz:headless: false, moz:platformVersion: 10.0, moz:processID: 33984, moz:profile: C:\Users\Deepthi\AppData\Lo..., moz:shutdownTimeout: 60000, moz:webdriverClick: true, moz:windowless: false, pageLoadStrategy: normal, platformName: windows, proxy: Proxy(), se:cdp: ws://127.0.0.1:29009/devtoo..., se:cdpVersion: 85.0, setWindowRect: true, strictFileInteractability: false, timeouts: {implicit: 0, pageLoad: 300000, script: 30000}, unhandledPromptBehavior: dismiss and notify, userAgent: Mozilla/5.0 (Windows NT 10....}
Element: [[FirefoxDriver: firefox on windows (3271a220-705c-4c6e-9a6e-29b44d612cb1)] -&gt; xpath: //button[@id=&#039;user&#039;]]
Session ID: 3271a220-705c-4c6e-9a6e-29b44d612cb1" type="org.openqa.selenium.ElementClickInterceptedException">
      <![CDATA[org.openqa.selenium.ElementClickInterceptedException: Element <button id="user" class="mat-focus-indicator mat-button mat-button-base"> is not clickable at point (1413,32) because another element <div class="p-toast-message-content ng-tns-c90-9"> obscures it
Build info: version: '4.19.1', revision: 'abe0ee07dc'
System info: os.name: 'Windows 11', os.arch: 'amd64', os.version: '10.0', java.version: '21.0.1'
Driver info: org.openqa.selenium.firefox.FirefoxDriver
Command: [3271a220-705c-4c6e-9a6e-29b44d612cb1, clickElement {id=b8428683-52c3-4593-82ba-45f351b1d4c1}]
Capabilities {acceptInsecureCerts: true, browserName: firefox, browserVersion: 125.0.2, moz:accessibilityChecks: false, moz:buildID: 20240419144423, moz:debuggerAddress: 127.0.0.1:29009, moz:geckodriverVersion: 0.34.0, moz:headless: false, moz:platformVersion: 10.0, moz:processID: 33984, moz:profile: C:\Users\Deepthi\AppData\Lo..., moz:shutdownTimeout: 60000, moz:webdriverClick: true, moz:windowless: false, pageLoadStrategy: normal, platformName: windows, proxy: Proxy(), se:cdp: ws://127.0.0.1:29009/devtoo..., se:cdpVersion: 85.0, setWindowRect: true, strictFileInteractability: false, timeouts: {implicit: 0, pageLoad: 300000, script: 30000}, unhandledPromptBehavior: dismiss and notify, userAgent: Mozilla/5.0 (Windows NT 10....}
Element: [[FirefoxDriver: firefox on windows (3271a220-705c-4c6e-9a6e-29b44d612cb1)] -> xpath: //button[@id='user']]
Session ID: 3271a220-705c-4c6e-9a6e-29b44d612cb1
at java.base/jdk.internal.reflect.DirectConstructorHandleAccessor.newInstance(DirectConstructorHandleAccessor.java:62)
at java.base/java.lang.reflect.Constructor.newInstanceWithCaller(Constructor.java:502)
at java.base/java.lang.reflect.Constructor.newInstance(Constructor.java:486)
at org.openqa.selenium.remote.ErrorCodec.decode(ErrorCodec.java:167)
at org.openqa.selenium.remote.codec.w3c.W3CHttpResponseCodec.decode(W3CHttpResponseCodec.java:138)
at org.openqa.selenium.remote.codec.w3c.W3CHttpResponseCodec.decode(W3CHttpResponseCodec.java:50)
at org.openqa.selenium.remote.HttpCommandExecutor.execute(HttpCommandExecutor.java:190)
at org.openqa.selenium.remote.service.DriverCommandExecutor.invokeExecute(DriverCommandExecutor.java:216)
at org.openqa.selenium.remote.service.DriverCommandExecutor.execute(DriverCommandExecutor.java:174)
at org.openqa.selenium.remote.RemoteWebDriver.execute(RemoteWebDriver.java:518)
at org.openqa.selenium.remote.RemoteWebElement.execute(RemoteWebElement.java:223)
at org.openqa.selenium.remote.RemoteWebElement.click(RemoteWebElement.java:76)
at pageObjects.AssignStudentPage.isUserClicked(AssignStudentPage.java:60)
at stepdefinitions.AssignStudent.admin_clicks_from_navigation_bar(AssignStudent.java:27)
at ✽.Admin clicks "User" from navigation bar(file:///C:/Users/Deepthi/OneDrive/Documents/GitHub/Team3_Ninja_Hackers_Hackathon_April_2024/src/test/resources/features/09User.feature:23)
]]>
    </error>
  </testcase> <!-- runScenario -->
  <system-out/>
  <testcase classname="runner.TestRunner" name="runScenario" time="1.318"/>
  <system-out/>
  <testcase classname="runner.TestRunner" name="runScenario" time="0.171">
    <error message="Element &lt;button class=&quot;p-paginator-last p-paginator-element p-link p-ripple ng-star-inserted&quot; type=&quot;button&quot;&gt; is not clickable at point (1252,626) because another element &lt;div class=&quot;ng-tns-c132-3 p-dialog-mask p-component-overlay p-dialog-mask-scrollblocker ng-star-inserted&quot;&gt; obscures it
Build info: version: &#039;4.19.1&#039;, revision: &#039;abe0ee07dc&#039;
System info: os.name: &#039;Windows 11&#039;, os.arch: &#039;amd64&#039;, os.version: &#039;10.0&#039;, java.version: &#039;21.0.1&#039;
Driver info: org.openqa.selenium.firefox.FirefoxDriver
Command: [3271a220-705c-4c6e-9a6e-29b44d612cb1, clickElement {id=4bded254-fa32-4591-8207-f435a2490049}]
Capabilities {acceptInsecureCerts: true, browserName: firefox, browserVersion: 125.0.2, moz:accessibilityChecks: false, moz:buildID: 20240419144423, moz:debuggerAddress: 127.0.0.1:29009, moz:geckodriverVersion: 0.34.0, moz:headless: false, moz:platformVersion: 10.0, moz:processID: 33984, moz:profile: C:\Users\Deepthi\AppData\Lo..., moz:shutdownTimeout: 60000, moz:webdriverClick: true, moz:windowless: false, pageLoadStrategy: normal, platformName: windows, proxy: Proxy(), se:cdp: ws://127.0.0.1:29009/devtoo..., se:cdpVersion: 85.0, setWindowRect: true, strictFileInteractability: false, timeouts: {implicit: 0, pageLoad: 300000, script: 30000}, unhandledPromptBehavior: dismiss and notify, userAgent: Mozilla/5.0 (Windows NT 10....}
Element: [[FirefoxDriver: firefox on windows (3271a220-705c-4c6e-9a6e-29b44d612cb1)] -&gt; xpath: //button[@class=&#039;p-paginator-last p-paginator-element p-link p-ripple ng-star-inserted&#039;]]
Session ID: 3271a220-705c-4c6e-9a6e-29b44d612cb1" type="org.openqa.selenium.ElementClickInterceptedException">
      <![CDATA[org.openqa.selenium.ElementClickInterceptedException: Element <button class="p-paginator-last p-paginator-element p-link p-ripple ng-star-inserted" type="button"> is not clickable at point (1252,626) because another element <div class="ng-tns-c132-3 p-dialog-mask p-component-overlay p-dialog-mask-scrollblocker ng-star-inserted"> obscures it
Build info: version: '4.19.1', revision: 'abe0ee07dc'
System info: os.name: 'Windows 11', os.arch: 'amd64', os.version: '10.0', java.version: '21.0.1'
Driver info: org.openqa.selenium.firefox.FirefoxDriver
Command: [3271a220-705c-4c6e-9a6e-29b44d612cb1, clickElement {id=4bded254-fa32-4591-8207-f435a2490049}]
Capabilities {acceptInsecureCerts: true, browserName: firefox, browserVersion: 125.0.2, moz:accessibilityChecks: false, moz:buildID: 20240419144423, moz:debuggerAddress: 127.0.0.1:29009, moz:geckodriverVersion: 0.34.0, moz:headless: false, moz:platformVersion: 10.0, moz:processID: 33984, moz:profile: C:\Users\Deepthi\AppData\Lo..., moz:shutdownTimeout: 60000, moz:webdriverClick: true, moz:windowless: false, pageLoadStrategy: normal, platformName: windows, proxy: Proxy(), se:cdp: ws://127.0.0.1:29009/devtoo..., se:cdpVersion: 85.0, setWindowRect: true, strictFileInteractability: false, timeouts: {implicit: 0, pageLoad: 300000, script: 30000}, unhandledPromptBehavior: dismiss and notify, userAgent: Mozilla/5.0 (Windows NT 10....}
Element: [[FirefoxDriver: firefox on windows (3271a220-705c-4c6e-9a6e-29b44d612cb1)] -> xpath: //button[@class='p-paginator-last p-paginator-element p-link p-ripple ng-star-inserted']]
Session ID: 3271a220-705c-4c6e-9a6e-29b44d612cb1
at java.base/jdk.internal.reflect.DirectConstructorHandleAccessor.newInstance(DirectConstructorHandleAccessor.java:62)
at java.base/java.lang.reflect.Constructor.newInstanceWithCaller(Constructor.java:502)
at java.base/java.lang.reflect.Constructor.newInstance(Constructor.java:486)
at org.openqa.selenium.remote.ErrorCodec.decode(ErrorCodec.java:167)
at org.openqa.selenium.remote.codec.w3c.W3CHttpResponseCodec.decode(W3CHttpResponseCodec.java:138)
at org.openqa.selenium.remote.codec.w3c.W3CHttpResponseCodec.decode(W3CHttpResponseCodec.java:50)
at org.openqa.selenium.remote.HttpCommandExecutor.execute(HttpCommandExecutor.java:190)
at org.openqa.selenium.remote.service.DriverCommandExecutor.invokeExecute(DriverCommandExecutor.java:216)
at org.openqa.selenium.remote.service.DriverCommandExecutor.execute(DriverCommandExecutor.java:174)
at org.openqa.selenium.remote.RemoteWebDriver.execute(RemoteWebDriver.java:518)
at org.openqa.selenium.remote.RemoteWebElement.execute(RemoteWebElement.java:223)
at org.openqa.selenium.remote.RemoteWebElement.click(RemoteWebElement.java:76)
at pageObjects.ManageProgramPageValidation.clickLastPageButton(ManageProgramPageValidation.java:86)
at stepdefinitions.ManageProgramValidationDefinition.admin_clicks_last_page_link(ManageProgramValidationDefinition.java:69)
at ✽.Admin clicks Last page link(file:///C:/Users/Deepthi/OneDrive/Documents/GitHub/Team3_Ninja_Hackers_Hackathon_April_2024/src/test/resources/features/06ManageProgramPageValidation.feature:37)
]]>
    </error>
  </testcase> <!-- runScenario -->
  <system-out/>
  <testcase classname="runner.TestRunner" name="runScenario" time="0.810"/>
  <system-out/>
  <testcase classname="runner.TestRunner" name="runScenario" time="2.433">
    <failure message="expected [Manage user] but found [Manage User]" type="java.lang.AssertionError">
      <![CDATA[java.lang.AssertionError: expected [Manage user] but found [Manage User]
at org.testng.Assert.fail(Assert.java:99)
at org.testng.Assert.failNotEquals(Assert.java:1037)
at org.testng.Assert.assertEqualsImpl(Assert.java:140)
at org.testng.Assert.assertEquals(Assert.java:122)
at org.testng.Assert.assertEquals(Assert.java:629)
at org.testng.Assert.assertEquals(Assert.java:639)
at stepdefinitions.Programlms_SD.admin_should_see_a_heading_with_text_on_the_page(Programlms_SD.java:41)
at ✽.Admin should see a heading with text "Manage user" on the page(file:///C:/Users/Deepthi/OneDrive/Documents/GitHub/Team3_Ninja_Hackers_Hackathon_April_2024/src/test/resources/features/10User1.feature:6)
]]>
    </failure>
  </testcase> <!-- runScenario -->
  <system-out/>
  <testcase classname="runner.TestRunner" name="runScenario" time="1.664"/>
  <system-out/>
  <testcase classname="runner.TestRunner" name="runScenario" time="0.126">
    <error message="Element &lt;button id=&quot;user&quot; class=&quot;mat-focus-indicator mat-button mat-button-base&quot;&gt; is not clickable at point (1413,32) because another element &lt;div class=&quot;p-toast-message-content ng-tns-c90-9&quot;&gt; obscures it
Build info: version: &#039;4.19.1&#039;, revision: &#039;abe0ee07dc&#039;
System info: os.name: &#039;Windows 11&#039;, os.arch: &#039;amd64&#039;, os.version: &#039;10.0&#039;, java.version: &#039;21.0.1&#039;
Driver info: org.openqa.selenium.firefox.FirefoxDriver
Command: [3271a220-705c-4c6e-9a6e-29b44d612cb1, clickElement {id=b8428683-52c3-4593-82ba-45f351b1d4c1}]
Capabilities {acceptInsecureCerts: true, browserName: firefox, browserVersion: 125.0.2, moz:accessibilityChecks: false, moz:buildID: 20240419144423, moz:debuggerAddress: 127.0.0.1:29009, moz:geckodriverVersion: 0.34.0, moz:headless: false, moz:platformVersion: 10.0, moz:processID: 33984, moz:profile: C:\Users\Deepthi\AppData\Lo..., moz:shutdownTimeout: 60000, moz:webdriverClick: true, moz:windowless: false, pageLoadStrategy: normal, platformName: windows, proxy: Proxy(), se:cdp: ws://127.0.0.1:29009/devtoo..., se:cdpVersion: 85.0, setWindowRect: true, strictFileInteractability: false, timeouts: {implicit: 0, pageLoad: 300000, script: 30000}, unhandledPromptBehavior: dismiss and notify, userAgent: Mozilla/5.0 (Windows NT 10....}
Element: [[FirefoxDriver: firefox on windows (3271a220-705c-4c6e-9a6e-29b44d612cb1)] -&gt; xpath: //button[@id=&#039;user&#039;]]
Session ID: 3271a220-705c-4c6e-9a6e-29b44d612cb1" type="org.openqa.selenium.ElementClickInterceptedException">
      <![CDATA[org.openqa.selenium.ElementClickInterceptedException: Element <button id="user" class="mat-focus-indicator mat-button mat-button-base"> is not clickable at point (1413,32) because another element <div class="p-toast-message-content ng-tns-c90-9"> obscures it
Build info: version: '4.19.1', revision: 'abe0ee07dc'
System info: os.name: 'Windows 11', os.arch: 'amd64', os.version: '10.0', java.version: '21.0.1'
Driver info: org.openqa.selenium.firefox.FirefoxDriver
Command: [3271a220-705c-4c6e-9a6e-29b44d612cb1, clickElement {id=b8428683-52c3-4593-82ba-45f351b1d4c1}]
Capabilities {acceptInsecureCerts: true, browserName: firefox, browserVersion: 125.0.2, moz:accessibilityChecks: false, moz:buildID: 20240419144423, moz:debuggerAddress: 127.0.0.1:29009, moz:geckodriverVersion: 0.34.0, moz:headless: false, moz:platformVersion: 10.0, moz:processID: 33984, moz:profile: C:\Users\Deepthi\AppData\Lo..., moz:shutdownTimeout: 60000, moz:webdriverClick: true, moz:windowless: false, pageLoadStrategy: normal, platformName: windows, proxy: Proxy(), se:cdp: ws://127.0.0.1:29009/devtoo..., se:cdpVersion: 85.0, setWindowRect: true, strictFileInteractability: false, timeouts: {implicit: 0, pageLoad: 300000, script: 30000}, unhandledPromptBehavior: dismiss and notify, userAgent: Mozilla/5.0 (Windows NT 10....}
Element: [[FirefoxDriver: firefox on windows (3271a220-705c-4c6e-9a6e-29b44d612cb1)] -> xpath: //button[@id='user']]
Session ID: 3271a220-705c-4c6e-9a6e-29b44d612cb1
at java.base/jdk.internal.reflect.DirectConstructorHandleAccessor.newInstance(DirectConstructorHandleAccessor.java:62)
at java.base/java.lang.reflect.Constructor.newInstanceWithCaller(Constructor.java:502)
at java.base/java.lang.reflect.Constructor.newInstance(Constructor.java:486)
at org.openqa.selenium.remote.ErrorCodec.decode(ErrorCodec.java:167)
at org.openqa.selenium.remote.codec.w3c.W3CHttpResponseCodec.decode(W3CHttpResponseCodec.java:138)
at org.openqa.selenium.remote.codec.w3c.W3CHttpResponseCodec.decode(W3CHttpResponseCodec.java:50)
at org.openqa.selenium.remote.HttpCommandExecutor.execute(HttpCommandExecutor.java:190)
at org.openqa.selenium.remote.service.DriverCommandExecutor.invokeExecute(DriverCommandExecutor.java:216)
at org.openqa.selenium.remote.service.DriverCommandExecutor.execute(DriverCommandExecutor.java:174)
at org.openqa.selenium.remote.RemoteWebDriver.execute(RemoteWebDriver.java:518)
at org.openqa.selenium.remote.RemoteWebElement.execute(RemoteWebElement.java:223)
at org.openqa.selenium.remote.RemoteWebElement.click(RemoteWebElement.java:76)
at pageObjects.AssignStudentPage.isUserClicked(AssignStudentPage.java:60)
at stepdefinitions.AssignStudent.admin_clicks_from_navigation_bar(AssignStudent.java:27)
at ✽.Admin clicks "User" from navigation bar(file:///C:/Users/Deepthi/OneDrive/Documents/GitHub/Team3_Ninja_Hackers_Hackathon_April_2024/src/test/resources/features/09User.feature:23)
]]>
    </error>
  </testcase> <!-- runScenario -->
  <system-out/>
  <testcase classname="runner.TestRunner" name="runScenario" time="0.173">
    <error message="Element &lt;button id=&quot;new&quot; class=&quot;p-button-rounded p-button-success p-button p-component&quot;&gt; is not clickable at point (746,166) because another element &lt;div class=&quot;mat-form-field-wrapper ng-tns-c78-39&quot;&gt; obscures it
Build info: version: &#039;4.19.1&#039;, revision: &#039;abe0ee07dc&#039;
System info: os.name: &#039;Windows 11&#039;, os.arch: &#039;amd64&#039;, os.version: &#039;10.0&#039;, java.version: &#039;21.0.1&#039;
Driver info: org.openqa.selenium.firefox.FirefoxDriver
Command: [3271a220-705c-4c6e-9a6e-29b44d612cb1, clickElement {id=f16c703e-c325-48e9-9426-4ee74531d92a}]
Capabilities {acceptInsecureCerts: true, browserName: firefox, browserVersion: 125.0.2, moz:accessibilityChecks: false, moz:buildID: 20240419144423, moz:debuggerAddress: 127.0.0.1:29009, moz:geckodriverVersion: 0.34.0, moz:headless: false, moz:platformVersion: 10.0, moz:processID: 33984, moz:profile: C:\Users\Deepthi\AppData\Lo..., moz:shutdownTimeout: 60000, moz:webdriverClick: true, moz:windowless: false, pageLoadStrategy: normal, platformName: windows, proxy: Proxy(), se:cdp: ws://127.0.0.1:29009/devtoo..., se:cdpVersion: 85.0, setWindowRect: true, strictFileInteractability: false, timeouts: {implicit: 0, pageLoad: 300000, script: 30000}, unhandledPromptBehavior: dismiss and notify, userAgent: Mozilla/5.0 (Windows NT 10....}
Element: [[FirefoxDriver: firefox on windows (3271a220-705c-4c6e-9a6e-29b44d612cb1)] -&gt; xpath: //button[@id=&#039;new&#039;]]
Session ID: 3271a220-705c-4c6e-9a6e-29b44d612cb1" type="org.openqa.selenium.ElementClickInterceptedException">
      <![CDATA[org.openqa.selenium.ElementClickInterceptedException: Element <button id="new" class="p-button-rounded p-button-success p-button p-component"> is not clickable at point (746,166) because another element <div class="mat-form-field-wrapper ng-tns-c78-39"> obscures it
Build info: version: '4.19.1', revision: 'abe0ee07dc'
System info: os.name: 'Windows 11', os.arch: 'amd64', os.version: '10.0', java.version: '21.0.1'
Driver info: org.openqa.selenium.firefox.FirefoxDriver
Command: [3271a220-705c-4c6e-9a6e-29b44d612cb1, clickElement {id=f16c703e-c325-48e9-9426-4ee74531d92a}]
Capabilities {acceptInsecureCerts: true, browserName: firefox, browserVersion: 125.0.2, moz:accessibilityChecks: false, moz:buildID: 20240419144423, moz:debuggerAddress: 127.0.0.1:29009, moz:geckodriverVersion: 0.34.0, moz:headless: false, moz:platformVersion: 10.0, moz:processID: 33984, moz:profile: C:\Users\Deepthi\AppData\Lo..., moz:shutdownTimeout: 60000, moz:webdriverClick: true, moz:windowless: false, pageLoadStrategy: normal, platformName: windows, proxy: Proxy(), se:cdp: ws://127.0.0.1:29009/devtoo..., se:cdpVersion: 85.0, setWindowRect: true, strictFileInteractability: false, timeouts: {implicit: 0, pageLoad: 300000, script: 30000}, unhandledPromptBehavior: dismiss and notify, userAgent: Mozilla/5.0 (Windows NT 10....}
Element: [[FirefoxDriver: firefox on windows (3271a220-705c-4c6e-9a6e-29b44d612cb1)] -> xpath: //button[@id='new']]
Session ID: 3271a220-705c-4c6e-9a6e-29b44d612cb1
at java.base/jdk.internal.reflect.DirectConstructorHandleAccessor.newInstance(DirectConstructorHandleAccessor.java:62)
at java.base/java.lang.reflect.Constructor.newInstanceWithCaller(Constructor.java:502)
at java.base/java.lang.reflect.Constructor.newInstance(Constructor.java:486)
at org.openqa.selenium.remote.ErrorCodec.decode(ErrorCodec.java:167)
at org.openqa.selenium.remote.codec.w3c.W3CHttpResponseCodec.decode(W3CHttpResponseCodec.java:138)
at org.openqa.selenium.remote.codec.w3c.W3CHttpResponseCodec.decode(W3CHttpResponseCodec.java:50)
at org.openqa.selenium.remote.HttpCommandExecutor.execute(HttpCommandExecutor.java:190)
at org.openqa.selenium.remote.service.DriverCommandExecutor.invokeExecute(DriverCommandExecutor.java:216)
at org.openqa.selenium.remote.service.DriverCommandExecutor.execute(DriverCommandExecutor.java:174)
at org.openqa.selenium.remote.RemoteWebDriver.execute(RemoteWebDriver.java:518)
at org.openqa.selenium.remote.RemoteWebElement.execute(RemoteWebElement.java:223)
at org.openqa.selenium.remote.RemoteWebElement.click(RemoteWebElement.java:76)
at pageObjects.UserPage.openNewUserIcon(UserPage.java:208)
at stepdefinitions.User.admin_is_on_user_details_pop_up(User.java:156)
at ✽.Admin is on  User details pop up(file:///C:/Users/Deepthi/OneDrive/Documents/GitHub/Team3_Ninja_Hackers_Hackathon_April_2024/src/test/resources/features/11User2.feature:76)
]]>
    </error>
  </testcase> <!-- runScenario -->
  <system-out/>
  <testcase classname="runner.TestRunner" name="runScenario" time="1.789"/>
  <system-out/>
  <testcase classname="runner.TestRunner" name="runScenario" time="0.157">
    <error message="Unable to locate element: .//button[@label=&#039;+ A New User&#039;]
For documentation on this error, please visit: https://www.selenium.dev/documentation/webdriver/troubleshooting/errors#no-such-element-exception
Build info: version: &#039;4.19.1&#039;, revision: &#039;abe0ee07dc&#039;
System info: os.name: &#039;Windows 11&#039;, os.arch: &#039;amd64&#039;, os.version: &#039;10.0&#039;, java.version: &#039;21.0.1&#039;
Driver info: org.openqa.selenium.firefox.FirefoxDriver
Command: [3271a220-705c-4c6e-9a6e-29b44d612cb1, findElement {value=.//button[@label=&#039;+ A New User&#039;], using=xpath}]
Capabilities {acceptInsecureCerts: true, browserName: firefox, browserVersion: 125.0.2, moz:accessibilityChecks: false, moz:buildID: 20240419144423, moz:debuggerAddress: 127.0.0.1:29009, moz:geckodriverVersion: 0.34.0, moz:headless: false, moz:platformVersion: 10.0, moz:processID: 33984, moz:profile: C:\Users\Deepthi\AppData\Lo..., moz:shutdownTimeout: 60000, moz:webdriverClick: true, moz:windowless: false, pageLoadStrategy: normal, platformName: windows, proxy: Proxy(), se:cdp: ws://127.0.0.1:29009/devtoo..., se:cdpVersion: 85.0, setWindowRect: true, strictFileInteractability: false, timeouts: {implicit: 0, pageLoad: 300000, script: 30000}, unhandledPromptBehavior: dismiss and notify, userAgent: Mozilla/5.0 (Windows NT 10....}
Session ID: 3271a220-705c-4c6e-9a6e-29b44d612cb1" type="org.openqa.selenium.NoSuchElementException">
      <![CDATA[org.openqa.selenium.NoSuchElementException: Unable to locate element: .//button[@label='+ A New User']
For documentation on this error, please visit: https://www.selenium.dev/documentation/webdriver/troubleshooting/errors#no-such-element-exception
Build info: version: '4.19.1', revision: 'abe0ee07dc'
System info: os.name: 'Windows 11', os.arch: 'amd64', os.version: '10.0', java.version: '21.0.1'
Driver info: org.openqa.selenium.firefox.FirefoxDriver
Command: [3271a220-705c-4c6e-9a6e-29b44d612cb1, findElement {value=.//button[@label='+ A New User'], using=xpath}]
Capabilities {acceptInsecureCerts: true, browserName: firefox, browserVersion: 125.0.2, moz:accessibilityChecks: false, moz:buildID: 20240419144423, moz:debuggerAddress: 127.0.0.1:29009, moz:geckodriverVersion: 0.34.0, moz:headless: false, moz:platformVersion: 10.0, moz:processID: 33984, moz:profile: C:\Users\Deepthi\AppData\Lo..., moz:shutdownTimeout: 60000, moz:webdriverClick: true, moz:windowless: false, pageLoadStrategy: normal, platformName: windows, proxy: Proxy(), se:cdp: ws://127.0.0.1:29009/devtoo..., se:cdpVersion: 85.0, setWindowRect: true, strictFileInteractability: false, timeouts: {implicit: 0, pageLoad: 300000, script: 30000}, unhandledPromptBehavior: dismiss and notify, userAgent: Mozilla/5.0 (Windows NT 10....}
Session ID: 3271a220-705c-4c6e-9a6e-29b44d612cb1
at java.base/jdk.internal.reflect.DirectConstructorHandleAccessor.newInstance(DirectConstructorHandleAccessor.java:62)
at java.base/java.lang.reflect.Constructor.newInstanceWithCaller(Constructor.java:502)
at java.base/java.lang.reflect.Constructor.newInstance(Constructor.java:486)
at org.openqa.selenium.remote.ErrorCodec.decode(ErrorCodec.java:167)
at org.openqa.selenium.remote.codec.w3c.W3CHttpResponseCodec.decode(W3CHttpResponseCodec.java:138)
at org.openqa.selenium.remote.codec.w3c.W3CHttpResponseCodec.decode(W3CHttpResponseCodec.java:50)
at org.openqa.selenium.remote.HttpCommandExecutor.execute(HttpCommandExecutor.java:190)
at org.openqa.selenium.remote.service.DriverCommandExecutor.invokeExecute(DriverCommandExecutor.java:216)
at org.openqa.selenium.remote.service.DriverCommandExecutor.execute(DriverCommandExecutor.java:174)
at org.openqa.selenium.remote.RemoteWebDriver.execute(RemoteWebDriver.java:518)
at org.openqa.selenium.remote.ElementLocation$ElementFinder$2.findElement(ElementLocation.java:165)
at org.openqa.selenium.remote.ElementLocation.findElement(ElementLocation.java:59)
at org.openqa.selenium.remote.RemoteWebDriver.findElement(RemoteWebDriver.java:355)
at org.openqa.selenium.remote.RemoteWebDriver.findElement(RemoteWebDriver.java:349)
at pageObjects.AssignStudentPage.clickButton(AssignStudentPage.java:143)
at stepdefinitions.AssignStudent.admin_clicks_button(AssignStudent.java:40)
at ✽.Admin clicks "+ A New User" button(file:///C:/Users/Deepthi/OneDrive/Documents/GitHub/Team3_Ninja_Hackers_Hackathon_April_2024/src/test/resources/features/11User2.feature:29)
]]>
    </error>
  </testcase> <!-- runScenario -->
  <system-out/>
  <testcase classname="runner.TestRunner" name="runScenario" time="0.849"/>
  <system-out/>
  <testcase classname="runner.TestRunner" name="runScenario" time="2.420">
    <failure message="expected [Manage user] but found [Manage User]" type="java.lang.AssertionError">
      <![CDATA[java.lang.AssertionError: expected [Manage user] but found [Manage User]
at org.testng.Assert.fail(Assert.java:99)
at org.testng.Assert.failNotEquals(Assert.java:1037)
at org.testng.Assert.assertEqualsImpl(Assert.java:140)
at org.testng.Assert.assertEquals(Assert.java:122)
at org.testng.Assert.assertEquals(Assert.java:629)
at org.testng.Assert.assertEquals(Assert.java:639)
at stepdefinitions.Programlms_SD.admin_should_see_a_heading_with_text_on_the_page(Programlms_SD.java:41)
at ✽.Admin should see a heading with text "Manage user" on the page(file:///C:/Users/Deepthi/OneDrive/Documents/GitHub/Team3_Ninja_Hackers_Hackathon_April_2024/src/test/resources/features/10User1.feature:6)
]]>
    </failure>
  </testcase> <!-- runScenario -->
  <system-out/>
  <testcase classname="runner.TestRunner" name="runScenario" time="0.157">
    <error message="Unable to locate element: .//button[@label=&#039;+ A New User&#039;]
For documentation on this error, please visit: https://www.selenium.dev/documentation/webdriver/troubleshooting/errors#no-such-element-exception
Build info: version: &#039;4.19.1&#039;, revision: &#039;abe0ee07dc&#039;
System info: os.name: &#039;Windows 11&#039;, os.arch: &#039;amd64&#039;, os.version: &#039;10.0&#039;, java.version: &#039;21.0.1&#039;
Driver info: org.openqa.selenium.firefox.FirefoxDriver
Command: [3271a220-705c-4c6e-9a6e-29b44d612cb1, findElement {value=.//button[@label=&#039;+ A New User&#039;], using=xpath}]
Capabilities {acceptInsecureCerts: true, browserName: firefox, browserVersion: 125.0.2, moz:accessibilityChecks: false, moz:buildID: 20240419144423, moz:debuggerAddress: 127.0.0.1:29009, moz:geckodriverVersion: 0.34.0, moz:headless: false, moz:platformVersion: 10.0, moz:processID: 33984, moz:profile: C:\Users\Deepthi\AppData\Lo..., moz:shutdownTimeout: 60000, moz:webdriverClick: true, moz:windowless: false, pageLoadStrategy: normal, platformName: windows, proxy: Proxy(), se:cdp: ws://127.0.0.1:29009/devtoo..., se:cdpVersion: 85.0, setWindowRect: true, strictFileInteractability: false, timeouts: {implicit: 0, pageLoad: 300000, script: 30000}, unhandledPromptBehavior: dismiss and notify, userAgent: Mozilla/5.0 (Windows NT 10....}
Session ID: 3271a220-705c-4c6e-9a6e-29b44d612cb1" type="org.openqa.selenium.NoSuchElementException">
      <![CDATA[org.openqa.selenium.NoSuchElementException: Unable to locate element: .//button[@label='+ A New User']
For documentation on this error, please visit: https://www.selenium.dev/documentation/webdriver/troubleshooting/errors#no-such-element-exception
Build info: version: '4.19.1', revision: 'abe0ee07dc'
System info: os.name: 'Windows 11', os.arch: 'amd64', os.version: '10.0', java.version: '21.0.1'
Driver info: org.openqa.selenium.firefox.FirefoxDriver
Command: [3271a220-705c-4c6e-9a6e-29b44d612cb1, findElement {value=.//button[@label='+ A New User'], using=xpath}]
Capabilities {acceptInsecureCerts: true, browserName: firefox, browserVersion: 125.0.2, moz:accessibilityChecks: false, moz:buildID: 20240419144423, moz:debuggerAddress: 127.0.0.1:29009, moz:geckodriverVersion: 0.34.0, moz:headless: false, moz:platformVersion: 10.0, moz:processID: 33984, moz:profile: C:\Users\Deepthi\AppData\Lo..., moz:shutdownTimeout: 60000, moz:webdriverClick: true, moz:windowless: false, pageLoadStrategy: normal, platformName: windows, proxy: Proxy(), se:cdp: ws://127.0.0.1:29009/devtoo..., se:cdpVersion: 85.0, setWindowRect: true, strictFileInteractability: false, timeouts: {implicit: 0, pageLoad: 300000, script: 30000}, unhandledPromptBehavior: dismiss and notify, userAgent: Mozilla/5.0 (Windows NT 10....}
Session ID: 3271a220-705c-4c6e-9a6e-29b44d612cb1
at java.base/jdk.internal.reflect.DirectConstructorHandleAccessor.newInstance(DirectConstructorHandleAccessor.java:62)
at java.base/java.lang.reflect.Constructor.newInstanceWithCaller(Constructor.java:502)
at java.base/java.lang.reflect.Constructor.newInstance(Constructor.java:486)
at org.openqa.selenium.remote.ErrorCodec.decode(ErrorCodec.java:167)
at org.openqa.selenium.remote.codec.w3c.W3CHttpResponseCodec.decode(W3CHttpResponseCodec.java:138)
at org.openqa.selenium.remote.codec.w3c.W3CHttpResponseCodec.decode(W3CHttpResponseCodec.java:50)
at org.openqa.selenium.remote.HttpCommandExecutor.execute(HttpCommandExecutor.java:190)
at org.openqa.selenium.remote.service.DriverCommandExecutor.invokeExecute(DriverCommandExecutor.java:216)
at org.openqa.selenium.remote.service.DriverCommandExecutor.execute(DriverCommandExecutor.java:174)
at org.openqa.selenium.remote.RemoteWebDriver.execute(RemoteWebDriver.java:518)
at org.openqa.selenium.remote.ElementLocation$ElementFinder$2.findElement(ElementLocation.java:165)
at org.openqa.selenium.remote.ElementLocation.findElement(ElementLocation.java:59)
at org.openqa.selenium.remote.RemoteWebDriver.findElement(RemoteWebDriver.java:355)
at org.openqa.selenium.remote.RemoteWebDriver.findElement(RemoteWebDriver.java:349)
at pageObjects.AssignStudentPage.clickButton(AssignStudentPage.java:143)
at stepdefinitions.AssignStudent.admin_clicks_button(AssignStudent.java:40)
at ✽.Admin clicks "+ A New User" button(file:///C:/Users/Deepthi/OneDrive/Documents/GitHub/Team3_Ninja_Hackers_Hackathon_April_2024/src/test/resources/features/11User2.feature:35)
]]>
    </error>
  </testcase> <!-- runScenario -->
  <system-out/>
  <testcase classname="runner.TestRunner" name="runScenario" time="3.186"/>
  <system-out/>
  <testcase classname="runner.TestRunner" name="runScenario" time="0.155">
    <error message="Element &lt;i class=&quot;p-sortable-column-icon pi pi-fw pi-sort-alt&quot;&gt; is not clickable at point (740,219) because another element &lt;div class=&quot;p-dialog-header ng-tns-c132-3 ng-star-inserted&quot;&gt; obscures it
Build info: version: &#039;4.19.1&#039;, revision: &#039;abe0ee07dc&#039;
System info: os.name: &#039;Windows 11&#039;, os.arch: &#039;amd64&#039;, os.version: &#039;10.0&#039;, java.version: &#039;21.0.1&#039;
Driver info: org.openqa.selenium.firefox.FirefoxDriver
Command: [3271a220-705c-4c6e-9a6e-29b44d612cb1, clickElement {id=a53b3281-66a1-4cce-a82b-92ef5121b8ff}]
Capabilities {acceptInsecureCerts: true, browserName: firefox, browserVersion: 125.0.2, moz:accessibilityChecks: false, moz:buildID: 20240419144423, moz:debuggerAddress: 127.0.0.1:29009, moz:geckodriverVersion: 0.34.0, moz:headless: false, moz:platformVersion: 10.0, moz:processID: 33984, moz:profile: C:\Users\Deepthi\AppData\Lo..., moz:shutdownTimeout: 60000, moz:webdriverClick: true, moz:windowless: false, pageLoadStrategy: normal, platformName: windows, proxy: Proxy(), se:cdp: ws://127.0.0.1:29009/devtoo..., se:cdpVersion: 85.0, setWindowRect: true, strictFileInteractability: false, timeouts: {implicit: 0, pageLoad: 300000, script: 30000}, unhandledPromptBehavior: dismiss and notify, userAgent: Mozilla/5.0 (Windows NT 10....}
Element: [[FirefoxDriver: firefox on windows (3271a220-705c-4c6e-9a6e-29b44d612cb1)] -&gt; xpath: //p-sorticon[@field=&#039;description&#039;]/i]
Session ID: 3271a220-705c-4c6e-9a6e-29b44d612cb1" type="org.openqa.selenium.ElementClickInterceptedException">
      <![CDATA[org.openqa.selenium.ElementClickInterceptedException: Element <i class="p-sortable-column-icon pi pi-fw pi-sort-alt"> is not clickable at point (740,219) because another element <div class="p-dialog-header ng-tns-c132-3 ng-star-inserted"> obscures it
Build info: version: '4.19.1', revision: 'abe0ee07dc'
System info: os.name: 'Windows 11', os.arch: 'amd64', os.version: '10.0', java.version: '21.0.1'
Driver info: org.openqa.selenium.firefox.FirefoxDriver
Command: [3271a220-705c-4c6e-9a6e-29b44d612cb1, clickElement {id=a53b3281-66a1-4cce-a82b-92ef5121b8ff}]
Capabilities {acceptInsecureCerts: true, browserName: firefox, browserVersion: 125.0.2, moz:accessibilityChecks: false, moz:buildID: 20240419144423, moz:debuggerAddress: 127.0.0.1:29009, moz:geckodriverVersion: 0.34.0, moz:headless: false, moz:platformVersion: 10.0, moz:processID: 33984, moz:profile: C:\Users\Deepthi\AppData\Lo..., moz:shutdownTimeout: 60000, moz:webdriverClick: true, moz:windowless: false, pageLoadStrategy: normal, platformName: windows, proxy: Proxy(), se:cdp: ws://127.0.0.1:29009/devtoo..., se:cdpVersion: 85.0, setWindowRect: true, strictFileInteractability: false, timeouts: {implicit: 0, pageLoad: 300000, script: 30000}, unhandledPromptBehavior: dismiss and notify, userAgent: Mozilla/5.0 (Windows NT 10....}
Element: [[FirefoxDriver: firefox on windows (3271a220-705c-4c6e-9a6e-29b44d612cb1)] -> xpath: //p-sorticon[@field='description']/i]
Session ID: 3271a220-705c-4c6e-9a6e-29b44d612cb1
at java.base/jdk.internal.reflect.DirectConstructorHandleAccessor.newInstance(DirectConstructorHandleAccessor.java:62)
at java.base/java.lang.reflect.Constructor.newInstanceWithCaller(Constructor.java:502)
at java.base/java.lang.reflect.Constructor.newInstance(Constructor.java:486)
at org.openqa.selenium.remote.ErrorCodec.decode(ErrorCodec.java:167)
at org.openqa.selenium.remote.codec.w3c.W3CHttpResponseCodec.decode(W3CHttpResponseCodec.java:138)
at org.openqa.selenium.remote.codec.w3c.W3CHttpResponseCodec.decode(W3CHttpResponseCodec.java:50)
at org.openqa.selenium.remote.HttpCommandExecutor.execute(HttpCommandExecutor.java:190)
at org.openqa.selenium.remote.service.DriverCommandExecutor.invokeExecute(DriverCommandExecutor.java:216)
at org.openqa.selenium.remote.service.DriverCommandExecutor.execute(DriverCommandExecutor.java:174)
at org.openqa.selenium.remote.RemoteWebDriver.execute(RemoteWebDriver.java:518)
at org.openqa.selenium.remote.RemoteWebElement.execute(RemoteWebElement.java:223)
at org.openqa.selenium.remote.RemoteWebElement.click(RemoteWebElement.java:76)
at pageObjects.ManageProgramPageSorting.clickProgramDescSortIcon(ManageProgramPageSorting.java:92)
at stepdefinitions.ManageProgramPageSortingDefinitions.admin_clicks_the_sort_icon_of_program_desc_column(ManageProgramPageSortingDefinitions.java:99)
at ✽.Admin clicks the sort icon of program Desc column(file:///C:/Users/Deepthi/OneDrive/Documents/GitHub/Team3_Ninja_Hackers_Hackathon_April_2024/src/test/resources/features/05ManageProgramPageSorting.feature:28)
]]>
    </error>
  </testcase> <!-- runScenario -->
  <system-out/>
  <testcase classname="runner.TestRunner" name="runScenario" time="0.172">
    <error message="Unable to locate element: .//button[@label=&#039;+ A New User&#039;]
For documentation on this error, please visit: https://www.selenium.dev/documentation/webdriver/troubleshooting/errors#no-such-element-exception
Build info: version: &#039;4.19.1&#039;, revision: &#039;abe0ee07dc&#039;
System info: os.name: &#039;Windows 11&#039;, os.arch: &#039;amd64&#039;, os.version: &#039;10.0&#039;, java.version: &#039;21.0.1&#039;
Driver info: org.openqa.selenium.firefox.FirefoxDriver
Command: [3271a220-705c-4c6e-9a6e-29b44d612cb1, findElement {value=.//button[@label=&#039;+ A New User&#039;], using=xpath}]
Capabilities {acceptInsecureCerts: true, browserName: firefox, browserVersion: 125.0.2, moz:accessibilityChecks: false, moz:buildID: 20240419144423, moz:debuggerAddress: 127.0.0.1:29009, moz:geckodriverVersion: 0.34.0, moz:headless: false, moz:platformVersion: 10.0, moz:processID: 33984, moz:profile: C:\Users\Deepthi\AppData\Lo..., moz:shutdownTimeout: 60000, moz:webdriverClick: true, moz:windowless: false, pageLoadStrategy: normal, platformName: windows, proxy: Proxy(), se:cdp: ws://127.0.0.1:29009/devtoo..., se:cdpVersion: 85.0, setWindowRect: true, strictFileInteractability: false, timeouts: {implicit: 0, pageLoad: 300000, script: 30000}, unhandledPromptBehavior: dismiss and notify, userAgent: Mozilla/5.0 (Windows NT 10....}
Session ID: 3271a220-705c-4c6e-9a6e-29b44d612cb1" type="org.openqa.selenium.NoSuchElementException">
      <![CDATA[org.openqa.selenium.NoSuchElementException: Unable to locate element: .//button[@label='+ A New User']
For documentation on this error, please visit: https://www.selenium.dev/documentation/webdriver/troubleshooting/errors#no-such-element-exception
Build info: version: '4.19.1', revision: 'abe0ee07dc'
System info: os.name: 'Windows 11', os.arch: 'amd64', os.version: '10.0', java.version: '21.0.1'
Driver info: org.openqa.selenium.firefox.FirefoxDriver
Command: [3271a220-705c-4c6e-9a6e-29b44d612cb1, findElement {value=.//button[@label='+ A New User'], using=xpath}]
Capabilities {acceptInsecureCerts: true, browserName: firefox, browserVersion: 125.0.2, moz:accessibilityChecks: false, moz:buildID: 20240419144423, moz:debuggerAddress: 127.0.0.1:29009, moz:geckodriverVersion: 0.34.0, moz:headless: false, moz:platformVersion: 10.0, moz:processID: 33984, moz:profile: C:\Users\Deepthi\AppData\Lo..., moz:shutdownTimeout: 60000, moz:webdriverClick: true, moz:windowless: false, pageLoadStrategy: normal, platformName: windows, proxy: Proxy(), se:cdp: ws://127.0.0.1:29009/devtoo..., se:cdpVersion: 85.0, setWindowRect: true, strictFileInteractability: false, timeouts: {implicit: 0, pageLoad: 300000, script: 30000}, unhandledPromptBehavior: dismiss and notify, userAgent: Mozilla/5.0 (Windows NT 10....}
Session ID: 3271a220-705c-4c6e-9a6e-29b44d612cb1
at java.base/jdk.internal.reflect.DirectConstructorHandleAccessor.newInstance(DirectConstructorHandleAccessor.java:62)
at java.base/java.lang.reflect.Constructor.newInstanceWithCaller(Constructor.java:502)
at java.base/java.lang.reflect.Constructor.newInstance(Constructor.java:486)
at org.openqa.selenium.remote.ErrorCodec.decode(ErrorCodec.java:167)
at org.openqa.selenium.remote.codec.w3c.W3CHttpResponseCodec.decode(W3CHttpResponseCodec.java:138)
at org.openqa.selenium.remote.codec.w3c.W3CHttpResponseCodec.decode(W3CHttpResponseCodec.java:50)
at org.openqa.selenium.remote.HttpCommandExecutor.execute(HttpCommandExecutor.java:190)
at org.openqa.selenium.remote.service.DriverCommandExecutor.invokeExecute(DriverCommandExecutor.java:216)
at org.openqa.selenium.remote.service.DriverCommandExecutor.execute(DriverCommandExecutor.java:174)
at org.openqa.selenium.remote.RemoteWebDriver.execute(RemoteWebDriver.java:518)
at org.openqa.selenium.remote.ElementLocation$ElementFinder$2.findElement(ElementLocation.java:165)
at org.openqa.selenium.remote.ElementLocation.findElement(ElementLocation.java:59)
at org.openqa.selenium.remote.RemoteWebDriver.findElement(RemoteWebDriver.java:355)
at org.openqa.selenium.remote.RemoteWebDriver.findElement(RemoteWebDriver.java:349)
at pageObjects.AssignStudentPage.clickButton(AssignStudentPage.java:143)
at stepdefinitions.AssignStudent.admin_clicks_button(AssignStudent.java:40)
at ✽.Admin clicks "+ A New User" button(file:///C:/Users/Deepthi/OneDrive/Documents/GitHub/Team3_Ninja_Hackers_Hackathon_April_2024/src/test/resources/features/11User2.feature:23)
]]>
    </error>
  </testcase> <!-- runScenario -->
  <system-out/>
  <testcase classname="runner.TestRunner" name="runScenario" time="0.135">
    <error message="Element &lt;button id=&quot;user&quot; class=&quot;mat-focus-indicator mat-button mat-button-base&quot;&gt; is not clickable at point (1413,32) because another element &lt;div class=&quot;ng-tns-c132-3 p-dialog-mask p-component-overlay p-dialog-mask-scrollblocker ng-star-inserted&quot;&gt; obscures it
Build info: version: &#039;4.19.1&#039;, revision: &#039;abe0ee07dc&#039;
System info: os.name: &#039;Windows 11&#039;, os.arch: &#039;amd64&#039;, os.version: &#039;10.0&#039;, java.version: &#039;21.0.1&#039;
Driver info: org.openqa.selenium.firefox.FirefoxDriver
Command: [3271a220-705c-4c6e-9a6e-29b44d612cb1, clickElement {id=0618a27d-05e8-401b-9a99-80227d62a23d}]
Capabilities {acceptInsecureCerts: true, browserName: firefox, browserVersion: 125.0.2, moz:accessibilityChecks: false, moz:buildID: 20240419144423, moz:debuggerAddress: 127.0.0.1:29009, moz:geckodriverVersion: 0.34.0, moz:headless: false, moz:platformVersion: 10.0, moz:processID: 33984, moz:profile: C:\Users\Deepthi\AppData\Lo..., moz:shutdownTimeout: 60000, moz:webdriverClick: true, moz:windowless: false, pageLoadStrategy: normal, platformName: windows, proxy: Proxy(), se:cdp: ws://127.0.0.1:29009/devtoo..., se:cdpVersion: 85.0, setWindowRect: true, strictFileInteractability: false, timeouts: {implicit: 0, pageLoad: 300000, script: 30000}, unhandledPromptBehavior: dismiss and notify, userAgent: Mozilla/5.0 (Windows NT 10....}
Element: [[FirefoxDriver: firefox on windows (3271a220-705c-4c6e-9a6e-29b44d612cb1)] -&gt; xpath: //button[@id=&#039;user&#039;]]
Session ID: 3271a220-705c-4c6e-9a6e-29b44d612cb1" type="org.openqa.selenium.ElementClickInterceptedException">
      <![CDATA[org.openqa.selenium.ElementClickInterceptedException: Element <button id="user" class="mat-focus-indicator mat-button mat-button-base"> is not clickable at point (1413,32) because another element <div class="ng-tns-c132-3 p-dialog-mask p-component-overlay p-dialog-mask-scrollblocker ng-star-inserted"> obscures it
Build info: version: '4.19.1', revision: 'abe0ee07dc'
System info: os.name: 'Windows 11', os.arch: 'amd64', os.version: '10.0', java.version: '21.0.1'
Driver info: org.openqa.selenium.firefox.FirefoxDriver
Command: [3271a220-705c-4c6e-9a6e-29b44d612cb1, clickElement {id=0618a27d-05e8-401b-9a99-80227d62a23d}]
Capabilities {acceptInsecureCerts: true, browserName: firefox, browserVersion: 125.0.2, moz:accessibilityChecks: false, moz:buildID: 20240419144423, moz:debuggerAddress: 127.0.0.1:29009, moz:geckodriverVersion: 0.34.0, moz:headless: false, moz:platformVersion: 10.0, moz:processID: 33984, moz:profile: C:\Users\Deepthi\AppData\Lo..., moz:shutdownTimeout: 60000, moz:webdriverClick: true, moz:windowless: false, pageLoadStrategy: normal, platformName: windows, proxy: Proxy(), se:cdp: ws://127.0.0.1:29009/devtoo..., se:cdpVersion: 85.0, setWindowRect: true, strictFileInteractability: false, timeouts: {implicit: 0, pageLoad: 300000, script: 30000}, unhandledPromptBehavior: dismiss and notify, userAgent: Mozilla/5.0 (Windows NT 10....}
Element: [[FirefoxDriver: firefox on windows (3271a220-705c-4c6e-9a6e-29b44d612cb1)] -> xpath: //button[@id='user']]
Session ID: 3271a220-705c-4c6e-9a6e-29b44d612cb1
at java.base/jdk.internal.reflect.DirectConstructorHandleAccessor.newInstance(DirectConstructorHandleAccessor.java:62)
at java.base/java.lang.reflect.Constructor.newInstanceWithCaller(Constructor.java:502)
at java.base/java.lang.reflect.Constructor.newInstance(Constructor.java:486)
at org.openqa.selenium.remote.ErrorCodec.decode(ErrorCodec.java:167)
at org.openqa.selenium.remote.codec.w3c.W3CHttpResponseCodec.decode(W3CHttpResponseCodec.java:138)
at org.openqa.selenium.remote.codec.w3c.W3CHttpResponseCodec.decode(W3CHttpResponseCodec.java:50)
at org.openqa.selenium.remote.HttpCommandExecutor.execute(HttpCommandExecutor.java:190)
at org.openqa.selenium.remote.service.DriverCommandExecutor.invokeExecute(DriverCommandExecutor.java:216)
at org.openqa.selenium.remote.service.DriverCommandExecutor.execute(DriverCommandExecutor.java:174)
at org.openqa.selenium.remote.RemoteWebDriver.execute(RemoteWebDriver.java:518)
at org.openqa.selenium.remote.RemoteWebElement.execute(RemoteWebElement.java:223)
at org.openqa.selenium.remote.RemoteWebElement.click(RemoteWebElement.java:76)
at pageObjects.AssignStudentPage.isUserClicked(AssignStudentPage.java:60)
at stepdefinitions.AssignStudent.admin_clicks_from_navigation_bar(AssignStudent.java:27)
at ✽.Admin clicks "Batch" from navigation bar(file:///C:/Users/Deepthi/OneDrive/Documents/GitHub/Team3_Ninja_Hackers_Hackathon_April_2024/src/test/resources/features/07Batch.feature:29)
]]>
    </error>
  </testcase> <!-- runScenario -->
  <system-out/>
  <testcase classname="runner.TestRunner" name="runScenario" time="0.127">
    <error message="Element &lt;i class=&quot;p-sortable-column-icon pi pi-fw pi-sort-alt&quot;&gt; is not clickable at point (740,219) because another element &lt;div class=&quot;p-dialog-header ng-tns-c132-3 ng-star-inserted&quot;&gt; obscures it
Build info: version: &#039;4.19.1&#039;, revision: &#039;abe0ee07dc&#039;
System info: os.name: &#039;Windows 11&#039;, os.arch: &#039;amd64&#039;, os.version: &#039;10.0&#039;, java.version: &#039;21.0.1&#039;
Driver info: org.openqa.selenium.firefox.FirefoxDriver
Command: [3271a220-705c-4c6e-9a6e-29b44d612cb1, clickElement {id=a53b3281-66a1-4cce-a82b-92ef5121b8ff}]
Capabilities {acceptInsecureCerts: true, browserName: firefox, browserVersion: 125.0.2, moz:accessibilityChecks: false, moz:buildID: 20240419144423, moz:debuggerAddress: 127.0.0.1:29009, moz:geckodriverVersion: 0.34.0, moz:headless: false, moz:platformVersion: 10.0, moz:processID: 33984, moz:profile: C:\Users\Deepthi\AppData\Lo..., moz:shutdownTimeout: 60000, moz:webdriverClick: true, moz:windowless: false, pageLoadStrategy: normal, platformName: windows, proxy: Proxy(), se:cdp: ws://127.0.0.1:29009/devtoo..., se:cdpVersion: 85.0, setWindowRect: true, strictFileInteractability: false, timeouts: {implicit: 0, pageLoad: 300000, script: 30000}, unhandledPromptBehavior: dismiss and notify, userAgent: Mozilla/5.0 (Windows NT 10....}
Element: [[FirefoxDriver: firefox on windows (3271a220-705c-4c6e-9a6e-29b44d612cb1)] -&gt; xpath: //p-sorticon[@field=&#039;description&#039;]/i]
Session ID: 3271a220-705c-4c6e-9a6e-29b44d612cb1" type="org.openqa.selenium.ElementClickInterceptedException">
      <![CDATA[org.openqa.selenium.ElementClickInterceptedException: Element <i class="p-sortable-column-icon pi pi-fw pi-sort-alt"> is not clickable at point (740,219) because another element <div class="p-dialog-header ng-tns-c132-3 ng-star-inserted"> obscures it
Build info: version: '4.19.1', revision: 'abe0ee07dc'
System info: os.name: 'Windows 11', os.arch: 'amd64', os.version: '10.0', java.version: '21.0.1'
Driver info: org.openqa.selenium.firefox.FirefoxDriver
Command: [3271a220-705c-4c6e-9a6e-29b44d612cb1, clickElement {id=a53b3281-66a1-4cce-a82b-92ef5121b8ff}]
Capabilities {acceptInsecureCerts: true, browserName: firefox, browserVersion: 125.0.2, moz:accessibilityChecks: false, moz:buildID: 20240419144423, moz:debuggerAddress: 127.0.0.1:29009, moz:geckodriverVersion: 0.34.0, moz:headless: false, moz:platformVersion: 10.0, moz:processID: 33984, moz:profile: C:\Users\Deepthi\AppData\Lo..., moz:shutdownTimeout: 60000, moz:webdriverClick: true, moz:windowless: false, pageLoadStrategy: normal, platformName: windows, proxy: Proxy(), se:cdp: ws://127.0.0.1:29009/devtoo..., se:cdpVersion: 85.0, setWindowRect: true, strictFileInteractability: false, timeouts: {implicit: 0, pageLoad: 300000, script: 30000}, unhandledPromptBehavior: dismiss and notify, userAgent: Mozilla/5.0 (Windows NT 10....}
Element: [[FirefoxDriver: firefox on windows (3271a220-705c-4c6e-9a6e-29b44d612cb1)] -> xpath: //p-sorticon[@field='description']/i]
Session ID: 3271a220-705c-4c6e-9a6e-29b44d612cb1
at java.base/jdk.internal.reflect.DirectConstructorHandleAccessor.newInstance(DirectConstructorHandleAccessor.java:62)
at java.base/java.lang.reflect.Constructor.newInstanceWithCaller(Constructor.java:502)
at java.base/java.lang.reflect.Constructor.newInstance(Constructor.java:486)
at org.openqa.selenium.remote.ErrorCodec.decode(ErrorCodec.java:167)
at org.openqa.selenium.remote.codec.w3c.W3CHttpResponseCodec.decode(W3CHttpResponseCodec.java:138)
at org.openqa.selenium.remote.codec.w3c.W3CHttpResponseCodec.decode(W3CHttpResponseCodec.java:50)
at org.openqa.selenium.remote.HttpCommandExecutor.execute(HttpCommandExecutor.java:190)
at org.openqa.selenium.remote.service.DriverCommandExecutor.invokeExecute(DriverCommandExecutor.java:216)
at org.openqa.selenium.remote.service.DriverCommandExecutor.execute(DriverCommandExecutor.java:174)
at org.openqa.selenium.remote.RemoteWebDriver.execute(RemoteWebDriver.java:518)
at org.openqa.selenium.remote.RemoteWebElement.execute(RemoteWebElement.java:223)
at org.openqa.selenium.remote.RemoteWebElement.click(RemoteWebElement.java:76)
at pageObjects.ManageProgramPageSorting.clickProgramDescSortIcon(ManageProgramPageSorting.java:92)
at stepdefinitions.ManageProgramPageSortingDefinitions.admin_clicks_the_sort_icon_of_program_desc_column(ManageProgramPageSortingDefinitions.java:99)
at ✽.Admin clicks the sort icon of program Desc column(file:///C:/Users/Deepthi/OneDrive/Documents/GitHub/Team3_Ninja_Hackers_Hackathon_April_2024/src/test/resources/features/05ManageProgramPageSorting.feature:33)
]]>
    </error>
  </testcase> <!-- runScenario -->
  <system-out/>
  <testcase classname="runner.TestRunner" name="runScenario" time="0.125">
    <error message="Element &lt;button id=&quot;user&quot; class=&quot;mat-focus-indicator mat-button mat-button-base&quot;&gt; is not clickable at point (1413,32) because another element &lt;div class=&quot;p-toast-message-content ng-tns-c90-9&quot;&gt; obscures it
Build info: version: &#039;4.19.1&#039;, revision: &#039;abe0ee07dc&#039;
System info: os.name: &#039;Windows 11&#039;, os.arch: &#039;amd64&#039;, os.version: &#039;10.0&#039;, java.version: &#039;21.0.1&#039;
Driver info: org.openqa.selenium.firefox.FirefoxDriver
Command: [3271a220-705c-4c6e-9a6e-29b44d612cb1, clickElement {id=b8428683-52c3-4593-82ba-45f351b1d4c1}]
Capabilities {acceptInsecureCerts: true, browserName: firefox, browserVersion: 125.0.2, moz:accessibilityChecks: false, moz:buildID: 20240419144423, moz:debuggerAddress: 127.0.0.1:29009, moz:geckodriverVersion: 0.34.0, moz:headless: false, moz:platformVersion: 10.0, moz:processID: 33984, moz:profile: C:\Users\Deepthi\AppData\Lo..., moz:shutdownTimeout: 60000, moz:webdriverClick: true, moz:windowless: false, pageLoadStrategy: normal, platformName: windows, proxy: Proxy(), se:cdp: ws://127.0.0.1:29009/devtoo..., se:cdpVersion: 85.0, setWindowRect: true, strictFileInteractability: false, timeouts: {implicit: 0, pageLoad: 300000, script: 30000}, unhandledPromptBehavior: dismiss and notify, userAgent: Mozilla/5.0 (Windows NT 10....}
Element: [[FirefoxDriver: firefox on windows (3271a220-705c-4c6e-9a6e-29b44d612cb1)] -&gt; xpath: //button[@id=&#039;user&#039;]]
Session ID: 3271a220-705c-4c6e-9a6e-29b44d612cb1" type="org.openqa.selenium.ElementClickInterceptedException">
      <![CDATA[org.openqa.selenium.ElementClickInterceptedException: Element <button id="user" class="mat-focus-indicator mat-button mat-button-base"> is not clickable at point (1413,32) because another element <div class="p-toast-message-content ng-tns-c90-9"> obscures it
Build info: version: '4.19.1', revision: 'abe0ee07dc'
System info: os.name: 'Windows 11', os.arch: 'amd64', os.version: '10.0', java.version: '21.0.1'
Driver info: org.openqa.selenium.firefox.FirefoxDriver
Command: [3271a220-705c-4c6e-9a6e-29b44d612cb1, clickElement {id=b8428683-52c3-4593-82ba-45f351b1d4c1}]
Capabilities {acceptInsecureCerts: true, browserName: firefox, browserVersion: 125.0.2, moz:accessibilityChecks: false, moz:buildID: 20240419144423, moz:debuggerAddress: 127.0.0.1:29009, moz:geckodriverVersion: 0.34.0, moz:headless: false, moz:platformVersion: 10.0, moz:processID: 33984, moz:profile: C:\Users\Deepthi\AppData\Lo..., moz:shutdownTimeout: 60000, moz:webdriverClick: true, moz:windowless: false, pageLoadStrategy: normal, platformName: windows, proxy: Proxy(), se:cdp: ws://127.0.0.1:29009/devtoo..., se:cdpVersion: 85.0, setWindowRect: true, strictFileInteractability: false, timeouts: {implicit: 0, pageLoad: 300000, script: 30000}, unhandledPromptBehavior: dismiss and notify, userAgent: Mozilla/5.0 (Windows NT 10....}
Element: [[FirefoxDriver: firefox on windows (3271a220-705c-4c6e-9a6e-29b44d612cb1)] -> xpath: //button[@id='user']]
Session ID: 3271a220-705c-4c6e-9a6e-29b44d612cb1
at java.base/jdk.internal.reflect.DirectConstructorHandleAccessor.newInstance(DirectConstructorHandleAccessor.java:62)
at java.base/java.lang.reflect.Constructor.newInstanceWithCaller(Constructor.java:502)
at java.base/java.lang.reflect.Constructor.newInstance(Constructor.java:486)
at org.openqa.selenium.remote.ErrorCodec.decode(ErrorCodec.java:167)
at org.openqa.selenium.remote.codec.w3c.W3CHttpResponseCodec.decode(W3CHttpResponseCodec.java:138)
at org.openqa.selenium.remote.codec.w3c.W3CHttpResponseCodec.decode(W3CHttpResponseCodec.java:50)
at org.openqa.selenium.remote.HttpCommandExecutor.execute(HttpCommandExecutor.java:190)
at org.openqa.selenium.remote.service.DriverCommandExecutor.invokeExecute(DriverCommandExecutor.java:216)
at org.openqa.selenium.remote.service.DriverCommandExecutor.execute(DriverCommandExecutor.java:174)
at org.openqa.selenium.remote.RemoteWebDriver.execute(RemoteWebDriver.java:518)
at org.openqa.selenium.remote.RemoteWebElement.execute(RemoteWebElement.java:223)
at org.openqa.selenium.remote.RemoteWebElement.click(RemoteWebElement.java:76)
at pageObjects.AssignStudentPage.isUserClicked(AssignStudentPage.java:60)
at stepdefinitions.AssignStudent.admin_clicks_from_navigation_bar(AssignStudent.java:27)
at ✽.Admin clicks "User" from navigation bar(file:///C:/Users/Deepthi/OneDrive/Documents/GitHub/Team3_Ninja_Hackers_Hackathon_April_2024/src/test/resources/features/09User.feature:23)
]]>
    </error>
  </testcase> <!-- runScenario -->
  <system-out/>
  <testcase classname="runner.TestRunner" name="runScenario" time="0.800"/>
  <system-out/>
  <testcase classname="runner.TestRunner" name="runScenario" time="0.644"/>
  <system-out/>
  <testcase classname="runner.TestRunner" name="runScenario" time="0.126">
    <error message="Element &lt;button id=&quot;user&quot; class=&quot;mat-focus-indicator mat-button mat-button-base&quot;&gt; is not clickable at point (1413,32) because another element &lt;div class=&quot;p-toast-message-content ng-tns-c90-9&quot;&gt; obscures it
Build info: version: &#039;4.19.1&#039;, revision: &#039;abe0ee07dc&#039;
System info: os.name: &#039;Windows 11&#039;, os.arch: &#039;amd64&#039;, os.version: &#039;10.0&#039;, java.version: &#039;21.0.1&#039;
Driver info: org.openqa.selenium.firefox.FirefoxDriver
Command: [3271a220-705c-4c6e-9a6e-29b44d612cb1, clickElement {id=b8428683-52c3-4593-82ba-45f351b1d4c1}]
Capabilities {acceptInsecureCerts: true, browserName: firefox, browserVersion: 125.0.2, moz:accessibilityChecks: false, moz:buildID: 20240419144423, moz:debuggerAddress: 127.0.0.1:29009, moz:geckodriverVersion: 0.34.0, moz:headless: false, moz:platformVersion: 10.0, moz:processID: 33984, moz:profile: C:\Users\Deepthi\AppData\Lo..., moz:shutdownTimeout: 60000, moz:webdriverClick: true, moz:windowless: false, pageLoadStrategy: normal, platformName: windows, proxy: Proxy(), se:cdp: ws://127.0.0.1:29009/devtoo..., se:cdpVersion: 85.0, setWindowRect: true, strictFileInteractability: false, timeouts: {implicit: 0, pageLoad: 300000, script: 30000}, unhandledPromptBehavior: dismiss and notify, userAgent: Mozilla/5.0 (Windows NT 10....}
Element: [[FirefoxDriver: firefox on windows (3271a220-705c-4c6e-9a6e-29b44d612cb1)] -&gt; xpath: //button[@id=&#039;user&#039;]]
Session ID: 3271a220-705c-4c6e-9a6e-29b44d612cb1" type="org.openqa.selenium.ElementClickInterceptedException">
      <![CDATA[org.openqa.selenium.ElementClickInterceptedException: Element <button id="user" class="mat-focus-indicator mat-button mat-button-base"> is not clickable at point (1413,32) because another element <div class="p-toast-message-content ng-tns-c90-9"> obscures it
Build info: version: '4.19.1', revision: 'abe0ee07dc'
System info: os.name: 'Windows 11', os.arch: 'amd64', os.version: '10.0', java.version: '21.0.1'
Driver info: org.openqa.selenium.firefox.FirefoxDriver
Command: [3271a220-705c-4c6e-9a6e-29b44d612cb1, clickElement {id=b8428683-52c3-4593-82ba-45f351b1d4c1}]
Capabilities {acceptInsecureCerts: true, browserName: firefox, browserVersion: 125.0.2, moz:accessibilityChecks: false, moz:buildID: 20240419144423, moz:debuggerAddress: 127.0.0.1:29009, moz:geckodriverVersion: 0.34.0, moz:headless: false, moz:platformVersion: 10.0, moz:processID: 33984, moz:profile: C:\Users\Deepthi\AppData\Lo..., moz:shutdownTimeout: 60000, moz:webdriverClick: true, moz:windowless: false, pageLoadStrategy: normal, platformName: windows, proxy: Proxy(), se:cdp: ws://127.0.0.1:29009/devtoo..., se:cdpVersion: 85.0, setWindowRect: true, strictFileInteractability: false, timeouts: {implicit: 0, pageLoad: 300000, script: 30000}, unhandledPromptBehavior: dismiss and notify, userAgent: Mozilla/5.0 (Windows NT 10....}
Element: [[FirefoxDriver: firefox on windows (3271a220-705c-4c6e-9a6e-29b44d612cb1)] -> xpath: //button[@id='user']]
Session ID: 3271a220-705c-4c6e-9a6e-29b44d612cb1
at java.base/jdk.internal.reflect.DirectConstructorHandleAccessor.newInstance(DirectConstructorHandleAccessor.java:62)
at java.base/java.lang.reflect.Constructor.newInstanceWithCaller(Constructor.java:502)
at java.base/java.lang.reflect.Constructor.newInstance(Constructor.java:486)
at org.openqa.selenium.remote.ErrorCodec.decode(ErrorCodec.java:167)
at org.openqa.selenium.remote.codec.w3c.W3CHttpResponseCodec.decode(W3CHttpResponseCodec.java:138)
at org.openqa.selenium.remote.codec.w3c.W3CHttpResponseCodec.decode(W3CHttpResponseCodec.java:50)
at org.openqa.selenium.remote.HttpCommandExecutor.execute(HttpCommandExecutor.java:190)
at org.openqa.selenium.remote.service.DriverCommandExecutor.invokeExecute(DriverCommandExecutor.java:216)
at org.openqa.selenium.remote.service.DriverCommandExecutor.execute(DriverCommandExecutor.java:174)
at org.openqa.selenium.remote.RemoteWebDriver.execute(RemoteWebDriver.java:518)
at org.openqa.selenium.remote.RemoteWebElement.execute(RemoteWebElement.java:223)
at org.openqa.selenium.remote.RemoteWebElement.click(RemoteWebElement.java:76)
at pageObjects.AssignStudentPage.isUserClicked(AssignStudentPage.java:60)
at stepdefinitions.AssignStudent.admin_clicks_from_navigation_bar(AssignStudent.java:27)
at ✽.Admin clicks "User" from navigation bar(file:///C:/Users/Deepthi/OneDrive/Documents/GitHub/Team3_Ninja_Hackers_Hackathon_April_2024/src/test/resources/features/09User.feature:60)
]]>
    </error>
  </testcase> <!-- runScenario -->
  <system-out/>
  <testcase classname="runner.TestRunner" name="runScenario" time="7.571"/>
  <system-out/>
  <testcase classname="runner.TestRunner" name="runScenario" time="0.008">
    <error message="Test name must not be null or empty" type="java.lang.IllegalArgumentException">
      <![CDATA[java.lang.IllegalArgumentException: Test name must not be null or empty
at com.aventstack.extentreports.util.Assert.notEmpty(Assert.java:12)
at com.aventstack.extentreports.ExtentTest.<init>(ExtentTest.java:96)
at com.aventstack.extentreports.ExtentTest.createNode(ExtentTest.java:153)
at com.aventstack.extentreports.cucumber.adapter.ExtentCucumberAdapter.createTestCase(ExtentCucumberAdapter.java:424)
at com.aventstack.extentreports.cucumber.adapter.ExtentCucumberAdapter.handleTestCaseStarted(ExtentCucumberAdapter.java:163)
at com.aventstack.extentreports.cucumber.adapter.ExtentCucumberAdapter.access$100(ExtentCucumberAdapter.java:63)
at com.aventstack.extentreports.cucumber.adapter.ExtentCucumberAdapter$3.receive(ExtentCucumberAdapter.java:107)
at com.aventstack.extentreports.cucumber.adapter.ExtentCucumberAdapter$3.receive(ExtentCucumberAdapter.java:104)
at io.cucumber.core.eventbus.AbstractEventPublisher.send(AbstractEventPublisher.java:51)
at io.cucumber.core.eventbus.AbstractEventBus.send(AbstractEventBus.java:12)
at io.cucumber.core.runtime.SynchronizedEventBus.send(SynchronizedEventBus.java:47)
at io.cucumber.core.runtime.ThreadLocalRunnerSupplier$LocalEventBus.send(ThreadLocalRunnerSupplier.java:62)
at io.cucumber.core.runner.TestCase.emitTestCaseStarted(TestCase.java:206)
at io.cucumber.core.runner.TestCase.run(TestCase.java:72)
at io.cucumber.core.runner.Runner.runPickle(Runner.java:75)
at io.cucumber.testng.TestNGCucumberRunner.lambda$runScenario$1(TestNGCucumberRunner.java:132)
at io.cucumber.core.runtime.CucumberExecutionContext.lambda$runTestCase$5(CucumberExecutionContext.java:137)
at io.cucumber.core.runtime.RethrowingThrowableCollector.executeAndThrow(RethrowingThrowableCollector.java:23)
at io.cucumber.core.runtime.CucumberExecutionContext.runTestCase(CucumberExecutionContext.java:137)
at io.cucumber.testng.TestNGCucumberRunner.runScenario(TestNGCucumberRunner.java:129)
at io.cucumber.testng.AbstractTestNGCucumberTests.runScenario(AbstractTestNGCucumberTests.java:35)
at java.base/jdk.internal.reflect.DirectMethodHandleAccessor.invoke(DirectMethodHandleAccessor.java:103)
at java.base/java.lang.reflect.Method.invoke(Method.java:580)
at org.testng.internal.MethodInvocationHelper.invokeMethod(MethodInvocationHelper.java:133)
at org.testng.internal.TestInvoker.invokeMethod(TestInvoker.java:598)
at org.testng.internal.TestInvoker.invokeTestMethod(TestInvoker.java:173)
at org.testng.internal.MethodRunner.runInSequence(MethodRunner.java:46)
at org.testng.internal.TestInvoker$MethodInvocationAgent.invoke(TestInvoker.java:824)
at org.testng.internal.TestInvoker.invokeTestMethods(TestInvoker.java:146)
at org.testng.internal.TestMethodWorker.invokeTestMethods(TestMethodWorker.java:146)
at org.testng.internal.TestMethodWorker.run(TestMethodWorker.java:128)
at java.base/java.util.ArrayList.forEach(ArrayList.java:1596)
at org.testng.TestRunner.privateRun(TestRunner.java:794)
at org.testng.TestRunner.run(TestRunner.java:596)
at org.testng.SuiteRunner.runTest(SuiteRunner.java:377)
at org.testng.SuiteRunner.runSequentially(SuiteRunner.java:371)
at org.testng.SuiteRunner.privateRun(SuiteRunner.java:332)
at org.testng.SuiteRunner.run(SuiteRunner.java:276)
at org.testng.SuiteRunnerWorker.runSuite(SuiteRunnerWorker.java:53)
at org.testng.SuiteRunnerWorker.run(SuiteRunnerWorker.java:96)
at org.testng.TestNG.runSuitesSequentially(TestNG.java:1212)
at org.testng.TestNG.runSuitesLocally(TestNG.java:1134)
at org.testng.TestNG.runSuites(TestNG.java:1063)
at org.testng.TestNG.run(TestNG.java:1031)
at org.testng.remote.AbstractRemoteTestNG.run(AbstractRemoteTestNG.java:115)
at org.testng.remote.RemoteTestNG.initAndRun(RemoteTestNG.java:251)
at org.testng.remote.RemoteTestNG.main(RemoteTestNG.java:77)
]]>
    </error>
  </testcase> <!-- runScenario -->
  <system-out/>
  <testcase classname="runner.TestRunner" name="runScenario" time="0.883"/>
  <system-out/>
  <testcase classname="runner.TestRunner" name="runScenario" time="2.404">
    <failure message="expected [Manage user] but found [Manage User]" type="java.lang.AssertionError">
      <![CDATA[java.lang.AssertionError: expected [Manage user] but found [Manage User]
at org.testng.Assert.fail(Assert.java:99)
at org.testng.Assert.failNotEquals(Assert.java:1037)
at org.testng.Assert.assertEqualsImpl(Assert.java:140)
at org.testng.Assert.assertEquals(Assert.java:122)
at org.testng.Assert.assertEquals(Assert.java:629)
at org.testng.Assert.assertEquals(Assert.java:639)
at stepdefinitions.Programlms_SD.admin_should_see_a_heading_with_text_on_the_page(Programlms_SD.java:41)
at ✽.Admin should see a heading with text "Manage user" on the page(file:///C:/Users/Deepthi/OneDrive/Documents/GitHub/Team3_Ninja_Hackers_Hackathon_April_2024/src/test/resources/features/10User1.feature:6)
]]>
    </failure>
  </testcase> <!-- runScenario -->
  <system-out/>
  <testcase classname="runner.TestRunner" name="runScenario" time="9.264"/>
  <system-out/>
  <testcase classname="runner.TestRunner" name="runScenario" time="3.964"/>
  <system-out/>
  <testcase classname="runner.TestRunner" name="runScenario" time="0.094">
    <error message="Element &lt;button id=&quot;user&quot; class=&quot;mat-focus-indicator mat-button mat-button-base&quot;&gt; is not clickable at point (1413,32) because another element &lt;div class=&quot;p-toast-message-content ng-tns-c90-9&quot;&gt; obscures it
Build info: version: &#039;4.19.1&#039;, revision: &#039;abe0ee07dc&#039;
System info: os.name: &#039;Windows 11&#039;, os.arch: &#039;amd64&#039;, os.version: &#039;10.0&#039;, java.version: &#039;21.0.1&#039;
Driver info: org.openqa.selenium.firefox.FirefoxDriver
Command: [3271a220-705c-4c6e-9a6e-29b44d612cb1, clickElement {id=b8428683-52c3-4593-82ba-45f351b1d4c1}]
Capabilities {acceptInsecureCerts: true, browserName: firefox, browserVersion: 125.0.2, moz:accessibilityChecks: false, moz:buildID: 20240419144423, moz:debuggerAddress: 127.0.0.1:29009, moz:geckodriverVersion: 0.34.0, moz:headless: false, moz:platformVersion: 10.0, moz:processID: 33984, moz:profile: C:\Users\Deepthi\AppData\Lo..., moz:shutdownTimeout: 60000, moz:webdriverClick: true, moz:windowless: false, pageLoadStrategy: normal, platformName: windows, proxy: Proxy(), se:cdp: ws://127.0.0.1:29009/devtoo..., se:cdpVersion: 85.0, setWindowRect: true, strictFileInteractability: false, timeouts: {implicit: 0, pageLoad: 300000, script: 30000}, unhandledPromptBehavior: dismiss and notify, userAgent: Mozilla/5.0 (Windows NT 10....}
Element: [[FirefoxDriver: firefox on windows (3271a220-705c-4c6e-9a6e-29b44d612cb1)] -&gt; xpath: //button[@id=&#039;user&#039;]]
Session ID: 3271a220-705c-4c6e-9a6e-29b44d612cb1" type="org.openqa.selenium.ElementClickInterceptedException">
      <![CDATA[org.openqa.selenium.ElementClickInterceptedException: Element <button id="user" class="mat-focus-indicator mat-button mat-button-base"> is not clickable at point (1413,32) because another element <div class="p-toast-message-content ng-tns-c90-9"> obscures it
Build info: version: '4.19.1', revision: 'abe0ee07dc'
System info: os.name: 'Windows 11', os.arch: 'amd64', os.version: '10.0', java.version: '21.0.1'
Driver info: org.openqa.selenium.firefox.FirefoxDriver
Command: [3271a220-705c-4c6e-9a6e-29b44d612cb1, clickElement {id=b8428683-52c3-4593-82ba-45f351b1d4c1}]
Capabilities {acceptInsecureCerts: true, browserName: firefox, browserVersion: 125.0.2, moz:accessibilityChecks: false, moz:buildID: 20240419144423, moz:debuggerAddress: 127.0.0.1:29009, moz:geckodriverVersion: 0.34.0, moz:headless: false, moz:platformVersion: 10.0, moz:processID: 33984, moz:profile: C:\Users\Deepthi\AppData\Lo..., moz:shutdownTimeout: 60000, moz:webdriverClick: true, moz:windowless: false, pageLoadStrategy: normal, platformName: windows, proxy: Proxy(), se:cdp: ws://127.0.0.1:29009/devtoo..., se:cdpVersion: 85.0, setWindowRect: true, strictFileInteractability: false, timeouts: {implicit: 0, pageLoad: 300000, script: 30000}, unhandledPromptBehavior: dismiss and notify, userAgent: Mozilla/5.0 (Windows NT 10....}
Element: [[FirefoxDriver: firefox on windows (3271a220-705c-4c6e-9a6e-29b44d612cb1)] -> xpath: //button[@id='user']]
Session ID: 3271a220-705c-4c6e-9a6e-29b44d612cb1
at java.base/jdk.internal.reflect.DirectConstructorHandleAccessor.newInstance(DirectConstructorHandleAccessor.java:62)
at java.base/java.lang.reflect.Constructor.newInstanceWithCaller(Constructor.java:502)
at java.base/java.lang.reflect.Constructor.newInstance(Constructor.java:486)
at org.openqa.selenium.remote.ErrorCodec.decode(ErrorCodec.java:167)
at org.openqa.selenium.remote.codec.w3c.W3CHttpResponseCodec.decode(W3CHttpResponseCodec.java:138)
at org.openqa.selenium.remote.codec.w3c.W3CHttpResponseCodec.decode(W3CHttpResponseCodec.java:50)
at org.openqa.selenium.remote.HttpCommandExecutor.execute(HttpCommandExecutor.java:190)
at org.openqa.selenium.remote.service.DriverCommandExecutor.invokeExecute(DriverCommandExecutor.java:216)
at org.openqa.selenium.remote.service.DriverCommandExecutor.execute(DriverCommandExecutor.java:174)
at org.openqa.selenium.remote.RemoteWebDriver.execute(RemoteWebDriver.java:518)
at org.openqa.selenium.remote.RemoteWebElement.execute(RemoteWebElement.java:223)
at org.openqa.selenium.remote.RemoteWebElement.click(RemoteWebElement.java:76)
at pageObjects.AssignStudentPage.isUserClicked(AssignStudentPage.java:60)
at stepdefinitions.AssignStudent.admin_clicks_from_navigation_bar(AssignStudent.java:27)
at ✽.Admin clicks "User" from navigation bar(file:///C:/Users/Deepthi/OneDrive/Documents/GitHub/Team3_Ninja_Hackers_Hackathon_April_2024/src/test/resources/features/09User.feature:23)
]]>
    </error>
  </testcase> <!-- runScenario -->
  <system-out/>
  <testcase classname="runner.TestRunner" name="runScenario" time="2.236">
    <error message="Element &lt;button id=&quot;new&quot; class=&quot;p-button-rounded p-button-success p-button p-component&quot;&gt; is not clickable at point (1100,166) because another element &lt;div class=&quot;ng-tns-c132-3 p-dialog-mask p-component-overlay p-dialog-mask-scrollblocker ng-star-inserted&quot;&gt; obscures it
Build info: version: &#039;4.19.1&#039;, revision: &#039;abe0ee07dc&#039;
System info: os.name: &#039;Windows 11&#039;, os.arch: &#039;amd64&#039;, os.version: &#039;10.0&#039;, java.version: &#039;21.0.1&#039;
Driver info: org.openqa.selenium.firefox.FirefoxDriver
Command: [3271a220-705c-4c6e-9a6e-29b44d612cb1, clickElement {id=9c166347-c665-4e60-917c-5ca0f71eaccc}]
Capabilities {acceptInsecureCerts: true, browserName: firefox, browserVersion: 125.0.2, moz:accessibilityChecks: false, moz:buildID: 20240419144423, moz:debuggerAddress: 127.0.0.1:29009, moz:geckodriverVersion: 0.34.0, moz:headless: false, moz:platformVersion: 10.0, moz:processID: 33984, moz:profile: C:\Users\Deepthi\AppData\Lo..., moz:shutdownTimeout: 60000, moz:webdriverClick: true, moz:windowless: false, pageLoadStrategy: normal, platformName: windows, proxy: Proxy(), se:cdp: ws://127.0.0.1:29009/devtoo..., se:cdpVersion: 85.0, setWindowRect: true, strictFileInteractability: false, timeouts: {implicit: 0, pageLoad: 300000, script: 30000}, unhandledPromptBehavior: dismiss and notify, userAgent: Mozilla/5.0 (Windows NT 10....}
Element: [[FirefoxDriver: firefox on windows (3271a220-705c-4c6e-9a6e-29b44d612cb1)] -&gt; xpath: .//button[@label=&#039;A New Program&#039;]]
Session ID: 3271a220-705c-4c6e-9a6e-29b44d612cb1" type="org.openqa.selenium.ElementClickInterceptedException">
      <![CDATA[org.openqa.selenium.ElementClickInterceptedException: Element <button id="new" class="p-button-rounded p-button-success p-button p-component"> is not clickable at point (1100,166) because another element <div class="ng-tns-c132-3 p-dialog-mask p-component-overlay p-dialog-mask-scrollblocker ng-star-inserted"> obscures it
Build info: version: '4.19.1', revision: 'abe0ee07dc'
System info: os.name: 'Windows 11', os.arch: 'amd64', os.version: '10.0', java.version: '21.0.1'
Driver info: org.openqa.selenium.firefox.FirefoxDriver
Command: [3271a220-705c-4c6e-9a6e-29b44d612cb1, clickElement {id=9c166347-c665-4e60-917c-5ca0f71eaccc}]
Capabilities {acceptInsecureCerts: true, browserName: firefox, browserVersion: 125.0.2, moz:accessibilityChecks: false, moz:buildID: 20240419144423, moz:debuggerAddress: 127.0.0.1:29009, moz:geckodriverVersion: 0.34.0, moz:headless: false, moz:platformVersion: 10.0, moz:processID: 33984, moz:profile: C:\Users\Deepthi\AppData\Lo..., moz:shutdownTimeout: 60000, moz:webdriverClick: true, moz:windowless: false, pageLoadStrategy: normal, platformName: windows, proxy: Proxy(), se:cdp: ws://127.0.0.1:29009/devtoo..., se:cdpVersion: 85.0, setWindowRect: true, strictFileInteractability: false, timeouts: {implicit: 0, pageLoad: 300000, script: 30000}, unhandledPromptBehavior: dismiss and notify, userAgent: Mozilla/5.0 (Windows NT 10....}
Element: [[FirefoxDriver: firefox on windows (3271a220-705c-4c6e-9a6e-29b44d612cb1)] -> xpath: .//button[@label='A New Program']]
Session ID: 3271a220-705c-4c6e-9a6e-29b44d612cb1
at java.base/jdk.internal.reflect.DirectConstructorHandleAccessor.newInstance(DirectConstructorHandleAccessor.java:62)
at java.base/java.lang.reflect.Constructor.newInstanceWithCaller(Constructor.java:502)
at java.base/java.lang.reflect.Constructor.newInstance(Constructor.java:486)
at org.openqa.selenium.remote.ErrorCodec.decode(ErrorCodec.java:167)
at org.openqa.selenium.remote.codec.w3c.W3CHttpResponseCodec.decode(W3CHttpResponseCodec.java:138)
at org.openqa.selenium.remote.codec.w3c.W3CHttpResponseCodec.decode(W3CHttpResponseCodec.java:50)
at org.openqa.selenium.remote.HttpCommandExecutor.execute(HttpCommandExecutor.java:190)
at org.openqa.selenium.remote.service.DriverCommandExecutor.invokeExecute(DriverCommandExecutor.java:216)
at org.openqa.selenium.remote.service.DriverCommandExecutor.execute(DriverCommandExecutor.java:174)
at org.openqa.selenium.remote.RemoteWebDriver.execute(RemoteWebDriver.java:518)
at org.openqa.selenium.remote.RemoteWebElement.execute(RemoteWebElement.java:223)
at org.openqa.selenium.remote.RemoteWebElement.click(RemoteWebElement.java:76)
at pageObjects.AssignStudentPage.clickButton(AssignStudentPage.java:143)
at stepdefinitions.AssignStudent.admin_clicks_button(AssignStudent.java:40)
at ✽.Admin clicks "A New Program" button(file:///C:/Users/Deepthi/OneDrive/Documents/GitHub/Team3_Ninja_Hackers_Hackathon_April_2024/src/test/resources/features/04AddProgram.feature:5)
]]>
    </error>
  </testcase> <!-- runScenario -->
  <system-out/>
  <testcase classname="runner.TestRunner" name="runScenario" time="0.211">
    <error message="Element &lt;button class=&quot;p-paginator-page p-paginator-element p-link p-ripple ng-star-inserted&quot; type=&quot;button&quot;&gt; is not clickable at point (1041,626) because another element &lt;div class=&quot;ng-tns-c132-3 p-dialog-mask p-component-overlay p-dialog-mask-scrollblocker ng-star-inserted&quot;&gt; obscures it
Build info: version: &#039;4.19.1&#039;, revision: &#039;abe0ee07dc&#039;
System info: os.name: &#039;Windows 11&#039;, os.arch: &#039;amd64&#039;, os.version: &#039;10.0&#039;, java.version: &#039;21.0.1&#039;
Driver info: org.openqa.selenium.firefox.FirefoxDriver
Command: [3271a220-705c-4c6e-9a6e-29b44d612cb1, clickElement {id=1b76d205-e4b5-4386-aa09-e9b91a20e5e8}]
Capabilities {acceptInsecureCerts: true, browserName: firefox, browserVersion: 125.0.2, moz:accessibilityChecks: false, moz:buildID: 20240419144423, moz:debuggerAddress: 127.0.0.1:29009, moz:geckodriverVersion: 0.34.0, moz:headless: false, moz:platformVersion: 10.0, moz:processID: 33984, moz:profile: C:\Users\Deepthi\AppData\Lo..., moz:shutdownTimeout: 60000, moz:webdriverClick: true, moz:windowless: false, pageLoadStrategy: normal, platformName: windows, proxy: Proxy(), se:cdp: ws://127.0.0.1:29009/devtoo..., se:cdpVersion: 85.0, setWindowRect: true, strictFileInteractability: false, timeouts: {implicit: 0, pageLoad: 300000, script: 30000}, unhandledPromptBehavior: dismiss and notify, userAgent: Mozilla/5.0 (Windows NT 10....}
Element: [[FirefoxDriver: firefox on windows (3271a220-705c-4c6e-9a6e-29b44d612cb1)] -&gt; xpath: //span[@class=&#039;p-paginator-pages ng-star-inserted&#039;]/button[2]]
Session ID: 3271a220-705c-4c6e-9a6e-29b44d612cb1" type="org.openqa.selenium.ElementClickInterceptedException">
      <![CDATA[org.openqa.selenium.ElementClickInterceptedException: Element <button class="p-paginator-page p-paginator-element p-link p-ripple ng-star-inserted" type="button"> is not clickable at point (1041,626) because another element <div class="ng-tns-c132-3 p-dialog-mask p-component-overlay p-dialog-mask-scrollblocker ng-star-inserted"> obscures it
Build info: version: '4.19.1', revision: 'abe0ee07dc'
System info: os.name: 'Windows 11', os.arch: 'amd64', os.version: '10.0', java.version: '21.0.1'
Driver info: org.openqa.selenium.firefox.FirefoxDriver
Command: [3271a220-705c-4c6e-9a6e-29b44d612cb1, clickElement {id=1b76d205-e4b5-4386-aa09-e9b91a20e5e8}]
Capabilities {acceptInsecureCerts: true, browserName: firefox, browserVersion: 125.0.2, moz:accessibilityChecks: false, moz:buildID: 20240419144423, moz:debuggerAddress: 127.0.0.1:29009, moz:geckodriverVersion: 0.34.0, moz:headless: false, moz:platformVersion: 10.0, moz:processID: 33984, moz:profile: C:\Users\Deepthi\AppData\Lo..., moz:shutdownTimeout: 60000, moz:webdriverClick: true, moz:windowless: false, pageLoadStrategy: normal, platformName: windows, proxy: Proxy(), se:cdp: ws://127.0.0.1:29009/devtoo..., se:cdpVersion: 85.0, setWindowRect: true, strictFileInteractability: false, timeouts: {implicit: 0, pageLoad: 300000, script: 30000}, unhandledPromptBehavior: dismiss and notify, userAgent: Mozilla/5.0 (Windows NT 10....}
Element: [[FirefoxDriver: firefox on windows (3271a220-705c-4c6e-9a6e-29b44d612cb1)] -> xpath: //span[@class='p-paginator-pages ng-star-inserted']/button[2]]
Session ID: 3271a220-705c-4c6e-9a6e-29b44d612cb1
at java.base/jdk.internal.reflect.DirectConstructorHandleAccessor.newInstance(DirectConstructorHandleAccessor.java:62)
at java.base/java.lang.reflect.Constructor.newInstanceWithCaller(Constructor.java:502)
at java.base/java.lang.reflect.Constructor.newInstance(Constructor.java:486)
at org.openqa.selenium.remote.ErrorCodec.decode(ErrorCodec.java:167)
at org.openqa.selenium.remote.codec.w3c.W3CHttpResponseCodec.decode(W3CHttpResponseCodec.java:138)
at org.openqa.selenium.remote.codec.w3c.W3CHttpResponseCodec.decode(W3CHttpResponseCodec.java:50)
at org.openqa.selenium.remote.HttpCommandExecutor.execute(HttpCommandExecutor.java:190)
at org.openqa.selenium.remote.service.DriverCommandExecutor.invokeExecute(DriverCommandExecutor.java:216)
at org.openqa.selenium.remote.service.DriverCommandExecutor.execute(DriverCommandExecutor.java:174)
at org.openqa.selenium.remote.RemoteWebDriver.execute(RemoteWebDriver.java:518)
at org.openqa.selenium.remote.RemoteWebElement.execute(RemoteWebElement.java:223)
at org.openqa.selenium.remote.RemoteWebElement.click(RemoteWebElement.java:76)
at pageObjects.ManageProgramPageValidation.isOnSecondPageLink(ManageProgramPageValidation.java:123)
at stepdefinitions.ManageProgramValidationDefinition.admin_is_on_previous_program_page(ManageProgramValidationDefinition.java:103)
at ✽.Admin is on Previous Program page(file:///C:/Users/Deepthi/OneDrive/Documents/GitHub/Team3_Ninja_Hackers_Hackathon_April_2024/src/test/resources/features/06ManageProgramPageValidation.feature:47)
]]>
    </error>
  </testcase> <!-- runScenario -->
  <system-out/>
  <testcase classname="runner.TestRunner" name="runScenario" time="2.150">
    <error message="Element &lt;button id=&quot;new&quot; class=&quot;p-button-rounded p-button-success p-button p-component&quot;&gt; is not clickable at point (1100,166) because another element &lt;div class=&quot;ng-tns-c132-3 p-dialog-mask p-component-overlay p-dialog-mask-scrollblocker ng-star-inserted&quot;&gt; obscures it
Build info: version: &#039;4.19.1&#039;, revision: &#039;abe0ee07dc&#039;
System info: os.name: &#039;Windows 11&#039;, os.arch: &#039;amd64&#039;, os.version: &#039;10.0&#039;, java.version: &#039;21.0.1&#039;
Driver info: org.openqa.selenium.firefox.FirefoxDriver
Command: [3271a220-705c-4c6e-9a6e-29b44d612cb1, clickElement {id=9c166347-c665-4e60-917c-5ca0f71eaccc}]
Capabilities {acceptInsecureCerts: true, browserName: firefox, browserVersion: 125.0.2, moz:accessibilityChecks: false, moz:buildID: 20240419144423, moz:debuggerAddress: 127.0.0.1:29009, moz:geckodriverVersion: 0.34.0, moz:headless: false, moz:platformVersion: 10.0, moz:processID: 33984, moz:profile: C:\Users\Deepthi\AppData\Lo..., moz:shutdownTimeout: 60000, moz:webdriverClick: true, moz:windowless: false, pageLoadStrategy: normal, platformName: windows, proxy: Proxy(), se:cdp: ws://127.0.0.1:29009/devtoo..., se:cdpVersion: 85.0, setWindowRect: true, strictFileInteractability: false, timeouts: {implicit: 0, pageLoad: 300000, script: 30000}, unhandledPromptBehavior: dismiss and notify, userAgent: Mozilla/5.0 (Windows NT 10....}
Element: [[FirefoxDriver: firefox on windows (3271a220-705c-4c6e-9a6e-29b44d612cb1)] -&gt; xpath: .//button[@label=&#039;A New Program&#039;]]
Session ID: 3271a220-705c-4c6e-9a6e-29b44d612cb1" type="org.openqa.selenium.ElementClickInterceptedException">
      <![CDATA[org.openqa.selenium.ElementClickInterceptedException: Element <button id="new" class="p-button-rounded p-button-success p-button p-component"> is not clickable at point (1100,166) because another element <div class="ng-tns-c132-3 p-dialog-mask p-component-overlay p-dialog-mask-scrollblocker ng-star-inserted"> obscures it
Build info: version: '4.19.1', revision: 'abe0ee07dc'
System info: os.name: 'Windows 11', os.arch: 'amd64', os.version: '10.0', java.version: '21.0.1'
Driver info: org.openqa.selenium.firefox.FirefoxDriver
Command: [3271a220-705c-4c6e-9a6e-29b44d612cb1, clickElement {id=9c166347-c665-4e60-917c-5ca0f71eaccc}]
Capabilities {acceptInsecureCerts: true, browserName: firefox, browserVersion: 125.0.2, moz:accessibilityChecks: false, moz:buildID: 20240419144423, moz:debuggerAddress: 127.0.0.1:29009, moz:geckodriverVersion: 0.34.0, moz:headless: false, moz:platformVersion: 10.0, moz:processID: 33984, moz:profile: C:\Users\Deepthi\AppData\Lo..., moz:shutdownTimeout: 60000, moz:webdriverClick: true, moz:windowless: false, pageLoadStrategy: normal, platformName: windows, proxy: Proxy(), se:cdp: ws://127.0.0.1:29009/devtoo..., se:cdpVersion: 85.0, setWindowRect: true, strictFileInteractability: false, timeouts: {implicit: 0, pageLoad: 300000, script: 30000}, unhandledPromptBehavior: dismiss and notify, userAgent: Mozilla/5.0 (Windows NT 10....}
Element: [[FirefoxDriver: firefox on windows (3271a220-705c-4c6e-9a6e-29b44d612cb1)] -> xpath: .//button[@label='A New Program']]
Session ID: 3271a220-705c-4c6e-9a6e-29b44d612cb1
at java.base/jdk.internal.reflect.DirectConstructorHandleAccessor.newInstance(DirectConstructorHandleAccessor.java:62)
at java.base/java.lang.reflect.Constructor.newInstanceWithCaller(Constructor.java:502)
at java.base/java.lang.reflect.Constructor.newInstance(Constructor.java:486)
at org.openqa.selenium.remote.ErrorCodec.decode(ErrorCodec.java:167)
at org.openqa.selenium.remote.codec.w3c.W3CHttpResponseCodec.decode(W3CHttpResponseCodec.java:138)
at org.openqa.selenium.remote.codec.w3c.W3CHttpResponseCodec.decode(W3CHttpResponseCodec.java:50)
at org.openqa.selenium.remote.HttpCommandExecutor.execute(HttpCommandExecutor.java:190)
at org.openqa.selenium.remote.service.DriverCommandExecutor.invokeExecute(DriverCommandExecutor.java:216)
at org.openqa.selenium.remote.service.DriverCommandExecutor.execute(DriverCommandExecutor.java:174)
at org.openqa.selenium.remote.RemoteWebDriver.execute(RemoteWebDriver.java:518)
at org.openqa.selenium.remote.RemoteWebElement.execute(RemoteWebElement.java:223)
at org.openqa.selenium.remote.RemoteWebElement.click(RemoteWebElement.java:76)
at pageObjects.AssignStudentPage.clickButton(AssignStudentPage.java:143)
at stepdefinitions.AssignStudent.admin_clicks_button(AssignStudent.java:40)
at ✽.Admin clicks "A New Program" button(file:///C:/Users/Deepthi/OneDrive/Documents/GitHub/Team3_Ninja_Hackers_Hackathon_April_2024/src/test/resources/features/04AddProgram.feature:5)
]]>
    </error>
  </testcase> <!-- runScenario -->
  <system-out/>
  <testcase classname="runner.TestRunner" name="runScenario" time="0.296"/>
  <system-out/>
  <testcase classname="runner.TestRunner" name="runScenario" time="0.644"/>
  <system-out/>
  <testcase classname="runner.TestRunner" name="runScenario" time="2.936">
    <error message="The step &#039;Admin clicks &lt;Edit&gt;button on the data table for any row&#039; is undefined.
You can implement this step using the snippet(s) below:

@When(&quot;Admin clicks &lt;Edit&gt;button on the data table for any row&quot;)
public void admin_clicks_edit_button_on_the_data_table_for_any_row() {
    // Write code here that turns the phrase above into concrete actions
    throw new io.cucumber.java.PendingException();
}
" type="io.cucumber.testng.UndefinedStepException">
      <![CDATA[io.cucumber.testng.UndefinedStepException: The step 'Admin clicks <Edit>button on the data table for any row' is undefined.
You can implement this step using the snippet(s) below:

@When("Admin clicks <Edit>button on the data table for any row")
public void admin_clicks_edit_button_on_the_data_table_for_any_row() {
    // Write code here that turns the phrase above into concrete actions
    throw new io.cucumber.java.PendingException();
}

at io.cucumber.core.runtime.TestCaseResultObserver.assertTestCasePassed(TestCaseResultObserver.java:69)
at io.cucumber.testng.TestCaseResultObserver.assertTestCasePassed(TestCaseResultObserver.java:23)
at io.cucumber.testng.TestNGCucumberRunner.lambda$runScenario$1(TestNGCucumberRunner.java:133)
at io.cucumber.core.runtime.CucumberExecutionContext.lambda$runTestCase$5(CucumberExecutionContext.java:137)
at io.cucumber.core.runtime.RethrowingThrowableCollector.executeAndThrow(RethrowingThrowableCollector.java:23)
at io.cucumber.core.runtime.CucumberExecutionContext.runTestCase(CucumberExecutionContext.java:137)
at io.cucumber.testng.TestNGCucumberRunner.runScenario(TestNGCucumberRunner.java:129)
at io.cucumber.testng.AbstractTestNGCucumberTests.runScenario(AbstractTestNGCucumberTests.java:35)
at java.base/jdk.internal.reflect.DirectMethodHandleAccessor.invoke(DirectMethodHandleAccessor.java:103)
at java.base/java.lang.reflect.Method.invoke(Method.java:580)
at org.testng.internal.MethodInvocationHelper.invokeMethod(MethodInvocationHelper.java:133)
at org.testng.internal.TestInvoker.invokeMethod(TestInvoker.java:598)
at org.testng.internal.TestInvoker.invokeTestMethod(TestInvoker.java:173)
at org.testng.internal.MethodRunner.runInSequence(MethodRunner.java:46)
at org.testng.internal.TestInvoker$MethodInvocationAgent.invoke(TestInvoker.java:824)
at org.testng.internal.TestInvoker.invokeTestMethods(TestInvoker.java:146)
at org.testng.internal.TestMethodWorker.invokeTestMethods(TestMethodWorker.java:146)
at org.testng.internal.TestMethodWorker.run(TestMethodWorker.java:128)
at java.base/java.util.ArrayList.forEach(ArrayList.java:1596)
at org.testng.TestRunner.privateRun(TestRunner.java:794)
at org.testng.TestRunner.run(TestRunner.java:596)
at org.testng.SuiteRunner.runTest(SuiteRunner.java:377)
at org.testng.SuiteRunner.runSequentially(SuiteRunner.java:371)
at org.testng.SuiteRunner.privateRun(SuiteRunner.java:332)
at org.testng.SuiteRunner.run(SuiteRunner.java:276)
at org.testng.SuiteRunnerWorker.runSuite(SuiteRunnerWorker.java:53)
at org.testng.SuiteRunnerWorker.run(SuiteRunnerWorker.java:96)
at org.testng.TestNG.runSuitesSequentially(TestNG.java:1212)
at org.testng.TestNG.runSuitesLocally(TestNG.java:1134)
at org.testng.TestNG.runSuites(TestNG.java:1063)
at org.testng.TestNG.run(TestNG.java:1031)
at org.testng.remote.AbstractRemoteTestNG.run(AbstractRemoteTestNG.java:115)
at org.testng.remote.RemoteTestNG.initAndRun(RemoteTestNG.java:251)
at org.testng.remote.RemoteTestNG.main(RemoteTestNG.java:77)
]]>
    </error>
  </testcase> <!-- runScenario -->
  <system-out/>
  <testcase classname="runner.TestRunner" name="runScenario" time="2.857"/>
  <system-out/>
  <testcase classname="runner.TestRunner" name="runScenario" time="0.159">
    <error message="Element &lt;button id=&quot;user&quot; class=&quot;mat-focus-indicator mat-button mat-button-base&quot;&gt; is not clickable at point (1413,32) because another element &lt;div class=&quot;ng-tns-c132-3 p-dialog-mask p-component-overlay p-dialog-mask-scrollblocker ng-star-inserted&quot;&gt; obscures it
Build info: version: &#039;4.19.1&#039;, revision: &#039;abe0ee07dc&#039;
System info: os.name: &#039;Windows 11&#039;, os.arch: &#039;amd64&#039;, os.version: &#039;10.0&#039;, java.version: &#039;21.0.1&#039;
Driver info: org.openqa.selenium.firefox.FirefoxDriver
Command: [3271a220-705c-4c6e-9a6e-29b44d612cb1, clickElement {id=0618a27d-05e8-401b-9a99-80227d62a23d}]
Capabilities {acceptInsecureCerts: true, browserName: firefox, browserVersion: 125.0.2, moz:accessibilityChecks: false, moz:buildID: 20240419144423, moz:debuggerAddress: 127.0.0.1:29009, moz:geckodriverVersion: 0.34.0, moz:headless: false, moz:platformVersion: 10.0, moz:processID: 33984, moz:profile: C:\Users\Deepthi\AppData\Lo..., moz:shutdownTimeout: 60000, moz:webdriverClick: true, moz:windowless: false, pageLoadStrategy: normal, platformName: windows, proxy: Proxy(), se:cdp: ws://127.0.0.1:29009/devtoo..., se:cdpVersion: 85.0, setWindowRect: true, strictFileInteractability: false, timeouts: {implicit: 0, pageLoad: 300000, script: 30000}, unhandledPromptBehavior: dismiss and notify, userAgent: Mozilla/5.0 (Windows NT 10....}
Element: [[FirefoxDriver: firefox on windows (3271a220-705c-4c6e-9a6e-29b44d612cb1)] -&gt; xpath: //button[@id=&#039;user&#039;]]
Session ID: 3271a220-705c-4c6e-9a6e-29b44d612cb1" type="org.openqa.selenium.ElementClickInterceptedException">
      <![CDATA[org.openqa.selenium.ElementClickInterceptedException: Element <button id="user" class="mat-focus-indicator mat-button mat-button-base"> is not clickable at point (1413,32) because another element <div class="ng-tns-c132-3 p-dialog-mask p-component-overlay p-dialog-mask-scrollblocker ng-star-inserted"> obscures it
Build info: version: '4.19.1', revision: 'abe0ee07dc'
System info: os.name: 'Windows 11', os.arch: 'amd64', os.version: '10.0', java.version: '21.0.1'
Driver info: org.openqa.selenium.firefox.FirefoxDriver
Command: [3271a220-705c-4c6e-9a6e-29b44d612cb1, clickElement {id=0618a27d-05e8-401b-9a99-80227d62a23d}]
Capabilities {acceptInsecureCerts: true, browserName: firefox, browserVersion: 125.0.2, moz:accessibilityChecks: false, moz:buildID: 20240419144423, moz:debuggerAddress: 127.0.0.1:29009, moz:geckodriverVersion: 0.34.0, moz:headless: false, moz:platformVersion: 10.0, moz:processID: 33984, moz:profile: C:\Users\Deepthi\AppData\Lo..., moz:shutdownTimeout: 60000, moz:webdriverClick: true, moz:windowless: false, pageLoadStrategy: normal, platformName: windows, proxy: Proxy(), se:cdp: ws://127.0.0.1:29009/devtoo..., se:cdpVersion: 85.0, setWindowRect: true, strictFileInteractability: false, timeouts: {implicit: 0, pageLoad: 300000, script: 30000}, unhandledPromptBehavior: dismiss and notify, userAgent: Mozilla/5.0 (Windows NT 10....}
Element: [[FirefoxDriver: firefox on windows (3271a220-705c-4c6e-9a6e-29b44d612cb1)] -> xpath: //button[@id='user']]
Session ID: 3271a220-705c-4c6e-9a6e-29b44d612cb1
at java.base/jdk.internal.reflect.DirectConstructorHandleAccessor.newInstance(DirectConstructorHandleAccessor.java:62)
at java.base/java.lang.reflect.Constructor.newInstanceWithCaller(Constructor.java:502)
at java.base/java.lang.reflect.Constructor.newInstance(Constructor.java:486)
at org.openqa.selenium.remote.ErrorCodec.decode(ErrorCodec.java:167)
at org.openqa.selenium.remote.codec.w3c.W3CHttpResponseCodec.decode(W3CHttpResponseCodec.java:138)
at org.openqa.selenium.remote.codec.w3c.W3CHttpResponseCodec.decode(W3CHttpResponseCodec.java:50)
at org.openqa.selenium.remote.HttpCommandExecutor.execute(HttpCommandExecutor.java:190)
at org.openqa.selenium.remote.service.DriverCommandExecutor.invokeExecute(DriverCommandExecutor.java:216)
at org.openqa.selenium.remote.service.DriverCommandExecutor.execute(DriverCommandExecutor.java:174)
at org.openqa.selenium.remote.RemoteWebDriver.execute(RemoteWebDriver.java:518)
at org.openqa.selenium.remote.RemoteWebElement.execute(RemoteWebElement.java:223)
at org.openqa.selenium.remote.RemoteWebElement.click(RemoteWebElement.java:76)
at pageObjects.AssignStudentPage.isUserClicked(AssignStudentPage.java:60)
at stepdefinitions.AssignStudent.admin_clicks_from_navigation_bar(AssignStudent.java:27)
at ✽.Admin clicks "Batch" from navigation bar(file:///C:/Users/Deepthi/OneDrive/Documents/GitHub/Team3_Ninja_Hackers_Hackathon_April_2024/src/test/resources/features/07Batch.feature:34)
]]>
    </error>
  </testcase> <!-- runScenario -->
  <system-out/>
  <testcase classname="runner.TestRunner" name="runScenario" time="0.141">
    <error message="Element &lt;button id=&quot;user&quot; class=&quot;mat-focus-indicator mat-button mat-button-base&quot;&gt; is not clickable at point (1413,32) because another element &lt;div class=&quot;p-toast-message-content ng-tns-c90-9&quot;&gt; obscures it
Build info: version: &#039;4.19.1&#039;, revision: &#039;abe0ee07dc&#039;
System info: os.name: &#039;Windows 11&#039;, os.arch: &#039;amd64&#039;, os.version: &#039;10.0&#039;, java.version: &#039;21.0.1&#039;
Driver info: org.openqa.selenium.firefox.FirefoxDriver
Command: [3271a220-705c-4c6e-9a6e-29b44d612cb1, clickElement {id=b8428683-52c3-4593-82ba-45f351b1d4c1}]
Capabilities {acceptInsecureCerts: true, browserName: firefox, browserVersion: 125.0.2, moz:accessibilityChecks: false, moz:buildID: 20240419144423, moz:debuggerAddress: 127.0.0.1:29009, moz:geckodriverVersion: 0.34.0, moz:headless: false, moz:platformVersion: 10.0, moz:processID: 33984, moz:profile: C:\Users\Deepthi\AppData\Lo..., moz:shutdownTimeout: 60000, moz:webdriverClick: true, moz:windowless: false, pageLoadStrategy: normal, platformName: windows, proxy: Proxy(), se:cdp: ws://127.0.0.1:29009/devtoo..., se:cdpVersion: 85.0, setWindowRect: true, strictFileInteractability: false, timeouts: {implicit: 0, pageLoad: 300000, script: 30000}, unhandledPromptBehavior: dismiss and notify, userAgent: Mozilla/5.0 (Windows NT 10....}
Element: [[FirefoxDriver: firefox on windows (3271a220-705c-4c6e-9a6e-29b44d612cb1)] -&gt; xpath: //button[@id=&#039;user&#039;]]
Session ID: 3271a220-705c-4c6e-9a6e-29b44d612cb1" type="org.openqa.selenium.ElementClickInterceptedException">
      <![CDATA[org.openqa.selenium.ElementClickInterceptedException: Element <button id="user" class="mat-focus-indicator mat-button mat-button-base"> is not clickable at point (1413,32) because another element <div class="p-toast-message-content ng-tns-c90-9"> obscures it
Build info: version: '4.19.1', revision: 'abe0ee07dc'
System info: os.name: 'Windows 11', os.arch: 'amd64', os.version: '10.0', java.version: '21.0.1'
Driver info: org.openqa.selenium.firefox.FirefoxDriver
Command: [3271a220-705c-4c6e-9a6e-29b44d612cb1, clickElement {id=b8428683-52c3-4593-82ba-45f351b1d4c1}]
Capabilities {acceptInsecureCerts: true, browserName: firefox, browserVersion: 125.0.2, moz:accessibilityChecks: false, moz:buildID: 20240419144423, moz:debuggerAddress: 127.0.0.1:29009, moz:geckodriverVersion: 0.34.0, moz:headless: false, moz:platformVersion: 10.0, moz:processID: 33984, moz:profile: C:\Users\Deepthi\AppData\Lo..., moz:shutdownTimeout: 60000, moz:webdriverClick: true, moz:windowless: false, pageLoadStrategy: normal, platformName: windows, proxy: Proxy(), se:cdp: ws://127.0.0.1:29009/devtoo..., se:cdpVersion: 85.0, setWindowRect: true, strictFileInteractability: false, timeouts: {implicit: 0, pageLoad: 300000, script: 30000}, unhandledPromptBehavior: dismiss and notify, userAgent: Mozilla/5.0 (Windows NT 10....}
Element: [[FirefoxDriver: firefox on windows (3271a220-705c-4c6e-9a6e-29b44d612cb1)] -> xpath: //button[@id='user']]
Session ID: 3271a220-705c-4c6e-9a6e-29b44d612cb1
at java.base/jdk.internal.reflect.DirectConstructorHandleAccessor.newInstance(DirectConstructorHandleAccessor.java:62)
at java.base/java.lang.reflect.Constructor.newInstanceWithCaller(Constructor.java:502)
at java.base/java.lang.reflect.Constructor.newInstance(Constructor.java:486)
at org.openqa.selenium.remote.ErrorCodec.decode(ErrorCodec.java:167)
at org.openqa.selenium.remote.codec.w3c.W3CHttpResponseCodec.decode(W3CHttpResponseCodec.java:138)
at org.openqa.selenium.remote.codec.w3c.W3CHttpResponseCodec.decode(W3CHttpResponseCodec.java:50)
at org.openqa.selenium.remote.HttpCommandExecutor.execute(HttpCommandExecutor.java:190)
at org.openqa.selenium.remote.service.DriverCommandExecutor.invokeExecute(DriverCommandExecutor.java:216)
at org.openqa.selenium.remote.service.DriverCommandExecutor.execute(DriverCommandExecutor.java:174)
at org.openqa.selenium.remote.RemoteWebDriver.execute(RemoteWebDriver.java:518)
at org.openqa.selenium.remote.RemoteWebElement.execute(RemoteWebElement.java:223)
at org.openqa.selenium.remote.RemoteWebElement.click(RemoteWebElement.java:76)
at pageObjects.AssignStudentPage.isUserClicked(AssignStudentPage.java:60)
at stepdefinitions.AssignStudent.admin_clicks_from_navigation_bar(AssignStudent.java:27)
at ✽.Admin clicks "User" from navigation bar(file:///C:/Users/Deepthi/OneDrive/Documents/GitHub/Team3_Ninja_Hackers_Hackathon_April_2024/src/test/resources/features/09User.feature:23)
]]>
    </error>
  </testcase> <!-- runScenario -->
  <system-out/>
  <testcase classname="runner.TestRunner" name="runScenario" time="2.403">
    <failure message="expected [Manage user] but found [Manage User]" type="java.lang.AssertionError">
      <![CDATA[java.lang.AssertionError: expected [Manage user] but found [Manage User]
at org.testng.Assert.fail(Assert.java:99)
at org.testng.Assert.failNotEquals(Assert.java:1037)
at org.testng.Assert.assertEqualsImpl(Assert.java:140)
at org.testng.Assert.assertEquals(Assert.java:122)
at org.testng.Assert.assertEquals(Assert.java:629)
at org.testng.Assert.assertEquals(Assert.java:639)
at stepdefinitions.Programlms_SD.admin_should_see_a_heading_with_text_on_the_page(Programlms_SD.java:41)
at ✽.Admin should see a heading with text "Manage user" on the page(file:///C:/Users/Deepthi/OneDrive/Documents/GitHub/Team3_Ninja_Hackers_Hackathon_April_2024/src/test/resources/features/10User1.feature:6)
]]>
    </failure>
  </testcase> <!-- runScenario -->
  <system-out/>
  <testcase classname="runner.TestRunner" name="runScenario" time="10.603"/>
  <system-out/>
  <testcase classname="runner.TestRunner" name="runScenario" time="1.303"/>
  <system-out/>
  <testcase classname="runner.TestRunner" name="runScenario" time="3.968"/>
  <system-out/>
  <testcase classname="runner.TestRunner" name="runScenario" time="0.926"/>
  <system-out/>
  <testcase classname="runner.TestRunner" name="runScenario" time="0.138">
    <error message="Element &lt;button id=&quot;user&quot; class=&quot;mat-focus-indicator mat-button mat-button-base&quot;&gt; is not clickable at point (1413,32) because another element &lt;div class=&quot;ng-tns-c132-3 p-dialog-mask p-component-overlay p-dialog-mask-scrollblocker ng-star-inserted&quot;&gt; obscures it
Build info: version: &#039;4.19.1&#039;, revision: &#039;abe0ee07dc&#039;
System info: os.name: &#039;Windows 11&#039;, os.arch: &#039;amd64&#039;, os.version: &#039;10.0&#039;, java.version: &#039;21.0.1&#039;
Driver info: org.openqa.selenium.firefox.FirefoxDriver
Command: [3271a220-705c-4c6e-9a6e-29b44d612cb1, clickElement {id=0618a27d-05e8-401b-9a99-80227d62a23d}]
Capabilities {acceptInsecureCerts: true, browserName: firefox, browserVersion: 125.0.2, moz:accessibilityChecks: false, moz:buildID: 20240419144423, moz:debuggerAddress: 127.0.0.1:29009, moz:geckodriverVersion: 0.34.0, moz:headless: false, moz:platformVersion: 10.0, moz:processID: 33984, moz:profile: C:\Users\Deepthi\AppData\Lo..., moz:shutdownTimeout: 60000, moz:webdriverClick: true, moz:windowless: false, pageLoadStrategy: normal, platformName: windows, proxy: Proxy(), se:cdp: ws://127.0.0.1:29009/devtoo..., se:cdpVersion: 85.0, setWindowRect: true, strictFileInteractability: false, timeouts: {implicit: 0, pageLoad: 300000, script: 30000}, unhandledPromptBehavior: dismiss and notify, userAgent: Mozilla/5.0 (Windows NT 10....}
Element: [[FirefoxDriver: firefox on windows (3271a220-705c-4c6e-9a6e-29b44d612cb1)] -&gt; xpath: //button[@id=&#039;user&#039;]]
Session ID: 3271a220-705c-4c6e-9a6e-29b44d612cb1" type="org.openqa.selenium.ElementClickInterceptedException">
      <![CDATA[org.openqa.selenium.ElementClickInterceptedException: Element <button id="user" class="mat-focus-indicator mat-button mat-button-base"> is not clickable at point (1413,32) because another element <div class="ng-tns-c132-3 p-dialog-mask p-component-overlay p-dialog-mask-scrollblocker ng-star-inserted"> obscures it
Build info: version: '4.19.1', revision: 'abe0ee07dc'
System info: os.name: 'Windows 11', os.arch: 'amd64', os.version: '10.0', java.version: '21.0.1'
Driver info: org.openqa.selenium.firefox.FirefoxDriver
Command: [3271a220-705c-4c6e-9a6e-29b44d612cb1, clickElement {id=0618a27d-05e8-401b-9a99-80227d62a23d}]
Capabilities {acceptInsecureCerts: true, browserName: firefox, browserVersion: 125.0.2, moz:accessibilityChecks: false, moz:buildID: 20240419144423, moz:debuggerAddress: 127.0.0.1:29009, moz:geckodriverVersion: 0.34.0, moz:headless: false, moz:platformVersion: 10.0, moz:processID: 33984, moz:profile: C:\Users\Deepthi\AppData\Lo..., moz:shutdownTimeout: 60000, moz:webdriverClick: true, moz:windowless: false, pageLoadStrategy: normal, platformName: windows, proxy: Proxy(), se:cdp: ws://127.0.0.1:29009/devtoo..., se:cdpVersion: 85.0, setWindowRect: true, strictFileInteractability: false, timeouts: {implicit: 0, pageLoad: 300000, script: 30000}, unhandledPromptBehavior: dismiss and notify, userAgent: Mozilla/5.0 (Windows NT 10....}
Element: [[FirefoxDriver: firefox on windows (3271a220-705c-4c6e-9a6e-29b44d612cb1)] -> xpath: //button[@id='user']]
Session ID: 3271a220-705c-4c6e-9a6e-29b44d612cb1
at java.base/jdk.internal.reflect.DirectConstructorHandleAccessor.newInstance(DirectConstructorHandleAccessor.java:62)
at java.base/java.lang.reflect.Constructor.newInstanceWithCaller(Constructor.java:502)
at java.base/java.lang.reflect.Constructor.newInstance(Constructor.java:486)
at org.openqa.selenium.remote.ErrorCodec.decode(ErrorCodec.java:167)
at org.openqa.selenium.remote.codec.w3c.W3CHttpResponseCodec.decode(W3CHttpResponseCodec.java:138)
at org.openqa.selenium.remote.codec.w3c.W3CHttpResponseCodec.decode(W3CHttpResponseCodec.java:50)
at org.openqa.selenium.remote.HttpCommandExecutor.execute(HttpCommandExecutor.java:190)
at org.openqa.selenium.remote.service.DriverCommandExecutor.invokeExecute(DriverCommandExecutor.java:216)
at org.openqa.selenium.remote.service.DriverCommandExecutor.execute(DriverCommandExecutor.java:174)
at org.openqa.selenium.remote.RemoteWebDriver.execute(RemoteWebDriver.java:518)
at org.openqa.selenium.remote.RemoteWebElement.execute(RemoteWebElement.java:223)
at org.openqa.selenium.remote.RemoteWebElement.click(RemoteWebElement.java:76)
at pageObjects.ManageProgramPageValidation.clickUserLink(ManageProgramPageValidation.java:42)
at stepdefinitions.ManageProgramValidationDefinition.admin_clicks_on_user_link_on_manage_program_page(ManageProgramValidationDefinition.java:30)
at ✽.Admin clicks on User link on Manage Program page(file:///C:/Users/Deepthi/OneDrive/Documents/GitHub/Team3_Ninja_Hackers_Hackathon_April_2024/src/test/resources/features/06ManageProgramPageValidation.feature:18)
]]>
    </error>
  </testcase> <!-- runScenario -->
  <system-out/>
  <testcase classname="runner.TestRunner" name="runScenario" time="10.397"/>
  <system-out/>
  <testcase classname="runner.TestRunner" name="runScenario" time="0.133">
    <error message="Element &lt;button id=&quot;batch&quot; class=&quot;mat-focus-indicator mat-button mat-button-base&quot;&gt; is not clickable at point (1347,32) because another element &lt;div class=&quot;ng-tns-c132-3 p-dialog-mask p-component-overlay p-dialog-mask-scrollblocker ng-star-inserted&quot;&gt; obscures it
Build info: version: &#039;4.19.1&#039;, revision: &#039;abe0ee07dc&#039;
System info: os.name: &#039;Windows 11&#039;, os.arch: &#039;amd64&#039;, os.version: &#039;10.0&#039;, java.version: &#039;21.0.1&#039;
Driver info: org.openqa.selenium.firefox.FirefoxDriver
Command: [3271a220-705c-4c6e-9a6e-29b44d612cb1, clickElement {id=f0765cc4-b4e3-4db4-a848-63aba4f329e1}]
Capabilities {acceptInsecureCerts: true, browserName: firefox, browserVersion: 125.0.2, moz:accessibilityChecks: false, moz:buildID: 20240419144423, moz:debuggerAddress: 127.0.0.1:29009, moz:geckodriverVersion: 0.34.0, moz:headless: false, moz:platformVersion: 10.0, moz:processID: 33984, moz:profile: C:\Users\Deepthi\AppData\Lo..., moz:shutdownTimeout: 60000, moz:webdriverClick: true, moz:windowless: false, pageLoadStrategy: normal, platformName: windows, proxy: Proxy(), se:cdp: ws://127.0.0.1:29009/devtoo..., se:cdpVersion: 85.0, setWindowRect: true, strictFileInteractability: false, timeouts: {implicit: 0, pageLoad: 300000, script: 30000}, unhandledPromptBehavior: dismiss and notify, userAgent: Mozilla/5.0 (Windows NT 10....}
Element: [[FirefoxDriver: firefox on windows (3271a220-705c-4c6e-9a6e-29b44d612cb1)] -&gt; xpath: //button[@id=&#039;batch&#039;]]
Session ID: 3271a220-705c-4c6e-9a6e-29b44d612cb1" type="org.openqa.selenium.ElementClickInterceptedException">
      <![CDATA[org.openqa.selenium.ElementClickInterceptedException: Element <button id="batch" class="mat-focus-indicator mat-button mat-button-base"> is not clickable at point (1347,32) because another element <div class="ng-tns-c132-3 p-dialog-mask p-component-overlay p-dialog-mask-scrollblocker ng-star-inserted"> obscures it
Build info: version: '4.19.1', revision: 'abe0ee07dc'
System info: os.name: 'Windows 11', os.arch: 'amd64', os.version: '10.0', java.version: '21.0.1'
Driver info: org.openqa.selenium.firefox.FirefoxDriver
Command: [3271a220-705c-4c6e-9a6e-29b44d612cb1, clickElement {id=f0765cc4-b4e3-4db4-a848-63aba4f329e1}]
Capabilities {acceptInsecureCerts: true, browserName: firefox, browserVersion: 125.0.2, moz:accessibilityChecks: false, moz:buildID: 20240419144423, moz:debuggerAddress: 127.0.0.1:29009, moz:geckodriverVersion: 0.34.0, moz:headless: false, moz:platformVersion: 10.0, moz:processID: 33984, moz:profile: C:\Users\Deepthi\AppData\Lo..., moz:shutdownTimeout: 60000, moz:webdriverClick: true, moz:windowless: false, pageLoadStrategy: normal, platformName: windows, proxy: Proxy(), se:cdp: ws://127.0.0.1:29009/devtoo..., se:cdpVersion: 85.0, setWindowRect: true, strictFileInteractability: false, timeouts: {implicit: 0, pageLoad: 300000, script: 30000}, unhandledPromptBehavior: dismiss and notify, userAgent: Mozilla/5.0 (Windows NT 10....}
Element: [[FirefoxDriver: firefox on windows (3271a220-705c-4c6e-9a6e-29b44d612cb1)] -> xpath: //button[@id='batch']]
Session ID: 3271a220-705c-4c6e-9a6e-29b44d612cb1
at java.base/jdk.internal.reflect.DirectConstructorHandleAccessor.newInstance(DirectConstructorHandleAccessor.java:62)
at java.base/java.lang.reflect.Constructor.newInstanceWithCaller(Constructor.java:502)
at java.base/java.lang.reflect.Constructor.newInstance(Constructor.java:486)
at org.openqa.selenium.remote.ErrorCodec.decode(ErrorCodec.java:167)
at org.openqa.selenium.remote.codec.w3c.W3CHttpResponseCodec.decode(W3CHttpResponseCodec.java:138)
at org.openqa.selenium.remote.codec.w3c.W3CHttpResponseCodec.decode(W3CHttpResponseCodec.java:50)
at org.openqa.selenium.remote.HttpCommandExecutor.execute(HttpCommandExecutor.java:190)
at org.openqa.selenium.remote.service.DriverCommandExecutor.invokeExecute(DriverCommandExecutor.java:216)
at org.openqa.selenium.remote.service.DriverCommandExecutor.execute(DriverCommandExecutor.java:174)
at org.openqa.selenium.remote.RemoteWebDriver.execute(RemoteWebDriver.java:518)
at org.openqa.selenium.remote.RemoteWebElement.execute(RemoteWebElement.java:223)
at org.openqa.selenium.remote.RemoteWebElement.click(RemoteWebElement.java:76)
at pageObjects.ManageProgramPageValidation.clickBatchLink(ManageProgramPageValidation.java:30)
at stepdefinitions.ManageProgramValidationDefinition.admin_clicks_on_batch_link_on_manage_program_page(ManageProgramValidationDefinition.java:18)
at ✽.Admin clicks on Batch link on Manage Program page(file:///C:/Users/Deepthi/OneDrive/Documents/GitHub/Team3_Ninja_Hackers_Hackathon_April_2024/src/test/resources/features/06ManageProgramPageValidation.feature:12)
]]>
    </error>
  </testcase> <!-- runScenario -->
  <system-out/>
  <testcase classname="runner.TestRunner" name="runScenario" time="0.110">
    <error message="Element &lt;button id=&quot;user&quot; class=&quot;mat-focus-indicator mat-button mat-button-base&quot;&gt; is not clickable at point (1413,32) because another element &lt;div class=&quot;p-toast-message-content ng-tns-c90-9&quot;&gt; obscures it
Build info: version: &#039;4.19.1&#039;, revision: &#039;abe0ee07dc&#039;
System info: os.name: &#039;Windows 11&#039;, os.arch: &#039;amd64&#039;, os.version: &#039;10.0&#039;, java.version: &#039;21.0.1&#039;
Driver info: org.openqa.selenium.firefox.FirefoxDriver
Command: [3271a220-705c-4c6e-9a6e-29b44d612cb1, clickElement {id=b8428683-52c3-4593-82ba-45f351b1d4c1}]
Capabilities {acceptInsecureCerts: true, browserName: firefox, browserVersion: 125.0.2, moz:accessibilityChecks: false, moz:buildID: 20240419144423, moz:debuggerAddress: 127.0.0.1:29009, moz:geckodriverVersion: 0.34.0, moz:headless: false, moz:platformVersion: 10.0, moz:processID: 33984, moz:profile: C:\Users\Deepthi\AppData\Lo..., moz:shutdownTimeout: 60000, moz:webdriverClick: true, moz:windowless: false, pageLoadStrategy: normal, platformName: windows, proxy: Proxy(), se:cdp: ws://127.0.0.1:29009/devtoo..., se:cdpVersion: 85.0, setWindowRect: true, strictFileInteractability: false, timeouts: {implicit: 0, pageLoad: 300000, script: 30000}, unhandledPromptBehavior: dismiss and notify, userAgent: Mozilla/5.0 (Windows NT 10....}
Element: [[FirefoxDriver: firefox on windows (3271a220-705c-4c6e-9a6e-29b44d612cb1)] -&gt; xpath: //button[@id=&#039;user&#039;]]
Session ID: 3271a220-705c-4c6e-9a6e-29b44d612cb1" type="org.openqa.selenium.ElementClickInterceptedException">
      <![CDATA[org.openqa.selenium.ElementClickInterceptedException: Element <button id="user" class="mat-focus-indicator mat-button mat-button-base"> is not clickable at point (1413,32) because another element <div class="p-toast-message-content ng-tns-c90-9"> obscures it
Build info: version: '4.19.1', revision: 'abe0ee07dc'
System info: os.name: 'Windows 11', os.arch: 'amd64', os.version: '10.0', java.version: '21.0.1'
Driver info: org.openqa.selenium.firefox.FirefoxDriver
Command: [3271a220-705c-4c6e-9a6e-29b44d612cb1, clickElement {id=b8428683-52c3-4593-82ba-45f351b1d4c1}]
Capabilities {acceptInsecureCerts: true, browserName: firefox, browserVersion: 125.0.2, moz:accessibilityChecks: false, moz:buildID: 20240419144423, moz:debuggerAddress: 127.0.0.1:29009, moz:geckodriverVersion: 0.34.0, moz:headless: false, moz:platformVersion: 10.0, moz:processID: 33984, moz:profile: C:\Users\Deepthi\AppData\Lo..., moz:shutdownTimeout: 60000, moz:webdriverClick: true, moz:windowless: false, pageLoadStrategy: normal, platformName: windows, proxy: Proxy(), se:cdp: ws://127.0.0.1:29009/devtoo..., se:cdpVersion: 85.0, setWindowRect: true, strictFileInteractability: false, timeouts: {implicit: 0, pageLoad: 300000, script: 30000}, unhandledPromptBehavior: dismiss and notify, userAgent: Mozilla/5.0 (Windows NT 10....}
Element: [[FirefoxDriver: firefox on windows (3271a220-705c-4c6e-9a6e-29b44d612cb1)] -> xpath: //button[@id='user']]
Session ID: 3271a220-705c-4c6e-9a6e-29b44d612cb1
at java.base/jdk.internal.reflect.DirectConstructorHandleAccessor.newInstance(DirectConstructorHandleAccessor.java:62)
at java.base/java.lang.reflect.Constructor.newInstanceWithCaller(Constructor.java:502)
at java.base/java.lang.reflect.Constructor.newInstance(Constructor.java:486)
at org.openqa.selenium.remote.ErrorCodec.decode(ErrorCodec.java:167)
at org.openqa.selenium.remote.codec.w3c.W3CHttpResponseCodec.decode(W3CHttpResponseCodec.java:138)
at org.openqa.selenium.remote.codec.w3c.W3CHttpResponseCodec.decode(W3CHttpResponseCodec.java:50)
at org.openqa.selenium.remote.HttpCommandExecutor.execute(HttpCommandExecutor.java:190)
at org.openqa.selenium.remote.service.DriverCommandExecutor.invokeExecute(DriverCommandExecutor.java:216)
at org.openqa.selenium.remote.service.DriverCommandExecutor.execute(DriverCommandExecutor.java:174)
at org.openqa.selenium.remote.RemoteWebDriver.execute(RemoteWebDriver.java:518)
at org.openqa.selenium.remote.RemoteWebElement.execute(RemoteWebElement.java:223)
at org.openqa.selenium.remote.RemoteWebElement.click(RemoteWebElement.java:76)
at pageObjects.AssignStudentPage.isUserClicked(AssignStudentPage.java:60)
at stepdefinitions.AssignStudent.admin_clicks_from_navigation_bar(AssignStudent.java:27)
at ✽.Admin clicks "User" from navigation bar(file:///C:/Users/Deepthi/OneDrive/Documents/GitHub/Team3_Ninja_Hackers_Hackathon_April_2024/src/test/resources/features/09User.feature:23)
]]>
    </error>
  </testcase> <!-- runScenario -->
  <system-out/>
  <testcase classname="runner.TestRunner" name="runScenario" time="0.178">
    <error message="Element &lt;button id=&quot;user&quot; class=&quot;mat-focus-indicator mat-button mat-button-base&quot;&gt; is not clickable at point (1413,32) because another element &lt;div class=&quot;ng-tns-c132-3 p-dialog-mask p-component-overlay p-dialog-mask-scrollblocker ng-star-inserted&quot;&gt; obscures it
Build info: version: &#039;4.19.1&#039;, revision: &#039;abe0ee07dc&#039;
System info: os.name: &#039;Windows 11&#039;, os.arch: &#039;amd64&#039;, os.version: &#039;10.0&#039;, java.version: &#039;21.0.1&#039;
Driver info: org.openqa.selenium.firefox.FirefoxDriver
Command: [3271a220-705c-4c6e-9a6e-29b44d612cb1, clickElement {id=0618a27d-05e8-401b-9a99-80227d62a23d}]
Capabilities {acceptInsecureCerts: true, browserName: firefox, browserVersion: 125.0.2, moz:accessibilityChecks: false, moz:buildID: 20240419144423, moz:debuggerAddress: 127.0.0.1:29009, moz:geckodriverVersion: 0.34.0, moz:headless: false, moz:platformVersion: 10.0, moz:processID: 33984, moz:profile: C:\Users\Deepthi\AppData\Lo..., moz:shutdownTimeout: 60000, moz:webdriverClick: true, moz:windowless: false, pageLoadStrategy: normal, platformName: windows, proxy: Proxy(), se:cdp: ws://127.0.0.1:29009/devtoo..., se:cdpVersion: 85.0, setWindowRect: true, strictFileInteractability: false, timeouts: {implicit: 0, pageLoad: 300000, script: 30000}, unhandledPromptBehavior: dismiss and notify, userAgent: Mozilla/5.0 (Windows NT 10....}
Element: [[FirefoxDriver: firefox on windows (3271a220-705c-4c6e-9a6e-29b44d612cb1)] -&gt; xpath: //button[@id=&#039;user&#039;]]
Session ID: 3271a220-705c-4c6e-9a6e-29b44d612cb1" type="org.openqa.selenium.ElementClickInterceptedException">
      <![CDATA[org.openqa.selenium.ElementClickInterceptedException: Element <button id="user" class="mat-focus-indicator mat-button mat-button-base"> is not clickable at point (1413,32) because another element <div class="ng-tns-c132-3 p-dialog-mask p-component-overlay p-dialog-mask-scrollblocker ng-star-inserted"> obscures it
Build info: version: '4.19.1', revision: 'abe0ee07dc'
System info: os.name: 'Windows 11', os.arch: 'amd64', os.version: '10.0', java.version: '21.0.1'
Driver info: org.openqa.selenium.firefox.FirefoxDriver
Command: [3271a220-705c-4c6e-9a6e-29b44d612cb1, clickElement {id=0618a27d-05e8-401b-9a99-80227d62a23d}]
Capabilities {acceptInsecureCerts: true, browserName: firefox, browserVersion: 125.0.2, moz:accessibilityChecks: false, moz:buildID: 20240419144423, moz:debuggerAddress: 127.0.0.1:29009, moz:geckodriverVersion: 0.34.0, moz:headless: false, moz:platformVersion: 10.0, moz:processID: 33984, moz:profile: C:\Users\Deepthi\AppData\Lo..., moz:shutdownTimeout: 60000, moz:webdriverClick: true, moz:windowless: false, pageLoadStrategy: normal, platformName: windows, proxy: Proxy(), se:cdp: ws://127.0.0.1:29009/devtoo..., se:cdpVersion: 85.0, setWindowRect: true, strictFileInteractability: false, timeouts: {implicit: 0, pageLoad: 300000, script: 30000}, unhandledPromptBehavior: dismiss and notify, userAgent: Mozilla/5.0 (Windows NT 10....}
Element: [[FirefoxDriver: firefox on windows (3271a220-705c-4c6e-9a6e-29b44d612cb1)] -> xpath: //button[@id='user']]
Session ID: 3271a220-705c-4c6e-9a6e-29b44d612cb1
at java.base/jdk.internal.reflect.DirectConstructorHandleAccessor.newInstance(DirectConstructorHandleAccessor.java:62)
at java.base/java.lang.reflect.Constructor.newInstanceWithCaller(Constructor.java:502)
at java.base/java.lang.reflect.Constructor.newInstance(Constructor.java:486)
at org.openqa.selenium.remote.ErrorCodec.decode(ErrorCodec.java:167)
at org.openqa.selenium.remote.codec.w3c.W3CHttpResponseCodec.decode(W3CHttpResponseCodec.java:138)
at org.openqa.selenium.remote.codec.w3c.W3CHttpResponseCodec.decode(W3CHttpResponseCodec.java:50)
at org.openqa.selenium.remote.HttpCommandExecutor.execute(HttpCommandExecutor.java:190)
at org.openqa.selenium.remote.service.DriverCommandExecutor.invokeExecute(DriverCommandExecutor.java:216)
at org.openqa.selenium.remote.service.DriverCommandExecutor.execute(DriverCommandExecutor.java:174)
at org.openqa.selenium.remote.RemoteWebDriver.execute(RemoteWebDriver.java:518)
at org.openqa.selenium.remote.RemoteWebElement.execute(RemoteWebElement.java:223)
at org.openqa.selenium.remote.RemoteWebElement.click(RemoteWebElement.java:76)
at pageObjects.AssignStudentPage.isUserClicked(AssignStudentPage.java:60)
at stepdefinitions.AssignStudent.admin_clicks_from_navigation_bar(AssignStudent.java:27)
at ✽.Admin clicks "Batch" from navigation bar(file:///C:/Users/Deepthi/OneDrive/Documents/GitHub/Team3_Ninja_Hackers_Hackathon_April_2024/src/test/resources/features/07Batch.feature:17)
]]>
    </error>
  </testcase> <!-- runScenario -->
  <system-out/>
  <testcase classname="runner.TestRunner" name="runScenario" time="0.189">
    <error message="Element &lt;button id=&quot;new&quot; class=&quot;p-button-rounded p-button-success p-button p-component&quot;&gt; is not clickable at point (746,166) because another element &lt;div class=&quot;mat-form-field-wrapper ng-tns-c78-39&quot;&gt; obscures it
Build info: version: &#039;4.19.1&#039;, revision: &#039;abe0ee07dc&#039;
System info: os.name: &#039;Windows 11&#039;, os.arch: &#039;amd64&#039;, os.version: &#039;10.0&#039;, java.version: &#039;21.0.1&#039;
Driver info: org.openqa.selenium.firefox.FirefoxDriver
Command: [3271a220-705c-4c6e-9a6e-29b44d612cb1, clickElement {id=f16c703e-c325-48e9-9426-4ee74531d92a}]
Capabilities {acceptInsecureCerts: true, browserName: firefox, browserVersion: 125.0.2, moz:accessibilityChecks: false, moz:buildID: 20240419144423, moz:debuggerAddress: 127.0.0.1:29009, moz:geckodriverVersion: 0.34.0, moz:headless: false, moz:platformVersion: 10.0, moz:processID: 33984, moz:profile: C:\Users\Deepthi\AppData\Lo..., moz:shutdownTimeout: 60000, moz:webdriverClick: true, moz:windowless: false, pageLoadStrategy: normal, platformName: windows, proxy: Proxy(), se:cdp: ws://127.0.0.1:29009/devtoo..., se:cdpVersion: 85.0, setWindowRect: true, strictFileInteractability: false, timeouts: {implicit: 0, pageLoad: 300000, script: 30000}, unhandledPromptBehavior: dismiss and notify, userAgent: Mozilla/5.0 (Windows NT 10....}
Element: [[FirefoxDriver: firefox on windows (3271a220-705c-4c6e-9a6e-29b44d612cb1)] -&gt; xpath: //button[@id=&#039;new&#039;]]
Session ID: 3271a220-705c-4c6e-9a6e-29b44d612cb1" type="org.openqa.selenium.ElementClickInterceptedException">
      <![CDATA[org.openqa.selenium.ElementClickInterceptedException: Element <button id="new" class="p-button-rounded p-button-success p-button p-component"> is not clickable at point (746,166) because another element <div class="mat-form-field-wrapper ng-tns-c78-39"> obscures it
Build info: version: '4.19.1', revision: 'abe0ee07dc'
System info: os.name: 'Windows 11', os.arch: 'amd64', os.version: '10.0', java.version: '21.0.1'
Driver info: org.openqa.selenium.firefox.FirefoxDriver
Command: [3271a220-705c-4c6e-9a6e-29b44d612cb1, clickElement {id=f16c703e-c325-48e9-9426-4ee74531d92a}]
Capabilities {acceptInsecureCerts: true, browserName: firefox, browserVersion: 125.0.2, moz:accessibilityChecks: false, moz:buildID: 20240419144423, moz:debuggerAddress: 127.0.0.1:29009, moz:geckodriverVersion: 0.34.0, moz:headless: false, moz:platformVersion: 10.0, moz:processID: 33984, moz:profile: C:\Users\Deepthi\AppData\Lo..., moz:shutdownTimeout: 60000, moz:webdriverClick: true, moz:windowless: false, pageLoadStrategy: normal, platformName: windows, proxy: Proxy(), se:cdp: ws://127.0.0.1:29009/devtoo..., se:cdpVersion: 85.0, setWindowRect: true, strictFileInteractability: false, timeouts: {implicit: 0, pageLoad: 300000, script: 30000}, unhandledPromptBehavior: dismiss and notify, userAgent: Mozilla/5.0 (Windows NT 10....}
Element: [[FirefoxDriver: firefox on windows (3271a220-705c-4c6e-9a6e-29b44d612cb1)] -> xpath: //button[@id='new']]
Session ID: 3271a220-705c-4c6e-9a6e-29b44d612cb1
at java.base/jdk.internal.reflect.DirectConstructorHandleAccessor.newInstance(DirectConstructorHandleAccessor.java:62)
at java.base/java.lang.reflect.Constructor.newInstanceWithCaller(Constructor.java:502)
at java.base/java.lang.reflect.Constructor.newInstance(Constructor.java:486)
at org.openqa.selenium.remote.ErrorCodec.decode(ErrorCodec.java:167)
at org.openqa.selenium.remote.codec.w3c.W3CHttpResponseCodec.decode(W3CHttpResponseCodec.java:138)
at org.openqa.selenium.remote.codec.w3c.W3CHttpResponseCodec.decode(W3CHttpResponseCodec.java:50)
at org.openqa.selenium.remote.HttpCommandExecutor.execute(HttpCommandExecutor.java:190)
at org.openqa.selenium.remote.service.DriverCommandExecutor.invokeExecute(DriverCommandExecutor.java:216)
at org.openqa.selenium.remote.service.DriverCommandExecutor.execute(DriverCommandExecutor.java:174)
at org.openqa.selenium.remote.RemoteWebDriver.execute(RemoteWebDriver.java:518)
at org.openqa.selenium.remote.RemoteWebElement.execute(RemoteWebElement.java:223)
at org.openqa.selenium.remote.RemoteWebElement.click(RemoteWebElement.java:76)
at pageObjects.UserPage.openNewUserIcon(UserPage.java:208)
at stepdefinitions.User.admin_is_on_user_details_pop_up(User.java:156)
at ✽.Admin is on  User details pop up(file:///C:/Users/Deepthi/OneDrive/Documents/GitHub/Team3_Ninja_Hackers_Hackathon_April_2024/src/test/resources/features/11User2.feature:58)
]]>
    </error>
  </testcase> <!-- runScenario -->
  <system-out/>
  <testcase classname="runner.TestRunner" name="runScenario" time="0.956">
    <failure message="expected [Showing x to y of z entries] but found [Showing 0 to 0 of 0 entries]" type="java.lang.AssertionError">
      <![CDATA[java.lang.AssertionError: expected [Showing x to y of z entries] but found [Showing 0 to 0 of 0 entries]
at org.testng.Assert.fail(Assert.java:99)
at org.testng.Assert.failNotEquals(Assert.java:1037)
at org.testng.Assert.assertEqualsImpl(Assert.java:140)
at org.testng.Assert.assertEquals(Assert.java:122)
at org.testng.Assert.assertEquals(Assert.java:629)
at org.testng.Assert.assertEquals(Assert.java:639)
at stepdefinitions.Programlms_SD.admin_should_see_the_text_as_along_with_pagination_icon_below_the_table(Programlms_SD.java:48)
at ✽.Admin should see the text as "Showing x to y of z entries" along with Pagination icon below the table.(file:///C:/Users/Deepthi/OneDrive/Documents/GitHub/Team3_Ninja_Hackers_Hackathon_April_2024/src/test/resources/features/03Programlms.feature:24)
]]>
    </failure>
  </testcase> <!-- runScenario -->
  <system-out/>
  <testcase classname="runner.TestRunner" name="runScenario" time="0.141">
    <error message="Element &lt;button id=&quot;user&quot; class=&quot;mat-focus-indicator mat-button mat-button-base&quot;&gt; is not clickable at point (1413,32) because another element &lt;div class=&quot;p-toast-message-content ng-tns-c90-9&quot;&gt; obscures it
Build info: version: &#039;4.19.1&#039;, revision: &#039;abe0ee07dc&#039;
System info: os.name: &#039;Windows 11&#039;, os.arch: &#039;amd64&#039;, os.version: &#039;10.0&#039;, java.version: &#039;21.0.1&#039;
Driver info: org.openqa.selenium.firefox.FirefoxDriver
Command: [3271a220-705c-4c6e-9a6e-29b44d612cb1, clickElement {id=b8428683-52c3-4593-82ba-45f351b1d4c1}]
Capabilities {acceptInsecureCerts: true, browserName: firefox, browserVersion: 125.0.2, moz:accessibilityChecks: false, moz:buildID: 20240419144423, moz:debuggerAddress: 127.0.0.1:29009, moz:geckodriverVersion: 0.34.0, moz:headless: false, moz:platformVersion: 10.0, moz:processID: 33984, moz:profile: C:\Users\Deepthi\AppData\Lo..., moz:shutdownTimeout: 60000, moz:webdriverClick: true, moz:windowless: false, pageLoadStrategy: normal, platformName: windows, proxy: Proxy(), se:cdp: ws://127.0.0.1:29009/devtoo..., se:cdpVersion: 85.0, setWindowRect: true, strictFileInteractability: false, timeouts: {implicit: 0, pageLoad: 300000, script: 30000}, unhandledPromptBehavior: dismiss and notify, userAgent: Mozilla/5.0 (Windows NT 10....}
Element: [[FirefoxDriver: firefox on windows (3271a220-705c-4c6e-9a6e-29b44d612cb1)] -&gt; xpath: //button[@id=&#039;user&#039;]]
Session ID: 3271a220-705c-4c6e-9a6e-29b44d612cb1" type="org.openqa.selenium.ElementClickInterceptedException">
      <![CDATA[org.openqa.selenium.ElementClickInterceptedException: Element <button id="user" class="mat-focus-indicator mat-button mat-button-base"> is not clickable at point (1413,32) because another element <div class="p-toast-message-content ng-tns-c90-9"> obscures it
Build info: version: '4.19.1', revision: 'abe0ee07dc'
System info: os.name: 'Windows 11', os.arch: 'amd64', os.version: '10.0', java.version: '21.0.1'
Driver info: org.openqa.selenium.firefox.FirefoxDriver
Command: [3271a220-705c-4c6e-9a6e-29b44d612cb1, clickElement {id=b8428683-52c3-4593-82ba-45f351b1d4c1}]
Capabilities {acceptInsecureCerts: true, browserName: firefox, browserVersion: 125.0.2, moz:accessibilityChecks: false, moz:buildID: 20240419144423, moz:debuggerAddress: 127.0.0.1:29009, moz:geckodriverVersion: 0.34.0, moz:headless: false, moz:platformVersion: 10.0, moz:processID: 33984, moz:profile: C:\Users\Deepthi\AppData\Lo..., moz:shutdownTimeout: 60000, moz:webdriverClick: true, moz:windowless: false, pageLoadStrategy: normal, platformName: windows, proxy: Proxy(), se:cdp: ws://127.0.0.1:29009/devtoo..., se:cdpVersion: 85.0, setWindowRect: true, strictFileInteractability: false, timeouts: {implicit: 0, pageLoad: 300000, script: 30000}, unhandledPromptBehavior: dismiss and notify, userAgent: Mozilla/5.0 (Windows NT 10....}
Element: [[FirefoxDriver: firefox on windows (3271a220-705c-4c6e-9a6e-29b44d612cb1)] -> xpath: //button[@id='user']]
Session ID: 3271a220-705c-4c6e-9a6e-29b44d612cb1
at java.base/jdk.internal.reflect.DirectConstructorHandleAccessor.newInstance(DirectConstructorHandleAccessor.java:62)
at java.base/java.lang.reflect.Constructor.newInstanceWithCaller(Constructor.java:502)
at java.base/java.lang.reflect.Constructor.newInstance(Constructor.java:486)
at org.openqa.selenium.remote.ErrorCodec.decode(ErrorCodec.java:167)
at org.openqa.selenium.remote.codec.w3c.W3CHttpResponseCodec.decode(W3CHttpResponseCodec.java:138)
at org.openqa.selenium.remote.codec.w3c.W3CHttpResponseCodec.decode(W3CHttpResponseCodec.java:50)
at org.openqa.selenium.remote.HttpCommandExecutor.execute(HttpCommandExecutor.java:190)
at org.openqa.selenium.remote.service.DriverCommandExecutor.invokeExecute(DriverCommandExecutor.java:216)
at org.openqa.selenium.remote.service.DriverCommandExecutor.execute(DriverCommandExecutor.java:174)
at org.openqa.selenium.remote.RemoteWebDriver.execute(RemoteWebDriver.java:518)
at org.openqa.selenium.remote.RemoteWebElement.execute(RemoteWebElement.java:223)
at org.openqa.selenium.remote.RemoteWebElement.click(RemoteWebElement.java:76)
at pageObjects.AssignStudentPage.isUserClicked(AssignStudentPage.java:60)
at stepdefinitions.AssignStudent.admin_clicks_from_navigation_bar(AssignStudent.java:27)
at ✽.Admin clicks "User" from navigation bar(file:///C:/Users/Deepthi/OneDrive/Documents/GitHub/Team3_Ninja_Hackers_Hackathon_April_2024/src/test/resources/features/09User.feature:23)
]]>
    </error>
  </testcase> <!-- runScenario -->
  <system-out/>
  <testcase classname="runner.TestRunner" name="runScenario" time="3.684"/>
  <system-out/>
  <testcase classname="runner.TestRunner" name="runScenario" time="0.851"/>
  <system-out/>
  <testcase classname="runner.TestRunner" name="runScenario" time="0.159">
    <error message="Element &lt;button id=&quot;user&quot; class=&quot;mat-focus-indicator mat-button mat-button-base&quot;&gt; is not clickable at point (1413,32) because another element &lt;div class=&quot;ng-tns-c132-3 p-dialog-mask p-component-overlay p-dialog-mask-scrollblocker ng-star-inserted&quot;&gt; obscures it
Build info: version: &#039;4.19.1&#039;, revision: &#039;abe0ee07dc&#039;
System info: os.name: &#039;Windows 11&#039;, os.arch: &#039;amd64&#039;, os.version: &#039;10.0&#039;, java.version: &#039;21.0.1&#039;
Driver info: org.openqa.selenium.firefox.FirefoxDriver
Command: [3271a220-705c-4c6e-9a6e-29b44d612cb1, clickElement {id=0618a27d-05e8-401b-9a99-80227d62a23d}]
Capabilities {acceptInsecureCerts: true, browserName: firefox, browserVersion: 125.0.2, moz:accessibilityChecks: false, moz:buildID: 20240419144423, moz:debuggerAddress: 127.0.0.1:29009, moz:geckodriverVersion: 0.34.0, moz:headless: false, moz:platformVersion: 10.0, moz:processID: 33984, moz:profile: C:\Users\Deepthi\AppData\Lo..., moz:shutdownTimeout: 60000, moz:webdriverClick: true, moz:windowless: false, pageLoadStrategy: normal, platformName: windows, proxy: Proxy(), se:cdp: ws://127.0.0.1:29009/devtoo..., se:cdpVersion: 85.0, setWindowRect: true, strictFileInteractability: false, timeouts: {implicit: 0, pageLoad: 300000, script: 30000}, unhandledPromptBehavior: dismiss and notify, userAgent: Mozilla/5.0 (Windows NT 10....}
Element: [[FirefoxDriver: firefox on windows (3271a220-705c-4c6e-9a6e-29b44d612cb1)] -&gt; xpath: //button[@id=&#039;user&#039;]]
Session ID: 3271a220-705c-4c6e-9a6e-29b44d612cb1" type="org.openqa.selenium.ElementClickInterceptedException">
      <![CDATA[org.openqa.selenium.ElementClickInterceptedException: Element <button id="user" class="mat-focus-indicator mat-button mat-button-base"> is not clickable at point (1413,32) because another element <div class="ng-tns-c132-3 p-dialog-mask p-component-overlay p-dialog-mask-scrollblocker ng-star-inserted"> obscures it
Build info: version: '4.19.1', revision: 'abe0ee07dc'
System info: os.name: 'Windows 11', os.arch: 'amd64', os.version: '10.0', java.version: '21.0.1'
Driver info: org.openqa.selenium.firefox.FirefoxDriver
Command: [3271a220-705c-4c6e-9a6e-29b44d612cb1, clickElement {id=0618a27d-05e8-401b-9a99-80227d62a23d}]
Capabilities {acceptInsecureCerts: true, browserName: firefox, browserVersion: 125.0.2, moz:accessibilityChecks: false, moz:buildID: 20240419144423, moz:debuggerAddress: 127.0.0.1:29009, moz:geckodriverVersion: 0.34.0, moz:headless: false, moz:platformVersion: 10.0, moz:processID: 33984, moz:profile: C:\Users\Deepthi\AppData\Lo..., moz:shutdownTimeout: 60000, moz:webdriverClick: true, moz:windowless: false, pageLoadStrategy: normal, platformName: windows, proxy: Proxy(), se:cdp: ws://127.0.0.1:29009/devtoo..., se:cdpVersion: 85.0, setWindowRect: true, strictFileInteractability: false, timeouts: {implicit: 0, pageLoad: 300000, script: 30000}, unhandledPromptBehavior: dismiss and notify, userAgent: Mozilla/5.0 (Windows NT 10....}
Element: [[FirefoxDriver: firefox on windows (3271a220-705c-4c6e-9a6e-29b44d612cb1)] -> xpath: //button[@id='user']]
Session ID: 3271a220-705c-4c6e-9a6e-29b44d612cb1
at java.base/jdk.internal.reflect.DirectConstructorHandleAccessor.newInstance(DirectConstructorHandleAccessor.java:62)
at java.base/java.lang.reflect.Constructor.newInstanceWithCaller(Constructor.java:502)
at java.base/java.lang.reflect.Constructor.newInstance(Constructor.java:486)
at org.openqa.selenium.remote.ErrorCodec.decode(ErrorCodec.java:167)
at org.openqa.selenium.remote.codec.w3c.W3CHttpResponseCodec.decode(W3CHttpResponseCodec.java:138)
at org.openqa.selenium.remote.codec.w3c.W3CHttpResponseCodec.decode(W3CHttpResponseCodec.java:50)
at org.openqa.selenium.remote.HttpCommandExecutor.execute(HttpCommandExecutor.java:190)
at org.openqa.selenium.remote.service.DriverCommandExecutor.invokeExecute(DriverCommandExecutor.java:216)
at org.openqa.selenium.remote.service.DriverCommandExecutor.execute(DriverCommandExecutor.java:174)
at org.openqa.selenium.remote.RemoteWebDriver.execute(RemoteWebDriver.java:518)
at org.openqa.selenium.remote.RemoteWebElement.execute(RemoteWebElement.java:223)
at org.openqa.selenium.remote.RemoteWebElement.click(RemoteWebElement.java:76)
at pageObjects.AssignStudentPage.isUserClicked(AssignStudentPage.java:60)
at stepdefinitions.AssignStudent.admin_clicks_from_navigation_bar(AssignStudent.java:27)
at ✽.Admin clicks "Batch" from navigation bar(file:///C:/Users/Deepthi/OneDrive/Documents/GitHub/Team3_Ninja_Hackers_Hackathon_April_2024/src/test/resources/features/07Batch.feature:39)
]]>
    </error>
  </testcase> <!-- runScenario -->
  <system-out/>
  <testcase classname="runner.TestRunner" name="runScenario" time="3.071"/>
  <system-out/>
  <testcase classname="runner.TestRunner" name="runScenario" time="10.664"/>
  <system-out/>
  <testcase classname="runner.TestRunner" name="runScenario" time="2.997"/>
  <system-out/>
  <testcase classname="runner.TestRunner" name="runScenario" time="0.857"/>
  <system-out/>
  <testcase classname="runner.TestRunner" name="runScenario" time="0.142">
    <error message="Element &lt;button id=&quot;Assign&quot; class=&quot;p-button-rounded p-button-success p-button p-component&quot;&gt; is not clickable at point (1295,166) because another element &lt;div class=&quot;ng-tns-c132-7 p-dialog-mask p-component-overlay p-dialog-mask-scrollblocker ng-star-inserted&quot;&gt; obscures it
Build info: version: &#039;4.19.1&#039;, revision: &#039;abe0ee07dc&#039;
System info: os.name: &#039;Windows 11&#039;, os.arch: &#039;amd64&#039;, os.version: &#039;10.0&#039;, java.version: &#039;21.0.1&#039;
Driver info: org.openqa.selenium.firefox.FirefoxDriver
Command: [3271a220-705c-4c6e-9a6e-29b44d612cb1, clickElement {id=c2ac8dfb-558a-40b3-a4dd-c0bcf289eca2}]
Capabilities {acceptInsecureCerts: true, browserName: firefox, browserVersion: 125.0.2, moz:accessibilityChecks: false, moz:buildID: 20240419144423, moz:debuggerAddress: 127.0.0.1:29009, moz:geckodriverVersion: 0.34.0, moz:headless: false, moz:platformVersion: 10.0, moz:processID: 33984, moz:profile: C:\Users\Deepthi\AppData\Lo..., moz:shutdownTimeout: 60000, moz:webdriverClick: true, moz:windowless: false, pageLoadStrategy: normal, platformName: windows, proxy: Proxy(), se:cdp: ws://127.0.0.1:29009/devtoo..., se:cdpVersion: 85.0, setWindowRect: true, strictFileInteractability: false, timeouts: {implicit: 0, pageLoad: 300000, script: 30000}, unhandledPromptBehavior: dismiss and notify, userAgent: Mozilla/5.0 (Windows NT 10....}
Element: [[FirefoxDriver: firefox on windows (3271a220-705c-4c6e-9a6e-29b44d612cb1)] -&gt; xpath: .//button[@label=&#039;Assign Staff&#039;]]
Session ID: 3271a220-705c-4c6e-9a6e-29b44d612cb1" type="org.openqa.selenium.ElementClickInterceptedException">
      <![CDATA[org.openqa.selenium.ElementClickInterceptedException: Element <button id="Assign" class="p-button-rounded p-button-success p-button p-component"> is not clickable at point (1295,166) because another element <div class="ng-tns-c132-7 p-dialog-mask p-component-overlay p-dialog-mask-scrollblocker ng-star-inserted"> obscures it
Build info: version: '4.19.1', revision: 'abe0ee07dc'
System info: os.name: 'Windows 11', os.arch: 'amd64', os.version: '10.0', java.version: '21.0.1'
Driver info: org.openqa.selenium.firefox.FirefoxDriver
Command: [3271a220-705c-4c6e-9a6e-29b44d612cb1, clickElement {id=c2ac8dfb-558a-40b3-a4dd-c0bcf289eca2}]
Capabilities {acceptInsecureCerts: true, browserName: firefox, browserVersion: 125.0.2, moz:accessibilityChecks: false, moz:buildID: 20240419144423, moz:debuggerAddress: 127.0.0.1:29009, moz:geckodriverVersion: 0.34.0, moz:headless: false, moz:platformVersion: 10.0, moz:processID: 33984, moz:profile: C:\Users\Deepthi\AppData\Lo..., moz:shutdownTimeout: 60000, moz:webdriverClick: true, moz:windowless: false, pageLoadStrategy: normal, platformName: windows, proxy: Proxy(), se:cdp: ws://127.0.0.1:29009/devtoo..., se:cdpVersion: 85.0, setWindowRect: true, strictFileInteractability: false, timeouts: {implicit: 0, pageLoad: 300000, script: 30000}, unhandledPromptBehavior: dismiss and notify, userAgent: Mozilla/5.0 (Windows NT 10....}
Element: [[FirefoxDriver: firefox on windows (3271a220-705c-4c6e-9a6e-29b44d612cb1)] -> xpath: .//button[@label='Assign Staff']]
Session ID: 3271a220-705c-4c6e-9a6e-29b44d612cb1
at java.base/jdk.internal.reflect.DirectConstructorHandleAccessor.newInstance(DirectConstructorHandleAccessor.java:62)
at java.base/java.lang.reflect.Constructor.newInstanceWithCaller(Constructor.java:502)
at java.base/java.lang.reflect.Constructor.newInstance(Constructor.java:486)
at org.openqa.selenium.remote.ErrorCodec.decode(ErrorCodec.java:167)
at org.openqa.selenium.remote.codec.w3c.W3CHttpResponseCodec.decode(W3CHttpResponseCodec.java:138)
at org.openqa.selenium.remote.codec.w3c.W3CHttpResponseCodec.decode(W3CHttpResponseCodec.java:50)
at org.openqa.selenium.remote.HttpCommandExecutor.execute(HttpCommandExecutor.java:190)
at org.openqa.selenium.remote.service.DriverCommandExecutor.invokeExecute(DriverCommandExecutor.java:216)
at org.openqa.selenium.remote.service.DriverCommandExecutor.execute(DriverCommandExecutor.java:174)
at org.openqa.selenium.remote.RemoteWebDriver.execute(RemoteWebDriver.java:518)
at org.openqa.selenium.remote.RemoteWebElement.execute(RemoteWebElement.java:223)
at org.openqa.selenium.remote.RemoteWebElement.click(RemoteWebElement.java:76)
at pageObjects.AssignStudentPage.clickButton(AssignStudentPage.java:143)
at stepdefinitions.AssignStudent.admin_clicks_button(AssignStudent.java:40)
at ✽.Admin clicks "Assign Staff" button(file:///C:/Users/Deepthi/OneDrive/Documents/GitHub/Team3_Ninja_Hackers_Hackathon_April_2024/src/test/resources/features/14AssignStaff.feature:20)
]]>
    </error>
  </testcase> <!-- runScenario -->
  <system-out/>
  <testcase classname="runner.TestRunner" name="runScenario" time="0.487"/>
  <system-out/>
  <testcase classname="runner.TestRunner" name="runScenario" time="0.169">
    <error message="Element &lt;button class=&quot;p-paginator-next p-paginator-element p-link p-ripple&quot; type=&quot;button&quot;&gt; is not clickable at point (1210,626) because another element &lt;div class=&quot;ng-tns-c132-3 p-dialog-mask p-component-overlay p-dialog-mask-scrollblocker ng-star-inserted&quot;&gt; obscures it
Build info: version: &#039;4.19.1&#039;, revision: &#039;abe0ee07dc&#039;
System info: os.name: &#039;Windows 11&#039;, os.arch: &#039;amd64&#039;, os.version: &#039;10.0&#039;, java.version: &#039;21.0.1&#039;
Driver info: org.openqa.selenium.firefox.FirefoxDriver
Command: [3271a220-705c-4c6e-9a6e-29b44d612cb1, clickElement {id=f8bcec0f-a6d7-40eb-a83d-ce466287741e}]
Capabilities {acceptInsecureCerts: true, browserName: firefox, browserVersion: 125.0.2, moz:accessibilityChecks: false, moz:buildID: 20240419144423, moz:debuggerAddress: 127.0.0.1:29009, moz:geckodriverVersion: 0.34.0, moz:headless: false, moz:platformVersion: 10.0, moz:processID: 33984, moz:profile: C:\Users\Deepthi\AppData\Lo..., moz:shutdownTimeout: 60000, moz:webdriverClick: true, moz:windowless: false, pageLoadStrategy: normal, platformName: windows, proxy: Proxy(), se:cdp: ws://127.0.0.1:29009/devtoo..., se:cdpVersion: 85.0, setWindowRect: true, strictFileInteractability: false, timeouts: {implicit: 0, pageLoad: 300000, script: 30000}, unhandledPromptBehavior: dismiss and notify, userAgent: Mozilla/5.0 (Windows NT 10....}
Element: [[FirefoxDriver: firefox on windows (3271a220-705c-4c6e-9a6e-29b44d612cb1)] -&gt; xpath: //button[@class=&#039;p-paginator-next p-paginator-element p-link p-ripple&#039;]]
Session ID: 3271a220-705c-4c6e-9a6e-29b44d612cb1" type="org.openqa.selenium.ElementClickInterceptedException">
      <![CDATA[org.openqa.selenium.ElementClickInterceptedException: Element <button class="p-paginator-next p-paginator-element p-link p-ripple" type="button"> is not clickable at point (1210,626) because another element <div class="ng-tns-c132-3 p-dialog-mask p-component-overlay p-dialog-mask-scrollblocker ng-star-inserted"> obscures it
Build info: version: '4.19.1', revision: 'abe0ee07dc'
System info: os.name: 'Windows 11', os.arch: 'amd64', os.version: '10.0', java.version: '21.0.1'
Driver info: org.openqa.selenium.firefox.FirefoxDriver
Command: [3271a220-705c-4c6e-9a6e-29b44d612cb1, clickElement {id=f8bcec0f-a6d7-40eb-a83d-ce466287741e}]
Capabilities {acceptInsecureCerts: true, browserName: firefox, browserVersion: 125.0.2, moz:accessibilityChecks: false, moz:buildID: 20240419144423, moz:debuggerAddress: 127.0.0.1:29009, moz:geckodriverVersion: 0.34.0, moz:headless: false, moz:platformVersion: 10.0, moz:processID: 33984, moz:profile: C:\Users\Deepthi\AppData\Lo..., moz:shutdownTimeout: 60000, moz:webdriverClick: true, moz:windowless: false, pageLoadStrategy: normal, platformName: windows, proxy: Proxy(), se:cdp: ws://127.0.0.1:29009/devtoo..., se:cdpVersion: 85.0, setWindowRect: true, strictFileInteractability: false, timeouts: {implicit: 0, pageLoad: 300000, script: 30000}, unhandledPromptBehavior: dismiss and notify, userAgent: Mozilla/5.0 (Windows NT 10....}
Element: [[FirefoxDriver: firefox on windows (3271a220-705c-4c6e-9a6e-29b44d612cb1)] -> xpath: //button[@class='p-paginator-next p-paginator-element p-link p-ripple']]
Session ID: 3271a220-705c-4c6e-9a6e-29b44d612cb1
at java.base/jdk.internal.reflect.DirectConstructorHandleAccessor.newInstance(DirectConstructorHandleAccessor.java:62)
at java.base/java.lang.reflect.Constructor.newInstanceWithCaller(Constructor.java:502)
at java.base/java.lang.reflect.Constructor.newInstance(Constructor.java:486)
at org.openqa.selenium.remote.ErrorCodec.decode(ErrorCodec.java:167)
at org.openqa.selenium.remote.codec.w3c.W3CHttpResponseCodec.decode(W3CHttpResponseCodec.java:138)
at org.openqa.selenium.remote.codec.w3c.W3CHttpResponseCodec.decode(W3CHttpResponseCodec.java:50)
at org.openqa.selenium.remote.HttpCommandExecutor.execute(HttpCommandExecutor.java:190)
at org.openqa.selenium.remote.service.DriverCommandExecutor.invokeExecute(DriverCommandExecutor.java:216)
at org.openqa.selenium.remote.service.DriverCommandExecutor.execute(DriverCommandExecutor.java:174)
at org.openqa.selenium.remote.RemoteWebDriver.execute(RemoteWebDriver.java:518)
at org.openqa.selenium.remote.RemoteWebElement.execute(RemoteWebElement.java:223)
at org.openqa.selenium.remote.RemoteWebElement.click(RemoteWebElement.java:76)
at pageObjects.ManageProgramPageValidation.clickNextButton(ManageProgramPageValidation.java:68)
at stepdefinitions.ManageProgramValidationDefinition.admin_clicks_next_page_link_on_the_program_table(ManageProgramValidationDefinition.java:57)
at ✽.Admin clicks Next page link on the program table(file:///C:/Users/Deepthi/OneDrive/Documents/GitHub/Team3_Ninja_Hackers_Hackathon_April_2024/src/test/resources/features/06ManageProgramPageValidation.feature:31)
]]>
    </error>
  </testcase> <!-- runScenario -->
  <system-out/>
  <testcase classname="runner.TestRunner" name="runScenario" time="0.144">
    <error message="Element &lt;button id=&quot;user&quot; class=&quot;mat-focus-indicator mat-button mat-button-base&quot;&gt; is not clickable at point (1413,32) because another element &lt;div class=&quot;p-toast-message-content ng-tns-c90-9&quot;&gt; obscures it
Build info: version: &#039;4.19.1&#039;, revision: &#039;abe0ee07dc&#039;
System info: os.name: &#039;Windows 11&#039;, os.arch: &#039;amd64&#039;, os.version: &#039;10.0&#039;, java.version: &#039;21.0.1&#039;
Driver info: org.openqa.selenium.firefox.FirefoxDriver
Command: [3271a220-705c-4c6e-9a6e-29b44d612cb1, clickElement {id=b8428683-52c3-4593-82ba-45f351b1d4c1}]
Capabilities {acceptInsecureCerts: true, browserName: firefox, browserVersion: 125.0.2, moz:accessibilityChecks: false, moz:buildID: 20240419144423, moz:debuggerAddress: 127.0.0.1:29009, moz:geckodriverVersion: 0.34.0, moz:headless: false, moz:platformVersion: 10.0, moz:processID: 33984, moz:profile: C:\Users\Deepthi\AppData\Lo..., moz:shutdownTimeout: 60000, moz:webdriverClick: true, moz:windowless: false, pageLoadStrategy: normal, platformName: windows, proxy: Proxy(), se:cdp: ws://127.0.0.1:29009/devtoo..., se:cdpVersion: 85.0, setWindowRect: true, strictFileInteractability: false, timeouts: {implicit: 0, pageLoad: 300000, script: 30000}, unhandledPromptBehavior: dismiss and notify, userAgent: Mozilla/5.0 (Windows NT 10....}
Element: [[FirefoxDriver: firefox on windows (3271a220-705c-4c6e-9a6e-29b44d612cb1)] -&gt; xpath: //button[@id=&#039;user&#039;]]
Session ID: 3271a220-705c-4c6e-9a6e-29b44d612cb1" type="org.openqa.selenium.ElementClickInterceptedException">
      <![CDATA[org.openqa.selenium.ElementClickInterceptedException: Element <button id="user" class="mat-focus-indicator mat-button mat-button-base"> is not clickable at point (1413,32) because another element <div class="p-toast-message-content ng-tns-c90-9"> obscures it
Build info: version: '4.19.1', revision: 'abe0ee07dc'
System info: os.name: 'Windows 11', os.arch: 'amd64', os.version: '10.0', java.version: '21.0.1'
Driver info: org.openqa.selenium.firefox.FirefoxDriver
Command: [3271a220-705c-4c6e-9a6e-29b44d612cb1, clickElement {id=b8428683-52c3-4593-82ba-45f351b1d4c1}]
Capabilities {acceptInsecureCerts: true, browserName: firefox, browserVersion: 125.0.2, moz:accessibilityChecks: false, moz:buildID: 20240419144423, moz:debuggerAddress: 127.0.0.1:29009, moz:geckodriverVersion: 0.34.0, moz:headless: false, moz:platformVersion: 10.0, moz:processID: 33984, moz:profile: C:\Users\Deepthi\AppData\Lo..., moz:shutdownTimeout: 60000, moz:webdriverClick: true, moz:windowless: false, pageLoadStrategy: normal, platformName: windows, proxy: Proxy(), se:cdp: ws://127.0.0.1:29009/devtoo..., se:cdpVersion: 85.0, setWindowRect: true, strictFileInteractability: false, timeouts: {implicit: 0, pageLoad: 300000, script: 30000}, unhandledPromptBehavior: dismiss and notify, userAgent: Mozilla/5.0 (Windows NT 10....}
Element: [[FirefoxDriver: firefox on windows (3271a220-705c-4c6e-9a6e-29b44d612cb1)] -> xpath: //button[@id='user']]
Session ID: 3271a220-705c-4c6e-9a6e-29b44d612cb1
at java.base/jdk.internal.reflect.DirectConstructorHandleAccessor.newInstance(DirectConstructorHandleAccessor.java:62)
at java.base/java.lang.reflect.Constructor.newInstanceWithCaller(Constructor.java:502)
at java.base/java.lang.reflect.Constructor.newInstance(Constructor.java:486)
at org.openqa.selenium.remote.ErrorCodec.decode(ErrorCodec.java:167)
at org.openqa.selenium.remote.codec.w3c.W3CHttpResponseCodec.decode(W3CHttpResponseCodec.java:138)
at org.openqa.selenium.remote.codec.w3c.W3CHttpResponseCodec.decode(W3CHttpResponseCodec.java:50)
at org.openqa.selenium.remote.HttpCommandExecutor.execute(HttpCommandExecutor.java:190)
at org.openqa.selenium.remote.service.DriverCommandExecutor.invokeExecute(DriverCommandExecutor.java:216)
at org.openqa.selenium.remote.service.DriverCommandExecutor.execute(DriverCommandExecutor.java:174)
at org.openqa.selenium.remote.RemoteWebDriver.execute(RemoteWebDriver.java:518)
at org.openqa.selenium.remote.RemoteWebElement.execute(RemoteWebElement.java:223)
at org.openqa.selenium.remote.RemoteWebElement.click(RemoteWebElement.java:76)
at pageObjects.AssignStudentPage.isUserClicked(AssignStudentPage.java:60)
at stepdefinitions.AssignStudent.admin_clicks_from_navigation_bar(AssignStudent.java:27)
at ✽.Admin clicks "User" from navigation bar(file:///C:/Users/Deepthi/OneDrive/Documents/GitHub/Team3_Ninja_Hackers_Hackathon_April_2024/src/test/resources/features/09User.feature:23)
]]>
    </error>
  </testcase> <!-- runScenario -->
  <system-out/>
  <testcase classname="runner.TestRunner" name="runScenario" time="0.151">
    <error message="Element &lt;th class=&quot;p-sortable-column&quot;&gt; is not clickable at point (916,218) because another element &lt;div class=&quot;p-dialog-header ng-tns-c132-3 ng-star-inserted&quot;&gt; obscures it
Build info: version: &#039;4.19.1&#039;, revision: &#039;abe0ee07dc&#039;
System info: os.name: &#039;Windows 11&#039;, os.arch: &#039;amd64&#039;, os.version: &#039;10.0&#039;, java.version: &#039;21.0.1&#039;
Driver info: org.openqa.selenium.firefox.FirefoxDriver
Command: [3271a220-705c-4c6e-9a6e-29b44d612cb1, clickElement {id=9f07f55d-4bec-4972-b112-52a1e61b08e3}]
Capabilities {acceptInsecureCerts: true, browserName: firefox, browserVersion: 125.0.2, moz:accessibilityChecks: false, moz:buildID: 20240419144423, moz:debuggerAddress: 127.0.0.1:29009, moz:geckodriverVersion: 0.34.0, moz:headless: false, moz:platformVersion: 10.0, moz:processID: 33984, moz:profile: C:\Users\Deepthi\AppData\Lo..., moz:shutdownTimeout: 60000, moz:webdriverClick: true, moz:windowless: false, pageLoadStrategy: normal, platformName: windows, proxy: Proxy(), se:cdp: ws://127.0.0.1:29009/devtoo..., se:cdpVersion: 85.0, setWindowRect: true, strictFileInteractability: false, timeouts: {implicit: 0, pageLoad: 300000, script: 30000}, unhandledPromptBehavior: dismiss and notify, userAgent: Mozilla/5.0 (Windows NT 10....}
Element: [[FirefoxDriver: firefox on windows (3271a220-705c-4c6e-9a6e-29b44d612cb1)] -&gt; xpath: //th[@psortablecolumn=&#039;programStatus&#039;]]
Session ID: 3271a220-705c-4c6e-9a6e-29b44d612cb1" type="org.openqa.selenium.ElementClickInterceptedException">
      <![CDATA[org.openqa.selenium.ElementClickInterceptedException: Element <th class="p-sortable-column"> is not clickable at point (916,218) because another element <div class="p-dialog-header ng-tns-c132-3 ng-star-inserted"> obscures it
Build info: version: '4.19.1', revision: 'abe0ee07dc'
System info: os.name: 'Windows 11', os.arch: 'amd64', os.version: '10.0', java.version: '21.0.1'
Driver info: org.openqa.selenium.firefox.FirefoxDriver
Command: [3271a220-705c-4c6e-9a6e-29b44d612cb1, clickElement {id=9f07f55d-4bec-4972-b112-52a1e61b08e3}]
Capabilities {acceptInsecureCerts: true, browserName: firefox, browserVersion: 125.0.2, moz:accessibilityChecks: false, moz:buildID: 20240419144423, moz:debuggerAddress: 127.0.0.1:29009, moz:geckodriverVersion: 0.34.0, moz:headless: false, moz:platformVersion: 10.0, moz:processID: 33984, moz:profile: C:\Users\Deepthi\AppData\Lo..., moz:shutdownTimeout: 60000, moz:webdriverClick: true, moz:windowless: false, pageLoadStrategy: normal, platformName: windows, proxy: Proxy(), se:cdp: ws://127.0.0.1:29009/devtoo..., se:cdpVersion: 85.0, setWindowRect: true, strictFileInteractability: false, timeouts: {implicit: 0, pageLoad: 300000, script: 30000}, unhandledPromptBehavior: dismiss and notify, userAgent: Mozilla/5.0 (Windows NT 10....}
Element: [[FirefoxDriver: firefox on windows (3271a220-705c-4c6e-9a6e-29b44d612cb1)] -> xpath: //th[@psortablecolumn='programStatus']]
Session ID: 3271a220-705c-4c6e-9a6e-29b44d612cb1
at java.base/jdk.internal.reflect.DirectConstructorHandleAccessor.newInstance(DirectConstructorHandleAccessor.java:62)
at java.base/java.lang.reflect.Constructor.newInstanceWithCaller(Constructor.java:502)
at java.base/java.lang.reflect.Constructor.newInstance(Constructor.java:486)
at org.openqa.selenium.remote.ErrorCodec.decode(ErrorCodec.java:167)
at org.openqa.selenium.remote.codec.w3c.W3CHttpResponseCodec.decode(W3CHttpResponseCodec.java:138)
at org.openqa.selenium.remote.codec.w3c.W3CHttpResponseCodec.decode(W3CHttpResponseCodec.java:50)
at org.openqa.selenium.remote.HttpCommandExecutor.execute(HttpCommandExecutor.java:190)
at org.openqa.selenium.remote.service.DriverCommandExecutor.invokeExecute(DriverCommandExecutor.java:216)
at org.openqa.selenium.remote.service.DriverCommandExecutor.execute(DriverCommandExecutor.java:174)
at org.openqa.selenium.remote.RemoteWebDriver.execute(RemoteWebDriver.java:518)
at org.openqa.selenium.remote.RemoteWebElement.execute(RemoteWebElement.java:223)
at org.openqa.selenium.remote.RemoteWebElement.click(RemoteWebElement.java:76)
at pageObjects.ManageProgramPageSorting.clickProgramStatusIcon(ManageProgramPageSorting.java:133)
at stepdefinitions.ManageProgramPageSortingDefinitions.admin_clicks_the_sort_icon_of_program_status_column(ManageProgramPageSortingDefinitions.java:144)
at ✽.Admin clicks the sort icon of program Status column(file:///C:/Users/Deepthi/OneDrive/Documents/GitHub/Team3_Ninja_Hackers_Hackathon_April_2024/src/test/resources/features/05ManageProgramPageSorting.feature:41)
]]>
    </error>
  </testcase> <!-- runScenario -->
  <system-out/>
  <testcase classname="runner.TestRunner" name="runScenario" time="1.005"/>
  <system-out/>
  <testcase classname="runner.TestRunner" name="runScenario" time="3.772"/>
  <system-out/>
  <testcase classname="runner.TestRunner" name="runScenario" time="0.157">
    <error message="Element &lt;button id=&quot;Assign&quot; class=&quot;p-button-rounded p-button-success p-button p-component&quot;&gt; is not clickable at point (1295,166) because another element &lt;div class=&quot;ng-tns-c132-7 p-dialog-mask p-component-overlay p-dialog-mask-scrollblocker ng-star-inserted&quot;&gt; obscures it
Build info: version: &#039;4.19.1&#039;, revision: &#039;abe0ee07dc&#039;
System info: os.name: &#039;Windows 11&#039;, os.arch: &#039;amd64&#039;, os.version: &#039;10.0&#039;, java.version: &#039;21.0.1&#039;
Driver info: org.openqa.selenium.firefox.FirefoxDriver
Command: [3271a220-705c-4c6e-9a6e-29b44d612cb1, clickElement {id=c2ac8dfb-558a-40b3-a4dd-c0bcf289eca2}]
Capabilities {acceptInsecureCerts: true, browserName: firefox, browserVersion: 125.0.2, moz:accessibilityChecks: false, moz:buildID: 20240419144423, moz:debuggerAddress: 127.0.0.1:29009, moz:geckodriverVersion: 0.34.0, moz:headless: false, moz:platformVersion: 10.0, moz:processID: 33984, moz:profile: C:\Users\Deepthi\AppData\Lo..., moz:shutdownTimeout: 60000, moz:webdriverClick: true, moz:windowless: false, pageLoadStrategy: normal, platformName: windows, proxy: Proxy(), se:cdp: ws://127.0.0.1:29009/devtoo..., se:cdpVersion: 85.0, setWindowRect: true, strictFileInteractability: false, timeouts: {implicit: 0, pageLoad: 300000, script: 30000}, unhandledPromptBehavior: dismiss and notify, userAgent: Mozilla/5.0 (Windows NT 10....}
Element: [[FirefoxDriver: firefox on windows (3271a220-705c-4c6e-9a6e-29b44d612cb1)] -&gt; xpath: .//button[@label=&#039;Assign Staff&#039;]]
Session ID: 3271a220-705c-4c6e-9a6e-29b44d612cb1" type="org.openqa.selenium.ElementClickInterceptedException">
      <![CDATA[org.openqa.selenium.ElementClickInterceptedException: Element <button id="Assign" class="p-button-rounded p-button-success p-button p-component"> is not clickable at point (1295,166) because another element <div class="ng-tns-c132-7 p-dialog-mask p-component-overlay p-dialog-mask-scrollblocker ng-star-inserted"> obscures it
Build info: version: '4.19.1', revision: 'abe0ee07dc'
System info: os.name: 'Windows 11', os.arch: 'amd64', os.version: '10.0', java.version: '21.0.1'
Driver info: org.openqa.selenium.firefox.FirefoxDriver
Command: [3271a220-705c-4c6e-9a6e-29b44d612cb1, clickElement {id=c2ac8dfb-558a-40b3-a4dd-c0bcf289eca2}]
Capabilities {acceptInsecureCerts: true, browserName: firefox, browserVersion: 125.0.2, moz:accessibilityChecks: false, moz:buildID: 20240419144423, moz:debuggerAddress: 127.0.0.1:29009, moz:geckodriverVersion: 0.34.0, moz:headless: false, moz:platformVersion: 10.0, moz:processID: 33984, moz:profile: C:\Users\Deepthi\AppData\Lo..., moz:shutdownTimeout: 60000, moz:webdriverClick: true, moz:windowless: false, pageLoadStrategy: normal, platformName: windows, proxy: Proxy(), se:cdp: ws://127.0.0.1:29009/devtoo..., se:cdpVersion: 85.0, setWindowRect: true, strictFileInteractability: false, timeouts: {implicit: 0, pageLoad: 300000, script: 30000}, unhandledPromptBehavior: dismiss and notify, userAgent: Mozilla/5.0 (Windows NT 10....}
Element: [[FirefoxDriver: firefox on windows (3271a220-705c-4c6e-9a6e-29b44d612cb1)] -> xpath: .//button[@label='Assign Staff']]
Session ID: 3271a220-705c-4c6e-9a6e-29b44d612cb1
at java.base/jdk.internal.reflect.DirectConstructorHandleAccessor.newInstance(DirectConstructorHandleAccessor.java:62)
at java.base/java.lang.reflect.Constructor.newInstanceWithCaller(Constructor.java:502)
at java.base/java.lang.reflect.Constructor.newInstance(Constructor.java:486)
at org.openqa.selenium.remote.ErrorCodec.decode(ErrorCodec.java:167)
at org.openqa.selenium.remote.codec.w3c.W3CHttpResponseCodec.decode(W3CHttpResponseCodec.java:138)
at org.openqa.selenium.remote.codec.w3c.W3CHttpResponseCodec.decode(W3CHttpResponseCodec.java:50)
at org.openqa.selenium.remote.HttpCommandExecutor.execute(HttpCommandExecutor.java:190)
at org.openqa.selenium.remote.service.DriverCommandExecutor.invokeExecute(DriverCommandExecutor.java:216)
at org.openqa.selenium.remote.service.DriverCommandExecutor.execute(DriverCommandExecutor.java:174)
at org.openqa.selenium.remote.RemoteWebDriver.execute(RemoteWebDriver.java:518)
at org.openqa.selenium.remote.RemoteWebElement.execute(RemoteWebElement.java:223)
at org.openqa.selenium.remote.RemoteWebElement.click(RemoteWebElement.java:76)
at pageObjects.AssignStaffPage.clickButton(AssignStaffPage.java:105)
at stepdefinitions.AssignStaff.admin_is_in_assign_staff_details_pop_up_page(AssignStaff.java:36)
at ✽.Admin is in Assign Staff details pop up page(file:///C:/Users/Deepthi/OneDrive/Documents/GitHub/Team3_Ninja_Hackers_Hackathon_April_2024/src/test/resources/features/14AssignStaff.feature:78)
]]>
    </error>
  </testcase> <!-- runScenario -->
  <system-out/>
  <testcase classname="runner.TestRunner" name="runScenario" time="0.139">
    <error message="Element &lt;i class=&quot;p-sortable-column-icon pi pi-fw pi-sort-alt&quot;&gt; is not clickable at point (446,219) because another element &lt;div class=&quot;ng-tns-c132-3 p-dialog-mask p-component-overlay p-dialog-mask-scrollblocker ng-star-inserted&quot;&gt; obscures it
Build info: version: &#039;4.19.1&#039;, revision: &#039;abe0ee07dc&#039;
System info: os.name: &#039;Windows 11&#039;, os.arch: &#039;amd64&#039;, os.version: &#039;10.0&#039;, java.version: &#039;21.0.1&#039;
Driver info: org.openqa.selenium.firefox.FirefoxDriver
Command: [3271a220-705c-4c6e-9a6e-29b44d612cb1, clickElement {id=b5a20b39-1ea1-48e5-aa65-19d2a01ca71d}]
Capabilities {acceptInsecureCerts: true, browserName: firefox, browserVersion: 125.0.2, moz:accessibilityChecks: false, moz:buildID: 20240419144423, moz:debuggerAddress: 127.0.0.1:29009, moz:geckodriverVersion: 0.34.0, moz:headless: false, moz:platformVersion: 10.0, moz:processID: 33984, moz:profile: C:\Users\Deepthi\AppData\Lo..., moz:shutdownTimeout: 60000, moz:webdriverClick: true, moz:windowless: false, pageLoadStrategy: normal, platformName: windows, proxy: Proxy(), se:cdp: ws://127.0.0.1:29009/devtoo..., se:cdpVersion: 85.0, setWindowRect: true, strictFileInteractability: false, timeouts: {implicit: 0, pageLoad: 300000, script: 30000}, unhandledPromptBehavior: dismiss and notify, userAgent: Mozilla/5.0 (Windows NT 10....}
Element: [[FirefoxDriver: firefox on windows (3271a220-705c-4c6e-9a6e-29b44d612cb1)] -&gt; xpath: //p-sorticon[@field=&#039;programName&#039;]/i]
Session ID: 3271a220-705c-4c6e-9a6e-29b44d612cb1" type="org.openqa.selenium.ElementClickInterceptedException">
      <![CDATA[org.openqa.selenium.ElementClickInterceptedException: Element <i class="p-sortable-column-icon pi pi-fw pi-sort-alt"> is not clickable at point (446,219) because another element <div class="ng-tns-c132-3 p-dialog-mask p-component-overlay p-dialog-mask-scrollblocker ng-star-inserted"> obscures it
Build info: version: '4.19.1', revision: 'abe0ee07dc'
System info: os.name: 'Windows 11', os.arch: 'amd64', os.version: '10.0', java.version: '21.0.1'
Driver info: org.openqa.selenium.firefox.FirefoxDriver
Command: [3271a220-705c-4c6e-9a6e-29b44d612cb1, clickElement {id=b5a20b39-1ea1-48e5-aa65-19d2a01ca71d}]
Capabilities {acceptInsecureCerts: true, browserName: firefox, browserVersion: 125.0.2, moz:accessibilityChecks: false, moz:buildID: 20240419144423, moz:debuggerAddress: 127.0.0.1:29009, moz:geckodriverVersion: 0.34.0, moz:headless: false, moz:platformVersion: 10.0, moz:processID: 33984, moz:profile: C:\Users\Deepthi\AppData\Lo..., moz:shutdownTimeout: 60000, moz:webdriverClick: true, moz:windowless: false, pageLoadStrategy: normal, platformName: windows, proxy: Proxy(), se:cdp: ws://127.0.0.1:29009/devtoo..., se:cdpVersion: 85.0, setWindowRect: true, strictFileInteractability: false, timeouts: {implicit: 0, pageLoad: 300000, script: 30000}, unhandledPromptBehavior: dismiss and notify, userAgent: Mozilla/5.0 (Windows NT 10....}
Element: [[FirefoxDriver: firefox on windows (3271a220-705c-4c6e-9a6e-29b44d612cb1)] -> xpath: //p-sorticon[@field='programName']/i]
Session ID: 3271a220-705c-4c6e-9a6e-29b44d612cb1
at java.base/jdk.internal.reflect.DirectConstructorHandleAccessor.newInstance(DirectConstructorHandleAccessor.java:62)
at java.base/java.lang.reflect.Constructor.newInstanceWithCaller(Constructor.java:502)
at java.base/java.lang.reflect.Constructor.newInstance(Constructor.java:486)
at org.openqa.selenium.remote.ErrorCodec.decode(ErrorCodec.java:167)
at org.openqa.selenium.remote.codec.w3c.W3CHttpResponseCodec.decode(W3CHttpResponseCodec.java:138)
at org.openqa.selenium.remote.codec.w3c.W3CHttpResponseCodec.decode(W3CHttpResponseCodec.java:50)
at org.openqa.selenium.remote.HttpCommandExecutor.execute(HttpCommandExecutor.java:190)
at org.openqa.selenium.remote.service.DriverCommandExecutor.invokeExecute(DriverCommandExecutor.java:216)
at org.openqa.selenium.remote.service.DriverCommandExecutor.execute(DriverCommandExecutor.java:174)
at org.openqa.selenium.remote.RemoteWebDriver.execute(RemoteWebDriver.java:518)
at org.openqa.selenium.remote.RemoteWebElement.execute(RemoteWebElement.java:223)
at org.openqa.selenium.remote.RemoteWebElement.click(RemoteWebElement.java:76)
at pageObjects.ManageProgramPageSorting.clickProgramNameSortIcon(ManageProgramPageSorting.java:41)
at stepdefinitions.ManageProgramPageSortingDefinitions.admin_clicks_the_sort_icon_of_program_name_column(ManageProgramPageSortingDefinitions.java:49)
at ✽.Admin clicks the sort icon of program name column(file:///C:/Users/Deepthi/OneDrive/Documents/GitHub/Team3_Ninja_Hackers_Hackathon_April_2024/src/test/resources/features/05ManageProgramPageSorting.feature:19)
]]>
    </error>
  </testcase> <!-- runScenario -->
  <system-out/>
  <testcase classname="runner.TestRunner" name="runScenario" time="2.735"/>
  <system-out/>
  <testcase classname="runner.TestRunner" name="runScenario" time="6.895"/>
  <system-out/>
  <testcase classname="runner.TestRunner" name="runScenario" time="0.133">
    <error message="Element &lt;button id=&quot;user&quot; class=&quot;mat-focus-indicator mat-button mat-button-base&quot;&gt; is not clickable at point (1413,32) because another element &lt;div class=&quot;ng-tns-c132-3 p-dialog-mask p-component-overlay p-dialog-mask-scrollblocker ng-star-inserted&quot;&gt; obscures it
Build info: version: &#039;4.19.1&#039;, revision: &#039;abe0ee07dc&#039;
System info: os.name: &#039;Windows 11&#039;, os.arch: &#039;amd64&#039;, os.version: &#039;10.0&#039;, java.version: &#039;21.0.1&#039;
Driver info: org.openqa.selenium.firefox.FirefoxDriver
Command: [3271a220-705c-4c6e-9a6e-29b44d612cb1, clickElement {id=0618a27d-05e8-401b-9a99-80227d62a23d}]
Capabilities {acceptInsecureCerts: true, browserName: firefox, browserVersion: 125.0.2, moz:accessibilityChecks: false, moz:buildID: 20240419144423, moz:debuggerAddress: 127.0.0.1:29009, moz:geckodriverVersion: 0.34.0, moz:headless: false, moz:platformVersion: 10.0, moz:processID: 33984, moz:profile: C:\Users\Deepthi\AppData\Lo..., moz:shutdownTimeout: 60000, moz:webdriverClick: true, moz:windowless: false, pageLoadStrategy: normal, platformName: windows, proxy: Proxy(), se:cdp: ws://127.0.0.1:29009/devtoo..., se:cdpVersion: 85.0, setWindowRect: true, strictFileInteractability: false, timeouts: {implicit: 0, pageLoad: 300000, script: 30000}, unhandledPromptBehavior: dismiss and notify, userAgent: Mozilla/5.0 (Windows NT 10....}
Element: [[FirefoxDriver: firefox on windows (3271a220-705c-4c6e-9a6e-29b44d612cb1)] -&gt; xpath: //button[@id=&#039;user&#039;]]
Session ID: 3271a220-705c-4c6e-9a6e-29b44d612cb1" type="org.openqa.selenium.ElementClickInterceptedException">
      <![CDATA[org.openqa.selenium.ElementClickInterceptedException: Element <button id="user" class="mat-focus-indicator mat-button mat-button-base"> is not clickable at point (1413,32) because another element <div class="ng-tns-c132-3 p-dialog-mask p-component-overlay p-dialog-mask-scrollblocker ng-star-inserted"> obscures it
Build info: version: '4.19.1', revision: 'abe0ee07dc'
System info: os.name: 'Windows 11', os.arch: 'amd64', os.version: '10.0', java.version: '21.0.1'
Driver info: org.openqa.selenium.firefox.FirefoxDriver
Command: [3271a220-705c-4c6e-9a6e-29b44d612cb1, clickElement {id=0618a27d-05e8-401b-9a99-80227d62a23d}]
Capabilities {acceptInsecureCerts: true, browserName: firefox, browserVersion: 125.0.2, moz:accessibilityChecks: false, moz:buildID: 20240419144423, moz:debuggerAddress: 127.0.0.1:29009, moz:geckodriverVersion: 0.34.0, moz:headless: false, moz:platformVersion: 10.0, moz:processID: 33984, moz:profile: C:\Users\Deepthi\AppData\Lo..., moz:shutdownTimeout: 60000, moz:webdriverClick: true, moz:windowless: false, pageLoadStrategy: normal, platformName: windows, proxy: Proxy(), se:cdp: ws://127.0.0.1:29009/devtoo..., se:cdpVersion: 85.0, setWindowRect: true, strictFileInteractability: false, timeouts: {implicit: 0, pageLoad: 300000, script: 30000}, unhandledPromptBehavior: dismiss and notify, userAgent: Mozilla/5.0 (Windows NT 10....}
Element: [[FirefoxDriver: firefox on windows (3271a220-705c-4c6e-9a6e-29b44d612cb1)] -> xpath: //button[@id='user']]
Session ID: 3271a220-705c-4c6e-9a6e-29b44d612cb1
at java.base/jdk.internal.reflect.DirectConstructorHandleAccessor.newInstance(DirectConstructorHandleAccessor.java:62)
at java.base/java.lang.reflect.Constructor.newInstanceWithCaller(Constructor.java:502)
at java.base/java.lang.reflect.Constructor.newInstance(Constructor.java:486)
at org.openqa.selenium.remote.ErrorCodec.decode(ErrorCodec.java:167)
at org.openqa.selenium.remote.codec.w3c.W3CHttpResponseCodec.decode(W3CHttpResponseCodec.java:138)
at org.openqa.selenium.remote.codec.w3c.W3CHttpResponseCodec.decode(W3CHttpResponseCodec.java:50)
at org.openqa.selenium.remote.HttpCommandExecutor.execute(HttpCommandExecutor.java:190)
at org.openqa.selenium.remote.service.DriverCommandExecutor.invokeExecute(DriverCommandExecutor.java:216)
at org.openqa.selenium.remote.service.DriverCommandExecutor.execute(DriverCommandExecutor.java:174)
at org.openqa.selenium.remote.RemoteWebDriver.execute(RemoteWebDriver.java:518)
at org.openqa.selenium.remote.RemoteWebElement.execute(RemoteWebElement.java:223)
at org.openqa.selenium.remote.RemoteWebElement.click(RemoteWebElement.java:76)
at pageObjects.AssignStudentPage.isUserClicked(AssignStudentPage.java:60)
at stepdefinitions.AssignStudent.admin_clicks_from_navigation_bar(AssignStudent.java:27)
at ✽.Admin clicks "Batch" from navigation bar(file:///C:/Users/Deepthi/OneDrive/Documents/GitHub/Team3_Ninja_Hackers_Hackathon_April_2024/src/test/resources/features/07Batch.feature:44)
]]>
    </error>
  </testcase> <!-- runScenario -->
  <system-out/>
  <testcase classname="runner.TestRunner" name="runScenario" time="2.168">
    <error message="Element &lt;button id=&quot;new&quot; class=&quot;p-button-rounded p-button-success p-button p-component&quot;&gt; is not clickable at point (1100,166) because another element &lt;div class=&quot;ng-tns-c132-3 p-dialog-mask p-component-overlay p-dialog-mask-scrollblocker ng-star-inserted&quot;&gt; obscures it
Build info: version: &#039;4.19.1&#039;, revision: &#039;abe0ee07dc&#039;
System info: os.name: &#039;Windows 11&#039;, os.arch: &#039;amd64&#039;, os.version: &#039;10.0&#039;, java.version: &#039;21.0.1&#039;
Driver info: org.openqa.selenium.firefox.FirefoxDriver
Command: [3271a220-705c-4c6e-9a6e-29b44d612cb1, clickElement {id=9c166347-c665-4e60-917c-5ca0f71eaccc}]
Capabilities {acceptInsecureCerts: true, browserName: firefox, browserVersion: 125.0.2, moz:accessibilityChecks: false, moz:buildID: 20240419144423, moz:debuggerAddress: 127.0.0.1:29009, moz:geckodriverVersion: 0.34.0, moz:headless: false, moz:platformVersion: 10.0, moz:processID: 33984, moz:profile: C:\Users\Deepthi\AppData\Lo..., moz:shutdownTimeout: 60000, moz:webdriverClick: true, moz:windowless: false, pageLoadStrategy: normal, platformName: windows, proxy: Proxy(), se:cdp: ws://127.0.0.1:29009/devtoo..., se:cdpVersion: 85.0, setWindowRect: true, strictFileInteractability: false, timeouts: {implicit: 0, pageLoad: 300000, script: 30000}, unhandledPromptBehavior: dismiss and notify, userAgent: Mozilla/5.0 (Windows NT 10....}
Element: [[FirefoxDriver: firefox on windows (3271a220-705c-4c6e-9a6e-29b44d612cb1)] -&gt; xpath: .//button[@label=&#039;A New Program&#039;]]
Session ID: 3271a220-705c-4c6e-9a6e-29b44d612cb1" type="org.openqa.selenium.ElementClickInterceptedException">
      <![CDATA[org.openqa.selenium.ElementClickInterceptedException: Element <button id="new" class="p-button-rounded p-button-success p-button p-component"> is not clickable at point (1100,166) because another element <div class="ng-tns-c132-3 p-dialog-mask p-component-overlay p-dialog-mask-scrollblocker ng-star-inserted"> obscures it
Build info: version: '4.19.1', revision: 'abe0ee07dc'
System info: os.name: 'Windows 11', os.arch: 'amd64', os.version: '10.0', java.version: '21.0.1'
Driver info: org.openqa.selenium.firefox.FirefoxDriver
Command: [3271a220-705c-4c6e-9a6e-29b44d612cb1, clickElement {id=9c166347-c665-4e60-917c-5ca0f71eaccc}]
Capabilities {acceptInsecureCerts: true, browserName: firefox, browserVersion: 125.0.2, moz:accessibilityChecks: false, moz:buildID: 20240419144423, moz:debuggerAddress: 127.0.0.1:29009, moz:geckodriverVersion: 0.34.0, moz:headless: false, moz:platformVersion: 10.0, moz:processID: 33984, moz:profile: C:\Users\Deepthi\AppData\Lo..., moz:shutdownTimeout: 60000, moz:webdriverClick: true, moz:windowless: false, pageLoadStrategy: normal, platformName: windows, proxy: Proxy(), se:cdp: ws://127.0.0.1:29009/devtoo..., se:cdpVersion: 85.0, setWindowRect: true, strictFileInteractability: false, timeouts: {implicit: 0, pageLoad: 300000, script: 30000}, unhandledPromptBehavior: dismiss and notify, userAgent: Mozilla/5.0 (Windows NT 10....}
Element: [[FirefoxDriver: firefox on windows (3271a220-705c-4c6e-9a6e-29b44d612cb1)] -> xpath: .//button[@label='A New Program']]
Session ID: 3271a220-705c-4c6e-9a6e-29b44d612cb1
at java.base/jdk.internal.reflect.DirectConstructorHandleAccessor.newInstance(DirectConstructorHandleAccessor.java:62)
at java.base/java.lang.reflect.Constructor.newInstanceWithCaller(Constructor.java:502)
at java.base/java.lang.reflect.Constructor.newInstance(Constructor.java:486)
at org.openqa.selenium.remote.ErrorCodec.decode(ErrorCodec.java:167)
at org.openqa.selenium.remote.codec.w3c.W3CHttpResponseCodec.decode(W3CHttpResponseCodec.java:138)
at org.openqa.selenium.remote.codec.w3c.W3CHttpResponseCodec.decode(W3CHttpResponseCodec.java:50)
at org.openqa.selenium.remote.HttpCommandExecutor.execute(HttpCommandExecutor.java:190)
at org.openqa.selenium.remote.service.DriverCommandExecutor.invokeExecute(DriverCommandExecutor.java:216)
at org.openqa.selenium.remote.service.DriverCommandExecutor.execute(DriverCommandExecutor.java:174)
at org.openqa.selenium.remote.RemoteWebDriver.execute(RemoteWebDriver.java:518)
at org.openqa.selenium.remote.RemoteWebElement.execute(RemoteWebElement.java:223)
at org.openqa.selenium.remote.RemoteWebElement.click(RemoteWebElement.java:76)
at pageObjects.AssignStudentPage.clickButton(AssignStudentPage.java:143)
at stepdefinitions.AssignStudent.admin_clicks_button(AssignStudent.java:40)
at ✽.Admin clicks "A New Program" button(file:///C:/Users/Deepthi/OneDrive/Documents/GitHub/Team3_Ninja_Hackers_Hackathon_April_2024/src/test/resources/features/04AddProgram.feature:5)
]]>
    </error>
  </testcase> <!-- runScenario -->
  <system-out/>
  <testcase classname="runner.TestRunner" name="runScenario" time="0.173">
    <error message="Element &lt;button id=&quot;Assign&quot; class=&quot;p-button-rounded p-button-success p-button p-component&quot;&gt; is not clickable at point (1295,166) because another element &lt;div class=&quot;ng-tns-c132-7 p-dialog-mask p-component-overlay p-dialog-mask-scrollblocker ng-star-inserted&quot;&gt; obscures it
Build info: version: &#039;4.19.1&#039;, revision: &#039;abe0ee07dc&#039;
System info: os.name: &#039;Windows 11&#039;, os.arch: &#039;amd64&#039;, os.version: &#039;10.0&#039;, java.version: &#039;21.0.1&#039;
Driver info: org.openqa.selenium.firefox.FirefoxDriver
Command: [3271a220-705c-4c6e-9a6e-29b44d612cb1, clickElement {id=c2ac8dfb-558a-40b3-a4dd-c0bcf289eca2}]
Capabilities {acceptInsecureCerts: true, browserName: firefox, browserVersion: 125.0.2, moz:accessibilityChecks: false, moz:buildID: 20240419144423, moz:debuggerAddress: 127.0.0.1:29009, moz:geckodriverVersion: 0.34.0, moz:headless: false, moz:platformVersion: 10.0, moz:processID: 33984, moz:profile: C:\Users\Deepthi\AppData\Lo..., moz:shutdownTimeout: 60000, moz:webdriverClick: true, moz:windowless: false, pageLoadStrategy: normal, platformName: windows, proxy: Proxy(), se:cdp: ws://127.0.0.1:29009/devtoo..., se:cdpVersion: 85.0, setWindowRect: true, strictFileInteractability: false, timeouts: {implicit: 0, pageLoad: 300000, script: 30000}, unhandledPromptBehavior: dismiss and notify, userAgent: Mozilla/5.0 (Windows NT 10....}
Element: [[FirefoxDriver: firefox on windows (3271a220-705c-4c6e-9a6e-29b44d612cb1)] -&gt; xpath: .//button[@label=&#039;Assign Staff&#039;]]
Session ID: 3271a220-705c-4c6e-9a6e-29b44d612cb1" type="org.openqa.selenium.ElementClickInterceptedException">
      <![CDATA[org.openqa.selenium.ElementClickInterceptedException: Element <button id="Assign" class="p-button-rounded p-button-success p-button p-component"> is not clickable at point (1295,166) because another element <div class="ng-tns-c132-7 p-dialog-mask p-component-overlay p-dialog-mask-scrollblocker ng-star-inserted"> obscures it
Build info: version: '4.19.1', revision: 'abe0ee07dc'
System info: os.name: 'Windows 11', os.arch: 'amd64', os.version: '10.0', java.version: '21.0.1'
Driver info: org.openqa.selenium.firefox.FirefoxDriver
Command: [3271a220-705c-4c6e-9a6e-29b44d612cb1, clickElement {id=c2ac8dfb-558a-40b3-a4dd-c0bcf289eca2}]
Capabilities {acceptInsecureCerts: true, browserName: firefox, browserVersion: 125.0.2, moz:accessibilityChecks: false, moz:buildID: 20240419144423, moz:debuggerAddress: 127.0.0.1:29009, moz:geckodriverVersion: 0.34.0, moz:headless: false, moz:platformVersion: 10.0, moz:processID: 33984, moz:profile: C:\Users\Deepthi\AppData\Lo..., moz:shutdownTimeout: 60000, moz:webdriverClick: true, moz:windowless: false, pageLoadStrategy: normal, platformName: windows, proxy: Proxy(), se:cdp: ws://127.0.0.1:29009/devtoo..., se:cdpVersion: 85.0, setWindowRect: true, strictFileInteractability: false, timeouts: {implicit: 0, pageLoad: 300000, script: 30000}, unhandledPromptBehavior: dismiss and notify, userAgent: Mozilla/5.0 (Windows NT 10....}
Element: [[FirefoxDriver: firefox on windows (3271a220-705c-4c6e-9a6e-29b44d612cb1)] -> xpath: .//button[@label='Assign Staff']]
Session ID: 3271a220-705c-4c6e-9a6e-29b44d612cb1
at java.base/jdk.internal.reflect.DirectConstructorHandleAccessor.newInstance(DirectConstructorHandleAccessor.java:62)
at java.base/java.lang.reflect.Constructor.newInstanceWithCaller(Constructor.java:502)
at java.base/java.lang.reflect.Constructor.newInstance(Constructor.java:486)
at org.openqa.selenium.remote.ErrorCodec.decode(ErrorCodec.java:167)
at org.openqa.selenium.remote.codec.w3c.W3CHttpResponseCodec.decode(W3CHttpResponseCodec.java:138)
at org.openqa.selenium.remote.codec.w3c.W3CHttpResponseCodec.decode(W3CHttpResponseCodec.java:50)
at org.openqa.selenium.remote.HttpCommandExecutor.execute(HttpCommandExecutor.java:190)
at org.openqa.selenium.remote.service.DriverCommandExecutor.invokeExecute(DriverCommandExecutor.java:216)
at org.openqa.selenium.remote.service.DriverCommandExecutor.execute(DriverCommandExecutor.java:174)
at org.openqa.selenium.remote.RemoteWebDriver.execute(RemoteWebDriver.java:518)
at org.openqa.selenium.remote.RemoteWebElement.execute(RemoteWebElement.java:223)
at org.openqa.selenium.remote.RemoteWebElement.click(RemoteWebElement.java:76)
at pageObjects.AssignStudentPage.clickButton(AssignStudentPage.java:143)
at stepdefinitions.AssignStudent.admin_clicks_button(AssignStudent.java:40)
at ✽.Admin clicks "Assign Staff" button(file:///C:/Users/Deepthi/OneDrive/Documents/GitHub/Team3_Ninja_Hackers_Hackathon_April_2024/src/test/resources/features/14AssignStaff.feature:15)
]]>
    </error>
  </testcase> <!-- runScenario -->
  <system-out/>
  <testcase classname="runner.TestRunner" name="runScenario" time="0.125">
    <error message="Element &lt;button id=&quot;user&quot; class=&quot;mat-focus-indicator mat-button mat-button-base&quot;&gt; is not clickable at point (1413,32) because another element &lt;div class=&quot;p-toast-message-content ng-tns-c90-9&quot;&gt; obscures it
Build info: version: &#039;4.19.1&#039;, revision: &#039;abe0ee07dc&#039;
System info: os.name: &#039;Windows 11&#039;, os.arch: &#039;amd64&#039;, os.version: &#039;10.0&#039;, java.version: &#039;21.0.1&#039;
Driver info: org.openqa.selenium.firefox.FirefoxDriver
Command: [3271a220-705c-4c6e-9a6e-29b44d612cb1, clickElement {id=b8428683-52c3-4593-82ba-45f351b1d4c1}]
Capabilities {acceptInsecureCerts: true, browserName: firefox, browserVersion: 125.0.2, moz:accessibilityChecks: false, moz:buildID: 20240419144423, moz:debuggerAddress: 127.0.0.1:29009, moz:geckodriverVersion: 0.34.0, moz:headless: false, moz:platformVersion: 10.0, moz:processID: 33984, moz:profile: C:\Users\Deepthi\AppData\Lo..., moz:shutdownTimeout: 60000, moz:webdriverClick: true, moz:windowless: false, pageLoadStrategy: normal, platformName: windows, proxy: Proxy(), se:cdp: ws://127.0.0.1:29009/devtoo..., se:cdpVersion: 85.0, setWindowRect: true, strictFileInteractability: false, timeouts: {implicit: 0, pageLoad: 300000, script: 30000}, unhandledPromptBehavior: dismiss and notify, userAgent: Mozilla/5.0 (Windows NT 10....}
Element: [[FirefoxDriver: firefox on windows (3271a220-705c-4c6e-9a6e-29b44d612cb1)] -&gt; xpath: //button[@id=&#039;user&#039;]]
Session ID: 3271a220-705c-4c6e-9a6e-29b44d612cb1" type="org.openqa.selenium.ElementClickInterceptedException">
      <![CDATA[org.openqa.selenium.ElementClickInterceptedException: Element <button id="user" class="mat-focus-indicator mat-button mat-button-base"> is not clickable at point (1413,32) because another element <div class="p-toast-message-content ng-tns-c90-9"> obscures it
Build info: version: '4.19.1', revision: 'abe0ee07dc'
System info: os.name: 'Windows 11', os.arch: 'amd64', os.version: '10.0', java.version: '21.0.1'
Driver info: org.openqa.selenium.firefox.FirefoxDriver
Command: [3271a220-705c-4c6e-9a6e-29b44d612cb1, clickElement {id=b8428683-52c3-4593-82ba-45f351b1d4c1}]
Capabilities {acceptInsecureCerts: true, browserName: firefox, browserVersion: 125.0.2, moz:accessibilityChecks: false, moz:buildID: 20240419144423, moz:debuggerAddress: 127.0.0.1:29009, moz:geckodriverVersion: 0.34.0, moz:headless: false, moz:platformVersion: 10.0, moz:processID: 33984, moz:profile: C:\Users\Deepthi\AppData\Lo..., moz:shutdownTimeout: 60000, moz:webdriverClick: true, moz:windowless: false, pageLoadStrategy: normal, platformName: windows, proxy: Proxy(), se:cdp: ws://127.0.0.1:29009/devtoo..., se:cdpVersion: 85.0, setWindowRect: true, strictFileInteractability: false, timeouts: {implicit: 0, pageLoad: 300000, script: 30000}, unhandledPromptBehavior: dismiss and notify, userAgent: Mozilla/5.0 (Windows NT 10....}
Element: [[FirefoxDriver: firefox on windows (3271a220-705c-4c6e-9a6e-29b44d612cb1)] -> xpath: //button[@id='user']]
Session ID: 3271a220-705c-4c6e-9a6e-29b44d612cb1
at java.base/jdk.internal.reflect.DirectConstructorHandleAccessor.newInstance(DirectConstructorHandleAccessor.java:62)
at java.base/java.lang.reflect.Constructor.newInstanceWithCaller(Constructor.java:502)
at java.base/java.lang.reflect.Constructor.newInstance(Constructor.java:486)
at org.openqa.selenium.remote.ErrorCodec.decode(ErrorCodec.java:167)
at org.openqa.selenium.remote.codec.w3c.W3CHttpResponseCodec.decode(W3CHttpResponseCodec.java:138)
at org.openqa.selenium.remote.codec.w3c.W3CHttpResponseCodec.decode(W3CHttpResponseCodec.java:50)
at org.openqa.selenium.remote.HttpCommandExecutor.execute(HttpCommandExecutor.java:190)
at org.openqa.selenium.remote.service.DriverCommandExecutor.invokeExecute(DriverCommandExecutor.java:216)
at org.openqa.selenium.remote.service.DriverCommandExecutor.execute(DriverCommandExecutor.java:174)
at org.openqa.selenium.remote.RemoteWebDriver.execute(RemoteWebDriver.java:518)
at org.openqa.selenium.remote.RemoteWebElement.execute(RemoteWebElement.java:223)
at org.openqa.selenium.remote.RemoteWebElement.click(RemoteWebElement.java:76)
at pageObjects.AssignStudentPage.isUserClicked(AssignStudentPage.java:60)
at stepdefinitions.AssignStudent.admin_clicks_from_navigation_bar(AssignStudent.java:27)
at ✽.Admin clicks "User" from navigation bar(file:///C:/Users/Deepthi/OneDrive/Documents/GitHub/Team3_Ninja_Hackers_Hackathon_April_2024/src/test/resources/features/09User.feature:17)
]]>
    </error>
  </testcase> <!-- runScenario -->
  <system-out/>
  <testcase classname="runner.TestRunner" name="runScenario" time="2.200">
    <error message="Element &lt;button id=&quot;new&quot; class=&quot;p-button-rounded p-button-success p-button p-component&quot;&gt; is not clickable at point (1100,166) because another element &lt;div class=&quot;ng-tns-c132-3 p-dialog-mask p-component-overlay p-dialog-mask-scrollblocker ng-star-inserted&quot;&gt; obscures it
Build info: version: &#039;4.19.1&#039;, revision: &#039;abe0ee07dc&#039;
System info: os.name: &#039;Windows 11&#039;, os.arch: &#039;amd64&#039;, os.version: &#039;10.0&#039;, java.version: &#039;21.0.1&#039;
Driver info: org.openqa.selenium.firefox.FirefoxDriver
Command: [3271a220-705c-4c6e-9a6e-29b44d612cb1, clickElement {id=9c166347-c665-4e60-917c-5ca0f71eaccc}]
Capabilities {acceptInsecureCerts: true, browserName: firefox, browserVersion: 125.0.2, moz:accessibilityChecks: false, moz:buildID: 20240419144423, moz:debuggerAddress: 127.0.0.1:29009, moz:geckodriverVersion: 0.34.0, moz:headless: false, moz:platformVersion: 10.0, moz:processID: 33984, moz:profile: C:\Users\Deepthi\AppData\Lo..., moz:shutdownTimeout: 60000, moz:webdriverClick: true, moz:windowless: false, pageLoadStrategy: normal, platformName: windows, proxy: Proxy(), se:cdp: ws://127.0.0.1:29009/devtoo..., se:cdpVersion: 85.0, setWindowRect: true, strictFileInteractability: false, timeouts: {implicit: 0, pageLoad: 300000, script: 30000}, unhandledPromptBehavior: dismiss and notify, userAgent: Mozilla/5.0 (Windows NT 10....}
Element: [[FirefoxDriver: firefox on windows (3271a220-705c-4c6e-9a6e-29b44d612cb1)] -&gt; xpath: .//button[@label=&#039;A New Program&#039;]]
Session ID: 3271a220-705c-4c6e-9a6e-29b44d612cb1" type="org.openqa.selenium.ElementClickInterceptedException">
      <![CDATA[org.openqa.selenium.ElementClickInterceptedException: Element <button id="new" class="p-button-rounded p-button-success p-button p-component"> is not clickable at point (1100,166) because another element <div class="ng-tns-c132-3 p-dialog-mask p-component-overlay p-dialog-mask-scrollblocker ng-star-inserted"> obscures it
Build info: version: '4.19.1', revision: 'abe0ee07dc'
System info: os.name: 'Windows 11', os.arch: 'amd64', os.version: '10.0', java.version: '21.0.1'
Driver info: org.openqa.selenium.firefox.FirefoxDriver
Command: [3271a220-705c-4c6e-9a6e-29b44d612cb1, clickElement {id=9c166347-c665-4e60-917c-5ca0f71eaccc}]
Capabilities {acceptInsecureCerts: true, browserName: firefox, browserVersion: 125.0.2, moz:accessibilityChecks: false, moz:buildID: 20240419144423, moz:debuggerAddress: 127.0.0.1:29009, moz:geckodriverVersion: 0.34.0, moz:headless: false, moz:platformVersion: 10.0, moz:processID: 33984, moz:profile: C:\Users\Deepthi\AppData\Lo..., moz:shutdownTimeout: 60000, moz:webdriverClick: true, moz:windowless: false, pageLoadStrategy: normal, platformName: windows, proxy: Proxy(), se:cdp: ws://127.0.0.1:29009/devtoo..., se:cdpVersion: 85.0, setWindowRect: true, strictFileInteractability: false, timeouts: {implicit: 0, pageLoad: 300000, script: 30000}, unhandledPromptBehavior: dismiss and notify, userAgent: Mozilla/5.0 (Windows NT 10....}
Element: [[FirefoxDriver: firefox on windows (3271a220-705c-4c6e-9a6e-29b44d612cb1)] -> xpath: .//button[@label='A New Program']]
Session ID: 3271a220-705c-4c6e-9a6e-29b44d612cb1
at java.base/jdk.internal.reflect.DirectConstructorHandleAccessor.newInstance(DirectConstructorHandleAccessor.java:62)
at java.base/java.lang.reflect.Constructor.newInstanceWithCaller(Constructor.java:502)
at java.base/java.lang.reflect.Constructor.newInstance(Constructor.java:486)
at org.openqa.selenium.remote.ErrorCodec.decode(ErrorCodec.java:167)
at org.openqa.selenium.remote.codec.w3c.W3CHttpResponseCodec.decode(W3CHttpResponseCodec.java:138)
at org.openqa.selenium.remote.codec.w3c.W3CHttpResponseCodec.decode(W3CHttpResponseCodec.java:50)
at org.openqa.selenium.remote.HttpCommandExecutor.execute(HttpCommandExecutor.java:190)
at org.openqa.selenium.remote.service.DriverCommandExecutor.invokeExecute(DriverCommandExecutor.java:216)
at org.openqa.selenium.remote.service.DriverCommandExecutor.execute(DriverCommandExecutor.java:174)
at org.openqa.selenium.remote.RemoteWebDriver.execute(RemoteWebDriver.java:518)
at org.openqa.selenium.remote.RemoteWebElement.execute(RemoteWebElement.java:223)
at org.openqa.selenium.remote.RemoteWebElement.click(RemoteWebElement.java:76)
at pageObjects.AssignStudentPage.clickButton(AssignStudentPage.java:143)
at stepdefinitions.AssignStudent.admin_clicks_button(AssignStudent.java:40)
at ✽.Admin clicks "A New Program" button(file:///C:/Users/Deepthi/OneDrive/Documents/GitHub/Team3_Ninja_Hackers_Hackathon_April_2024/src/test/resources/features/04AddProgram.feature:5)
]]>
    </error>
  </testcase> <!-- runScenario -->
  <system-out/>
  <testcase classname="runner.TestRunner" name="runScenario" time="0.125">
    <error message="Element &lt;button id=&quot;user&quot; class=&quot;mat-focus-indicator mat-button mat-button-base&quot;&gt; is not clickable at point (1413,32) because another element &lt;div class=&quot;p-toast-message-content ng-tns-c90-9&quot;&gt; obscures it
Build info: version: &#039;4.19.1&#039;, revision: &#039;abe0ee07dc&#039;
System info: os.name: &#039;Windows 11&#039;, os.arch: &#039;amd64&#039;, os.version: &#039;10.0&#039;, java.version: &#039;21.0.1&#039;
Driver info: org.openqa.selenium.firefox.FirefoxDriver
Command: [3271a220-705c-4c6e-9a6e-29b44d612cb1, clickElement {id=b8428683-52c3-4593-82ba-45f351b1d4c1}]
Capabilities {acceptInsecureCerts: true, browserName: firefox, browserVersion: 125.0.2, moz:accessibilityChecks: false, moz:buildID: 20240419144423, moz:debuggerAddress: 127.0.0.1:29009, moz:geckodriverVersion: 0.34.0, moz:headless: false, moz:platformVersion: 10.0, moz:processID: 33984, moz:profile: C:\Users\Deepthi\AppData\Lo..., moz:shutdownTimeout: 60000, moz:webdriverClick: true, moz:windowless: false, pageLoadStrategy: normal, platformName: windows, proxy: Proxy(), se:cdp: ws://127.0.0.1:29009/devtoo..., se:cdpVersion: 85.0, setWindowRect: true, strictFileInteractability: false, timeouts: {implicit: 0, pageLoad: 300000, script: 30000}, unhandledPromptBehavior: dismiss and notify, userAgent: Mozilla/5.0 (Windows NT 10....}
Element: [[FirefoxDriver: firefox on windows (3271a220-705c-4c6e-9a6e-29b44d612cb1)] -&gt; xpath: //button[@id=&#039;user&#039;]]
Session ID: 3271a220-705c-4c6e-9a6e-29b44d612cb1" type="org.openqa.selenium.ElementClickInterceptedException">
      <![CDATA[org.openqa.selenium.ElementClickInterceptedException: Element <button id="user" class="mat-focus-indicator mat-button mat-button-base"> is not clickable at point (1413,32) because another element <div class="p-toast-message-content ng-tns-c90-9"> obscures it
Build info: version: '4.19.1', revision: 'abe0ee07dc'
System info: os.name: 'Windows 11', os.arch: 'amd64', os.version: '10.0', java.version: '21.0.1'
Driver info: org.openqa.selenium.firefox.FirefoxDriver
Command: [3271a220-705c-4c6e-9a6e-29b44d612cb1, clickElement {id=b8428683-52c3-4593-82ba-45f351b1d4c1}]
Capabilities {acceptInsecureCerts: true, browserName: firefox, browserVersion: 125.0.2, moz:accessibilityChecks: false, moz:buildID: 20240419144423, moz:debuggerAddress: 127.0.0.1:29009, moz:geckodriverVersion: 0.34.0, moz:headless: false, moz:platformVersion: 10.0, moz:processID: 33984, moz:profile: C:\Users\Deepthi\AppData\Lo..., moz:shutdownTimeout: 60000, moz:webdriverClick: true, moz:windowless: false, pageLoadStrategy: normal, platformName: windows, proxy: Proxy(), se:cdp: ws://127.0.0.1:29009/devtoo..., se:cdpVersion: 85.0, setWindowRect: true, strictFileInteractability: false, timeouts: {implicit: 0, pageLoad: 300000, script: 30000}, unhandledPromptBehavior: dismiss and notify, userAgent: Mozilla/5.0 (Windows NT 10....}
Element: [[FirefoxDriver: firefox on windows (3271a220-705c-4c6e-9a6e-29b44d612cb1)] -> xpath: //button[@id='user']]
Session ID: 3271a220-705c-4c6e-9a6e-29b44d612cb1
at java.base/jdk.internal.reflect.DirectConstructorHandleAccessor.newInstance(DirectConstructorHandleAccessor.java:62)
at java.base/java.lang.reflect.Constructor.newInstanceWithCaller(Constructor.java:502)
at java.base/java.lang.reflect.Constructor.newInstance(Constructor.java:486)
at org.openqa.selenium.remote.ErrorCodec.decode(ErrorCodec.java:167)
at org.openqa.selenium.remote.codec.w3c.W3CHttpResponseCodec.decode(W3CHttpResponseCodec.java:138)
at org.openqa.selenium.remote.codec.w3c.W3CHttpResponseCodec.decode(W3CHttpResponseCodec.java:50)
at org.openqa.selenium.remote.HttpCommandExecutor.execute(HttpCommandExecutor.java:190)
at org.openqa.selenium.remote.service.DriverCommandExecutor.invokeExecute(DriverCommandExecutor.java:216)
at org.openqa.selenium.remote.service.DriverCommandExecutor.execute(DriverCommandExecutor.java:174)
at org.openqa.selenium.remote.RemoteWebDriver.execute(RemoteWebDriver.java:518)
at org.openqa.selenium.remote.RemoteWebElement.execute(RemoteWebElement.java:223)
at org.openqa.selenium.remote.RemoteWebElement.click(RemoteWebElement.java:76)
at pageObjects.AssignStudentPage.isUserClicked(AssignStudentPage.java:60)
at stepdefinitions.AssignStudent.admin_clicks_from_navigation_bar(AssignStudent.java:27)
at ✽.Admin clicks "User" from navigation bar(file:///C:/Users/Deepthi/OneDrive/Documents/GitHub/Team3_Ninja_Hackers_Hackathon_April_2024/src/test/resources/features/09User.feature:23)
]]>
    </error>
  </testcase> <!-- runScenario -->
  <system-out/>
  <testcase classname="runner.TestRunner" name="runScenario" time="0.980">
    <failure message="expected [In total there are z programs] but found [In total there are 0 programs.]" type="java.lang.AssertionError">
      <![CDATA[java.lang.AssertionError: expected [In total there are z programs] but found [In total there are 0 programs.]
at org.testng.Assert.fail(Assert.java:99)
at org.testng.Assert.failNotEquals(Assert.java:1037)
at org.testng.Assert.assertEqualsImpl(Assert.java:140)
at org.testng.Assert.assertEquals(Assert.java:122)
at org.testng.Assert.assertEquals(Assert.java:629)
at org.testng.Assert.assertEquals(Assert.java:639)
at stepdefinitions.Programlms_SD.admin_should_see_the_footer_as(Programlms_SD.java:55)
at ✽.Admin should see the footer as "In total there are z programs"(file:///C:/Users/Deepthi/OneDrive/Documents/GitHub/Team3_Ninja_Hackers_Hackathon_April_2024/src/test/resources/features/03Programlms.feature:30)
]]>
    </failure>
  </testcase> <!-- runScenario -->
  <system-out/>
  <testcase classname="runner.TestRunner" name="runScenario" time="0.185">
    <error message="Element &lt;button id=&quot;user&quot; class=&quot;mat-focus-indicator mat-button mat-button-base&quot;&gt; is not clickable at point (1413,32) because another element &lt;div class=&quot;ng-tns-c132-3 p-dialog-mask p-component-overlay p-dialog-mask-scrollblocker ng-star-inserted&quot;&gt; obscures it
Build info: version: &#039;4.19.1&#039;, revision: &#039;abe0ee07dc&#039;
System info: os.name: &#039;Windows 11&#039;, os.arch: &#039;amd64&#039;, os.version: &#039;10.0&#039;, java.version: &#039;21.0.1&#039;
Driver info: org.openqa.selenium.firefox.FirefoxDriver
Command: [3271a220-705c-4c6e-9a6e-29b44d612cb1, clickElement {id=0618a27d-05e8-401b-9a99-80227d62a23d}]
Capabilities {acceptInsecureCerts: true, browserName: firefox, browserVersion: 125.0.2, moz:accessibilityChecks: false, moz:buildID: 20240419144423, moz:debuggerAddress: 127.0.0.1:29009, moz:geckodriverVersion: 0.34.0, moz:headless: false, moz:platformVersion: 10.0, moz:processID: 33984, moz:profile: C:\Users\Deepthi\AppData\Lo..., moz:shutdownTimeout: 60000, moz:webdriverClick: true, moz:windowless: false, pageLoadStrategy: normal, platformName: windows, proxy: Proxy(), se:cdp: ws://127.0.0.1:29009/devtoo..., se:cdpVersion: 85.0, setWindowRect: true, strictFileInteractability: false, timeouts: {implicit: 0, pageLoad: 300000, script: 30000}, unhandledPromptBehavior: dismiss and notify, userAgent: Mozilla/5.0 (Windows NT 10....}
Element: [[FirefoxDriver: firefox on windows (3271a220-705c-4c6e-9a6e-29b44d612cb1)] -&gt; xpath: //button[@id=&#039;user&#039;]]
Session ID: 3271a220-705c-4c6e-9a6e-29b44d612cb1" type="org.openqa.selenium.ElementClickInterceptedException">
      <![CDATA[org.openqa.selenium.ElementClickInterceptedException: Element <button id="user" class="mat-focus-indicator mat-button mat-button-base"> is not clickable at point (1413,32) because another element <div class="ng-tns-c132-3 p-dialog-mask p-component-overlay p-dialog-mask-scrollblocker ng-star-inserted"> obscures it
Build info: version: '4.19.1', revision: 'abe0ee07dc'
System info: os.name: 'Windows 11', os.arch: 'amd64', os.version: '10.0', java.version: '21.0.1'
Driver info: org.openqa.selenium.firefox.FirefoxDriver
Command: [3271a220-705c-4c6e-9a6e-29b44d612cb1, clickElement {id=0618a27d-05e8-401b-9a99-80227d62a23d}]
Capabilities {acceptInsecureCerts: true, browserName: firefox, browserVersion: 125.0.2, moz:accessibilityChecks: false, moz:buildID: 20240419144423, moz:debuggerAddress: 127.0.0.1:29009, moz:geckodriverVersion: 0.34.0, moz:headless: false, moz:platformVersion: 10.0, moz:processID: 33984, moz:profile: C:\Users\Deepthi\AppData\Lo..., moz:shutdownTimeout: 60000, moz:webdriverClick: true, moz:windowless: false, pageLoadStrategy: normal, platformName: windows, proxy: Proxy(), se:cdp: ws://127.0.0.1:29009/devtoo..., se:cdpVersion: 85.0, setWindowRect: true, strictFileInteractability: false, timeouts: {implicit: 0, pageLoad: 300000, script: 30000}, unhandledPromptBehavior: dismiss and notify, userAgent: Mozilla/5.0 (Windows NT 10....}
Element: [[FirefoxDriver: firefox on windows (3271a220-705c-4c6e-9a6e-29b44d612cb1)] -> xpath: //button[@id='user']]
Session ID: 3271a220-705c-4c6e-9a6e-29b44d612cb1
at java.base/jdk.internal.reflect.DirectConstructorHandleAccessor.newInstance(DirectConstructorHandleAccessor.java:62)
at java.base/java.lang.reflect.Constructor.newInstanceWithCaller(Constructor.java:502)
at java.base/java.lang.reflect.Constructor.newInstance(Constructor.java:486)
at org.openqa.selenium.remote.ErrorCodec.decode(ErrorCodec.java:167)
at org.openqa.selenium.remote.codec.w3c.W3CHttpResponseCodec.decode(W3CHttpResponseCodec.java:138)
at org.openqa.selenium.remote.codec.w3c.W3CHttpResponseCodec.decode(W3CHttpResponseCodec.java:50)
at org.openqa.selenium.remote.HttpCommandExecutor.execute(HttpCommandExecutor.java:190)
at org.openqa.selenium.remote.service.DriverCommandExecutor.invokeExecute(DriverCommandExecutor.java:216)
at org.openqa.selenium.remote.service.DriverCommandExecutor.execute(DriverCommandExecutor.java:174)
at org.openqa.selenium.remote.RemoteWebDriver.execute(RemoteWebDriver.java:518)
at org.openqa.selenium.remote.RemoteWebElement.execute(RemoteWebElement.java:223)
at org.openqa.selenium.remote.RemoteWebElement.click(RemoteWebElement.java:76)
at pageObjects.AssignStudentPage.isUserClicked(AssignStudentPage.java:60)
at stepdefinitions.AssignStudent.admin_clicks_from_navigation_bar(AssignStudent.java:27)
at ✽.Admin clicks "Batch" from navigation bar(file:///C:/Users/Deepthi/OneDrive/Documents/GitHub/Team3_Ninja_Hackers_Hackathon_April_2024/src/test/resources/features/07Batch.feature:23)
]]>
    </error>
  </testcase> <!-- runScenario -->
  <system-out/>
  <testcase classname="runner.TestRunner" name="runScenario" time="0.863"/>
  <system-out/>
  <testcase classname="runner.TestRunner" name="runScenario" time="1.740"/>
  <system-out/>
  <testcase classname="runner.TestRunner" name="runScenario" time="2.169">
    <error message="Element &lt;button id=&quot;new&quot; class=&quot;p-button-rounded p-button-success p-button p-component&quot;&gt; is not clickable at point (1100,166) because another element &lt;div class=&quot;ng-tns-c132-3 p-dialog-mask p-component-overlay p-dialog-mask-scrollblocker ng-star-inserted&quot;&gt; obscures it
Build info: version: &#039;4.19.1&#039;, revision: &#039;abe0ee07dc&#039;
System info: os.name: &#039;Windows 11&#039;, os.arch: &#039;amd64&#039;, os.version: &#039;10.0&#039;, java.version: &#039;21.0.1&#039;
Driver info: org.openqa.selenium.firefox.FirefoxDriver
Command: [3271a220-705c-4c6e-9a6e-29b44d612cb1, clickElement {id=9c166347-c665-4e60-917c-5ca0f71eaccc}]
Capabilities {acceptInsecureCerts: true, browserName: firefox, browserVersion: 125.0.2, moz:accessibilityChecks: false, moz:buildID: 20240419144423, moz:debuggerAddress: 127.0.0.1:29009, moz:geckodriverVersion: 0.34.0, moz:headless: false, moz:platformVersion: 10.0, moz:processID: 33984, moz:profile: C:\Users\Deepthi\AppData\Lo..., moz:shutdownTimeout: 60000, moz:webdriverClick: true, moz:windowless: false, pageLoadStrategy: normal, platformName: windows, proxy: Proxy(), se:cdp: ws://127.0.0.1:29009/devtoo..., se:cdpVersion: 85.0, setWindowRect: true, strictFileInteractability: false, timeouts: {implicit: 0, pageLoad: 300000, script: 30000}, unhandledPromptBehavior: dismiss and notify, userAgent: Mozilla/5.0 (Windows NT 10....}
Element: [[FirefoxDriver: firefox on windows (3271a220-705c-4c6e-9a6e-29b44d612cb1)] -&gt; xpath: .//button[@label=&#039;A New Program&#039;]]
Session ID: 3271a220-705c-4c6e-9a6e-29b44d612cb1" type="org.openqa.selenium.ElementClickInterceptedException">
      <![CDATA[org.openqa.selenium.ElementClickInterceptedException: Element <button id="new" class="p-button-rounded p-button-success p-button p-component"> is not clickable at point (1100,166) because another element <div class="ng-tns-c132-3 p-dialog-mask p-component-overlay p-dialog-mask-scrollblocker ng-star-inserted"> obscures it
Build info: version: '4.19.1', revision: 'abe0ee07dc'
System info: os.name: 'Windows 11', os.arch: 'amd64', os.version: '10.0', java.version: '21.0.1'
Driver info: org.openqa.selenium.firefox.FirefoxDriver
Command: [3271a220-705c-4c6e-9a6e-29b44d612cb1, clickElement {id=9c166347-c665-4e60-917c-5ca0f71eaccc}]
Capabilities {acceptInsecureCerts: true, browserName: firefox, browserVersion: 125.0.2, moz:accessibilityChecks: false, moz:buildID: 20240419144423, moz:debuggerAddress: 127.0.0.1:29009, moz:geckodriverVersion: 0.34.0, moz:headless: false, moz:platformVersion: 10.0, moz:processID: 33984, moz:profile: C:\Users\Deepthi\AppData\Lo..., moz:shutdownTimeout: 60000, moz:webdriverClick: true, moz:windowless: false, pageLoadStrategy: normal, platformName: windows, proxy: Proxy(), se:cdp: ws://127.0.0.1:29009/devtoo..., se:cdpVersion: 85.0, setWindowRect: true, strictFileInteractability: false, timeouts: {implicit: 0, pageLoad: 300000, script: 30000}, unhandledPromptBehavior: dismiss and notify, userAgent: Mozilla/5.0 (Windows NT 10....}
Element: [[FirefoxDriver: firefox on windows (3271a220-705c-4c6e-9a6e-29b44d612cb1)] -> xpath: .//button[@label='A New Program']]
Session ID: 3271a220-705c-4c6e-9a6e-29b44d612cb1
at java.base/jdk.internal.reflect.DirectConstructorHandleAccessor.newInstance(DirectConstructorHandleAccessor.java:62)
at java.base/java.lang.reflect.Constructor.newInstanceWithCaller(Constructor.java:502)
at java.base/java.lang.reflect.Constructor.newInstance(Constructor.java:486)
at org.openqa.selenium.remote.ErrorCodec.decode(ErrorCodec.java:167)
at org.openqa.selenium.remote.codec.w3c.W3CHttpResponseCodec.decode(W3CHttpResponseCodec.java:138)
at org.openqa.selenium.remote.codec.w3c.W3CHttpResponseCodec.decode(W3CHttpResponseCodec.java:50)
at org.openqa.selenium.remote.HttpCommandExecutor.execute(HttpCommandExecutor.java:190)
at org.openqa.selenium.remote.service.DriverCommandExecutor.invokeExecute(DriverCommandExecutor.java:216)
at org.openqa.selenium.remote.service.DriverCommandExecutor.execute(DriverCommandExecutor.java:174)
at org.openqa.selenium.remote.RemoteWebDriver.execute(RemoteWebDriver.java:518)
at org.openqa.selenium.remote.RemoteWebElement.execute(RemoteWebElement.java:223)
at org.openqa.selenium.remote.RemoteWebElement.click(RemoteWebElement.java:76)
at pageObjects.AssignStudentPage.clickButton(AssignStudentPage.java:143)
at stepdefinitions.AssignStudent.admin_clicks_button(AssignStudent.java:40)
at ✽.Admin clicks "A New Program" button(file:///C:/Users/Deepthi/OneDrive/Documents/GitHub/Team3_Ninja_Hackers_Hackathon_April_2024/src/test/resources/features/04AddProgram.feature:5)
]]>
    </error>
  </testcase> <!-- runScenario -->
  <system-out/>
  <testcase classname="runner.TestRunner" name="runScenario" time="0.189">
    <error message="Element &lt;button id=&quot;Assign&quot; class=&quot;p-button-rounded p-button-success p-button p-component&quot;&gt; is not clickable at point (1295,166) because another element &lt;div class=&quot;ng-tns-c132-7 p-dialog-mask p-component-overlay p-dialog-mask-scrollblocker ng-star-inserted&quot;&gt; obscures it
Build info: version: &#039;4.19.1&#039;, revision: &#039;abe0ee07dc&#039;
System info: os.name: &#039;Windows 11&#039;, os.arch: &#039;amd64&#039;, os.version: &#039;10.0&#039;, java.version: &#039;21.0.1&#039;
Driver info: org.openqa.selenium.firefox.FirefoxDriver
Command: [3271a220-705c-4c6e-9a6e-29b44d612cb1, clickElement {id=c2ac8dfb-558a-40b3-a4dd-c0bcf289eca2}]
Capabilities {acceptInsecureCerts: true, browserName: firefox, browserVersion: 125.0.2, moz:accessibilityChecks: false, moz:buildID: 20240419144423, moz:debuggerAddress: 127.0.0.1:29009, moz:geckodriverVersion: 0.34.0, moz:headless: false, moz:platformVersion: 10.0, moz:processID: 33984, moz:profile: C:\Users\Deepthi\AppData\Lo..., moz:shutdownTimeout: 60000, moz:webdriverClick: true, moz:windowless: false, pageLoadStrategy: normal, platformName: windows, proxy: Proxy(), se:cdp: ws://127.0.0.1:29009/devtoo..., se:cdpVersion: 85.0, setWindowRect: true, strictFileInteractability: false, timeouts: {implicit: 0, pageLoad: 300000, script: 30000}, unhandledPromptBehavior: dismiss and notify, userAgent: Mozilla/5.0 (Windows NT 10....}
Element: [[FirefoxDriver: firefox on windows (3271a220-705c-4c6e-9a6e-29b44d612cb1)] -&gt; xpath: .//button[@label=&#039;Assign Staff&#039;]]
Session ID: 3271a220-705c-4c6e-9a6e-29b44d612cb1" type="org.openqa.selenium.ElementClickInterceptedException">
      <![CDATA[org.openqa.selenium.ElementClickInterceptedException: Element <button id="Assign" class="p-button-rounded p-button-success p-button p-component"> is not clickable at point (1295,166) because another element <div class="ng-tns-c132-7 p-dialog-mask p-component-overlay p-dialog-mask-scrollblocker ng-star-inserted"> obscures it
Build info: version: '4.19.1', revision: 'abe0ee07dc'
System info: os.name: 'Windows 11', os.arch: 'amd64', os.version: '10.0', java.version: '21.0.1'
Driver info: org.openqa.selenium.firefox.FirefoxDriver
Command: [3271a220-705c-4c6e-9a6e-29b44d612cb1, clickElement {id=c2ac8dfb-558a-40b3-a4dd-c0bcf289eca2}]
Capabilities {acceptInsecureCerts: true, browserName: firefox, browserVersion: 125.0.2, moz:accessibilityChecks: false, moz:buildID: 20240419144423, moz:debuggerAddress: 127.0.0.1:29009, moz:geckodriverVersion: 0.34.0, moz:headless: false, moz:platformVersion: 10.0, moz:processID: 33984, moz:profile: C:\Users\Deepthi\AppData\Lo..., moz:shutdownTimeout: 60000, moz:webdriverClick: true, moz:windowless: false, pageLoadStrategy: normal, platformName: windows, proxy: Proxy(), se:cdp: ws://127.0.0.1:29009/devtoo..., se:cdpVersion: 85.0, setWindowRect: true, strictFileInteractability: false, timeouts: {implicit: 0, pageLoad: 300000, script: 30000}, unhandledPromptBehavior: dismiss and notify, userAgent: Mozilla/5.0 (Windows NT 10....}
Element: [[FirefoxDriver: firefox on windows (3271a220-705c-4c6e-9a6e-29b44d612cb1)] -> xpath: .//button[@label='Assign Staff']]
Session ID: 3271a220-705c-4c6e-9a6e-29b44d612cb1
at java.base/jdk.internal.reflect.DirectConstructorHandleAccessor.newInstance(DirectConstructorHandleAccessor.java:62)
at java.base/java.lang.reflect.Constructor.newInstanceWithCaller(Constructor.java:502)
at java.base/java.lang.reflect.Constructor.newInstance(Constructor.java:486)
at org.openqa.selenium.remote.ErrorCodec.decode(ErrorCodec.java:167)
at org.openqa.selenium.remote.codec.w3c.W3CHttpResponseCodec.decode(W3CHttpResponseCodec.java:138)
at org.openqa.selenium.remote.codec.w3c.W3CHttpResponseCodec.decode(W3CHttpResponseCodec.java:50)
at org.openqa.selenium.remote.HttpCommandExecutor.execute(HttpCommandExecutor.java:190)
at org.openqa.selenium.remote.service.DriverCommandExecutor.invokeExecute(DriverCommandExecutor.java:216)
at org.openqa.selenium.remote.service.DriverCommandExecutor.execute(DriverCommandExecutor.java:174)
at org.openqa.selenium.remote.RemoteWebDriver.execute(RemoteWebDriver.java:518)
at org.openqa.selenium.remote.RemoteWebElement.execute(RemoteWebElement.java:223)
at org.openqa.selenium.remote.RemoteWebElement.click(RemoteWebElement.java:76)
at pageObjects.AssignStaffPage.clickButton(AssignStaffPage.java:105)
at stepdefinitions.AssignStaff.admin_is_in_assign_staff_details_pop_up_page(AssignStaff.java:36)
at ✽.Admin is in Assign Staff details pop up page(file:///C:/Users/Deepthi/OneDrive/Documents/GitHub/Team3_Ninja_Hackers_Hackathon_April_2024/src/test/resources/features/14AssignStaff.feature:29)
]]>
    </error>
  </testcase> <!-- runScenario -->
  <system-out/>
  <testcase classname="runner.TestRunner" name="runScenario" time="0.188">
    <error message="Element &lt;button id=&quot;Assign&quot; class=&quot;p-button-rounded p-button-success p-button p-component&quot;&gt; is not clickable at point (1295,166) because another element &lt;div class=&quot;ng-tns-c132-7 p-dialog-mask p-component-overlay p-dialog-mask-scrollblocker ng-star-inserted&quot;&gt; obscures it
Build info: version: &#039;4.19.1&#039;, revision: &#039;abe0ee07dc&#039;
System info: os.name: &#039;Windows 11&#039;, os.arch: &#039;amd64&#039;, os.version: &#039;10.0&#039;, java.version: &#039;21.0.1&#039;
Driver info: org.openqa.selenium.firefox.FirefoxDriver
Command: [3271a220-705c-4c6e-9a6e-29b44d612cb1, clickElement {id=c2ac8dfb-558a-40b3-a4dd-c0bcf289eca2}]
Capabilities {acceptInsecureCerts: true, browserName: firefox, browserVersion: 125.0.2, moz:accessibilityChecks: false, moz:buildID: 20240419144423, moz:debuggerAddress: 127.0.0.1:29009, moz:geckodriverVersion: 0.34.0, moz:headless: false, moz:platformVersion: 10.0, moz:processID: 33984, moz:profile: C:\Users\Deepthi\AppData\Lo..., moz:shutdownTimeout: 60000, moz:webdriverClick: true, moz:windowless: false, pageLoadStrategy: normal, platformName: windows, proxy: Proxy(), se:cdp: ws://127.0.0.1:29009/devtoo..., se:cdpVersion: 85.0, setWindowRect: true, strictFileInteractability: false, timeouts: {implicit: 0, pageLoad: 300000, script: 30000}, unhandledPromptBehavior: dismiss and notify, userAgent: Mozilla/5.0 (Windows NT 10....}
Element: [[FirefoxDriver: firefox on windows (3271a220-705c-4c6e-9a6e-29b44d612cb1)] -&gt; xpath: .//button[@label=&#039;Assign Staff&#039;]]
Session ID: 3271a220-705c-4c6e-9a6e-29b44d612cb1" type="org.openqa.selenium.ElementClickInterceptedException">
      <![CDATA[org.openqa.selenium.ElementClickInterceptedException: Element <button id="Assign" class="p-button-rounded p-button-success p-button p-component"> is not clickable at point (1295,166) because another element <div class="ng-tns-c132-7 p-dialog-mask p-component-overlay p-dialog-mask-scrollblocker ng-star-inserted"> obscures it
Build info: version: '4.19.1', revision: 'abe0ee07dc'
System info: os.name: 'Windows 11', os.arch: 'amd64', os.version: '10.0', java.version: '21.0.1'
Driver info: org.openqa.selenium.firefox.FirefoxDriver
Command: [3271a220-705c-4c6e-9a6e-29b44d612cb1, clickElement {id=c2ac8dfb-558a-40b3-a4dd-c0bcf289eca2}]
Capabilities {acceptInsecureCerts: true, browserName: firefox, browserVersion: 125.0.2, moz:accessibilityChecks: false, moz:buildID: 20240419144423, moz:debuggerAddress: 127.0.0.1:29009, moz:geckodriverVersion: 0.34.0, moz:headless: false, moz:platformVersion: 10.0, moz:processID: 33984, moz:profile: C:\Users\Deepthi\AppData\Lo..., moz:shutdownTimeout: 60000, moz:webdriverClick: true, moz:windowless: false, pageLoadStrategy: normal, platformName: windows, proxy: Proxy(), se:cdp: ws://127.0.0.1:29009/devtoo..., se:cdpVersion: 85.0, setWindowRect: true, strictFileInteractability: false, timeouts: {implicit: 0, pageLoad: 300000, script: 30000}, unhandledPromptBehavior: dismiss and notify, userAgent: Mozilla/5.0 (Windows NT 10....}
Element: [[FirefoxDriver: firefox on windows (3271a220-705c-4c6e-9a6e-29b44d612cb1)] -> xpath: .//button[@label='Assign Staff']]
Session ID: 3271a220-705c-4c6e-9a6e-29b44d612cb1
at java.base/jdk.internal.reflect.DirectConstructorHandleAccessor.newInstance(DirectConstructorHandleAccessor.java:62)
at java.base/java.lang.reflect.Constructor.newInstanceWithCaller(Constructor.java:502)
at java.base/java.lang.reflect.Constructor.newInstance(Constructor.java:486)
at org.openqa.selenium.remote.ErrorCodec.decode(ErrorCodec.java:167)
at org.openqa.selenium.remote.codec.w3c.W3CHttpResponseCodec.decode(W3CHttpResponseCodec.java:138)
at org.openqa.selenium.remote.codec.w3c.W3CHttpResponseCodec.decode(W3CHttpResponseCodec.java:50)
at org.openqa.selenium.remote.HttpCommandExecutor.execute(HttpCommandExecutor.java:190)
at org.openqa.selenium.remote.service.DriverCommandExecutor.invokeExecute(DriverCommandExecutor.java:216)
at org.openqa.selenium.remote.service.DriverCommandExecutor.execute(DriverCommandExecutor.java:174)
at org.openqa.selenium.remote.RemoteWebDriver.execute(RemoteWebDriver.java:518)
at org.openqa.selenium.remote.RemoteWebElement.execute(RemoteWebElement.java:223)
at org.openqa.selenium.remote.RemoteWebElement.click(RemoteWebElement.java:76)
at pageObjects.AssignStudentPage.clickButton(AssignStudentPage.java:143)
at stepdefinitions.AssignStudent.admin_clicks_button(AssignStudent.java:40)
at ✽.Admin clicks "Assign Staff" button(file:///C:/Users/Deepthi/OneDrive/Documents/GitHub/Team3_Ninja_Hackers_Hackathon_April_2024/src/test/resources/features/14AssignStaff.feature:25)
]]>
    </error>
  </testcase> <!-- runScenario -->
  <system-out/>
  <testcase classname="runner.TestRunner" name="runScenario" time="0.000">
    <error message="Test name must not be null or empty" type="java.lang.IllegalArgumentException">
      <![CDATA[java.lang.IllegalArgumentException: Test name must not be null or empty
at com.aventstack.extentreports.util.Assert.notEmpty(Assert.java:12)
at com.aventstack.extentreports.ExtentTest.<init>(ExtentTest.java:96)
at com.aventstack.extentreports.ExtentTest.createNode(ExtentTest.java:153)
at com.aventstack.extentreports.cucumber.adapter.ExtentCucumberAdapter.createTestCase(ExtentCucumberAdapter.java:424)
at com.aventstack.extentreports.cucumber.adapter.ExtentCucumberAdapter.handleTestCaseStarted(ExtentCucumberAdapter.java:163)
at com.aventstack.extentreports.cucumber.adapter.ExtentCucumberAdapter.access$100(ExtentCucumberAdapter.java:63)
at com.aventstack.extentreports.cucumber.adapter.ExtentCucumberAdapter$3.receive(ExtentCucumberAdapter.java:107)
at com.aventstack.extentreports.cucumber.adapter.ExtentCucumberAdapter$3.receive(ExtentCucumberAdapter.java:104)
at io.cucumber.core.eventbus.AbstractEventPublisher.send(AbstractEventPublisher.java:51)
at io.cucumber.core.eventbus.AbstractEventBus.send(AbstractEventBus.java:12)
at io.cucumber.core.runtime.SynchronizedEventBus.send(SynchronizedEventBus.java:47)
at io.cucumber.core.runtime.ThreadLocalRunnerSupplier$LocalEventBus.send(ThreadLocalRunnerSupplier.java:62)
at io.cucumber.core.runner.TestCase.emitTestCaseStarted(TestCase.java:206)
at io.cucumber.core.runner.TestCase.run(TestCase.java:72)
at io.cucumber.core.runner.Runner.runPickle(Runner.java:75)
at io.cucumber.testng.TestNGCucumberRunner.lambda$runScenario$1(TestNGCucumberRunner.java:132)
at io.cucumber.core.runtime.CucumberExecutionContext.lambda$runTestCase$5(CucumberExecutionContext.java:137)
at io.cucumber.core.runtime.RethrowingThrowableCollector.executeAndThrow(RethrowingThrowableCollector.java:23)
at io.cucumber.core.runtime.CucumberExecutionContext.runTestCase(CucumberExecutionContext.java:137)
at io.cucumber.testng.TestNGCucumberRunner.runScenario(TestNGCucumberRunner.java:129)
at io.cucumber.testng.AbstractTestNGCucumberTests.runScenario(AbstractTestNGCucumberTests.java:35)
at java.base/jdk.internal.reflect.DirectMethodHandleAccessor.invoke(DirectMethodHandleAccessor.java:103)
at java.base/java.lang.reflect.Method.invoke(Method.java:580)
at org.testng.internal.MethodInvocationHelper.invokeMethod(MethodInvocationHelper.java:133)
at org.testng.internal.TestInvoker.invokeMethod(TestInvoker.java:598)
at org.testng.internal.TestInvoker.invokeTestMethod(TestInvoker.java:173)
at org.testng.internal.MethodRunner.runInSequence(MethodRunner.java:46)
at org.testng.internal.TestInvoker$MethodInvocationAgent.invoke(TestInvoker.java:824)
at org.testng.internal.TestInvoker.invokeTestMethods(TestInvoker.java:146)
at org.testng.internal.TestMethodWorker.invokeTestMethods(TestMethodWorker.java:146)
at org.testng.internal.TestMethodWorker.run(TestMethodWorker.java:128)
at java.base/java.util.ArrayList.forEach(ArrayList.java:1596)
at org.testng.TestRunner.privateRun(TestRunner.java:794)
at org.testng.TestRunner.run(TestRunner.java:596)
at org.testng.SuiteRunner.runTest(SuiteRunner.java:377)
at org.testng.SuiteRunner.runSequentially(SuiteRunner.java:371)
at org.testng.SuiteRunner.privateRun(SuiteRunner.java:332)
at org.testng.SuiteRunner.run(SuiteRunner.java:276)
at org.testng.SuiteRunnerWorker.runSuite(SuiteRunnerWorker.java:53)
at org.testng.SuiteRunnerWorker.run(SuiteRunnerWorker.java:96)
at org.testng.TestNG.runSuitesSequentially(TestNG.java:1212)
at org.testng.TestNG.runSuitesLocally(TestNG.java:1134)
at org.testng.TestNG.runSuites(TestNG.java:1063)
at org.testng.TestNG.run(TestNG.java:1031)
at org.testng.remote.AbstractRemoteTestNG.run(AbstractRemoteTestNG.java:115)
at org.testng.remote.RemoteTestNG.initAndRun(RemoteTestNG.java:251)
at org.testng.remote.RemoteTestNG.main(RemoteTestNG.java:77)
]]>
    </error>
  </testcase> <!-- runScenario -->
  <system-out/>
  <testcase classname="runner.TestRunner" name="runScenario" time="1.617"/>
  <system-out/>
  <testcase classname="runner.TestRunner" name="runScenario" time="0.188">
    <error message="Element &lt;button id=&quot;new&quot; class=&quot;p-button-rounded p-button-success p-button p-component&quot;&gt; is not clickable at point (746,166) because another element &lt;div class=&quot;mat-form-field-wrapper ng-tns-c78-39&quot;&gt; obscures it
Build info: version: &#039;4.19.1&#039;, revision: &#039;abe0ee07dc&#039;
System info: os.name: &#039;Windows 11&#039;, os.arch: &#039;amd64&#039;, os.version: &#039;10.0&#039;, java.version: &#039;21.0.1&#039;
Driver info: org.openqa.selenium.firefox.FirefoxDriver
Command: [3271a220-705c-4c6e-9a6e-29b44d612cb1, clickElement {id=f16c703e-c325-48e9-9426-4ee74531d92a}]
Capabilities {acceptInsecureCerts: true, browserName: firefox, browserVersion: 125.0.2, moz:accessibilityChecks: false, moz:buildID: 20240419144423, moz:debuggerAddress: 127.0.0.1:29009, moz:geckodriverVersion: 0.34.0, moz:headless: false, moz:platformVersion: 10.0, moz:processID: 33984, moz:profile: C:\Users\Deepthi\AppData\Lo..., moz:shutdownTimeout: 60000, moz:webdriverClick: true, moz:windowless: false, pageLoadStrategy: normal, platformName: windows, proxy: Proxy(), se:cdp: ws://127.0.0.1:29009/devtoo..., se:cdpVersion: 85.0, setWindowRect: true, strictFileInteractability: false, timeouts: {implicit: 0, pageLoad: 300000, script: 30000}, unhandledPromptBehavior: dismiss and notify, userAgent: Mozilla/5.0 (Windows NT 10....}
Element: [[FirefoxDriver: firefox on windows (3271a220-705c-4c6e-9a6e-29b44d612cb1)] -&gt; xpath: //button[@id=&#039;new&#039;]]
Session ID: 3271a220-705c-4c6e-9a6e-29b44d612cb1" type="org.openqa.selenium.ElementClickInterceptedException">
      <![CDATA[org.openqa.selenium.ElementClickInterceptedException: Element <button id="new" class="p-button-rounded p-button-success p-button p-component"> is not clickable at point (746,166) because another element <div class="mat-form-field-wrapper ng-tns-c78-39"> obscures it
Build info: version: '4.19.1', revision: 'abe0ee07dc'
System info: os.name: 'Windows 11', os.arch: 'amd64', os.version: '10.0', java.version: '21.0.1'
Driver info: org.openqa.selenium.firefox.FirefoxDriver
Command: [3271a220-705c-4c6e-9a6e-29b44d612cb1, clickElement {id=f16c703e-c325-48e9-9426-4ee74531d92a}]
Capabilities {acceptInsecureCerts: true, browserName: firefox, browserVersion: 125.0.2, moz:accessibilityChecks: false, moz:buildID: 20240419144423, moz:debuggerAddress: 127.0.0.1:29009, moz:geckodriverVersion: 0.34.0, moz:headless: false, moz:platformVersion: 10.0, moz:processID: 33984, moz:profile: C:\Users\Deepthi\AppData\Lo..., moz:shutdownTimeout: 60000, moz:webdriverClick: true, moz:windowless: false, pageLoadStrategy: normal, platformName: windows, proxy: Proxy(), se:cdp: ws://127.0.0.1:29009/devtoo..., se:cdpVersion: 85.0, setWindowRect: true, strictFileInteractability: false, timeouts: {implicit: 0, pageLoad: 300000, script: 30000}, unhandledPromptBehavior: dismiss and notify, userAgent: Mozilla/5.0 (Windows NT 10....}
Element: [[FirefoxDriver: firefox on windows (3271a220-705c-4c6e-9a6e-29b44d612cb1)] -> xpath: //button[@id='new']]
Session ID: 3271a220-705c-4c6e-9a6e-29b44d612cb1
at java.base/jdk.internal.reflect.DirectConstructorHandleAccessor.newInstance(DirectConstructorHandleAccessor.java:62)
at java.base/java.lang.reflect.Constructor.newInstanceWithCaller(Constructor.java:502)
at java.base/java.lang.reflect.Constructor.newInstance(Constructor.java:486)
at org.openqa.selenium.remote.ErrorCodec.decode(ErrorCodec.java:167)
at org.openqa.selenium.remote.codec.w3c.W3CHttpResponseCodec.decode(W3CHttpResponseCodec.java:138)
at org.openqa.selenium.remote.codec.w3c.W3CHttpResponseCodec.decode(W3CHttpResponseCodec.java:50)
at org.openqa.selenium.remote.HttpCommandExecutor.execute(HttpCommandExecutor.java:190)
at org.openqa.selenium.remote.service.DriverCommandExecutor.invokeExecute(DriverCommandExecutor.java:216)
at org.openqa.selenium.remote.service.DriverCommandExecutor.execute(DriverCommandExecutor.java:174)
at org.openqa.selenium.remote.RemoteWebDriver.execute(RemoteWebDriver.java:518)
at org.openqa.selenium.remote.RemoteWebElement.execute(RemoteWebElement.java:223)
at org.openqa.selenium.remote.RemoteWebElement.click(RemoteWebElement.java:76)
at pageObjects.UserPage.openNewUserIcon(UserPage.java:208)
at stepdefinitions.User.admin_is_on_user_details_pop_up(User.java:156)
at ✽.Admin is on  User details pop up(file:///C:/Users/Deepthi/OneDrive/Documents/GitHub/Team3_Ninja_Hackers_Hackathon_April_2024/src/test/resources/features/11User2.feature:70)
]]>
    </error>
  </testcase> <!-- runScenario -->
  <system-out/>
  <testcase classname="runner.TestRunner" name="runScenario" time="2.201">
    <error message="Element &lt;button id=&quot;new&quot; class=&quot;p-button-rounded p-button-success p-button p-component&quot;&gt; is not clickable at point (1100,166) because another element &lt;div class=&quot;ng-tns-c132-3 p-dialog-mask p-component-overlay p-dialog-mask-scrollblocker ng-star-inserted&quot;&gt; obscures it
Build info: version: &#039;4.19.1&#039;, revision: &#039;abe0ee07dc&#039;
System info: os.name: &#039;Windows 11&#039;, os.arch: &#039;amd64&#039;, os.version: &#039;10.0&#039;, java.version: &#039;21.0.1&#039;
Driver info: org.openqa.selenium.firefox.FirefoxDriver
Command: [3271a220-705c-4c6e-9a6e-29b44d612cb1, clickElement {id=9c166347-c665-4e60-917c-5ca0f71eaccc}]
Capabilities {acceptInsecureCerts: true, browserName: firefox, browserVersion: 125.0.2, moz:accessibilityChecks: false, moz:buildID: 20240419144423, moz:debuggerAddress: 127.0.0.1:29009, moz:geckodriverVersion: 0.34.0, moz:headless: false, moz:platformVersion: 10.0, moz:processID: 33984, moz:profile: C:\Users\Deepthi\AppData\Lo..., moz:shutdownTimeout: 60000, moz:webdriverClick: true, moz:windowless: false, pageLoadStrategy: normal, platformName: windows, proxy: Proxy(), se:cdp: ws://127.0.0.1:29009/devtoo..., se:cdpVersion: 85.0, setWindowRect: true, strictFileInteractability: false, timeouts: {implicit: 0, pageLoad: 300000, script: 30000}, unhandledPromptBehavior: dismiss and notify, userAgent: Mozilla/5.0 (Windows NT 10....}
Element: [[FirefoxDriver: firefox on windows (3271a220-705c-4c6e-9a6e-29b44d612cb1)] -&gt; xpath: .//button[@label=&#039;A New Program&#039;]]
Session ID: 3271a220-705c-4c6e-9a6e-29b44d612cb1" type="org.openqa.selenium.ElementClickInterceptedException">
      <![CDATA[org.openqa.selenium.ElementClickInterceptedException: Element <button id="new" class="p-button-rounded p-button-success p-button p-component"> is not clickable at point (1100,166) because another element <div class="ng-tns-c132-3 p-dialog-mask p-component-overlay p-dialog-mask-scrollblocker ng-star-inserted"> obscures it
Build info: version: '4.19.1', revision: 'abe0ee07dc'
System info: os.name: 'Windows 11', os.arch: 'amd64', os.version: '10.0', java.version: '21.0.1'
Driver info: org.openqa.selenium.firefox.FirefoxDriver
Command: [3271a220-705c-4c6e-9a6e-29b44d612cb1, clickElement {id=9c166347-c665-4e60-917c-5ca0f71eaccc}]
Capabilities {acceptInsecureCerts: true, browserName: firefox, browserVersion: 125.0.2, moz:accessibilityChecks: false, moz:buildID: 20240419144423, moz:debuggerAddress: 127.0.0.1:29009, moz:geckodriverVersion: 0.34.0, moz:headless: false, moz:platformVersion: 10.0, moz:processID: 33984, moz:profile: C:\Users\Deepthi\AppData\Lo..., moz:shutdownTimeout: 60000, moz:webdriverClick: true, moz:windowless: false, pageLoadStrategy: normal, platformName: windows, proxy: Proxy(), se:cdp: ws://127.0.0.1:29009/devtoo..., se:cdpVersion: 85.0, setWindowRect: true, strictFileInteractability: false, timeouts: {implicit: 0, pageLoad: 300000, script: 30000}, unhandledPromptBehavior: dismiss and notify, userAgent: Mozilla/5.0 (Windows NT 10....}
Element: [[FirefoxDriver: firefox on windows (3271a220-705c-4c6e-9a6e-29b44d612cb1)] -> xpath: .//button[@label='A New Program']]
Session ID: 3271a220-705c-4c6e-9a6e-29b44d612cb1
at java.base/jdk.internal.reflect.DirectConstructorHandleAccessor.newInstance(DirectConstructorHandleAccessor.java:62)
at java.base/java.lang.reflect.Constructor.newInstanceWithCaller(Constructor.java:502)
at java.base/java.lang.reflect.Constructor.newInstance(Constructor.java:486)
at org.openqa.selenium.remote.ErrorCodec.decode(ErrorCodec.java:167)
at org.openqa.selenium.remote.codec.w3c.W3CHttpResponseCodec.decode(W3CHttpResponseCodec.java:138)
at org.openqa.selenium.remote.codec.w3c.W3CHttpResponseCodec.decode(W3CHttpResponseCodec.java:50)
at org.openqa.selenium.remote.HttpCommandExecutor.execute(HttpCommandExecutor.java:190)
at org.openqa.selenium.remote.service.DriverCommandExecutor.invokeExecute(DriverCommandExecutor.java:216)
at org.openqa.selenium.remote.service.DriverCommandExecutor.execute(DriverCommandExecutor.java:174)
at org.openqa.selenium.remote.RemoteWebDriver.execute(RemoteWebDriver.java:518)
at org.openqa.selenium.remote.RemoteWebElement.execute(RemoteWebElement.java:223)
at org.openqa.selenium.remote.RemoteWebElement.click(RemoteWebElement.java:76)
at pageObjects.AssignStudentPage.clickButton(AssignStudentPage.java:143)
at stepdefinitions.AssignStudent.admin_clicks_button(AssignStudent.java:40)
at ✽.Admin clicks "A New Program" button(file:///C:/Users/Deepthi/OneDrive/Documents/GitHub/Team3_Ninja_Hackers_Hackathon_April_2024/src/test/resources/features/04AddProgram.feature:5)
]]>
    </error>
  </testcase> <!-- runScenario -->
  <system-out/>
  <testcase classname="runner.TestRunner" name="runScenario" time="0.902">
    <error message="Unable to locate element: //div[@class=&#039;p-checkbox-box&#039;]
For documentation on this error, please visit: https://www.selenium.dev/documentation/webdriver/troubleshooting/errors#no-such-element-exception
Build info: version: &#039;4.19.1&#039;, revision: &#039;abe0ee07dc&#039;
System info: os.name: &#039;Windows 11&#039;, os.arch: &#039;amd64&#039;, os.version: &#039;10.0&#039;, java.version: &#039;21.0.1&#039;
Driver info: org.openqa.selenium.firefox.FirefoxDriver
Command: [3271a220-705c-4c6e-9a6e-29b44d612cb1, findElement {value=//div[@class=&#039;p-checkbox-box&#039;], using=xpath}]
Capabilities {acceptInsecureCerts: true, browserName: firefox, browserVersion: 125.0.2, moz:accessibilityChecks: false, moz:buildID: 20240419144423, moz:debuggerAddress: 127.0.0.1:29009, moz:geckodriverVersion: 0.34.0, moz:headless: false, moz:platformVersion: 10.0, moz:processID: 33984, moz:profile: C:\Users\Deepthi\AppData\Lo..., moz:shutdownTimeout: 60000, moz:webdriverClick: true, moz:windowless: false, pageLoadStrategy: normal, platformName: windows, proxy: Proxy(), se:cdp: ws://127.0.0.1:29009/devtoo..., se:cdpVersion: 85.0, setWindowRect: true, strictFileInteractability: false, timeouts: {implicit: 0, pageLoad: 300000, script: 30000}, unhandledPromptBehavior: dismiss and notify, userAgent: Mozilla/5.0 (Windows NT 10....}
Session ID: 3271a220-705c-4c6e-9a6e-29b44d612cb1" type="org.openqa.selenium.NoSuchElementException">
      <![CDATA[org.openqa.selenium.NoSuchElementException: Unable to locate element: //div[@class='p-checkbox-box']
For documentation on this error, please visit: https://www.selenium.dev/documentation/webdriver/troubleshooting/errors#no-such-element-exception
Build info: version: '4.19.1', revision: 'abe0ee07dc'
System info: os.name: 'Windows 11', os.arch: 'amd64', os.version: '10.0', java.version: '21.0.1'
Driver info: org.openqa.selenium.firefox.FirefoxDriver
Command: [3271a220-705c-4c6e-9a6e-29b44d612cb1, findElement {value=//div[@class='p-checkbox-box'], using=xpath}]
Capabilities {acceptInsecureCerts: true, browserName: firefox, browserVersion: 125.0.2, moz:accessibilityChecks: false, moz:buildID: 20240419144423, moz:debuggerAddress: 127.0.0.1:29009, moz:geckodriverVersion: 0.34.0, moz:headless: false, moz:platformVersion: 10.0, moz:processID: 33984, moz:profile: C:\Users\Deepthi\AppData\Lo..., moz:shutdownTimeout: 60000, moz:webdriverClick: true, moz:windowless: false, pageLoadStrategy: normal, platformName: windows, proxy: Proxy(), se:cdp: ws://127.0.0.1:29009/devtoo..., se:cdpVersion: 85.0, setWindowRect: true, strictFileInteractability: false, timeouts: {implicit: 0, pageLoad: 300000, script: 30000}, unhandledPromptBehavior: dismiss and notify, userAgent: Mozilla/5.0 (Windows NT 10....}
Session ID: 3271a220-705c-4c6e-9a6e-29b44d612cb1
at java.base/jdk.internal.reflect.DirectConstructorHandleAccessor.newInstance(DirectConstructorHandleAccessor.java:62)
at java.base/java.lang.reflect.Constructor.newInstanceWithCaller(Constructor.java:502)
at java.base/java.lang.reflect.Constructor.newInstance(Constructor.java:486)
at org.openqa.selenium.remote.ErrorCodec.decode(ErrorCodec.java:167)
at org.openqa.selenium.remote.codec.w3c.W3CHttpResponseCodec.decode(W3CHttpResponseCodec.java:138)
at org.openqa.selenium.remote.codec.w3c.W3CHttpResponseCodec.decode(W3CHttpResponseCodec.java:50)
at org.openqa.selenium.remote.HttpCommandExecutor.execute(HttpCommandExecutor.java:190)
at org.openqa.selenium.remote.service.DriverCommandExecutor.invokeExecute(DriverCommandExecutor.java:216)
at org.openqa.selenium.remote.service.DriverCommandExecutor.execute(DriverCommandExecutor.java:174)
at org.openqa.selenium.remote.RemoteWebDriver.execute(RemoteWebDriver.java:518)
at org.openqa.selenium.remote.ElementLocation$ElementFinder$2.findElement(ElementLocation.java:165)
at org.openqa.selenium.remote.ElementLocation.findElement(ElementLocation.java:59)
at org.openqa.selenium.remote.RemoteWebDriver.findElement(RemoteWebDriver.java:355)
at org.openqa.selenium.remote.RemoteWebDriver.findElement(RemoteWebDriver.java:349)
at pageObjects.ProgramPage.ischeckbox(ProgramPage.java:156)
at stepdefinitions.Programlms_SD.admin_should_see_check_box_on_the_left_side_in_all_rows_of_the_data_table(Programlms_SD.java:91)
at ✽.Admin should see check box on the left side in all rows of the data table(file:///C:/Users/Deepthi/OneDrive/Documents/GitHub/Team3_Ninja_Hackers_Hackathon_April_2024/src/test/resources/features/03Programlms.feature:60)
]]>
    </error>
  </testcase> <!-- runScenario -->
  <system-out/>
  <testcase classname="runner.TestRunner" name="runScenario" time="2.168">
    <error message="Element &lt;button id=&quot;new&quot; class=&quot;p-button-rounded p-button-success p-button p-component&quot;&gt; is not clickable at point (1100,166) because another element &lt;div class=&quot;ng-tns-c132-3 p-dialog-mask p-component-overlay p-dialog-mask-scrollblocker ng-star-inserted&quot;&gt; obscures it
Build info: version: &#039;4.19.1&#039;, revision: &#039;abe0ee07dc&#039;
System info: os.name: &#039;Windows 11&#039;, os.arch: &#039;amd64&#039;, os.version: &#039;10.0&#039;, java.version: &#039;21.0.1&#039;
Driver info: org.openqa.selenium.firefox.FirefoxDriver
Command: [3271a220-705c-4c6e-9a6e-29b44d612cb1, clickElement {id=9c166347-c665-4e60-917c-5ca0f71eaccc}]
Capabilities {acceptInsecureCerts: true, browserName: firefox, browserVersion: 125.0.2, moz:accessibilityChecks: false, moz:buildID: 20240419144423, moz:debuggerAddress: 127.0.0.1:29009, moz:geckodriverVersion: 0.34.0, moz:headless: false, moz:platformVersion: 10.0, moz:processID: 33984, moz:profile: C:\Users\Deepthi\AppData\Lo..., moz:shutdownTimeout: 60000, moz:webdriverClick: true, moz:windowless: false, pageLoadStrategy: normal, platformName: windows, proxy: Proxy(), se:cdp: ws://127.0.0.1:29009/devtoo..., se:cdpVersion: 85.0, setWindowRect: true, strictFileInteractability: false, timeouts: {implicit: 0, pageLoad: 300000, script: 30000}, unhandledPromptBehavior: dismiss and notify, userAgent: Mozilla/5.0 (Windows NT 10....}
Element: [[FirefoxDriver: firefox on windows (3271a220-705c-4c6e-9a6e-29b44d612cb1)] -&gt; xpath: .//button[@label=&#039;A New Program&#039;]]
Session ID: 3271a220-705c-4c6e-9a6e-29b44d612cb1" type="org.openqa.selenium.ElementClickInterceptedException">
      <![CDATA[org.openqa.selenium.ElementClickInterceptedException: Element <button id="new" class="p-button-rounded p-button-success p-button p-component"> is not clickable at point (1100,166) because another element <div class="ng-tns-c132-3 p-dialog-mask p-component-overlay p-dialog-mask-scrollblocker ng-star-inserted"> obscures it
Build info: version: '4.19.1', revision: 'abe0ee07dc'
System info: os.name: 'Windows 11', os.arch: 'amd64', os.version: '10.0', java.version: '21.0.1'
Driver info: org.openqa.selenium.firefox.FirefoxDriver
Command: [3271a220-705c-4c6e-9a6e-29b44d612cb1, clickElement {id=9c166347-c665-4e60-917c-5ca0f71eaccc}]
Capabilities {acceptInsecureCerts: true, browserName: firefox, browserVersion: 125.0.2, moz:accessibilityChecks: false, moz:buildID: 20240419144423, moz:debuggerAddress: 127.0.0.1:29009, moz:geckodriverVersion: 0.34.0, moz:headless: false, moz:platformVersion: 10.0, moz:processID: 33984, moz:profile: C:\Users\Deepthi\AppData\Lo..., moz:shutdownTimeout: 60000, moz:webdriverClick: true, moz:windowless: false, pageLoadStrategy: normal, platformName: windows, proxy: Proxy(), se:cdp: ws://127.0.0.1:29009/devtoo..., se:cdpVersion: 85.0, setWindowRect: true, strictFileInteractability: false, timeouts: {implicit: 0, pageLoad: 300000, script: 30000}, unhandledPromptBehavior: dismiss and notify, userAgent: Mozilla/5.0 (Windows NT 10....}
Element: [[FirefoxDriver: firefox on windows (3271a220-705c-4c6e-9a6e-29b44d612cb1)] -> xpath: .//button[@label='A New Program']]
Session ID: 3271a220-705c-4c6e-9a6e-29b44d612cb1
at java.base/jdk.internal.reflect.DirectConstructorHandleAccessor.newInstance(DirectConstructorHandleAccessor.java:62)
at java.base/java.lang.reflect.Constructor.newInstanceWithCaller(Constructor.java:502)
at java.base/java.lang.reflect.Constructor.newInstance(Constructor.java:486)
at org.openqa.selenium.remote.ErrorCodec.decode(ErrorCodec.java:167)
at org.openqa.selenium.remote.codec.w3c.W3CHttpResponseCodec.decode(W3CHttpResponseCodec.java:138)
at org.openqa.selenium.remote.codec.w3c.W3CHttpResponseCodec.decode(W3CHttpResponseCodec.java:50)
at org.openqa.selenium.remote.HttpCommandExecutor.execute(HttpCommandExecutor.java:190)
at org.openqa.selenium.remote.service.DriverCommandExecutor.invokeExecute(DriverCommandExecutor.java:216)
at org.openqa.selenium.remote.service.DriverCommandExecutor.execute(DriverCommandExecutor.java:174)
at org.openqa.selenium.remote.RemoteWebDriver.execute(RemoteWebDriver.java:518)
at org.openqa.selenium.remote.RemoteWebElement.execute(RemoteWebElement.java:223)
at org.openqa.selenium.remote.RemoteWebElement.click(RemoteWebElement.java:76)
at pageObjects.AssignStudentPage.clickButton(AssignStudentPage.java:143)
at stepdefinitions.AssignStudent.admin_clicks_button(AssignStudent.java:40)
at ✽.Admin clicks "A New Program" button(file:///C:/Users/Deepthi/OneDrive/Documents/GitHub/Team3_Ninja_Hackers_Hackathon_April_2024/src/test/resources/features/04AddProgram.feature:5)
]]>
    </error>
  </testcase> <!-- runScenario -->
  <system-out/>
  <testcase classname="runner.TestRunner" name="runScenario" time="0.439"/>
  <system-out/>
  <testcase classname="runner.TestRunner" name="runScenario" time="0.596"/>
  <system-out/>
  <testcase classname="runner.TestRunner" name="runScenario" time="1.413"/>
  <system-out/>
  <testcase classname="runner.TestRunner" name="runScenario" time="3.471"/>
  <system-out/>
  <testcase classname="runner.TestRunner" name="runScenario" time="0.126">
    <error message="Element &lt;button id=&quot;user&quot; class=&quot;mat-focus-indicator mat-button mat-button-base&quot;&gt; is not clickable at point (1413,32) because another element &lt;div class=&quot;p-toast-message-content ng-tns-c90-9&quot;&gt; obscures it
Build info: version: &#039;4.19.1&#039;, revision: &#039;abe0ee07dc&#039;
System info: os.name: &#039;Windows 11&#039;, os.arch: &#039;amd64&#039;, os.version: &#039;10.0&#039;, java.version: &#039;21.0.1&#039;
Driver info: org.openqa.selenium.firefox.FirefoxDriver
Command: [3271a220-705c-4c6e-9a6e-29b44d612cb1, clickElement {id=b8428683-52c3-4593-82ba-45f351b1d4c1}]
Capabilities {acceptInsecureCerts: true, browserName: firefox, browserVersion: 125.0.2, moz:accessibilityChecks: false, moz:buildID: 20240419144423, moz:debuggerAddress: 127.0.0.1:29009, moz:geckodriverVersion: 0.34.0, moz:headless: false, moz:platformVersion: 10.0, moz:processID: 33984, moz:profile: C:\Users\Deepthi\AppData\Lo..., moz:shutdownTimeout: 60000, moz:webdriverClick: true, moz:windowless: false, pageLoadStrategy: normal, platformName: windows, proxy: Proxy(), se:cdp: ws://127.0.0.1:29009/devtoo..., se:cdpVersion: 85.0, setWindowRect: true, strictFileInteractability: false, timeouts: {implicit: 0, pageLoad: 300000, script: 30000}, unhandledPromptBehavior: dismiss and notify, userAgent: Mozilla/5.0 (Windows NT 10....}
Element: [[FirefoxDriver: firefox on windows (3271a220-705c-4c6e-9a6e-29b44d612cb1)] -&gt; xpath: //button[@id=&#039;user&#039;]]
Session ID: 3271a220-705c-4c6e-9a6e-29b44d612cb1" type="org.openqa.selenium.ElementClickInterceptedException">
      <![CDATA[org.openqa.selenium.ElementClickInterceptedException: Element <button id="user" class="mat-focus-indicator mat-button mat-button-base"> is not clickable at point (1413,32) because another element <div class="p-toast-message-content ng-tns-c90-9"> obscures it
Build info: version: '4.19.1', revision: 'abe0ee07dc'
System info: os.name: 'Windows 11', os.arch: 'amd64', os.version: '10.0', java.version: '21.0.1'
Driver info: org.openqa.selenium.firefox.FirefoxDriver
Command: [3271a220-705c-4c6e-9a6e-29b44d612cb1, clickElement {id=b8428683-52c3-4593-82ba-45f351b1d4c1}]
Capabilities {acceptInsecureCerts: true, browserName: firefox, browserVersion: 125.0.2, moz:accessibilityChecks: false, moz:buildID: 20240419144423, moz:debuggerAddress: 127.0.0.1:29009, moz:geckodriverVersion: 0.34.0, moz:headless: false, moz:platformVersion: 10.0, moz:processID: 33984, moz:profile: C:\Users\Deepthi\AppData\Lo..., moz:shutdownTimeout: 60000, moz:webdriverClick: true, moz:windowless: false, pageLoadStrategy: normal, platformName: windows, proxy: Proxy(), se:cdp: ws://127.0.0.1:29009/devtoo..., se:cdpVersion: 85.0, setWindowRect: true, strictFileInteractability: false, timeouts: {implicit: 0, pageLoad: 300000, script: 30000}, unhandledPromptBehavior: dismiss and notify, userAgent: Mozilla/5.0 (Windows NT 10....}
Element: [[FirefoxDriver: firefox on windows (3271a220-705c-4c6e-9a6e-29b44d612cb1)] -> xpath: //button[@id='user']]
Session ID: 3271a220-705c-4c6e-9a6e-29b44d612cb1
at java.base/jdk.internal.reflect.DirectConstructorHandleAccessor.newInstance(DirectConstructorHandleAccessor.java:62)
at java.base/java.lang.reflect.Constructor.newInstanceWithCaller(Constructor.java:502)
at java.base/java.lang.reflect.Constructor.newInstance(Constructor.java:486)
at org.openqa.selenium.remote.ErrorCodec.decode(ErrorCodec.java:167)
at org.openqa.selenium.remote.codec.w3c.W3CHttpResponseCodec.decode(W3CHttpResponseCodec.java:138)
at org.openqa.selenium.remote.codec.w3c.W3CHttpResponseCodec.decode(W3CHttpResponseCodec.java:50)
at org.openqa.selenium.remote.HttpCommandExecutor.execute(HttpCommandExecutor.java:190)
at org.openqa.selenium.remote.service.DriverCommandExecutor.invokeExecute(DriverCommandExecutor.java:216)
at org.openqa.selenium.remote.service.DriverCommandExecutor.execute(DriverCommandExecutor.java:174)
at org.openqa.selenium.remote.RemoteWebDriver.execute(RemoteWebDriver.java:518)
at org.openqa.selenium.remote.RemoteWebElement.execute(RemoteWebElement.java:223)
at org.openqa.selenium.remote.RemoteWebElement.click(RemoteWebElement.java:76)
at pageObjects.AssignStudentPage.isUserClicked(AssignStudentPage.java:60)
at stepdefinitions.AssignStudent.admin_clicks_from_navigation_bar(AssignStudent.java:27)
at ✽.Admin clicks "User" from navigation bar(file:///C:/Users/Deepthi/OneDrive/Documents/GitHub/Team3_Ninja_Hackers_Hackathon_April_2024/src/test/resources/features/09User.feature:23)
]]>
    </error>
  </testcase> <!-- runScenario -->
  <system-out/>
  <testcase classname="runner.TestRunner" name="runScenario" time="0.152">
    <error message="Element &lt;th class=&quot;p-sortable-column&quot;&gt; is not clickable at point (916,218) because another element &lt;div class=&quot;p-dialog-header ng-tns-c132-3 ng-star-inserted&quot;&gt; obscures it
Build info: version: &#039;4.19.1&#039;, revision: &#039;abe0ee07dc&#039;
System info: os.name: &#039;Windows 11&#039;, os.arch: &#039;amd64&#039;, os.version: &#039;10.0&#039;, java.version: &#039;21.0.1&#039;
Driver info: org.openqa.selenium.firefox.FirefoxDriver
Command: [3271a220-705c-4c6e-9a6e-29b44d612cb1, clickElement {id=9f07f55d-4bec-4972-b112-52a1e61b08e3}]
Capabilities {acceptInsecureCerts: true, browserName: firefox, browserVersion: 125.0.2, moz:accessibilityChecks: false, moz:buildID: 20240419144423, moz:debuggerAddress: 127.0.0.1:29009, moz:geckodriverVersion: 0.34.0, moz:headless: false, moz:platformVersion: 10.0, moz:processID: 33984, moz:profile: C:\Users\Deepthi\AppData\Lo..., moz:shutdownTimeout: 60000, moz:webdriverClick: true, moz:windowless: false, pageLoadStrategy: normal, platformName: windows, proxy: Proxy(), se:cdp: ws://127.0.0.1:29009/devtoo..., se:cdpVersion: 85.0, setWindowRect: true, strictFileInteractability: false, timeouts: {implicit: 0, pageLoad: 300000, script: 30000}, unhandledPromptBehavior: dismiss and notify, userAgent: Mozilla/5.0 (Windows NT 10....}
Element: [[FirefoxDriver: firefox on windows (3271a220-705c-4c6e-9a6e-29b44d612cb1)] -&gt; xpath: //th[@psortablecolumn=&#039;programStatus&#039;]]
Session ID: 3271a220-705c-4c6e-9a6e-29b44d612cb1" type="org.openqa.selenium.ElementClickInterceptedException">
      <![CDATA[org.openqa.selenium.ElementClickInterceptedException: Element <th class="p-sortable-column"> is not clickable at point (916,218) because another element <div class="p-dialog-header ng-tns-c132-3 ng-star-inserted"> obscures it
Build info: version: '4.19.1', revision: 'abe0ee07dc'
System info: os.name: 'Windows 11', os.arch: 'amd64', os.version: '10.0', java.version: '21.0.1'
Driver info: org.openqa.selenium.firefox.FirefoxDriver
Command: [3271a220-705c-4c6e-9a6e-29b44d612cb1, clickElement {id=9f07f55d-4bec-4972-b112-52a1e61b08e3}]
Capabilities {acceptInsecureCerts: true, browserName: firefox, browserVersion: 125.0.2, moz:accessibilityChecks: false, moz:buildID: 20240419144423, moz:debuggerAddress: 127.0.0.1:29009, moz:geckodriverVersion: 0.34.0, moz:headless: false, moz:platformVersion: 10.0, moz:processID: 33984, moz:profile: C:\Users\Deepthi\AppData\Lo..., moz:shutdownTimeout: 60000, moz:webdriverClick: true, moz:windowless: false, pageLoadStrategy: normal, platformName: windows, proxy: Proxy(), se:cdp: ws://127.0.0.1:29009/devtoo..., se:cdpVersion: 85.0, setWindowRect: true, strictFileInteractability: false, timeouts: {implicit: 0, pageLoad: 300000, script: 30000}, unhandledPromptBehavior: dismiss and notify, userAgent: Mozilla/5.0 (Windows NT 10....}
Element: [[FirefoxDriver: firefox on windows (3271a220-705c-4c6e-9a6e-29b44d612cb1)] -> xpath: //th[@psortablecolumn='programStatus']]
Session ID: 3271a220-705c-4c6e-9a6e-29b44d612cb1
at java.base/jdk.internal.reflect.DirectConstructorHandleAccessor.newInstance(DirectConstructorHandleAccessor.java:62)
at java.base/java.lang.reflect.Constructor.newInstanceWithCaller(Constructor.java:502)
at java.base/java.lang.reflect.Constructor.newInstance(Constructor.java:486)
at org.openqa.selenium.remote.ErrorCodec.decode(ErrorCodec.java:167)
at org.openqa.selenium.remote.codec.w3c.W3CHttpResponseCodec.decode(W3CHttpResponseCodec.java:138)
at org.openqa.selenium.remote.codec.w3c.W3CHttpResponseCodec.decode(W3CHttpResponseCodec.java:50)
at org.openqa.selenium.remote.HttpCommandExecutor.execute(HttpCommandExecutor.java:190)
at org.openqa.selenium.remote.service.DriverCommandExecutor.invokeExecute(DriverCommandExecutor.java:216)
at org.openqa.selenium.remote.service.DriverCommandExecutor.execute(DriverCommandExecutor.java:174)
at org.openqa.selenium.remote.RemoteWebDriver.execute(RemoteWebDriver.java:518)
at org.openqa.selenium.remote.RemoteWebElement.execute(RemoteWebElement.java:223)
at org.openqa.selenium.remote.RemoteWebElement.click(RemoteWebElement.java:76)
at pageObjects.ManageProgramPageSorting.clickProgramStatusIcon(ManageProgramPageSorting.java:133)
at stepdefinitions.ManageProgramPageSortingDefinitions.admin_clicks_the_sort_icon_of_program_status_column(ManageProgramPageSortingDefinitions.java:144)
at ✽.Admin clicks the sort icon of program Status column(file:///C:/Users/Deepthi/OneDrive/Documents/GitHub/Team3_Ninja_Hackers_Hackathon_April_2024/src/test/resources/features/05ManageProgramPageSorting.feature:46)
]]>
    </error>
  </testcase> <!-- runScenario -->
  <system-out/>
  <testcase classname="runner.TestRunner" name="runScenario" time="0.150">
    <error message="Element &lt;button id=&quot;logout&quot; class=&quot;mat-focus-indicator mat-button mat-button-base ng-star-inserted&quot;&gt; is not clickable at point (1482,32) because another element &lt;div class=&quot;ng-tns-c132-3 p-dialog-mask p-component-overlay p-dialog-mask-scrollblocker ng-star-inserted&quot;&gt; obscures it
Build info: version: &#039;4.19.1&#039;, revision: &#039;abe0ee07dc&#039;
System info: os.name: &#039;Windows 11&#039;, os.arch: &#039;amd64&#039;, os.version: &#039;10.0&#039;, java.version: &#039;21.0.1&#039;
Driver info: org.openqa.selenium.firefox.FirefoxDriver
Command: [3271a220-705c-4c6e-9a6e-29b44d612cb1, clickElement {id=7d434e06-0159-46d6-97e4-96b8eb580d7f}]
Capabilities {acceptInsecureCerts: true, browserName: firefox, browserVersion: 125.0.2, moz:accessibilityChecks: false, moz:buildID: 20240419144423, moz:debuggerAddress: 127.0.0.1:29009, moz:geckodriverVersion: 0.34.0, moz:headless: false, moz:platformVersion: 10.0, moz:processID: 33984, moz:profile: C:\Users\Deepthi\AppData\Lo..., moz:shutdownTimeout: 60000, moz:webdriverClick: true, moz:windowless: false, pageLoadStrategy: normal, platformName: windows, proxy: Proxy(), se:cdp: ws://127.0.0.1:29009/devtoo..., se:cdpVersion: 85.0, setWindowRect: true, strictFileInteractability: false, timeouts: {implicit: 0, pageLoad: 300000, script: 30000}, unhandledPromptBehavior: dismiss and notify, userAgent: Mozilla/5.0 (Windows NT 10....}
Element: [[FirefoxDriver: firefox on windows (3271a220-705c-4c6e-9a6e-29b44d612cb1)] -&gt; xpath: //button[@id=&#039;logout&#039;]]
Session ID: 3271a220-705c-4c6e-9a6e-29b44d612cb1" type="org.openqa.selenium.ElementClickInterceptedException">
      <![CDATA[org.openqa.selenium.ElementClickInterceptedException: Element <button id="logout" class="mat-focus-indicator mat-button mat-button-base ng-star-inserted"> is not clickable at point (1482,32) because another element <div class="ng-tns-c132-3 p-dialog-mask p-component-overlay p-dialog-mask-scrollblocker ng-star-inserted"> obscures it
Build info: version: '4.19.1', revision: 'abe0ee07dc'
System info: os.name: 'Windows 11', os.arch: 'amd64', os.version: '10.0', java.version: '21.0.1'
Driver info: org.openqa.selenium.firefox.FirefoxDriver
Command: [3271a220-705c-4c6e-9a6e-29b44d612cb1, clickElement {id=7d434e06-0159-46d6-97e4-96b8eb580d7f}]
Capabilities {acceptInsecureCerts: true, browserName: firefox, browserVersion: 125.0.2, moz:accessibilityChecks: false, moz:buildID: 20240419144423, moz:debuggerAddress: 127.0.0.1:29009, moz:geckodriverVersion: 0.34.0, moz:headless: false, moz:platformVersion: 10.0, moz:processID: 33984, moz:profile: C:\Users\Deepthi\AppData\Lo..., moz:shutdownTimeout: 60000, moz:webdriverClick: true, moz:windowless: false, pageLoadStrategy: normal, platformName: windows, proxy: Proxy(), se:cdp: ws://127.0.0.1:29009/devtoo..., se:cdpVersion: 85.0, setWindowRect: true, strictFileInteractability: false, timeouts: {implicit: 0, pageLoad: 300000, script: 30000}, unhandledPromptBehavior: dismiss and notify, userAgent: Mozilla/5.0 (Windows NT 10....}
Element: [[FirefoxDriver: firefox on windows (3271a220-705c-4c6e-9a6e-29b44d612cb1)] -> xpath: //button[@id='logout']]
Session ID: 3271a220-705c-4c6e-9a6e-29b44d612cb1
at java.base/jdk.internal.reflect.DirectConstructorHandleAccessor.newInstance(DirectConstructorHandleAccessor.java:62)
at java.base/java.lang.reflect.Constructor.newInstanceWithCaller(Constructor.java:502)
at java.base/java.lang.reflect.Constructor.newInstance(Constructor.java:486)
at org.openqa.selenium.remote.ErrorCodec.decode(ErrorCodec.java:167)
at org.openqa.selenium.remote.codec.w3c.W3CHttpResponseCodec.decode(W3CHttpResponseCodec.java:138)
at org.openqa.selenium.remote.codec.w3c.W3CHttpResponseCodec.decode(W3CHttpResponseCodec.java:50)
at org.openqa.selenium.remote.HttpCommandExecutor.execute(HttpCommandExecutor.java:190)
at org.openqa.selenium.remote.service.DriverCommandExecutor.invokeExecute(DriverCommandExecutor.java:216)
at org.openqa.selenium.remote.service.DriverCommandExecutor.execute(DriverCommandExecutor.java:174)
at org.openqa.selenium.remote.RemoteWebDriver.execute(RemoteWebDriver.java:518)
at org.openqa.selenium.remote.RemoteWebElement.execute(RemoteWebElement.java:223)
at org.openqa.selenium.remote.RemoteWebElement.click(RemoteWebElement.java:76)
at pageObjects.ManageProgramPageValidation.clickLogoutLink(ManageProgramPageValidation.java:51)
at stepdefinitions.ManageProgramValidationDefinition.admin_clicks_on_logout_link_on_manage_program_page(ManageProgramValidationDefinition.java:42)
at ✽.Admin clicks on Logout link on Manage Program page(file:///C:/Users/Deepthi/OneDrive/Documents/GitHub/Team3_Ninja_Hackers_Hackathon_April_2024/src/test/resources/features/06ManageProgramPageValidation.feature:24)
]]>
    </error>
  </testcase> <!-- runScenario -->
  <system-out/>
  <testcase classname="runner.TestRunner" name="runScenario" time="8.322"/>
  <system-out/>
  <testcase classname="runner.TestRunner" name="runScenario" time="0.135">
    <error message="Element &lt;button id=&quot;user&quot; class=&quot;mat-focus-indicator mat-button mat-button-base&quot;&gt; is not clickable at point (1413,32) because another element &lt;div class=&quot;p-toast-summary ng-tns-c90-9&quot;&gt; obscures it
Build info: version: &#039;4.19.1&#039;, revision: &#039;abe0ee07dc&#039;
System info: os.name: &#039;Windows 11&#039;, os.arch: &#039;amd64&#039;, os.version: &#039;10.0&#039;, java.version: &#039;21.0.1&#039;
Driver info: org.openqa.selenium.firefox.FirefoxDriver
Command: [3271a220-705c-4c6e-9a6e-29b44d612cb1, clickElement {id=b8428683-52c3-4593-82ba-45f351b1d4c1}]
Capabilities {acceptInsecureCerts: true, browserName: firefox, browserVersion: 125.0.2, moz:accessibilityChecks: false, moz:buildID: 20240419144423, moz:debuggerAddress: 127.0.0.1:29009, moz:geckodriverVersion: 0.34.0, moz:headless: false, moz:platformVersion: 10.0, moz:processID: 33984, moz:profile: C:\Users\Deepthi\AppData\Lo..., moz:shutdownTimeout: 60000, moz:webdriverClick: true, moz:windowless: false, pageLoadStrategy: normal, platformName: windows, proxy: Proxy(), se:cdp: ws://127.0.0.1:29009/devtoo..., se:cdpVersion: 85.0, setWindowRect: true, strictFileInteractability: false, timeouts: {implicit: 0, pageLoad: 300000, script: 30000}, unhandledPromptBehavior: dismiss and notify, userAgent: Mozilla/5.0 (Windows NT 10....}
Element: [[FirefoxDriver: firefox on windows (3271a220-705c-4c6e-9a6e-29b44d612cb1)] -&gt; xpath: //button[@id=&#039;user&#039;]]
Session ID: 3271a220-705c-4c6e-9a6e-29b44d612cb1" type="org.openqa.selenium.ElementClickInterceptedException">
      <![CDATA[org.openqa.selenium.ElementClickInterceptedException: Element <button id="user" class="mat-focus-indicator mat-button mat-button-base"> is not clickable at point (1413,32) because another element <div class="p-toast-summary ng-tns-c90-9"> obscures it
Build info: version: '4.19.1', revision: 'abe0ee07dc'
System info: os.name: 'Windows 11', os.arch: 'amd64', os.version: '10.0', java.version: '21.0.1'
Driver info: org.openqa.selenium.firefox.FirefoxDriver
Command: [3271a220-705c-4c6e-9a6e-29b44d612cb1, clickElement {id=b8428683-52c3-4593-82ba-45f351b1d4c1}]
Capabilities {acceptInsecureCerts: true, browserName: firefox, browserVersion: 125.0.2, moz:accessibilityChecks: false, moz:buildID: 20240419144423, moz:debuggerAddress: 127.0.0.1:29009, moz:geckodriverVersion: 0.34.0, moz:headless: false, moz:platformVersion: 10.0, moz:processID: 33984, moz:profile: C:\Users\Deepthi\AppData\Lo..., moz:shutdownTimeout: 60000, moz:webdriverClick: true, moz:windowless: false, pageLoadStrategy: normal, platformName: windows, proxy: Proxy(), se:cdp: ws://127.0.0.1:29009/devtoo..., se:cdpVersion: 85.0, setWindowRect: true, strictFileInteractability: false, timeouts: {implicit: 0, pageLoad: 300000, script: 30000}, unhandledPromptBehavior: dismiss and notify, userAgent: Mozilla/5.0 (Windows NT 10....}
Element: [[FirefoxDriver: firefox on windows (3271a220-705c-4c6e-9a6e-29b44d612cb1)] -> xpath: //button[@id='user']]
Session ID: 3271a220-705c-4c6e-9a6e-29b44d612cb1
at java.base/jdk.internal.reflect.DirectConstructorHandleAccessor.newInstance(DirectConstructorHandleAccessor.java:62)
at java.base/java.lang.reflect.Constructor.newInstanceWithCaller(Constructor.java:502)
at java.base/java.lang.reflect.Constructor.newInstance(Constructor.java:486)
at org.openqa.selenium.remote.ErrorCodec.decode(ErrorCodec.java:167)
at org.openqa.selenium.remote.codec.w3c.W3CHttpResponseCodec.decode(W3CHttpResponseCodec.java:138)
at org.openqa.selenium.remote.codec.w3c.W3CHttpResponseCodec.decode(W3CHttpResponseCodec.java:50)
at org.openqa.selenium.remote.HttpCommandExecutor.execute(HttpCommandExecutor.java:190)
at org.openqa.selenium.remote.service.DriverCommandExecutor.invokeExecute(DriverCommandExecutor.java:216)
at org.openqa.selenium.remote.service.DriverCommandExecutor.execute(DriverCommandExecutor.java:174)
at org.openqa.selenium.remote.RemoteWebDriver.execute(RemoteWebDriver.java:518)
at org.openqa.selenium.remote.RemoteWebElement.execute(RemoteWebElement.java:223)
at org.openqa.selenium.remote.RemoteWebElement.click(RemoteWebElement.java:76)
at pageObjects.AssignStudentPage.isUserClicked(AssignStudentPage.java:60)
at stepdefinitions.AssignStudent.admin_clicks_from_navigation_bar(AssignStudent.java:27)
at ✽.Admin clicks "User" from navigation bar(file:///C:/Users/Deepthi/OneDrive/Documents/GitHub/Team3_Ninja_Hackers_Hackathon_April_2024/src/test/resources/features/09User.feature:84)
]]>
    </error>
  </testcase> <!-- runScenario -->
  <system-out/>
  <testcase classname="runner.TestRunner" name="runScenario" time="0.125">
    <error message="Element &lt;button id=&quot;user&quot; class=&quot;mat-focus-indicator mat-button mat-button-base&quot;&gt; is not clickable at point (1413,32) because another element &lt;div class=&quot;p-toast-message-content ng-tns-c90-9&quot;&gt; obscures it
Build info: version: &#039;4.19.1&#039;, revision: &#039;abe0ee07dc&#039;
System info: os.name: &#039;Windows 11&#039;, os.arch: &#039;amd64&#039;, os.version: &#039;10.0&#039;, java.version: &#039;21.0.1&#039;
Driver info: org.openqa.selenium.firefox.FirefoxDriver
Command: [3271a220-705c-4c6e-9a6e-29b44d612cb1, clickElement {id=b8428683-52c3-4593-82ba-45f351b1d4c1}]
Capabilities {acceptInsecureCerts: true, browserName: firefox, browserVersion: 125.0.2, moz:accessibilityChecks: false, moz:buildID: 20240419144423, moz:debuggerAddress: 127.0.0.1:29009, moz:geckodriverVersion: 0.34.0, moz:headless: false, moz:platformVersion: 10.0, moz:processID: 33984, moz:profile: C:\Users\Deepthi\AppData\Lo..., moz:shutdownTimeout: 60000, moz:webdriverClick: true, moz:windowless: false, pageLoadStrategy: normal, platformName: windows, proxy: Proxy(), se:cdp: ws://127.0.0.1:29009/devtoo..., se:cdpVersion: 85.0, setWindowRect: true, strictFileInteractability: false, timeouts: {implicit: 0, pageLoad: 300000, script: 30000}, unhandledPromptBehavior: dismiss and notify, userAgent: Mozilla/5.0 (Windows NT 10....}
Element: [[FirefoxDriver: firefox on windows (3271a220-705c-4c6e-9a6e-29b44d612cb1)] -&gt; xpath: //button[@id=&#039;user&#039;]]
Session ID: 3271a220-705c-4c6e-9a6e-29b44d612cb1" type="org.openqa.selenium.ElementClickInterceptedException">
      <![CDATA[org.openqa.selenium.ElementClickInterceptedException: Element <button id="user" class="mat-focus-indicator mat-button mat-button-base"> is not clickable at point (1413,32) because another element <div class="p-toast-message-content ng-tns-c90-9"> obscures it
Build info: version: '4.19.1', revision: 'abe0ee07dc'
System info: os.name: 'Windows 11', os.arch: 'amd64', os.version: '10.0', java.version: '21.0.1'
Driver info: org.openqa.selenium.firefox.FirefoxDriver
Command: [3271a220-705c-4c6e-9a6e-29b44d612cb1, clickElement {id=b8428683-52c3-4593-82ba-45f351b1d4c1}]
Capabilities {acceptInsecureCerts: true, browserName: firefox, browserVersion: 125.0.2, moz:accessibilityChecks: false, moz:buildID: 20240419144423, moz:debuggerAddress: 127.0.0.1:29009, moz:geckodriverVersion: 0.34.0, moz:headless: false, moz:platformVersion: 10.0, moz:processID: 33984, moz:profile: C:\Users\Deepthi\AppData\Lo..., moz:shutdownTimeout: 60000, moz:webdriverClick: true, moz:windowless: false, pageLoadStrategy: normal, platformName: windows, proxy: Proxy(), se:cdp: ws://127.0.0.1:29009/devtoo..., se:cdpVersion: 85.0, setWindowRect: true, strictFileInteractability: false, timeouts: {implicit: 0, pageLoad: 300000, script: 30000}, unhandledPromptBehavior: dismiss and notify, userAgent: Mozilla/5.0 (Windows NT 10....}
Element: [[FirefoxDriver: firefox on windows (3271a220-705c-4c6e-9a6e-29b44d612cb1)] -> xpath: //button[@id='user']]
Session ID: 3271a220-705c-4c6e-9a6e-29b44d612cb1
at java.base/jdk.internal.reflect.DirectConstructorHandleAccessor.newInstance(DirectConstructorHandleAccessor.java:62)
at java.base/java.lang.reflect.Constructor.newInstanceWithCaller(Constructor.java:502)
at java.base/java.lang.reflect.Constructor.newInstance(Constructor.java:486)
at org.openqa.selenium.remote.ErrorCodec.decode(ErrorCodec.java:167)
at org.openqa.selenium.remote.codec.w3c.W3CHttpResponseCodec.decode(W3CHttpResponseCodec.java:138)
at org.openqa.selenium.remote.codec.w3c.W3CHttpResponseCodec.decode(W3CHttpResponseCodec.java:50)
at org.openqa.selenium.remote.HttpCommandExecutor.execute(HttpCommandExecutor.java:190)
at org.openqa.selenium.remote.service.DriverCommandExecutor.invokeExecute(DriverCommandExecutor.java:216)
at org.openqa.selenium.remote.service.DriverCommandExecutor.execute(DriverCommandExecutor.java:174)
at org.openqa.selenium.remote.RemoteWebDriver.execute(RemoteWebDriver.java:518)
at org.openqa.selenium.remote.RemoteWebElement.execute(RemoteWebElement.java:223)
at org.openqa.selenium.remote.RemoteWebElement.click(RemoteWebElement.java:76)
at pageObjects.AssignStudentPage.isUserClicked(AssignStudentPage.java:60)
at stepdefinitions.AssignStudent.admin_clicks_from_navigation_bar(AssignStudent.java:27)
at ✽.Admin clicks "User" from navigation bar(file:///C:/Users/Deepthi/OneDrive/Documents/GitHub/Team3_Ninja_Hackers_Hackathon_April_2024/src/test/resources/features/09User.feature:66)
]]>
    </error>
  </testcase> <!-- runScenario -->
  <system-out/>
  <testcase classname="runner.TestRunner" name="runScenario" time="0.207">
    <error message="Element &lt;button id=&quot;user&quot; class=&quot;mat-focus-indicator mat-button mat-button-base&quot;&gt; is not clickable at point (1413,32) because another element &lt;div class=&quot;ng-tns-c132-3 p-dialog-mask p-component-overlay p-dialog-mask-scrollblocker ng-star-inserted&quot;&gt; obscures it
Build info: version: &#039;4.19.1&#039;, revision: &#039;abe0ee07dc&#039;
System info: os.name: &#039;Windows 11&#039;, os.arch: &#039;amd64&#039;, os.version: &#039;10.0&#039;, java.version: &#039;21.0.1&#039;
Driver info: org.openqa.selenium.firefox.FirefoxDriver
Command: [3271a220-705c-4c6e-9a6e-29b44d612cb1, clickElement {id=0618a27d-05e8-401b-9a99-80227d62a23d}]
Capabilities {acceptInsecureCerts: true, browserName: firefox, browserVersion: 125.0.2, moz:accessibilityChecks: false, moz:buildID: 20240419144423, moz:debuggerAddress: 127.0.0.1:29009, moz:geckodriverVersion: 0.34.0, moz:headless: false, moz:platformVersion: 10.0, moz:processID: 33984, moz:profile: C:\Users\Deepthi\AppData\Lo..., moz:shutdownTimeout: 60000, moz:webdriverClick: true, moz:windowless: false, pageLoadStrategy: normal, platformName: windows, proxy: Proxy(), se:cdp: ws://127.0.0.1:29009/devtoo..., se:cdpVersion: 85.0, setWindowRect: true, strictFileInteractability: false, timeouts: {implicit: 0, pageLoad: 300000, script: 30000}, unhandledPromptBehavior: dismiss and notify, userAgent: Mozilla/5.0 (Windows NT 10....}
Element: [[FirefoxDriver: firefox on windows (3271a220-705c-4c6e-9a6e-29b44d612cb1)] -&gt; xpath: //button[@id=&#039;user&#039;]]
Session ID: 3271a220-705c-4c6e-9a6e-29b44d612cb1" type="org.openqa.selenium.ElementClickInterceptedException">
      <![CDATA[org.openqa.selenium.ElementClickInterceptedException: Element <button id="user" class="mat-focus-indicator mat-button mat-button-base"> is not clickable at point (1413,32) because another element <div class="ng-tns-c132-3 p-dialog-mask p-component-overlay p-dialog-mask-scrollblocker ng-star-inserted"> obscures it
Build info: version: '4.19.1', revision: 'abe0ee07dc'
System info: os.name: 'Windows 11', os.arch: 'amd64', os.version: '10.0', java.version: '21.0.1'
Driver info: org.openqa.selenium.firefox.FirefoxDriver
Command: [3271a220-705c-4c6e-9a6e-29b44d612cb1, clickElement {id=0618a27d-05e8-401b-9a99-80227d62a23d}]
Capabilities {acceptInsecureCerts: true, browserName: firefox, browserVersion: 125.0.2, moz:accessibilityChecks: false, moz:buildID: 20240419144423, moz:debuggerAddress: 127.0.0.1:29009, moz:geckodriverVersion: 0.34.0, moz:headless: false, moz:platformVersion: 10.0, moz:processID: 33984, moz:profile: C:\Users\Deepthi\AppData\Lo..., moz:shutdownTimeout: 60000, moz:webdriverClick: true, moz:windowless: false, pageLoadStrategy: normal, platformName: windows, proxy: Proxy(), se:cdp: ws://127.0.0.1:29009/devtoo..., se:cdpVersion: 85.0, setWindowRect: true, strictFileInteractability: false, timeouts: {implicit: 0, pageLoad: 300000, script: 30000}, unhandledPromptBehavior: dismiss and notify, userAgent: Mozilla/5.0 (Windows NT 10....}
Element: [[FirefoxDriver: firefox on windows (3271a220-705c-4c6e-9a6e-29b44d612cb1)] -> xpath: //button[@id='user']]
Session ID: 3271a220-705c-4c6e-9a6e-29b44d612cb1
at java.base/jdk.internal.reflect.DirectConstructorHandleAccessor.newInstance(DirectConstructorHandleAccessor.java:62)
at java.base/java.lang.reflect.Constructor.newInstanceWithCaller(Constructor.java:502)
at java.base/java.lang.reflect.Constructor.newInstance(Constructor.java:486)
at org.openqa.selenium.remote.ErrorCodec.decode(ErrorCodec.java:167)
at org.openqa.selenium.remote.codec.w3c.W3CHttpResponseCodec.decode(W3CHttpResponseCodec.java:138)
at org.openqa.selenium.remote.codec.w3c.W3CHttpResponseCodec.decode(W3CHttpResponseCodec.java:50)
at org.openqa.selenium.remote.HttpCommandExecutor.execute(HttpCommandExecutor.java:190)
at org.openqa.selenium.remote.service.DriverCommandExecutor.invokeExecute(DriverCommandExecutor.java:216)
at org.openqa.selenium.remote.service.DriverCommandExecutor.execute(DriverCommandExecutor.java:174)
at org.openqa.selenium.remote.RemoteWebDriver.execute(RemoteWebDriver.java:518)
at org.openqa.selenium.remote.RemoteWebElement.execute(RemoteWebElement.java:223)
at org.openqa.selenium.remote.RemoteWebElement.click(RemoteWebElement.java:76)
at pageObjects.AssignStudentPage.isUserClicked(AssignStudentPage.java:60)
at stepdefinitions.AssignStudent.admin_clicks_from_navigation_bar(AssignStudent.java:27)
at ✽.Admin clicks "Batch" from navigation bar(file:///C:/Users/Deepthi/OneDrive/Documents/GitHub/Team3_Ninja_Hackers_Hackathon_April_2024/src/test/resources/features/07Batch.feature:12)
]]>
    </error>
  </testcase> <!-- runScenario -->
  <system-out/>
  <testcase classname="runner.TestRunner" name="runScenario" time="6.955"/>
  <system-out/>
  <testcase classname="runner.TestRunner" name="runScenario" time="3.753"/>
  <system-out/>
</testsuite> <!-- runner.TestRunner -->
