<?xml version="1.0" encoding="UTF-8"?>
<!-- Generated by org.testng.reporters.JUnitReportReporter -->
<testsuite hostname="Deepthi-Windows-PC" failures="0" tests="4" name="runner.TestRunner" time="4.524" errors="0" timestamp="2024-04-26T14:51:28 EDT" skipped="0">
  <testcase classname="runner.TestRunner" name="runScenario" time="1.788"/>
  <system-out/>
  <testcase classname="runner.TestRunner" name="runScenario" time="1.243"/>
  <system-out/>
  <testcase classname="runner.TestRunner" name="runScenario" time="0.828"/>
  <system-out/>
  <testcase classname="runner.TestRunner" name="runScenario" time="0.665"/>
  <system-out/>
</testsuite> <!-- runner.TestRunner -->
